[0.030s] Invoking command in '/home/arya/robot_ws/build/more_interfaces': CMAKE_PREFIX_PATH=${CMAKE_PREFIX_PATH}:/home/arya/robot_ws/install/srvcli_py:/home/arya/robot_ws/install/pubsub_py:/home/arya/robot_ws/install/pubsub_interface_py:/opt/ros/humble /usr/bin/cmake --build /home/arya/robot_ws/build/more_interfaces -- -j4 -l4
[0.410s] -- Found ament_cmake: 1.3.11 (/opt/ros/humble/share/ament_cmake/cmake)
[0.410s] -- Override CMake install command with custom implementation using symlinks instead of copying resources
[0.410s] -- Found rclcpp: 16.0.11 (/opt/ros/humble/share/rclcpp/cmake)
[0.410s] -- Found rosidl_generator_c: 3.1.6 (/opt/ros/humble/share/rosidl_generator_c/cmake)
[0.410s] -- Found rosidl_adapter: 3.1.6 (/opt/ros/humble/share/rosidl_adapter/cmake)
[0.410s] -- Found rosidl_generator_cpp: 3.1.6 (/opt/ros/humble/share/rosidl_generator_cpp/cmake)
[0.410s] -- Using all available rosidl_typesupport_c: rosidl_typesupport_fastrtps_c;rosidl_typesupport_introspection_c
[0.410s] -- Using all available rosidl_typesupport_cpp: rosidl_typesupport_fastrtps_cpp;rosidl_typesupport_introspection_cpp
[0.410s] -- Found rmw_implementation_cmake: 6.1.2 (/opt/ros/humble/share/rmw_implementation_cmake/cmake)
[0.410s] -- Found rmw_fastrtps_cpp: 6.2.7 (/opt/ros/humble/share/rmw_fastrtps_cpp/cmake)
[0.509s] -- Using RMW implementation 'rmw_fastrtps_cpp' as default
[0.575s] -- Found rosidl_default_generators: 1.2.0 (/opt/ros/humble/share/rosidl_default_generators/cmake)
[0.989s] -- Found ament_cmake_ros: 0.10.0 (/opt/ros/humble/share/ament_cmake_ros/cmake)
[1.349s] -- Using all available rosidl_typesupport_c: rosidl_typesupport_fastrtps_c;rosidl_typesupport_introspection_c
[1.497s] -- Using all available rosidl_typesupport_cpp: rosidl_typesupport_fastrtps_cpp;rosidl_typesupport_introspection_cpp
[1.530s] -- Found python_cmake_module: 0.10.0 (/opt/ros/humble/share/python_cmake_module/cmake)
[1.554s] -- Using PYTHON_EXECUTABLE: /usr/bin/python3
[1.555s] -- Using PYTHON_INCLUDE_DIRS: /usr/include/python3.10
[1.556s] -- Using PYTHON_LIBRARIES: /usr/lib/x86_64-linux-gnu/libpython3.10.so
[1.579s] -- Configuring incomplete, errors occurred!
[1.579s] [31mCMake Error at /opt/ros/humble/share/ament_cmake_target_dependencies/cmake/ament_target_dependencies.cmake:42 (message):
[1.579s]   ament_target_dependencies() the first argument must be a valid target name
[1.579s] Call Stack (most recent call first):
[1.579s]   CMakeLists.txt:32 (ament_target_dependencies)
[1.579s] 
[1.580s] [0m
[1.593s] See also "/home/arya/robot_ws/build/more_interfaces/CMakeFiles/CMakeOutput.log".
[1.594s] gmake: *** [Makefile:788: cmake_check_build_system] Error 1
[1.600s] Invoked command in '/home/arya/robot_ws/build/more_interfaces' returned '2': CMAKE_PREFIX_PATH=${CMAKE_PREFIX_PATH}:/home/arya/robot_ws/install/srvcli_py:/home/arya/robot_ws/install/pubsub_py:/home/arya/robot_ws/install/pubsub_interface_py:/opt/ros/humble /usr/bin/cmake --build /home/arya/robot_ws/build/more_interfaces -- -j4 -l4
