[0.061s] Invoking command in '/home/arya/robot_ws/build/pkg_interfaces': CMAKE_PREFIX_PATH=/opt/ros/humble /usr/bin/cmake --build /home/arya/robot_ws/build/pkg_interfaces -- -j4 -l4
[0.834s] [35m[1mConsolidate compiler generated dependencies of target pkg_interfaces__rosidl_generator_c[0m
[0.834s] [  2%] Built target pkg_interfaces__cpp
[0.834s] [  2%] Built target ament_cmake_python_symlink_pkg_interfaces
[0.835s] [ 12%] Built target pkg_interfaces__rosidl_generator_c
[0.835s] [35m[1mConsolidate compiler generated dependencies of target pkg_interfaces__rosidl_typesupport_cpp[0m
[0.835s] [35m[1mConsolidate compiler generated dependencies of target pkg_interfaces__rosidl_typesupport_fastrtps_cpp[0m
[0.835s] [35m[1mConsolidate compiler generated dependencies of target pkg_interfaces__rosidl_typesupport_introspection_cpp[0m
[0.836s] [ 23%] Built target pkg_interfaces__rosidl_typesupport_fastrtps_cpp
[0.836s] [ 34%] Built target pkg_interfaces__rosidl_typesupport_cpp
[0.836s] [ 44%] Built target pkg_interfaces__rosidl_typesupport_introspection_cpp
[0.836s] [35m[1mConsolidate compiler generated dependencies of target pkg_interfaces__rosidl_typesupport_fastrtps_c[0m
[0.836s] [35m[1mConsolidate compiler generated dependencies of target pkg_interfaces__rosidl_typesupport_introspection_c[0m
[0.837s] [35m[1mConsolidate compiler generated dependencies of target pkg_interfaces__rosidl_typesupport_c[0m
[0.837s] [ 55%] Built target pkg_interfaces__rosidl_typesupport_fastrtps_c
[0.837s] [ 65%] Built target pkg_interfaces__rosidl_typesupport_introspection_c
[0.837s] [ 76%] Built target pkg_interfaces__rosidl_typesupport_c
[0.837s] [ 76%] Built target pkg_interfaces
[0.837s] [ 78%] Built target pkg_interfaces__py
[0.838s] [35m[1mConsolidate compiler generated dependencies of target pkg_interfaces__rosidl_generator_py[0m
[0.838s] [ 87%] Built target pkg_interfaces__rosidl_generator_py
[0.838s] [35m[1mConsolidate compiler generated dependencies of target pkg_interfaces__rosidl_typesupport_introspection_c__pyext[0m
[0.839s] [35m[1mConsolidate compiler generated dependencies of target pkg_interfaces__rosidl_typesupport_fastrtps_c__pyext[0m
[0.839s] [35m[1mConsolidate compiler generated dependencies of target pkg_interfaces__rosidl_typesupport_c__pyext[0m
[0.839s] [ 91%] Built target pkg_interfaces__rosidl_typesupport_introspection_c__pyext
[0.839s] [ 95%] Built target pkg_interfaces__rosidl_typesupport_c__pyext
[0.839s] [100%] Built target pkg_interfaces__rosidl_typesupport_fastrtps_c__pyext
[1.049s] running egg_info
[1.051s] writing pkg_interfaces.egg-info/PKG-INFO
[1.051s] writing dependency_links to pkg_interfaces.egg-info/dependency_links.txt
[1.052s] writing top-level names to pkg_interfaces.egg-info/top_level.txt
[1.060s] reading manifest file 'pkg_interfaces.egg-info/SOURCES.txt'
[1.062s] writing manifest file 'pkg_interfaces.egg-info/SOURCES.txt'
[1.128s] [100%] Built target ament_cmake_python_build_pkg_interfaces_egg
[1.508s] Invoked command in '/home/arya/robot_ws/build/pkg_interfaces' returned '0': CMAKE_PREFIX_PATH=/opt/ros/humble /usr/bin/cmake --build /home/arya/robot_ws/build/pkg_interfaces -- -j4 -l4
[1.513s] Invoking command in '/home/arya/robot_ws/build/pkg_interfaces': CMAKE_PREFIX_PATH=/opt/ros/humble /usr/bin/cmake --install /home/arya/robot_ws/build/pkg_interfaces
[1.554s] -- Install configuration: ""
[1.559s] -- Execute custom install script
[1.570s] -- Up-to-date symlink: /home/arya/robot_ws/install/pkg_interfaces/share/ament_index/resource_index/rosidl_interfaces/pkg_interfaces
[1.573s] -- Up-to-date symlink: /home/arya/robot_ws/install/pkg_interfaces/include/pkg_interfaces/pkg_interfaces/msg/detail/num__functions.h
[1.583s] -- Up-to-date symlink: /home/arya/robot_ws/install/pkg_interfaces/include/pkg_interfaces/pkg_interfaces/msg/detail/num__struct.h
[1.583s] -- Up-to-date symlink: /home/arya/robot_ws/install/pkg_interfaces/include/pkg_interfaces/pkg_interfaces/msg/detail/num__type_support.h
[1.583s] -- Up-to-date symlink: /home/arya/robot_ws/install/pkg_interfaces/include/pkg_interfaces/pkg_interfaces/msg/detail/sphere__functions.h
[1.584s] -- Up-to-date symlink: /home/arya/robot_ws/install/pkg_interfaces/include/pkg_interfaces/pkg_interfaces/msg/detail/sphere__struct.h
[1.584s] -- Up-to-date symlink: /home/arya/robot_ws/install/pkg_interfaces/include/pkg_interfaces/pkg_interfaces/msg/detail/sphere__type_support.h
[1.584s] -- Up-to-date symlink: /home/arya/robot_ws/install/pkg_interfaces/include/pkg_interfaces/pkg_interfaces/msg/num.h
[1.584s] -- Up-to-date symlink: /home/arya/robot_ws/install/pkg_interfaces/include/pkg_interfaces/pkg_interfaces/msg/rosidl_generator_c__visibility_control.h
[1.584s] -- Up-to-date symlink: /home/arya/robot_ws/install/pkg_interfaces/include/pkg_interfaces/pkg_interfaces/msg/sphere.h
[1.585s] -- Up-to-date symlink: /home/arya/robot_ws/install/pkg_interfaces/include/pkg_interfaces/pkg_interfaces/srv/add_three_ints.h
[1.585s] -- Up-to-date symlink: /home/arya/robot_ws/install/pkg_interfaces/include/pkg_interfaces/pkg_interfaces/srv/detail/add_three_ints__functions.h
[1.585s] -- Up-to-date symlink: /home/arya/robot_ws/install/pkg_interfaces/include/pkg_interfaces/pkg_interfaces/srv/detail/add_three_ints__struct.h
[1.585s] -- Up-to-date symlink: /home/arya/robot_ws/install/pkg_interfaces/include/pkg_interfaces/pkg_interfaces/srv/detail/add_three_ints__type_support.h
[1.585s] -- Up-to-date symlink: /home/arya/robot_ws/install/pkg_interfaces/share/pkg_interfaces/environment/library_path.sh
[1.586s] -- Up-to-date symlink: /home/arya/robot_ws/install/pkg_interfaces/share/pkg_interfaces/environment/library_path.dsv
[1.586s] -- Up-to-date symlink: /home/arya/robot_ws/install/pkg_interfaces/include/pkg_interfaces/pkg_interfaces/msg/detail/num__rosidl_typesupport_fastrtps_c.h
[1.586s] -- Up-to-date symlink: /home/arya/robot_ws/install/pkg_interfaces/include/pkg_interfaces/pkg_interfaces/msg/detail/sphere__rosidl_typesupport_fastrtps_c.h
[1.586s] -- Up-to-date symlink: /home/arya/robot_ws/install/pkg_interfaces/include/pkg_interfaces/pkg_interfaces/msg/rosidl_typesupport_fastrtps_c__visibility_control.h
[1.586s] -- Up-to-date symlink: /home/arya/robot_ws/install/pkg_interfaces/include/pkg_interfaces/pkg_interfaces/srv/detail/add_three_ints__rosidl_typesupport_fastrtps_c.h
[1.587s] -- Up-to-date symlink: /home/arya/robot_ws/install/pkg_interfaces/include/pkg_interfaces/pkg_interfaces/msg/detail/num__builder.hpp
[1.588s] -- Up-to-date symlink: /home/arya/robot_ws/install/pkg_interfaces/include/pkg_interfaces/pkg_interfaces/msg/detail/num__struct.hpp
[1.589s] -- Up-to-date symlink: /home/arya/robot_ws/install/pkg_interfaces/include/pkg_interfaces/pkg_interfaces/msg/detail/num__traits.hpp
[1.590s] -- Up-to-date symlink: /home/arya/robot_ws/install/pkg_interfaces/include/pkg_interfaces/pkg_interfaces/msg/detail/num__type_support.hpp
[1.591s] -- Up-to-date symlink: /home/arya/robot_ws/install/pkg_interfaces/include/pkg_interfaces/pkg_interfaces/msg/detail/sphere__builder.hpp
[1.591s] -- Up-to-date symlink: /home/arya/robot_ws/install/pkg_interfaces/include/pkg_interfaces/pkg_interfaces/msg/detail/sphere__struct.hpp
[1.592s] -- Up-to-date symlink: /home/arya/robot_ws/install/pkg_interfaces/include/pkg_interfaces/pkg_interfaces/msg/detail/sphere__traits.hpp
[1.593s] -- Up-to-date symlink: /home/arya/robot_ws/install/pkg_interfaces/include/pkg_interfaces/pkg_interfaces/msg/detail/sphere__type_support.hpp
[1.593s] -- Up-to-date symlink: /home/arya/robot_ws/install/pkg_interfaces/include/pkg_interfaces/pkg_interfaces/msg/num.hpp
[1.594s] -- Up-to-date symlink: /home/arya/robot_ws/install/pkg_interfaces/include/pkg_interfaces/pkg_interfaces/msg/rosidl_generator_cpp__visibility_control.hpp
[1.595s] -- Up-to-date symlink: /home/arya/robot_ws/install/pkg_interfaces/include/pkg_interfaces/pkg_interfaces/msg/sphere.hpp
[1.596s] -- Up-to-date symlink: /home/arya/robot_ws/install/pkg_interfaces/include/pkg_interfaces/pkg_interfaces/srv/add_three_ints.hpp
[1.596s] -- Up-to-date symlink: /home/arya/robot_ws/install/pkg_interfaces/include/pkg_interfaces/pkg_interfaces/srv/detail/add_three_ints__builder.hpp
[1.597s] -- Up-to-date symlink: /home/arya/robot_ws/install/pkg_interfaces/include/pkg_interfaces/pkg_interfaces/srv/detail/add_three_ints__struct.hpp
[1.598s] -- Up-to-date symlink: /home/arya/robot_ws/install/pkg_interfaces/include/pkg_interfaces/pkg_interfaces/srv/detail/add_three_ints__traits.hpp
[1.605s] -- Up-to-date symlink: /home/arya/robot_ws/install/pkg_interfaces/include/pkg_interfaces/pkg_interfaces/srv/detail/add_three_ints__type_support.hpp
[1.605s] -- Up-to-date symlink: /home/arya/robot_ws/install/pkg_interfaces/include/pkg_interfaces/pkg_interfaces/msg/detail/num__rosidl_typesupport_fastrtps_cpp.hpp
[1.605s] -- Up-to-date symlink: /home/arya/robot_ws/install/pkg_interfaces/include/pkg_interfaces/pkg_interfaces/msg/detail/sphere__rosidl_typesupport_fastrtps_cpp.hpp
[1.605s] -- Up-to-date symlink: /home/arya/robot_ws/install/pkg_interfaces/include/pkg_interfaces/pkg_interfaces/msg/rosidl_typesupport_fastrtps_cpp__visibility_control.h
[1.605s] -- Up-to-date symlink: /home/arya/robot_ws/install/pkg_interfaces/include/pkg_interfaces/pkg_interfaces/srv/detail/add_three_ints__rosidl_typesupport_fastrtps_cpp.hpp
[1.606s] -- Up-to-date symlink: /home/arya/robot_ws/install/pkg_interfaces/include/pkg_interfaces/pkg_interfaces/msg/detail/num__rosidl_typesupport_introspection_c.h
[1.606s] -- Up-to-date symlink: /home/arya/robot_ws/install/pkg_interfaces/include/pkg_interfaces/pkg_interfaces/msg/detail/sphere__rosidl_typesupport_introspection_c.h
[1.606s] -- Up-to-date symlink: /home/arya/robot_ws/install/pkg_interfaces/include/pkg_interfaces/pkg_interfaces/msg/rosidl_typesupport_introspection_c__visibility_control.h
[1.606s] -- Up-to-date symlink: /home/arya/robot_ws/install/pkg_interfaces/include/pkg_interfaces/pkg_interfaces/srv/detail/add_three_ints__rosidl_typesupport_introspection_c.h
[1.607s] -- Up-to-date symlink: /home/arya/robot_ws/install/pkg_interfaces/include/pkg_interfaces/pkg_interfaces/msg/detail/num__rosidl_typesupport_introspection_cpp.hpp
[1.607s] -- Up-to-date symlink: /home/arya/robot_ws/install/pkg_interfaces/include/pkg_interfaces/pkg_interfaces/msg/detail/sphere__rosidl_typesupport_introspection_cpp.hpp
[1.608s] -- Up-to-date symlink: /home/arya/robot_ws/install/pkg_interfaces/include/pkg_interfaces/pkg_interfaces/srv/detail/add_three_ints__rosidl_typesupport_introspection_cpp.hpp
[1.609s] -- Up-to-date symlink: /home/arya/robot_ws/install/pkg_interfaces/share/pkg_interfaces/environment/pythonpath.sh
[1.610s] -- Up-to-date symlink: /home/arya/robot_ws/install/pkg_interfaces/share/pkg_interfaces/environment/pythonpath.dsv
[1.620s] -- Up-to-date symlink: /home/arya/robot_ws/install/pkg_interfaces/local/lib/python3.10/dist-packages/pkg_interfaces-0.0.0-py3.10.egg-info/PKG-INFO
[1.620s] -- Up-to-date symlink: /home/arya/robot_ws/install/pkg_interfaces/local/lib/python3.10/dist-packages/pkg_interfaces-0.0.0-py3.10.egg-info/SOURCES.txt
[1.621s] -- Up-to-date symlink: /home/arya/robot_ws/install/pkg_interfaces/local/lib/python3.10/dist-packages/pkg_interfaces-0.0.0-py3.10.egg-info/dependency_links.txt
[1.621s] -- Up-to-date symlink: /home/arya/robot_ws/install/pkg_interfaces/local/lib/python3.10/dist-packages/pkg_interfaces-0.0.0-py3.10.egg-info/top_level.txt
[1.621s] -- Up-to-date symlink: /home/arya/robot_ws/install/pkg_interfaces/local/lib/python3.10/dist-packages/pkg_interfaces/__init__.py
[1.621s] -- Up-to-date symlink: /home/arya/robot_ws/install/pkg_interfaces/local/lib/python3.10/dist-packages/pkg_interfaces/_pkg_interfaces_s.ep.rosidl_typesupport_c.c
[1.622s] -- Up-to-date symlink: /home/arya/robot_ws/install/pkg_interfaces/local/lib/python3.10/dist-packages/pkg_interfaces/_pkg_interfaces_s.ep.rosidl_typesupport_fastrtps_c.c
[1.622s] -- Up-to-date symlink: /home/arya/robot_ws/install/pkg_interfaces/local/lib/python3.10/dist-packages/pkg_interfaces/_pkg_interfaces_s.ep.rosidl_typesupport_introspection_c.c
[1.622s] -- Up-to-date symlink: /home/arya/robot_ws/install/pkg_interfaces/local/lib/python3.10/dist-packages/pkg_interfaces/libpkg_interfaces__rosidl_generator_py.so
[1.622s] -- Up-to-date symlink: /home/arya/robot_ws/install/pkg_interfaces/local/lib/python3.10/dist-packages/pkg_interfaces/msg/__init__.py
[1.622s] -- Up-to-date symlink: /home/arya/robot_ws/install/pkg_interfaces/local/lib/python3.10/dist-packages/pkg_interfaces/msg/_num.py
[1.623s] -- Up-to-date symlink: /home/arya/robot_ws/install/pkg_interfaces/local/lib/python3.10/dist-packages/pkg_interfaces/msg/_num_s.c
[1.623s] -- Up-to-date symlink: /home/arya/robot_ws/install/pkg_interfaces/local/lib/python3.10/dist-packages/pkg_interfaces/msg/_sphere.py
[1.623s] -- Up-to-date symlink: /home/arya/robot_ws/install/pkg_interfaces/local/lib/python3.10/dist-packages/pkg_interfaces/msg/_sphere_s.c
[1.623s] -- Up-to-date symlink: /home/arya/robot_ws/install/pkg_interfaces/local/lib/python3.10/dist-packages/pkg_interfaces/pkg_interfaces_s__rosidl_typesupport_c.cpython-310-x86_64-linux-gnu.so
[1.623s] -- Up-to-date symlink: /home/arya/robot_ws/install/pkg_interfaces/local/lib/python3.10/dist-packages/pkg_interfaces/pkg_interfaces_s__rosidl_typesupport_fastrtps_c.cpython-310-x86_64-linux-gnu.so
[1.623s] -- Up-to-date symlink: /home/arya/robot_ws/install/pkg_interfaces/local/lib/python3.10/dist-packages/pkg_interfaces/pkg_interfaces_s__rosidl_typesupport_introspection_c.cpython-310-x86_64-linux-gnu.so
[1.624s] -- Up-to-date symlink: /home/arya/robot_ws/install/pkg_interfaces/local/lib/python3.10/dist-packages/pkg_interfaces/srv/__init__.py
[1.624s] -- Up-to-date symlink: /home/arya/robot_ws/install/pkg_interfaces/local/lib/python3.10/dist-packages/pkg_interfaces/srv/_add_three_ints.py
[1.624s] -- Up-to-date symlink: /home/arya/robot_ws/install/pkg_interfaces/local/lib/python3.10/dist-packages/pkg_interfaces/srv/_add_three_ints_s.c
[1.626s] -- Up-to-date symlink: /home/arya/robot_ws/install/pkg_interfaces/local/lib/python3.10/dist-packages/pkg_interfaces/pkg_interfaces_s__rosidl_typesupport_fastrtps_c.cpython-310-x86_64-linux-gnu.so
[1.627s] -- Up-to-date symlink: /home/arya/robot_ws/install/pkg_interfaces/local/lib/python3.10/dist-packages/pkg_interfaces/pkg_interfaces_s__rosidl_typesupport_introspection_c.cpython-310-x86_64-linux-gnu.so
[1.628s] -- Up-to-date symlink: /home/arya/robot_ws/install/pkg_interfaces/local/lib/python3.10/dist-packages/pkg_interfaces/pkg_interfaces_s__rosidl_typesupport_c.cpython-310-x86_64-linux-gnu.so
[1.629s] -- Up-to-date symlink: /home/arya/robot_ws/install/pkg_interfaces/share/pkg_interfaces/msg/Num.idl
[1.630s] -- Up-to-date symlink: /home/arya/robot_ws/install/pkg_interfaces/share/pkg_interfaces/msg/Sphere.idl
[1.631s] -- Up-to-date symlink: /home/arya/robot_ws/install/pkg_interfaces/share/pkg_interfaces/srv/AddThreeInts.idl
[1.633s] -- Up-to-date symlink: /home/arya/robot_ws/install/pkg_interfaces/share/pkg_interfaces/msg/Num.msg
[1.634s] -- Up-to-date symlink: /home/arya/robot_ws/install/pkg_interfaces/share/pkg_interfaces/msg/Sphere.msg
[1.635s] -- Up-to-date symlink: /home/arya/robot_ws/install/pkg_interfaces/share/pkg_interfaces/srv/AddThreeInts.srv
[1.638s] -- Up-to-date symlink: /home/arya/robot_ws/install/pkg_interfaces/share/pkg_interfaces/srv/AddThreeInts_Request.msg
[1.638s] -- Up-to-date symlink: /home/arya/robot_ws/install/pkg_interfaces/share/pkg_interfaces/srv/AddThreeInts_Response.msg
[1.639s] -- Up-to-date symlink: /home/arya/robot_ws/install/pkg_interfaces/share/ament_index/resource_index/package_run_dependencies/pkg_interfaces
[1.639s] -- Up-to-date symlink: /home/arya/robot_ws/install/pkg_interfaces/share/ament_index/resource_index/parent_prefix_path/pkg_interfaces
[1.641s] -- Up-to-date symlink: /home/arya/robot_ws/install/pkg_interfaces/share/pkg_interfaces/environment/ament_prefix_path.sh
[1.641s] -- Up-to-date symlink: /home/arya/robot_ws/install/pkg_interfaces/share/pkg_interfaces/environment/ament_prefix_path.dsv
[1.641s] -- Up-to-date symlink: /home/arya/robot_ws/install/pkg_interfaces/share/pkg_interfaces/environment/path.sh
[1.642s] -- Up-to-date symlink: /home/arya/robot_ws/install/pkg_interfaces/share/pkg_interfaces/environment/path.dsv
[1.644s] -- Up-to-date symlink: /home/arya/robot_ws/install/pkg_interfaces/share/pkg_interfaces/local_setup.bash
[1.645s] -- Up-to-date symlink: /home/arya/robot_ws/install/pkg_interfaces/share/pkg_interfaces/local_setup.sh
[1.646s] -- Up-to-date symlink: /home/arya/robot_ws/install/pkg_interfaces/share/pkg_interfaces/local_setup.zsh
[1.647s] -- Up-to-date symlink: /home/arya/robot_ws/install/pkg_interfaces/share/pkg_interfaces/local_setup.dsv
[1.649s] -- Symlinking: /home/arya/robot_ws/install/pkg_interfaces/share/pkg_interfaces/package.dsv
[1.675s] -- Up-to-date symlink: /home/arya/robot_ws/install/pkg_interfaces/share/ament_index/resource_index/packages/pkg_interfaces
[1.676s] -- Up-to-date symlink: /home/arya/robot_ws/install/pkg_interfaces/share/pkg_interfaces/cmake/rosidl_cmake-extras.cmake
[1.676s] -- Up-to-date symlink: /home/arya/robot_ws/install/pkg_interfaces/share/pkg_interfaces/cmake/ament_cmake_export_dependencies-extras.cmake
[1.677s] -- Up-to-date symlink: /home/arya/robot_ws/install/pkg_interfaces/share/pkg_interfaces/cmake/ament_cmake_export_include_directories-extras.cmake
[1.677s] -- Up-to-date symlink: /home/arya/robot_ws/install/pkg_interfaces/share/pkg_interfaces/cmake/ament_cmake_export_libraries-extras.cmake
[1.678s] -- Up-to-date symlink: /home/arya/robot_ws/install/pkg_interfaces/share/pkg_interfaces/cmake/ament_cmake_export_targets-extras.cmake
[1.679s] -- Up-to-date symlink: /home/arya/robot_ws/install/pkg_interfaces/share/pkg_interfaces/cmake/rosidl_cmake_export_typesupport_targets-extras.cmake
[1.680s] -- Up-to-date symlink: /home/arya/robot_ws/install/pkg_interfaces/share/pkg_interfaces/cmake/rosidl_cmake_export_typesupport_libraries-extras.cmake
[1.680s] -- Up-to-date symlink: /home/arya/robot_ws/install/pkg_interfaces/share/pkg_interfaces/cmake/pkg_interfacesConfig.cmake
[1.681s] -- Up-to-date symlink: /home/arya/robot_ws/install/pkg_interfaces/share/pkg_interfaces/cmake/pkg_interfacesConfig-version.cmake
[1.681s] -- Up-to-date symlink: /home/arya/robot_ws/install/pkg_interfaces/share/pkg_interfaces/package.xml
[1.683s] -- Up-to-date: /home/arya/robot_ws/install/pkg_interfaces/lib/libpkg_interfaces__rosidl_generator_c.so
[1.686s] -- Up-to-date: /home/arya/robot_ws/install/pkg_interfaces/lib/libpkg_interfaces__rosidl_typesupport_fastrtps_c.so
[1.687s] -- Up-to-date: /home/arya/robot_ws/install/pkg_interfaces/lib/libpkg_interfaces__rosidl_typesupport_fastrtps_cpp.so
[1.690s] -- Up-to-date: /home/arya/robot_ws/install/pkg_interfaces/lib/libpkg_interfaces__rosidl_typesupport_introspection_c.so
[1.693s] -- Up-to-date: /home/arya/robot_ws/install/pkg_interfaces/lib/libpkg_interfaces__rosidl_typesupport_c.so
[1.695s] -- Up-to-date: /home/arya/robot_ws/install/pkg_interfaces/lib/libpkg_interfaces__rosidl_typesupport_introspection_cpp.so
[1.696s] -- Up-to-date: /home/arya/robot_ws/install/pkg_interfaces/lib/libpkg_interfaces__rosidl_typesupport_cpp.so
[1.794s] Listing '/home/arya/robot_ws/install/pkg_interfaces/local/lib/python3.10/dist-packages/pkg_interfaces'...
[1.794s] Listing '/home/arya/robot_ws/install/pkg_interfaces/local/lib/python3.10/dist-packages/pkg_interfaces/msg'...
[1.794s] Listing '/home/arya/robot_ws/install/pkg_interfaces/local/lib/python3.10/dist-packages/pkg_interfaces/srv'...
[1.802s] -- Up-to-date: /home/arya/robot_ws/install/pkg_interfaces/lib/libpkg_interfaces__rosidl_generator_py.so
[1.804s] -- Up-to-date: /home/arya/robot_ws/install/pkg_interfaces/share/pkg_interfaces/cmake/export_pkg_interfaces__rosidl_generator_cExport.cmake
[1.804s] -- Up-to-date: /home/arya/robot_ws/install/pkg_interfaces/share/pkg_interfaces/cmake/export_pkg_interfaces__rosidl_generator_cExport-noconfig.cmake
[1.805s] -- Up-to-date: /home/arya/robot_ws/install/pkg_interfaces/share/pkg_interfaces/cmake/export_pkg_interfaces__rosidl_typesupport_fastrtps_cExport.cmake
[1.806s] -- Up-to-date: /home/arya/robot_ws/install/pkg_interfaces/share/pkg_interfaces/cmake/export_pkg_interfaces__rosidl_typesupport_fastrtps_cExport-noconfig.cmake
[1.807s] -- Up-to-date: /home/arya/robot_ws/install/pkg_interfaces/share/pkg_interfaces/cmake/export_pkg_interfaces__rosidl_generator_cppExport.cmake
[1.808s] -- Up-to-date: /home/arya/robot_ws/install/pkg_interfaces/share/pkg_interfaces/cmake/export_pkg_interfaces__rosidl_typesupport_fastrtps_cppExport.cmake
[1.808s] -- Up-to-date: /home/arya/robot_ws/install/pkg_interfaces/share/pkg_interfaces/cmake/export_pkg_interfaces__rosidl_typesupport_fastrtps_cppExport-noconfig.cmake
[1.810s] -- Up-to-date: /home/arya/robot_ws/install/pkg_interfaces/share/pkg_interfaces/cmake/pkg_interfaces__rosidl_typesupport_introspection_cExport.cmake
[1.810s] -- Up-to-date: /home/arya/robot_ws/install/pkg_interfaces/share/pkg_interfaces/cmake/pkg_interfaces__rosidl_typesupport_introspection_cExport-noconfig.cmake
[1.811s] -- Up-to-date: /home/arya/robot_ws/install/pkg_interfaces/share/pkg_interfaces/cmake/pkg_interfaces__rosidl_typesupport_cExport.cmake
[1.812s] -- Up-to-date: /home/arya/robot_ws/install/pkg_interfaces/share/pkg_interfaces/cmake/pkg_interfaces__rosidl_typesupport_cExport-noconfig.cmake
[1.813s] -- Up-to-date: /home/arya/robot_ws/install/pkg_interfaces/share/pkg_interfaces/cmake/pkg_interfaces__rosidl_typesupport_introspection_cppExport.cmake
[1.813s] -- Up-to-date: /home/arya/robot_ws/install/pkg_interfaces/share/pkg_interfaces/cmake/pkg_interfaces__rosidl_typesupport_introspection_cppExport-noconfig.cmake
[1.815s] -- Up-to-date: /home/arya/robot_ws/install/pkg_interfaces/share/pkg_interfaces/cmake/pkg_interfaces__rosidl_typesupport_cppExport.cmake
[1.815s] -- Up-to-date: /home/arya/robot_ws/install/pkg_interfaces/share/pkg_interfaces/cmake/pkg_interfaces__rosidl_typesupport_cppExport-noconfig.cmake
[1.816s] -- Up-to-date: /home/arya/robot_ws/install/pkg_interfaces/share/pkg_interfaces/cmake/export_pkg_interfaces__rosidl_generator_pyExport.cmake
[1.817s] -- Up-to-date: /home/arya/robot_ws/install/pkg_interfaces/share/pkg_interfaces/cmake/export_pkg_interfaces__rosidl_generator_pyExport-noconfig.cmake
[1.822s] Invoked command in '/home/arya/robot_ws/build/pkg_interfaces' returned '0': CMAKE_PREFIX_PATH=/opt/ros/humble /usr/bin/cmake --install /home/arya/robot_ws/build/pkg_interfaces
