[0.035s] Invoking command in '/home/arya/robot_ws/build/pkg_interfaces': CMAKE_PREFIX_PATH=${CMAKE_PREFIX_PATH}:/home/arya/robot_ws/install/srvcli_py:/home/arya/robot_ws/install/pubsub_py:/home/arya/robot_ws/install/pubsub_interface_py:/opt/ros/humble /usr/bin/cmake --build /home/arya/robot_ws/build/pkg_interfaces -- -j4 -l4
[0.356s] -- Found ament_cmake: 1.3.11 (/opt/ros/humble/share/ament_cmake/cmake)
[0.356s] -- Override CMake install command with custom implementation using symlinks instead of copying resources
[0.357s] -- Found geometry_msgs: 4.2.4 (/opt/ros/humble/share/geometry_msgs/cmake)
[0.357s] -- Found rosidl_generator_c: 3.1.6 (/opt/ros/humble/share/rosidl_generator_c/cmake)
[0.357s] -- Found rosidl_adapter: 3.1.6 (/opt/ros/humble/share/rosidl_adapter/cmake)
[0.357s] -- Found rosidl_generator_cpp: 3.1.6 (/opt/ros/humble/share/rosidl_generator_cpp/cmake)
[0.357s] -- Using all available rosidl_typesupport_c: rosidl_typesupport_fastrtps_c;rosidl_typesupport_introspection_c
[0.357s] -- Using all available rosidl_typesupport_cpp: rosidl_typesupport_fastrtps_cpp;rosidl_typesupport_introspection_cpp
[0.404s] -- Found rosidl_default_generators: 1.2.0 (/opt/ros/humble/share/rosidl_default_generators/cmake)
[0.867s] -- Found ament_cmake_ros: 0.10.0 (/opt/ros/humble/share/ament_cmake_ros/cmake)
[1.677s] -- Using all available rosidl_typesupport_c: rosidl_typesupport_fastrtps_c;rosidl_typesupport_introspection_c
[1.996s] -- Using all available rosidl_typesupport_cpp: rosidl_typesupport_fastrtps_cpp;rosidl_typesupport_introspection_cpp
[2.037s] -- Found python_cmake_module: 0.10.0 (/opt/ros/humble/share/python_cmake_module/cmake)
[2.068s] -- Using PYTHON_EXECUTABLE: /usr/bin/python3
[2.068s] -- Using PYTHON_INCLUDE_DIRS: /usr/include/python3.10
[2.068s] -- Using PYTHON_LIBRARIES: /usr/lib/x86_64-linux-gnu/libpython3.10.so
[2.135s] -- Found ament_lint_auto: 0.12.11 (/opt/ros/humble/share/ament_lint_auto/cmake)
[2.152s] -- Added test 'lint_cmake' to check CMake code style
[2.157s] -- Added test 'xmllint' to check XML markup files
[2.167s] -- Configuring done
[2.250s] -- Generating done
[2.264s] -- Build files have been written to: /home/arya/robot_ws/build/pkg_interfaces
[2.318s] [35m[1mConsolidate compiler generated dependencies of target pkg_interfaces__rosidl_generator_c[0m
[2.332s] [  2%] Built target pkg_interfaces__cpp
[2.353s] [ 12%] Built target pkg_interfaces__rosidl_generator_c
[2.353s] [35m[1mConsolidate compiler generated dependencies of target pkg_interfaces__rosidl_typesupport_cpp[0m
[2.356s] [ 12%] Built target ament_cmake_python_symlink_pkg_interfaces
[2.372s] [35m[1mConsolidate compiler generated dependencies of target pkg_interfaces__rosidl_typesupport_fastrtps_cpp[0m
[2.389s] [ 23%] Built target pkg_interfaces__rosidl_typesupport_cpp
[2.415s] [35m[1mConsolidate compiler generated dependencies of target pkg_interfaces__rosidl_typesupport_introspection_cpp[0m
[2.426s] [ 34%] Built target pkg_interfaces__rosidl_typesupport_fastrtps_cpp
[2.450s] [35m[1mConsolidate compiler generated dependencies of target pkg_interfaces__rosidl_typesupport_fastrtps_c[0m
[2.452s] [ 44%] Built target pkg_interfaces__rosidl_typesupport_introspection_cpp
[2.455s] [35m[1mConsolidate compiler generated dependencies of target pkg_interfaces__rosidl_typesupport_introspection_c[0m
[2.500s] [35m[1mConsolidate compiler generated dependencies of target pkg_interfaces__rosidl_typesupport_c[0m
[2.509s] [ 55%] Built target pkg_interfaces__rosidl_typesupport_fastrtps_c
[2.524s] [ 65%] Built target pkg_interfaces__rosidl_typesupport_introspection_c
[2.529s] [ 76%] Built target pkg_interfaces__rosidl_typesupport_c
[2.574s] [ 76%] Built target pkg_interfaces
[2.679s] [ 78%] Built target pkg_interfaces__py
[2.681s] [35m[1mConsolidate compiler generated dependencies of target pkg_interfaces__rosidl_generator_py[0m
[2.716s] [ 87%] Built target pkg_interfaces__rosidl_generator_py
[2.740s] [35m[1mConsolidate compiler generated dependencies of target pkg_interfaces__rosidl_typesupport_fastrtps_c__pyext[0m
[2.763s] [35m[1mConsolidate compiler generated dependencies of target pkg_interfaces__rosidl_typesupport_c__pyext[0m
[2.775s] [35m[1mConsolidate compiler generated dependencies of target pkg_interfaces__rosidl_typesupport_introspection_c__pyext[0m
[2.790s] [ 91%] Built target pkg_interfaces__rosidl_typesupport_fastrtps_c__pyext
[2.797s] [ 95%] Built target pkg_interfaces__rosidl_typesupport_introspection_c__pyext
[2.829s] [100%] Built target pkg_interfaces__rosidl_typesupport_c__pyext
[2.968s] running egg_info
[2.968s] writing pkg_interfaces.egg-info/PKG-INFO
[2.968s] writing dependency_links to pkg_interfaces.egg-info/dependency_links.txt
[2.968s] writing top-level names to pkg_interfaces.egg-info/top_level.txt
[2.975s] reading manifest file 'pkg_interfaces.egg-info/SOURCES.txt'
[2.982s] writing manifest file 'pkg_interfaces.egg-info/SOURCES.txt'
[3.061s] [100%] Built target ament_cmake_python_build_pkg_interfaces_egg
[3.087s] Invoked command in '/home/arya/robot_ws/build/pkg_interfaces' returned '0': CMAKE_PREFIX_PATH=${CMAKE_PREFIX_PATH}:/home/arya/robot_ws/install/srvcli_py:/home/arya/robot_ws/install/pubsub_py:/home/arya/robot_ws/install/pubsub_interface_py:/opt/ros/humble /usr/bin/cmake --build /home/arya/robot_ws/build/pkg_interfaces -- -j4 -l4
[3.109s] Invoking command in '/home/arya/robot_ws/build/pkg_interfaces': CMAKE_PREFIX_PATH=${CMAKE_PREFIX_PATH}:/home/arya/robot_ws/install/srvcli_py:/home/arya/robot_ws/install/pubsub_py:/home/arya/robot_ws/install/pubsub_interface_py:/opt/ros/humble /usr/bin/cmake --install /home/arya/robot_ws/build/pkg_interfaces
[3.116s] -- Install configuration: ""
[3.117s] -- Execute custom install script
[3.118s] -- Up-to-date symlink: /home/arya/robot_ws/install/pkg_interfaces/share/ament_index/resource_index/rosidl_interfaces/pkg_interfaces
[3.119s] -- Up-to-date symlink: /home/arya/robot_ws/install/pkg_interfaces/include/pkg_interfaces/pkg_interfaces/msg/detail/num__functions.h
[3.119s] -- Up-to-date symlink: /home/arya/robot_ws/install/pkg_interfaces/include/pkg_interfaces/pkg_interfaces/msg/detail/num__struct.h
[3.119s] -- Up-to-date symlink: /home/arya/robot_ws/install/pkg_interfaces/include/pkg_interfaces/pkg_interfaces/msg/detail/num__type_support.h
[3.119s] -- Up-to-date symlink: /home/arya/robot_ws/install/pkg_interfaces/include/pkg_interfaces/pkg_interfaces/msg/detail/sphere__functions.h
[3.122s] -- Up-to-date symlink: /home/arya/robot_ws/install/pkg_interfaces/include/pkg_interfaces/pkg_interfaces/msg/detail/sphere__struct.h
[3.123s] -- Up-to-date symlink: /home/arya/robot_ws/install/pkg_interfaces/include/pkg_interfaces/pkg_interfaces/msg/detail/sphere__type_support.h
[3.123s] -- Up-to-date symlink: /home/arya/robot_ws/install/pkg_interfaces/include/pkg_interfaces/pkg_interfaces/msg/num.h
[3.123s] -- Up-to-date symlink: /home/arya/robot_ws/install/pkg_interfaces/include/pkg_interfaces/pkg_interfaces/msg/rosidl_generator_c__visibility_control.h
[3.123s] -- Up-to-date symlink: /home/arya/robot_ws/install/pkg_interfaces/include/pkg_interfaces/pkg_interfaces/msg/sphere.h
[3.123s] -- Up-to-date symlink: /home/arya/robot_ws/install/pkg_interfaces/include/pkg_interfaces/pkg_interfaces/srv/add_three_ints.h
[3.123s] -- Up-to-date symlink: /home/arya/robot_ws/install/pkg_interfaces/include/pkg_interfaces/pkg_interfaces/srv/detail/add_three_ints__functions.h
[3.123s] -- Up-to-date symlink: /home/arya/robot_ws/install/pkg_interfaces/include/pkg_interfaces/pkg_interfaces/srv/detail/add_three_ints__struct.h
[3.123s] -- Up-to-date symlink: /home/arya/robot_ws/install/pkg_interfaces/include/pkg_interfaces/pkg_interfaces/srv/detail/add_three_ints__type_support.h
[3.123s] -- Up-to-date symlink: /home/arya/robot_ws/install/pkg_interfaces/share/pkg_interfaces/environment/library_path.sh
[3.124s] -- Up-to-date symlink: /home/arya/robot_ws/install/pkg_interfaces/share/pkg_interfaces/environment/library_path.dsv
[3.124s] -- Up-to-date symlink: /home/arya/robot_ws/install/pkg_interfaces/include/pkg_interfaces/pkg_interfaces/msg/detail/num__rosidl_typesupport_fastrtps_c.h
[3.124s] -- Up-to-date symlink: /home/arya/robot_ws/install/pkg_interfaces/include/pkg_interfaces/pkg_interfaces/msg/detail/sphere__rosidl_typesupport_fastrtps_c.h
[3.124s] -- Up-to-date symlink: /home/arya/robot_ws/install/pkg_interfaces/include/pkg_interfaces/pkg_interfaces/msg/rosidl_typesupport_fastrtps_c__visibility_control.h
[3.124s] -- Up-to-date symlink: /home/arya/robot_ws/install/pkg_interfaces/include/pkg_interfaces/pkg_interfaces/srv/detail/add_three_ints__rosidl_typesupport_fastrtps_c.h
[3.124s] -- Up-to-date symlink: /home/arya/robot_ws/install/pkg_interfaces/include/pkg_interfaces/pkg_interfaces/msg/detail/num__builder.hpp
[3.124s] -- Up-to-date symlink: /home/arya/robot_ws/install/pkg_interfaces/include/pkg_interfaces/pkg_interfaces/msg/detail/num__struct.hpp
[3.124s] -- Up-to-date symlink: /home/arya/robot_ws/install/pkg_interfaces/include/pkg_interfaces/pkg_interfaces/msg/detail/num__traits.hpp
[3.124s] -- Up-to-date symlink: /home/arya/robot_ws/install/pkg_interfaces/include/pkg_interfaces/pkg_interfaces/msg/detail/num__type_support.hpp
[3.124s] -- Up-to-date symlink: /home/arya/robot_ws/install/pkg_interfaces/include/pkg_interfaces/pkg_interfaces/msg/detail/sphere__builder.hpp
[3.124s] -- Up-to-date symlink: /home/arya/robot_ws/install/pkg_interfaces/include/pkg_interfaces/pkg_interfaces/msg/detail/sphere__struct.hpp
[3.124s] -- Up-to-date symlink: /home/arya/robot_ws/install/pkg_interfaces/include/pkg_interfaces/pkg_interfaces/msg/detail/sphere__traits.hpp
[3.124s] -- Up-to-date symlink: /home/arya/robot_ws/install/pkg_interfaces/include/pkg_interfaces/pkg_interfaces/msg/detail/sphere__type_support.hpp
[3.125s] -- Up-to-date symlink: /home/arya/robot_ws/install/pkg_interfaces/include/pkg_interfaces/pkg_interfaces/msg/num.hpp
[3.125s] -- Up-to-date symlink: /home/arya/robot_ws/install/pkg_interfaces/include/pkg_interfaces/pkg_interfaces/msg/rosidl_generator_cpp__visibility_control.hpp
[3.125s] -- Up-to-date symlink: /home/arya/robot_ws/install/pkg_interfaces/include/pkg_interfaces/pkg_interfaces/msg/sphere.hpp
[3.125s] -- Up-to-date symlink: /home/arya/robot_ws/install/pkg_interfaces/include/pkg_interfaces/pkg_interfaces/srv/add_three_ints.hpp
[3.125s] -- Up-to-date symlink: /home/arya/robot_ws/install/pkg_interfaces/include/pkg_interfaces/pkg_interfaces/srv/detail/add_three_ints__builder.hpp
[3.125s] -- Up-to-date symlink: /home/arya/robot_ws/install/pkg_interfaces/include/pkg_interfaces/pkg_interfaces/srv/detail/add_three_ints__struct.hpp
[3.136s] -- Up-to-date symlink: /home/arya/robot_ws/install/pkg_interfaces/include/pkg_interfaces/pkg_interfaces/srv/detail/add_three_ints__traits.hpp
[3.138s] -- Up-to-date symlink: /home/arya/robot_ws/install/pkg_interfaces/include/pkg_interfaces/pkg_interfaces/srv/detail/add_three_ints__type_support.hpp
[3.138s] -- Up-to-date symlink: /home/arya/robot_ws/install/pkg_interfaces/include/pkg_interfaces/pkg_interfaces/msg/detail/num__rosidl_typesupport_fastrtps_cpp.hpp
[3.138s] -- Up-to-date symlink: /home/arya/robot_ws/install/pkg_interfaces/include/pkg_interfaces/pkg_interfaces/msg/detail/sphere__rosidl_typesupport_fastrtps_cpp.hpp
[3.138s] -- Up-to-date symlink: /home/arya/robot_ws/install/pkg_interfaces/include/pkg_interfaces/pkg_interfaces/msg/rosidl_typesupport_fastrtps_cpp__visibility_control.h
[3.139s] -- Up-to-date symlink: /home/arya/robot_ws/install/pkg_interfaces/include/pkg_interfaces/pkg_interfaces/srv/detail/add_three_ints__rosidl_typesupport_fastrtps_cpp.hpp
[3.139s] -- Up-to-date symlink: /home/arya/robot_ws/install/pkg_interfaces/include/pkg_interfaces/pkg_interfaces/msg/detail/num__rosidl_typesupport_introspection_c.h
[3.139s] -- Up-to-date symlink: /home/arya/robot_ws/install/pkg_interfaces/include/pkg_interfaces/pkg_interfaces/msg/detail/sphere__rosidl_typesupport_introspection_c.h
[3.139s] -- Up-to-date symlink: /home/arya/robot_ws/install/pkg_interfaces/include/pkg_interfaces/pkg_interfaces/msg/rosidl_typesupport_introspection_c__visibility_control.h
[3.139s] -- Up-to-date symlink: /home/arya/robot_ws/install/pkg_interfaces/include/pkg_interfaces/pkg_interfaces/srv/detail/add_three_ints__rosidl_typesupport_introspection_c.h
[3.139s] -- Up-to-date symlink: /home/arya/robot_ws/install/pkg_interfaces/include/pkg_interfaces/pkg_interfaces/msg/detail/num__rosidl_typesupport_introspection_cpp.hpp
[3.139s] -- Up-to-date symlink: /home/arya/robot_ws/install/pkg_interfaces/include/pkg_interfaces/pkg_interfaces/msg/detail/sphere__rosidl_typesupport_introspection_cpp.hpp
[3.139s] -- Up-to-date symlink: /home/arya/robot_ws/install/pkg_interfaces/include/pkg_interfaces/pkg_interfaces/srv/detail/add_three_ints__rosidl_typesupport_introspection_cpp.hpp
[3.139s] -- Up-to-date symlink: /home/arya/robot_ws/install/pkg_interfaces/share/pkg_interfaces/environment/pythonpath.sh
[3.140s] -- Up-to-date symlink: /home/arya/robot_ws/install/pkg_interfaces/share/pkg_interfaces/environment/pythonpath.dsv
[3.140s] -- Up-to-date symlink: /home/arya/robot_ws/install/pkg_interfaces/local/lib/python3.10/dist-packages/pkg_interfaces-0.0.0-py3.10.egg-info/PKG-INFO
[3.140s] -- Up-to-date symlink: /home/arya/robot_ws/install/pkg_interfaces/local/lib/python3.10/dist-packages/pkg_interfaces-0.0.0-py3.10.egg-info/SOURCES.txt
[3.140s] -- Up-to-date symlink: /home/arya/robot_ws/install/pkg_interfaces/local/lib/python3.10/dist-packages/pkg_interfaces-0.0.0-py3.10.egg-info/dependency_links.txt
[3.140s] -- Up-to-date symlink: /home/arya/robot_ws/install/pkg_interfaces/local/lib/python3.10/dist-packages/pkg_interfaces-0.0.0-py3.10.egg-info/top_level.txt
[3.140s] -- Up-to-date symlink: /home/arya/robot_ws/install/pkg_interfaces/local/lib/python3.10/dist-packages/pkg_interfaces/__init__.py
[3.140s] -- Up-to-date symlink: /home/arya/robot_ws/install/pkg_interfaces/local/lib/python3.10/dist-packages/pkg_interfaces/_pkg_interfaces_s.ep.rosidl_typesupport_c.c
[3.140s] -- Up-to-date symlink: /home/arya/robot_ws/install/pkg_interfaces/local/lib/python3.10/dist-packages/pkg_interfaces/_pkg_interfaces_s.ep.rosidl_typesupport_fastrtps_c.c
[3.140s] -- Up-to-date symlink: /home/arya/robot_ws/install/pkg_interfaces/local/lib/python3.10/dist-packages/pkg_interfaces/_pkg_interfaces_s.ep.rosidl_typesupport_introspection_c.c
[3.141s] -- Up-to-date symlink: /home/arya/robot_ws/install/pkg_interfaces/local/lib/python3.10/dist-packages/pkg_interfaces/libpkg_interfaces__rosidl_generator_py.so
[3.141s] -- Up-to-date symlink: /home/arya/robot_ws/install/pkg_interfaces/local/lib/python3.10/dist-packages/pkg_interfaces/msg/__init__.py
[3.141s] -- Up-to-date symlink: /home/arya/robot_ws/install/pkg_interfaces/local/lib/python3.10/dist-packages/pkg_interfaces/msg/_num.py
[3.141s] -- Up-to-date symlink: /home/arya/robot_ws/install/pkg_interfaces/local/lib/python3.10/dist-packages/pkg_interfaces/msg/_num_s.c
[3.141s] -- Up-to-date symlink: /home/arya/robot_ws/install/pkg_interfaces/local/lib/python3.10/dist-packages/pkg_interfaces/msg/_sphere.py
[3.141s] -- Up-to-date symlink: /home/arya/robot_ws/install/pkg_interfaces/local/lib/python3.10/dist-packages/pkg_interfaces/msg/_sphere_s.c
[3.141s] -- Up-to-date symlink: /home/arya/robot_ws/install/pkg_interfaces/local/lib/python3.10/dist-packages/pkg_interfaces/pkg_interfaces_s__rosidl_typesupport_c.cpython-310-x86_64-linux-gnu.so
[3.141s] -- Up-to-date symlink: /home/arya/robot_ws/install/pkg_interfaces/local/lib/python3.10/dist-packages/pkg_interfaces/pkg_interfaces_s__rosidl_typesupport_fastrtps_c.cpython-310-x86_64-linux-gnu.so
[3.141s] -- Up-to-date symlink: /home/arya/robot_ws/install/pkg_interfaces/local/lib/python3.10/dist-packages/pkg_interfaces/pkg_interfaces_s__rosidl_typesupport_introspection_c.cpython-310-x86_64-linux-gnu.so
[3.141s] -- Up-to-date symlink: /home/arya/robot_ws/install/pkg_interfaces/local/lib/python3.10/dist-packages/pkg_interfaces/srv/__init__.py
[3.141s] -- Up-to-date symlink: /home/arya/robot_ws/install/pkg_interfaces/local/lib/python3.10/dist-packages/pkg_interfaces/srv/_add_three_ints.py
[3.141s] -- Up-to-date symlink: /home/arya/robot_ws/install/pkg_interfaces/local/lib/python3.10/dist-packages/pkg_interfaces/srv/_add_three_ints_s.c
[3.141s] -- Up-to-date symlink: /home/arya/robot_ws/install/pkg_interfaces/local/lib/python3.10/dist-packages/pkg_interfaces/pkg_interfaces_s__rosidl_typesupport_fastrtps_c.cpython-310-x86_64-linux-gnu.so
[3.142s] -- Up-to-date symlink: /home/arya/robot_ws/install/pkg_interfaces/local/lib/python3.10/dist-packages/pkg_interfaces/pkg_interfaces_s__rosidl_typesupport_introspection_c.cpython-310-x86_64-linux-gnu.so
[3.142s] -- Up-to-date symlink: /home/arya/robot_ws/install/pkg_interfaces/local/lib/python3.10/dist-packages/pkg_interfaces/pkg_interfaces_s__rosidl_typesupport_c.cpython-310-x86_64-linux-gnu.so
[3.142s] -- Up-to-date symlink: /home/arya/robot_ws/install/pkg_interfaces/share/pkg_interfaces/msg/Num.idl
[3.142s] -- Up-to-date symlink: /home/arya/robot_ws/install/pkg_interfaces/share/pkg_interfaces/msg/Sphere.idl
[3.142s] -- Up-to-date symlink: /home/arya/robot_ws/install/pkg_interfaces/share/pkg_interfaces/srv/AddThreeInts.idl
[3.142s] -- Up-to-date symlink: /home/arya/robot_ws/install/pkg_interfaces/share/pkg_interfaces/msg/Num.msg
[3.142s] -- Up-to-date symlink: /home/arya/robot_ws/install/pkg_interfaces/share/pkg_interfaces/msg/Sphere.msg
[3.142s] -- Up-to-date symlink: /home/arya/robot_ws/install/pkg_interfaces/share/pkg_interfaces/srv/AddThreeInts.srv
[3.154s] -- Up-to-date symlink: /home/arya/robot_ws/install/pkg_interfaces/share/pkg_interfaces/srv/AddThreeInts_Request.msg
[3.163s] -- Up-to-date symlink: /home/arya/robot_ws/install/pkg_interfaces/share/pkg_interfaces/srv/AddThreeInts_Response.msg
[3.163s] -- Up-to-date symlink: /home/arya/robot_ws/install/pkg_interfaces/share/ament_index/resource_index/package_run_dependencies/pkg_interfaces
[3.163s] -- Up-to-date symlink: /home/arya/robot_ws/install/pkg_interfaces/share/ament_index/resource_index/parent_prefix_path/pkg_interfaces
[3.163s] -- Up-to-date symlink: /home/arya/robot_ws/install/pkg_interfaces/share/pkg_interfaces/environment/ament_prefix_path.sh
[3.163s] -- Up-to-date symlink: /home/arya/robot_ws/install/pkg_interfaces/share/pkg_interfaces/environment/ament_prefix_path.dsv
[3.164s] -- Up-to-date symlink: /home/arya/robot_ws/install/pkg_interfaces/share/pkg_interfaces/environment/path.sh
[3.164s] -- Up-to-date symlink: /home/arya/robot_ws/install/pkg_interfaces/share/pkg_interfaces/environment/path.dsv
[3.164s] -- Up-to-date symlink: /home/arya/robot_ws/install/pkg_interfaces/share/pkg_interfaces/local_setup.bash
[3.164s] -- Up-to-date symlink: /home/arya/robot_ws/install/pkg_interfaces/share/pkg_interfaces/local_setup.sh
[3.164s] -- Up-to-date symlink: /home/arya/robot_ws/install/pkg_interfaces/share/pkg_interfaces/local_setup.zsh
[3.164s] -- Up-to-date symlink: /home/arya/robot_ws/install/pkg_interfaces/share/pkg_interfaces/local_setup.dsv
[3.164s] -- Symlinking: /home/arya/robot_ws/install/pkg_interfaces/share/pkg_interfaces/package.dsv
[3.181s] -- Up-to-date symlink: /home/arya/robot_ws/install/pkg_interfaces/share/ament_index/resource_index/packages/pkg_interfaces
[3.181s] -- Up-to-date symlink: /home/arya/robot_ws/install/pkg_interfaces/share/pkg_interfaces/cmake/rosidl_cmake-extras.cmake
[3.189s] -- Up-to-date symlink: /home/arya/robot_ws/install/pkg_interfaces/share/pkg_interfaces/cmake/ament_cmake_export_dependencies-extras.cmake
[3.189s] -- Up-to-date symlink: /home/arya/robot_ws/install/pkg_interfaces/share/pkg_interfaces/cmake/ament_cmake_export_include_directories-extras.cmake
[3.190s] -- Up-to-date symlink: /home/arya/robot_ws/install/pkg_interfaces/share/pkg_interfaces/cmake/ament_cmake_export_libraries-extras.cmake
[3.190s] -- Up-to-date symlink: /home/arya/robot_ws/install/pkg_interfaces/share/pkg_interfaces/cmake/ament_cmake_export_targets-extras.cmake
[3.190s] -- Up-to-date symlink: /home/arya/robot_ws/install/pkg_interfaces/share/pkg_interfaces/cmake/rosidl_cmake_export_typesupport_targets-extras.cmake
[3.190s] -- Up-to-date symlink: /home/arya/robot_ws/install/pkg_interfaces/share/pkg_interfaces/cmake/rosidl_cmake_export_typesupport_libraries-extras.cmake
[3.190s] -- Up-to-date symlink: /home/arya/robot_ws/install/pkg_interfaces/share/pkg_interfaces/cmake/pkg_interfacesConfig.cmake
[3.190s] -- Up-to-date symlink: /home/arya/robot_ws/install/pkg_interfaces/share/pkg_interfaces/cmake/pkg_interfacesConfig-version.cmake
[3.190s] -- Up-to-date symlink: /home/arya/robot_ws/install/pkg_interfaces/share/pkg_interfaces/package.xml
[3.190s] -- Up-to-date: /home/arya/robot_ws/install/pkg_interfaces/lib/libpkg_interfaces__rosidl_generator_c.so
[3.190s] -- Up-to-date: /home/arya/robot_ws/install/pkg_interfaces/lib/libpkg_interfaces__rosidl_typesupport_fastrtps_c.so
[3.190s] -- Up-to-date: /home/arya/robot_ws/install/pkg_interfaces/lib/libpkg_interfaces__rosidl_typesupport_fastrtps_cpp.so
[3.190s] -- Up-to-date: /home/arya/robot_ws/install/pkg_interfaces/lib/libpkg_interfaces__rosidl_typesupport_introspection_c.so
[3.190s] -- Up-to-date: /home/arya/robot_ws/install/pkg_interfaces/lib/libpkg_interfaces__rosidl_typesupport_c.so
[3.190s] -- Up-to-date: /home/arya/robot_ws/install/pkg_interfaces/lib/libpkg_interfaces__rosidl_typesupport_introspection_cpp.so
[3.190s] -- Up-to-date: /home/arya/robot_ws/install/pkg_interfaces/lib/libpkg_interfaces__rosidl_typesupport_cpp.so
[3.271s] Listing '/home/arya/robot_ws/install/pkg_interfaces/local/lib/python3.10/dist-packages/pkg_interfaces'...
[3.272s] Compiling '/home/arya/robot_ws/install/pkg_interfaces/local/lib/python3.10/dist-packages/pkg_interfaces/__init__.py'...
[3.272s] Listing '/home/arya/robot_ws/install/pkg_interfaces/local/lib/python3.10/dist-packages/pkg_interfaces/msg'...
[3.272s] Listing '/home/arya/robot_ws/install/pkg_interfaces/local/lib/python3.10/dist-packages/pkg_interfaces/srv'...
[3.274s] -- Up-to-date: /home/arya/robot_ws/install/pkg_interfaces/lib/libpkg_interfaces__rosidl_generator_py.so
[3.275s] -- Up-to-date: /home/arya/robot_ws/install/pkg_interfaces/share/pkg_interfaces/cmake/export_pkg_interfaces__rosidl_generator_cExport.cmake
[3.275s] -- Up-to-date: /home/arya/robot_ws/install/pkg_interfaces/share/pkg_interfaces/cmake/export_pkg_interfaces__rosidl_generator_cExport-noconfig.cmake
[3.275s] -- Up-to-date: /home/arya/robot_ws/install/pkg_interfaces/share/pkg_interfaces/cmake/export_pkg_interfaces__rosidl_typesupport_fastrtps_cExport.cmake
[3.275s] -- Up-to-date: /home/arya/robot_ws/install/pkg_interfaces/share/pkg_interfaces/cmake/export_pkg_interfaces__rosidl_typesupport_fastrtps_cExport-noconfig.cmake
[3.275s] -- Up-to-date: /home/arya/robot_ws/install/pkg_interfaces/share/pkg_interfaces/cmake/export_pkg_interfaces__rosidl_generator_cppExport.cmake
[3.275s] -- Up-to-date: /home/arya/robot_ws/install/pkg_interfaces/share/pkg_interfaces/cmake/export_pkg_interfaces__rosidl_typesupport_fastrtps_cppExport.cmake
[3.275s] -- Up-to-date: /home/arya/robot_ws/install/pkg_interfaces/share/pkg_interfaces/cmake/export_pkg_interfaces__rosidl_typesupport_fastrtps_cppExport-noconfig.cmake
[3.275s] -- Up-to-date: /home/arya/robot_ws/install/pkg_interfaces/share/pkg_interfaces/cmake/pkg_interfaces__rosidl_typesupport_introspection_cExport.cmake
[3.275s] -- Up-to-date: /home/arya/robot_ws/install/pkg_interfaces/share/pkg_interfaces/cmake/pkg_interfaces__rosidl_typesupport_introspection_cExport-noconfig.cmake
[3.275s] -- Up-to-date: /home/arya/robot_ws/install/pkg_interfaces/share/pkg_interfaces/cmake/pkg_interfaces__rosidl_typesupport_cExport.cmake
[3.275s] -- Up-to-date: /home/arya/robot_ws/install/pkg_interfaces/share/pkg_interfaces/cmake/pkg_interfaces__rosidl_typesupport_cExport-noconfig.cmake
[3.275s] -- Up-to-date: /home/arya/robot_ws/install/pkg_interfaces/share/pkg_interfaces/cmake/pkg_interfaces__rosidl_typesupport_introspection_cppExport.cmake
[3.275s] -- Up-to-date: /home/arya/robot_ws/install/pkg_interfaces/share/pkg_interfaces/cmake/pkg_interfaces__rosidl_typesupport_introspection_cppExport-noconfig.cmake
[3.275s] -- Up-to-date: /home/arya/robot_ws/install/pkg_interfaces/share/pkg_interfaces/cmake/pkg_interfaces__rosidl_typesupport_cppExport.cmake
[3.275s] -- Up-to-date: /home/arya/robot_ws/install/pkg_interfaces/share/pkg_interfaces/cmake/pkg_interfaces__rosidl_typesupport_cppExport-noconfig.cmake
[3.276s] -- Up-to-date: /home/arya/robot_ws/install/pkg_interfaces/share/pkg_interfaces/cmake/export_pkg_interfaces__rosidl_generator_pyExport.cmake
[3.276s] -- Up-to-date: /home/arya/robot_ws/install/pkg_interfaces/share/pkg_interfaces/cmake/export_pkg_interfaces__rosidl_generator_pyExport-noconfig.cmake
[3.286s] Invoked command in '/home/arya/robot_ws/build/pkg_interfaces' returned '0': CMAKE_PREFIX_PATH=${CMAKE_PREFIX_PATH}:/home/arya/robot_ws/install/srvcli_py:/home/arya/robot_ws/install/pubsub_py:/home/arya/robot_ws/install/pubsub_interface_py:/opt/ros/humble /usr/bin/cmake --install /home/arya/robot_ws/build/pkg_interfaces
