[0.013s] Invoking command in '/home/arya/robot_ws/build/tutorial_interfaces': CMAKE_PREFIX_PATH=/opt/ros/humble /usr/bin/cmake /home/arya/robot_ws/src/tutorial_interfaces -DCMAKE_INSTALL_PREFIX=/home/arya/robot_ws/install/tutorial_interfaces
[0.136s] -- The C compiler identification is GNU 11.4.0
[0.234s] -- The CXX compiler identification is GNU 11.4.0
[0.249s] -- Detecting C compiler ABI info
[0.348s] -- Detecting C compiler ABI info - done
[0.349s] -- Check for working C compiler: /usr/bin/cc - skipped
[0.359s] -- Detecting C compile features
[0.360s] -- Detecting C compile features - done
[0.364s] -- Detecting CXX compiler ABI info
[0.473s] -- Detecting CXX compiler ABI info - done
[0.486s] -- Check for working CXX compiler: /usr/bin/c++ - skipped
[0.486s] -- Detecting CXX compile features
[0.487s] -- Detecting CXX compile features - done
[0.503s] -- Found ament_cmake: 1.3.11 (/opt/ros/humble/share/ament_cmake/cmake)
[0.679s] -- Found Python3: /usr/bin/python3 (found version "3.10.12") found components: Interpreter 
[0.798s] -- Found ament_lint_auto: 0.12.11 (/opt/ros/humble/share/ament_lint_auto/cmake)
[0.896s] -- Added test 'lint_cmake' to check CMake code style
[0.897s] -- Added test 'xmllint' to check XML markup files
[0.900s] -- Configuring done
[0.903s] -- Generating done
[0.905s] -- Build files have been written to: /home/arya/robot_ws/build/tutorial_interfaces
[0.910s] Invoked command in '/home/arya/robot_ws/build/tutorial_interfaces' returned '0': CMAKE_PREFIX_PATH=/opt/ros/humble /usr/bin/cmake /home/arya/robot_ws/src/tutorial_interfaces -DCMAKE_INSTALL_PREFIX=/home/arya/robot_ws/install/tutorial_interfaces
[0.912s] Invoking command in '/home/arya/robot_ws/build/tutorial_interfaces': CMAKE_PREFIX_PATH=/opt/ros/humble /usr/bin/cmake --build /home/arya/robot_ws/build/tutorial_interfaces -- -j4 -l4
[0.952s] Invoked command in '/home/arya/robot_ws/build/tutorial_interfaces' returned '0': CMAKE_PREFIX_PATH=/opt/ros/humble /usr/bin/cmake --build /home/arya/robot_ws/build/tutorial_interfaces -- -j4 -l4
[0.966s] Invoking command in '/home/arya/robot_ws/build/tutorial_interfaces': CMAKE_PREFIX_PATH=/opt/ros/humble /usr/bin/cmake --install /home/arya/robot_ws/build/tutorial_interfaces
[0.972s] -- Install configuration: ""
[0.973s] -- Installing: /home/arya/robot_ws/install/tutorial_interfaces/share/ament_index/resource_index/package_run_dependencies/tutorial_interfaces
[0.973s] -- Installing: /home/arya/robot_ws/install/tutorial_interfaces/share/ament_index/resource_index/parent_prefix_path/tutorial_interfaces
[0.973s] -- Installing: /home/arya/robot_ws/install/tutorial_interfaces/share/tutorial_interfaces/environment/ament_prefix_path.sh
[0.973s] -- Installing: /home/arya/robot_ws/install/tutorial_interfaces/share/tutorial_interfaces/environment/ament_prefix_path.dsv
[0.973s] -- Installing: /home/arya/robot_ws/install/tutorial_interfaces/share/tutorial_interfaces/environment/path.sh
[0.974s] -- Installing: /home/arya/robot_ws/install/tutorial_interfaces/share/tutorial_interfaces/environment/path.dsv
[0.974s] -- Installing: /home/arya/robot_ws/install/tutorial_interfaces/share/tutorial_interfaces/local_setup.bash
[0.974s] -- Installing: /home/arya/robot_ws/install/tutorial_interfaces/share/tutorial_interfaces/local_setup.sh
[0.974s] -- Installing: /home/arya/robot_ws/install/tutorial_interfaces/share/tutorial_interfaces/local_setup.zsh
[0.974s] -- Installing: /home/arya/robot_ws/install/tutorial_interfaces/share/tutorial_interfaces/local_setup.dsv
[0.974s] -- Installing: /home/arya/robot_ws/install/tutorial_interfaces/share/tutorial_interfaces/package.dsv
[0.975s] -- Installing: /home/arya/robot_ws/install/tutorial_interfaces/share/ament_index/resource_index/packages/tutorial_interfaces
[0.975s] -- Installing: /home/arya/robot_ws/install/tutorial_interfaces/share/tutorial_interfaces/cmake/tutorial_interfacesConfig.cmake
[0.975s] -- Installing: /home/arya/robot_ws/install/tutorial_interfaces/share/tutorial_interfaces/cmake/tutorial_interfacesConfig-version.cmake
[0.975s] -- Installing: /home/arya/robot_ws/install/tutorial_interfaces/share/tutorial_interfaces/package.xml
[0.977s] Invoked command in '/home/arya/robot_ws/build/tutorial_interfaces' returned '0': CMAKE_PREFIX_PATH=/opt/ros/humble /usr/bin/cmake --install /home/arya/robot_ws/build/tutorial_interfaces
