[0.012s] Invoking command in '/home/arya/robot_ws/build/tutorial_interfaces': CMAKE_PREFIX_PATH=${CMAKE_PREFIX_PATH}:/opt/ros/humble /usr/bin/cmake --build /home/arya/robot_ws/build/tutorial_interfaces -- -j4 -l4
[0.044s] -- Found ament_cmake: 1.3.11 (/opt/ros/humble/share/ament_cmake/cmake)
[0.185s] -- Found geometry_msgs: 4.2.4 (/opt/ros/humble/share/geometry_msgs/cmake)
[0.223s] -- Found rosidl_generator_c: 3.1.6 (/opt/ros/humble/share/rosidl_generator_c/cmake)
[0.228s] -- Found rosidl_adapter: 3.1.6 (/opt/ros/humble/share/rosidl_adapter/cmake)
[0.236s] -- Found rosidl_generator_cpp: 3.1.6 (/opt/ros/humble/share/rosidl_generator_cpp/cmake)
[0.251s] -- Using all available rosidl_typesupport_c: rosidl_typesupport_fastrtps_c;rosidl_typesupport_introspection_c
[0.271s] -- Using all available rosidl_typesupport_cpp: rosidl_typesupport_fastrtps_cpp;rosidl_typesupport_introspection_cpp
[0.327s] -- Found rosidl_default_generators: 1.2.0 (/opt/ros/humble/share/rosidl_default_generators/cmake)
[0.491s] [31mCMake Error at /opt/ros/humble/share/rosidl_cmake/cmake/rosidl_generate_interfaces.cmake:162 (message):
[0.491s]   rosidl_generate_interfaces() the passed dependency 'srv/AddThreeInts.srv'
[0.491s]   has not been found before using find_package()
[0.491s] Call Stack (most recent call first):
[0.491s]   CMakeLists.txt:19 (rosidl_generate_interfaces)
[0.491s] 
[0.491s] [0m
[0.492s] -- Configuring incomplete, errors occurred!
[0.492s] See also "/home/arya/robot_ws/build/tutorial_interfaces/CMakeFiles/CMakeOutput.log".
[0.498s] gmake: *** [Makefile:226: cmake_check_build_system] Error 1
[0.501s] Invoked command in '/home/arya/robot_ws/build/tutorial_interfaces' returned '2': CMAKE_PREFIX_PATH=${CMAKE_PREFIX_PATH}:/opt/ros/humble /usr/bin/cmake --build /home/arya/robot_ws/build/tutorial_interfaces -- -j4 -l4
