[0.121s] DEBUG:colcon:Command line arguments: ['/usr/bin/colcon', 'build', '--symlink-install']
[0.121s] DEBUG:colcon:Parsed command line arguments: Namespace(log_base=None, log_level=None, verb_name='build', build_base='build', install_base='install', merge_install=False, symlink_install=True, test_result_base=None, continue_on_error=False, executor='parallel', parallel_workers=4, event_handlers=None, ignore_user_meta=False, metas=['./colcon.meta'], base_paths=['.'], packages_ignore=None, packages_ignore_regex=None, paths=None, packages_up_to=None, packages_up_to_regex=None, packages_above=None, packages_above_and_dependencies=None, packages_above_depth=None, packages_select_by_dep=None, packages_skip_by_dep=None, packages_skip_up_to=None, packages_select_build_failed=False, packages_skip_build_finished=False, packages_select_test_failures=False, packages_skip_test_passed=False, packages_select=None, packages_skip=None, packages_select_regex=None, packages_skip_regex=None, packages_start=None, packages_end=None, allow_overriding=[], cmake_args=None, cmake_target=None, cmake_target_skip_unavailable=False, cmake_clean_cache=False, cmake_clean_first=False, cmake_force_configure=False, ament_cmake_args=None, catkin_cmake_args=None, catkin_skip_building_tests=False, verb_parser=<colcon_defaults.argument_parser.defaults.DefaultArgumentsDecorator object at 0x7ff314aeee60>, verb_extension=<colcon_core.verb.build.BuildVerb object at 0x7ff314aee2c0>, main=<bound method BuildVerb.main of <colcon_core.verb.build.BuildVerb object at 0x7ff314aee2c0>>)
[0.306s] Level 1:colcon.colcon_core.package_discovery:discover_packages(colcon_meta) check parameters
[0.306s] Level 1:colcon.colcon_core.package_discovery:discover_packages(recursive) check parameters
[0.306s] Level 1:colcon.colcon_core.package_discovery:discover_packages(ignore) check parameters
[0.306s] Level 1:colcon.colcon_core.package_discovery:discover_packages(path) check parameters
[0.306s] Level 1:colcon.colcon_core.package_discovery:discover_packages(colcon_meta) discover
[0.306s] Level 1:colcon.colcon_core.package_discovery:discover_packages(recursive) discover
[0.306s] INFO:colcon.colcon_core.package_discovery:Crawling recursively for packages in '/home/arya/robot_ws'
[0.306s] Level 1:colcon.colcon_core.package_identification:_identify(.) by extensions ['ignore', 'ignore_ament_install']
[0.307s] Level 1:colcon.colcon_core.package_identification:_identify(.) by extension 'ignore'
[0.307s] Level 1:colcon.colcon_core.package_identification:_identify(.) by extension 'ignore_ament_install'
[0.307s] Level 1:colcon.colcon_core.package_identification:_identify(.) by extensions ['colcon_pkg']
[0.307s] Level 1:colcon.colcon_core.package_identification:_identify(.) by extension 'colcon_pkg'
[0.307s] Level 1:colcon.colcon_core.package_identification:_identify(.) by extensions ['colcon_meta']
[0.307s] Level 1:colcon.colcon_core.package_identification:_identify(.) by extension 'colcon_meta'
[0.307s] Level 1:colcon.colcon_core.package_identification:_identify(.) by extensions ['ros']
[0.307s] Level 1:colcon.colcon_core.package_identification:_identify(.) by extension 'ros'
[0.320s] Level 1:colcon.colcon_core.package_identification:_identify(.) by extensions ['cmake', 'python']
[0.320s] Level 1:colcon.colcon_core.package_identification:_identify(.) by extension 'cmake'
[0.320s] Level 1:colcon.colcon_core.package_identification:_identify(.) by extension 'python'
[0.320s] Level 1:colcon.colcon_core.package_identification:_identify(.) by extensions ['python_setup_py']
[0.320s] Level 1:colcon.colcon_core.package_identification:_identify(.) by extension 'python_setup_py'
[0.320s] Level 1:colcon.colcon_core.package_identification:_identify(build) by extensions ['ignore', 'ignore_ament_install']
[0.320s] Level 1:colcon.colcon_core.package_identification:_identify(build) by extension 'ignore'
[0.320s] Level 1:colcon.colcon_core.package_identification:_identify(build) ignored
[0.320s] Level 1:colcon.colcon_core.package_identification:_identify(install) by extensions ['ignore', 'ignore_ament_install']
[0.320s] Level 1:colcon.colcon_core.package_identification:_identify(install) by extension 'ignore'
[0.320s] Level 1:colcon.colcon_core.package_identification:_identify(install) ignored
[0.321s] Level 1:colcon.colcon_core.package_identification:_identify(log) by extensions ['ignore', 'ignore_ament_install']
[0.321s] Level 1:colcon.colcon_core.package_identification:_identify(log) by extension 'ignore'
[0.321s] Level 1:colcon.colcon_core.package_identification:_identify(log) ignored
[0.321s] Level 1:colcon.colcon_core.package_identification:_identify(src) by extensions ['ignore', 'ignore_ament_install']
[0.321s] Level 1:colcon.colcon_core.package_identification:_identify(src) by extension 'ignore'
[0.321s] Level 1:colcon.colcon_core.package_identification:_identify(src) by extension 'ignore_ament_install'
[0.321s] Level 1:colcon.colcon_core.package_identification:_identify(src) by extensions ['colcon_pkg']
[0.321s] Level 1:colcon.colcon_core.package_identification:_identify(src) by extension 'colcon_pkg'
[0.321s] Level 1:colcon.colcon_core.package_identification:_identify(src) by extensions ['colcon_meta']
[0.321s] Level 1:colcon.colcon_core.package_identification:_identify(src) by extension 'colcon_meta'
[0.321s] Level 1:colcon.colcon_core.package_identification:_identify(src) by extensions ['ros']
[0.321s] Level 1:colcon.colcon_core.package_identification:_identify(src) by extension 'ros'
[0.321s] Level 1:colcon.colcon_core.package_identification:_identify(src) by extensions ['cmake', 'python']
[0.321s] Level 1:colcon.colcon_core.package_identification:_identify(src) by extension 'cmake'
[0.321s] Level 1:colcon.colcon_core.package_identification:_identify(src) by extension 'python'
[0.321s] Level 1:colcon.colcon_core.package_identification:_identify(src) by extensions ['python_setup_py']
[0.321s] Level 1:colcon.colcon_core.package_identification:_identify(src) by extension 'python_setup_py'
[0.321s] Level 1:colcon.colcon_core.package_identification:_identify(src/more_interfaces) by extensions ['ignore', 'ignore_ament_install']
[0.322s] Level 1:colcon.colcon_core.package_identification:_identify(src/more_interfaces) by extension 'ignore'
[0.322s] Level 1:colcon.colcon_core.package_identification:_identify(src/more_interfaces) by extension 'ignore_ament_install'
[0.322s] Level 1:colcon.colcon_core.package_identification:_identify(src/more_interfaces) by extensions ['colcon_pkg']
[0.322s] Level 1:colcon.colcon_core.package_identification:_identify(src/more_interfaces) by extension 'colcon_pkg'
[0.322s] Level 1:colcon.colcon_core.package_identification:_identify(src/more_interfaces) by extensions ['colcon_meta']
[0.322s] Level 1:colcon.colcon_core.package_identification:_identify(src/more_interfaces) by extension 'colcon_meta'
[0.322s] Level 1:colcon.colcon_core.package_identification:_identify(src/more_interfaces) by extensions ['ros']
[0.322s] Level 1:colcon.colcon_core.package_identification:_identify(src/more_interfaces) by extension 'ros'
[0.324s] DEBUG:colcon.colcon_core.package_identification:Package 'src/more_interfaces' with type 'ros.ament_cmake' and name 'more_interfaces'
[0.324s] Level 1:colcon.colcon_core.package_identification:_identify(src/pkg_interfaces) by extensions ['ignore', 'ignore_ament_install']
[0.325s] Level 1:colcon.colcon_core.package_identification:_identify(src/pkg_interfaces) by extension 'ignore'
[0.325s] Level 1:colcon.colcon_core.package_identification:_identify(src/pkg_interfaces) by extension 'ignore_ament_install'
[0.325s] Level 1:colcon.colcon_core.package_identification:_identify(src/pkg_interfaces) by extensions ['colcon_pkg']
[0.325s] Level 1:colcon.colcon_core.package_identification:_identify(src/pkg_interfaces) by extension 'colcon_pkg'
[0.325s] Level 1:colcon.colcon_core.package_identification:_identify(src/pkg_interfaces) by extensions ['colcon_meta']
[0.325s] Level 1:colcon.colcon_core.package_identification:_identify(src/pkg_interfaces) by extension 'colcon_meta'
[0.325s] Level 1:colcon.colcon_core.package_identification:_identify(src/pkg_interfaces) by extensions ['ros']
[0.325s] Level 1:colcon.colcon_core.package_identification:_identify(src/pkg_interfaces) by extension 'ros'
[0.326s] DEBUG:colcon.colcon_core.package_identification:Package 'src/pkg_interfaces' with type 'ros.ament_cmake' and name 'pkg_interfaces'
[0.326s] Level 1:colcon.colcon_core.package_identification:_identify(src/pubsub_interface_py) by extensions ['ignore', 'ignore_ament_install']
[0.326s] Level 1:colcon.colcon_core.package_identification:_identify(src/pubsub_interface_py) by extension 'ignore'
[0.326s] Level 1:colcon.colcon_core.package_identification:_identify(src/pubsub_interface_py) by extension 'ignore_ament_install'
[0.326s] Level 1:colcon.colcon_core.package_identification:_identify(src/pubsub_interface_py) by extensions ['colcon_pkg']
[0.326s] Level 1:colcon.colcon_core.package_identification:_identify(src/pubsub_interface_py) by extension 'colcon_pkg'
[0.326s] Level 1:colcon.colcon_core.package_identification:_identify(src/pubsub_interface_py) by extensions ['colcon_meta']
[0.326s] Level 1:colcon.colcon_core.package_identification:_identify(src/pubsub_interface_py) by extension 'colcon_meta'
[0.326s] Level 1:colcon.colcon_core.package_identification:_identify(src/pubsub_interface_py) by extensions ['ros']
[0.326s] Level 1:colcon.colcon_core.package_identification:_identify(src/pubsub_interface_py) by extension 'ros'
[0.327s] DEBUG:colcon.colcon_core.package_identification:Package 'src/pubsub_interface_py' with type 'ros.ament_python' and name 'pubsub_interface_py'
[0.327s] Level 1:colcon.colcon_core.package_identification:_identify(src/pubsub_py) by extensions ['ignore', 'ignore_ament_install']
[0.327s] Level 1:colcon.colcon_core.package_identification:_identify(src/pubsub_py) by extension 'ignore'
[0.327s] Level 1:colcon.colcon_core.package_identification:_identify(src/pubsub_py) by extension 'ignore_ament_install'
[0.327s] Level 1:colcon.colcon_core.package_identification:_identify(src/pubsub_py) by extensions ['colcon_pkg']
[0.327s] Level 1:colcon.colcon_core.package_identification:_identify(src/pubsub_py) by extension 'colcon_pkg'
[0.327s] Level 1:colcon.colcon_core.package_identification:_identify(src/pubsub_py) by extensions ['colcon_meta']
[0.327s] Level 1:colcon.colcon_core.package_identification:_identify(src/pubsub_py) by extension 'colcon_meta'
[0.327s] Level 1:colcon.colcon_core.package_identification:_identify(src/pubsub_py) by extensions ['ros']
[0.327s] Level 1:colcon.colcon_core.package_identification:_identify(src/pubsub_py) by extension 'ros'
[0.328s] DEBUG:colcon.colcon_core.package_identification:Package 'src/pubsub_py' with type 'ros.ament_python' and name 'pubsub_py'
[0.328s] Level 1:colcon.colcon_core.package_identification:_identify(src/python_parameters) by extensions ['ignore', 'ignore_ament_install']
[0.328s] Level 1:colcon.colcon_core.package_identification:_identify(src/python_parameters) by extension 'ignore'
[0.328s] Level 1:colcon.colcon_core.package_identification:_identify(src/python_parameters) by extension 'ignore_ament_install'
[0.328s] Level 1:colcon.colcon_core.package_identification:_identify(src/python_parameters) by extensions ['colcon_pkg']
[0.328s] Level 1:colcon.colcon_core.package_identification:_identify(src/python_parameters) by extension 'colcon_pkg'
[0.328s] Level 1:colcon.colcon_core.package_identification:_identify(src/python_parameters) by extensions ['colcon_meta']
[0.328s] Level 1:colcon.colcon_core.package_identification:_identify(src/python_parameters) by extension 'colcon_meta'
[0.329s] Level 1:colcon.colcon_core.package_identification:_identify(src/python_parameters) by extensions ['ros']
[0.329s] Level 1:colcon.colcon_core.package_identification:_identify(src/python_parameters) by extension 'ros'
[0.329s] DEBUG:colcon.colcon_core.package_identification:Package 'src/python_parameters' with type 'ros.ament_python' and name 'python_parameters'
[0.329s] Level 1:colcon.colcon_core.package_identification:_identify(src/srvcli_py) by extensions ['ignore', 'ignore_ament_install']
[0.329s] Level 1:colcon.colcon_core.package_identification:_identify(src/srvcli_py) by extension 'ignore'
[0.329s] Level 1:colcon.colcon_core.package_identification:_identify(src/srvcli_py) by extension 'ignore_ament_install'
[0.330s] Level 1:colcon.colcon_core.package_identification:_identify(src/srvcli_py) by extensions ['colcon_pkg']
[0.330s] Level 1:colcon.colcon_core.package_identification:_identify(src/srvcli_py) by extension 'colcon_pkg'
[0.330s] Level 1:colcon.colcon_core.package_identification:_identify(src/srvcli_py) by extensions ['colcon_meta']
[0.330s] Level 1:colcon.colcon_core.package_identification:_identify(src/srvcli_py) by extension 'colcon_meta'
[0.330s] Level 1:colcon.colcon_core.package_identification:_identify(src/srvcli_py) by extensions ['ros']
[0.330s] Level 1:colcon.colcon_core.package_identification:_identify(src/srvcli_py) by extension 'ros'
[0.330s] DEBUG:colcon.colcon_core.package_identification:Package 'src/srvcli_py' with type 'ros.ament_python' and name 'srvcli_py'
[0.330s] Level 1:colcon.colcon_core.package_discovery:discover_packages(recursive) using defaults
[0.330s] Level 1:colcon.colcon_core.package_discovery:discover_packages(ignore) discover
[0.330s] Level 1:colcon.colcon_core.package_discovery:discover_packages(ignore) using defaults
[0.331s] Level 1:colcon.colcon_core.package_discovery:discover_packages(path) discover
[0.331s] Level 1:colcon.colcon_core.package_discovery:discover_packages(path) using defaults
[0.352s] Level 1:colcon.colcon_core.package_discovery:discover_packages(prefix_path) check parameters
[0.353s] Level 1:colcon.colcon_core.package_discovery:discover_packages(prefix_path) discover
[0.355s] DEBUG:colcon.colcon_installed_package_information.package_discovery:Found 271 installed packages in /opt/ros/humble
[0.358s] Level 1:colcon.colcon_core.package_discovery:discover_packages(prefix_path) using defaults
[0.421s] Level 5:colcon.colcon_core.verb:set package 'more_interfaces' build argument 'cmake_args' from command line to 'None'
[0.421s] Level 5:colcon.colcon_core.verb:set package 'more_interfaces' build argument 'cmake_target' from command line to 'None'
[0.421s] Level 5:colcon.colcon_core.verb:set package 'more_interfaces' build argument 'cmake_target_skip_unavailable' from command line to 'False'
[0.421s] Level 5:colcon.colcon_core.verb:set package 'more_interfaces' build argument 'cmake_clean_cache' from command line to 'False'
[0.422s] Level 5:colcon.colcon_core.verb:set package 'more_interfaces' build argument 'cmake_clean_first' from command line to 'False'
[0.422s] Level 5:colcon.colcon_core.verb:set package 'more_interfaces' build argument 'cmake_force_configure' from command line to 'False'
[0.422s] Level 5:colcon.colcon_core.verb:set package 'more_interfaces' build argument 'ament_cmake_args' from command line to 'None'
[0.422s] Level 5:colcon.colcon_core.verb:set package 'more_interfaces' build argument 'catkin_cmake_args' from command line to 'None'
[0.422s] Level 5:colcon.colcon_core.verb:set package 'more_interfaces' build argument 'catkin_skip_building_tests' from command line to 'False'
[0.422s] DEBUG:colcon.colcon_core.verb:Building package 'more_interfaces' with the following arguments: {'ament_cmake_args': None, 'build_base': '/home/arya/robot_ws/build/more_interfaces', 'catkin_cmake_args': None, 'catkin_skip_building_tests': False, 'cmake_args': None, 'cmake_clean_cache': False, 'cmake_clean_first': False, 'cmake_force_configure': False, 'cmake_target': None, 'cmake_target_skip_unavailable': False, 'install_base': '/home/arya/robot_ws/install/more_interfaces', 'merge_install': False, 'path': '/home/arya/robot_ws/src/more_interfaces', 'symlink_install': True, 'test_result_base': None}
[0.422s] Level 5:colcon.colcon_core.verb:set package 'pkg_interfaces' build argument 'cmake_args' from command line to 'None'
[0.422s] Level 5:colcon.colcon_core.verb:set package 'pkg_interfaces' build argument 'cmake_target' from command line to 'None'
[0.422s] Level 5:colcon.colcon_core.verb:set package 'pkg_interfaces' build argument 'cmake_target_skip_unavailable' from command line to 'False'
[0.422s] Level 5:colcon.colcon_core.verb:set package 'pkg_interfaces' build argument 'cmake_clean_cache' from command line to 'False'
[0.422s] Level 5:colcon.colcon_core.verb:set package 'pkg_interfaces' build argument 'cmake_clean_first' from command line to 'False'
[0.422s] Level 5:colcon.colcon_core.verb:set package 'pkg_interfaces' build argument 'cmake_force_configure' from command line to 'False'
[0.422s] Level 5:colcon.colcon_core.verb:set package 'pkg_interfaces' build argument 'ament_cmake_args' from command line to 'None'
[0.422s] Level 5:colcon.colcon_core.verb:set package 'pkg_interfaces' build argument 'catkin_cmake_args' from command line to 'None'
[0.422s] Level 5:colcon.colcon_core.verb:set package 'pkg_interfaces' build argument 'catkin_skip_building_tests' from command line to 'False'
[0.422s] DEBUG:colcon.colcon_core.verb:Building package 'pkg_interfaces' with the following arguments: {'ament_cmake_args': None, 'build_base': '/home/arya/robot_ws/build/pkg_interfaces', 'catkin_cmake_args': None, 'catkin_skip_building_tests': False, 'cmake_args': None, 'cmake_clean_cache': False, 'cmake_clean_first': False, 'cmake_force_configure': False, 'cmake_target': None, 'cmake_target_skip_unavailable': False, 'install_base': '/home/arya/robot_ws/install/pkg_interfaces', 'merge_install': False, 'path': '/home/arya/robot_ws/src/pkg_interfaces', 'symlink_install': True, 'test_result_base': None}
[0.423s] Level 5:colcon.colcon_core.verb:set package 'pubsub_py' build argument 'cmake_args' from command line to 'None'
[0.423s] Level 5:colcon.colcon_core.verb:set package 'pubsub_py' build argument 'cmake_target' from command line to 'None'
[0.423s] Level 5:colcon.colcon_core.verb:set package 'pubsub_py' build argument 'cmake_target_skip_unavailable' from command line to 'False'
[0.423s] Level 5:colcon.colcon_core.verb:set package 'pubsub_py' build argument 'cmake_clean_cache' from command line to 'False'
[0.423s] Level 5:colcon.colcon_core.verb:set package 'pubsub_py' build argument 'cmake_clean_first' from command line to 'False'
[0.423s] Level 5:colcon.colcon_core.verb:set package 'pubsub_py' build argument 'cmake_force_configure' from command line to 'False'
[0.423s] Level 5:colcon.colcon_core.verb:set package 'pubsub_py' build argument 'ament_cmake_args' from command line to 'None'
[0.423s] Level 5:colcon.colcon_core.verb:set package 'pubsub_py' build argument 'catkin_cmake_args' from command line to 'None'
[0.423s] Level 5:colcon.colcon_core.verb:set package 'pubsub_py' build argument 'catkin_skip_building_tests' from command line to 'False'
[0.423s] DEBUG:colcon.colcon_core.verb:Building package 'pubsub_py' with the following arguments: {'ament_cmake_args': None, 'build_base': '/home/arya/robot_ws/build/pubsub_py', 'catkin_cmake_args': None, 'catkin_skip_building_tests': False, 'cmake_args': None, 'cmake_clean_cache': False, 'cmake_clean_first': False, 'cmake_force_configure': False, 'cmake_target': None, 'cmake_target_skip_unavailable': False, 'install_base': '/home/arya/robot_ws/install/pubsub_py', 'merge_install': False, 'path': '/home/arya/robot_ws/src/pubsub_py', 'symlink_install': True, 'test_result_base': None}
[0.424s] Level 5:colcon.colcon_core.verb:set package 'python_parameters' build argument 'cmake_args' from command line to 'None'
[0.424s] Level 5:colcon.colcon_core.verb:set package 'python_parameters' build argument 'cmake_target' from command line to 'None'
[0.424s] Level 5:colcon.colcon_core.verb:set package 'python_parameters' build argument 'cmake_target_skip_unavailable' from command line to 'False'
[0.424s] Level 5:colcon.colcon_core.verb:set package 'python_parameters' build argument 'cmake_clean_cache' from command line to 'False'
[0.424s] Level 5:colcon.colcon_core.verb:set package 'python_parameters' build argument 'cmake_clean_first' from command line to 'False'
[0.424s] Level 5:colcon.colcon_core.verb:set package 'python_parameters' build argument 'cmake_force_configure' from command line to 'False'
[0.424s] Level 5:colcon.colcon_core.verb:set package 'python_parameters' build argument 'ament_cmake_args' from command line to 'None'
[0.424s] Level 5:colcon.colcon_core.verb:set package 'python_parameters' build argument 'catkin_cmake_args' from command line to 'None'
[0.424s] Level 5:colcon.colcon_core.verb:set package 'python_parameters' build argument 'catkin_skip_building_tests' from command line to 'False'
[0.424s] DEBUG:colcon.colcon_core.verb:Building package 'python_parameters' with the following arguments: {'ament_cmake_args': None, 'build_base': '/home/arya/robot_ws/build/python_parameters', 'catkin_cmake_args': None, 'catkin_skip_building_tests': False, 'cmake_args': None, 'cmake_clean_cache': False, 'cmake_clean_first': False, 'cmake_force_configure': False, 'cmake_target': None, 'cmake_target_skip_unavailable': False, 'install_base': '/home/arya/robot_ws/install/python_parameters', 'merge_install': False, 'path': '/home/arya/robot_ws/src/python_parameters', 'symlink_install': True, 'test_result_base': None}
[0.424s] Level 5:colcon.colcon_core.verb:set package 'srvcli_py' build argument 'cmake_args' from command line to 'None'
[0.424s] Level 5:colcon.colcon_core.verb:set package 'srvcli_py' build argument 'cmake_target' from command line to 'None'
[0.424s] Level 5:colcon.colcon_core.verb:set package 'srvcli_py' build argument 'cmake_target_skip_unavailable' from command line to 'False'
[0.424s] Level 5:colcon.colcon_core.verb:set package 'srvcli_py' build argument 'cmake_clean_cache' from command line to 'False'
[0.424s] Level 5:colcon.colcon_core.verb:set package 'srvcli_py' build argument 'cmake_clean_first' from command line to 'False'
[0.425s] Level 5:colcon.colcon_core.verb:set package 'srvcli_py' build argument 'cmake_force_configure' from command line to 'False'
[0.425s] Level 5:colcon.colcon_core.verb:set package 'srvcli_py' build argument 'ament_cmake_args' from command line to 'None'
[0.425s] Level 5:colcon.colcon_core.verb:set package 'srvcli_py' build argument 'catkin_cmake_args' from command line to 'None'
[0.425s] Level 5:colcon.colcon_core.verb:set package 'srvcli_py' build argument 'catkin_skip_building_tests' from command line to 'False'
[0.425s] DEBUG:colcon.colcon_core.verb:Building package 'srvcli_py' with the following arguments: {'ament_cmake_args': None, 'build_base': '/home/arya/robot_ws/build/srvcli_py', 'catkin_cmake_args': None, 'catkin_skip_building_tests': False, 'cmake_args': None, 'cmake_clean_cache': False, 'cmake_clean_first': False, 'cmake_force_configure': False, 'cmake_target': None, 'cmake_target_skip_unavailable': False, 'install_base': '/home/arya/robot_ws/install/srvcli_py', 'merge_install': False, 'path': '/home/arya/robot_ws/src/srvcli_py', 'symlink_install': True, 'test_result_base': None}
[0.425s] Level 5:colcon.colcon_core.verb:set package 'pubsub_interface_py' build argument 'cmake_args' from command line to 'None'
[0.425s] Level 5:colcon.colcon_core.verb:set package 'pubsub_interface_py' build argument 'cmake_target' from command line to 'None'
[0.425s] Level 5:colcon.colcon_core.verb:set package 'pubsub_interface_py' build argument 'cmake_target_skip_unavailable' from command line to 'False'
[0.425s] Level 5:colcon.colcon_core.verb:set package 'pubsub_interface_py' build argument 'cmake_clean_cache' from command line to 'False'
[0.425s] Level 5:colcon.colcon_core.verb:set package 'pubsub_interface_py' build argument 'cmake_clean_first' from command line to 'False'
[0.425s] Level 5:colcon.colcon_core.verb:set package 'pubsub_interface_py' build argument 'cmake_force_configure' from command line to 'False'
[0.425s] Level 5:colcon.colcon_core.verb:set package 'pubsub_interface_py' build argument 'ament_cmake_args' from command line to 'None'
[0.425s] Level 5:colcon.colcon_core.verb:set package 'pubsub_interface_py' build argument 'catkin_cmake_args' from command line to 'None'
[0.425s] Level 5:colcon.colcon_core.verb:set package 'pubsub_interface_py' build argument 'catkin_skip_building_tests' from command line to 'False'
[0.425s] DEBUG:colcon.colcon_core.verb:Building package 'pubsub_interface_py' with the following arguments: {'ament_cmake_args': None, 'build_base': '/home/arya/robot_ws/build/pubsub_interface_py', 'catkin_cmake_args': None, 'catkin_skip_building_tests': False, 'cmake_args': None, 'cmake_clean_cache': False, 'cmake_clean_first': False, 'cmake_force_configure': False, 'cmake_target': None, 'cmake_target_skip_unavailable': False, 'install_base': '/home/arya/robot_ws/install/pubsub_interface_py', 'merge_install': False, 'path': '/home/arya/robot_ws/src/pubsub_interface_py', 'symlink_install': True, 'test_result_base': None}
[0.425s] INFO:colcon.colcon_core.executor:Executing jobs using 'parallel' executor
[0.427s] DEBUG:colcon.colcon_parallel_executor.executor.parallel:run_until_complete
[0.427s] INFO:colcon.colcon_ros.task.ament_cmake.build:Building ROS package in '/home/arya/robot_ws/src/pkg_interfaces' with build type 'ament_cmake'
[0.427s] INFO:colcon.colcon_cmake.task.cmake.build:Building CMake package in '/home/arya/robot_ws/src/pkg_interfaces'
[0.429s] INFO:colcon.colcon_core.plugin_system:Skipping extension 'colcon_core.shell.bat': Not used on non-Windows systems
[0.430s] INFO:colcon.colcon_core.shell:Skip shell extension 'powershell' for command environment: Not usable outside of PowerShell
[0.430s] DEBUG:colcon.colcon_core.shell:Skip shell extension 'dsv' for command environment
[0.433s] INFO:colcon.colcon_ros.task.ament_cmake.build:Building ROS package in '/home/arya/robot_ws/src/more_interfaces' with build type 'ament_cmake'
[0.433s] INFO:colcon.colcon_cmake.task.cmake.build:Building CMake package in '/home/arya/robot_ws/src/more_interfaces'
[0.434s] INFO:colcon.colcon_core.shell:Skip shell extension 'powershell' for command environment: Not usable outside of PowerShell
[0.434s] DEBUG:colcon.colcon_core.shell:Skip shell extension 'dsv' for command environment
[0.437s] INFO:colcon.colcon_ros.task.ament_python.build:Building ROS package in '/home/arya/robot_ws/src/pubsub_py' with build type 'ament_python'
[0.437s] Level 1:colcon.colcon_core.shell:create_environment_hook('pubsub_py', 'ament_prefix_path')
[0.437s] INFO:colcon.colcon_core.shell:Creating environment hook '/home/arya/robot_ws/install/pubsub_py/share/pubsub_py/hook/ament_prefix_path.ps1'
[0.438s] INFO:colcon.colcon_core.shell:Creating environment descriptor '/home/arya/robot_ws/install/pubsub_py/share/pubsub_py/hook/ament_prefix_path.dsv'
[0.439s] INFO:colcon.colcon_core.shell:Creating environment hook '/home/arya/robot_ws/install/pubsub_py/share/pubsub_py/hook/ament_prefix_path.sh'
[0.440s] INFO:colcon.colcon_core.shell:Skip shell extension 'powershell' for command environment: Not usable outside of PowerShell
[0.440s] DEBUG:colcon.colcon_core.shell:Skip shell extension 'dsv' for command environment
[0.443s] INFO:colcon.colcon_ros.task.ament_python.build:Building ROS package in '/home/arya/robot_ws/src/python_parameters' with build type 'ament_python'
[0.443s] Level 1:colcon.colcon_core.shell:create_environment_hook('python_parameters', 'ament_prefix_path')
[0.443s] INFO:colcon.colcon_core.shell:Creating environment hook '/home/arya/robot_ws/install/python_parameters/share/python_parameters/hook/ament_prefix_path.ps1'
[0.444s] INFO:colcon.colcon_core.shell:Creating environment descriptor '/home/arya/robot_ws/install/python_parameters/share/python_parameters/hook/ament_prefix_path.dsv'
[0.444s] INFO:colcon.colcon_core.shell:Creating environment hook '/home/arya/robot_ws/install/python_parameters/share/python_parameters/hook/ament_prefix_path.sh'
[0.445s] INFO:colcon.colcon_core.shell:Skip shell extension 'powershell' for command environment: Not usable outside of PowerShell
[0.445s] DEBUG:colcon.colcon_core.shell:Skip shell extension 'dsv' for command environment
[0.453s] DEBUG:colcon.colcon_core.event_handler.log_command:Invoking command in '/home/arya/robot_ws/build/pkg_interfaces': CMAKE_PREFIX_PATH=/opt/ros/humble /usr/bin/cmake --build /home/arya/robot_ws/build/pkg_interfaces -- -j4 -l4
[0.458s] DEBUG:colcon.colcon_core.event_handler.log_command:Invoking command in '/home/arya/robot_ws/build/more_interfaces': CMAKE_PREFIX_PATH=/opt/ros/humble /usr/bin/cmake --build /home/arya/robot_ws/build/more_interfaces -- -j4 -l4
[0.843s] INFO:colcon.colcon_core.task.python.build:Building Python package in '/home/arya/robot_ws/src/pubsub_py'
[0.844s] INFO:colcon.colcon_core.shell:Skip shell extension 'powershell' for command environment: Not usable outside of PowerShell
[0.845s] DEBUG:colcon.colcon_core.shell:Skip shell extension 'dsv' for command environment
[1.172s] INFO:colcon.colcon_core.task.python.build:Building Python package in '/home/arya/robot_ws/src/python_parameters'
[1.172s] INFO:colcon.colcon_core.shell:Skip shell extension 'powershell' for command environment: Not usable outside of PowerShell
[1.172s] DEBUG:colcon.colcon_core.shell:Skip shell extension 'dsv' for command environment
[1.180s] DEBUG:colcon.colcon_core.event_handler.log_command:Invoked command in '/home/arya/robot_ws/build/more_interfaces' returned '0': CMAKE_PREFIX_PATH=/opt/ros/humble /usr/bin/cmake --build /home/arya/robot_ws/build/more_interfaces -- -j4 -l4
[1.192s] DEBUG:colcon.colcon_core.event_handler.log_command:Invoking command in '/home/arya/robot_ws/build/more_interfaces': CMAKE_PREFIX_PATH=/opt/ros/humble /usr/bin/cmake --install /home/arya/robot_ws/build/more_interfaces
[1.193s] DEBUG:colcon.colcon_core.event_handler.log_command:Invoked command in '/home/arya/robot_ws/build/pkg_interfaces' returned '0': CMAKE_PREFIX_PATH=/opt/ros/humble /usr/bin/cmake --build /home/arya/robot_ws/build/pkg_interfaces -- -j4 -l4
[1.194s] DEBUG:colcon.colcon_core.event_handler.log_command:Invoking command in '/home/arya/robot_ws/build/pkg_interfaces': CMAKE_PREFIX_PATH=/opt/ros/humble /usr/bin/cmake --install /home/arya/robot_ws/build/pkg_interfaces
[1.327s] Level 1:colcon.colcon_core.environment:create_environment_scripts_only(more_interfaces)
[1.330s] Level 1:colcon.colcon_core.environment:checking '/home/arya/robot_ws/install/more_interfaces' for CMake module files
[1.331s] DEBUG:colcon.colcon_core.event_handler.log_command:Invoked command in '/home/arya/robot_ws/build/more_interfaces' returned '0': CMAKE_PREFIX_PATH=/opt/ros/humble /usr/bin/cmake --install /home/arya/robot_ws/build/more_interfaces
[1.332s] Level 1:colcon.colcon_core.environment:checking '/home/arya/robot_ws/install/more_interfaces' for CMake config files
[1.333s] Level 1:colcon.colcon_core.shell:create_environment_hook('more_interfaces', 'cmake_prefix_path')
[1.333s] INFO:colcon.colcon_core.shell:Creating environment hook '/home/arya/robot_ws/install/more_interfaces/share/more_interfaces/hook/cmake_prefix_path.ps1'
[1.334s] INFO:colcon.colcon_core.shell:Creating environment descriptor '/home/arya/robot_ws/install/more_interfaces/share/more_interfaces/hook/cmake_prefix_path.dsv'
[1.334s] INFO:colcon.colcon_core.shell:Creating environment hook '/home/arya/robot_ws/install/more_interfaces/share/more_interfaces/hook/cmake_prefix_path.sh'
[1.335s] Level 1:colcon.colcon_core.environment:checking '/home/arya/robot_ws/install/more_interfaces/lib'
[1.335s] Level 1:colcon.colcon_core.shell:create_environment_hook('more_interfaces', 'ld_library_path_lib')
[1.335s] INFO:colcon.colcon_core.shell:Creating environment hook '/home/arya/robot_ws/install/more_interfaces/share/more_interfaces/hook/ld_library_path_lib.ps1'
[1.336s] INFO:colcon.colcon_core.shell:Creating environment descriptor '/home/arya/robot_ws/install/more_interfaces/share/more_interfaces/hook/ld_library_path_lib.dsv'
[1.336s] INFO:colcon.colcon_core.shell:Creating environment hook '/home/arya/robot_ws/install/more_interfaces/share/more_interfaces/hook/ld_library_path_lib.sh'
[1.336s] Level 1:colcon.colcon_core.environment:checking '/home/arya/robot_ws/install/more_interfaces/bin'
[1.336s] Level 1:colcon.colcon_core.environment:checking '/home/arya/robot_ws/install/more_interfaces/lib/pkgconfig/more_interfaces.pc'
[1.337s] Level 1:colcon.colcon_core.environment:checking '/home/arya/robot_ws/install/more_interfaces/lib/python3.10/site-packages'
[1.337s] Level 1:colcon.colcon_core.environment:checking '/home/arya/robot_ws/install/more_interfaces/bin'
[1.337s] INFO:colcon.colcon_core.shell:Creating package script '/home/arya/robot_ws/install/more_interfaces/share/more_interfaces/package.ps1'
[1.338s] INFO:colcon.colcon_core.shell:Creating package descriptor '/home/arya/robot_ws/install/more_interfaces/share/more_interfaces/package.dsv'
[1.339s] INFO:colcon.colcon_core.shell:Creating package script '/home/arya/robot_ws/install/more_interfaces/share/more_interfaces/package.sh'
[1.340s] INFO:colcon.colcon_core.shell:Creating package script '/home/arya/robot_ws/install/more_interfaces/share/more_interfaces/package.bash'
[1.340s] INFO:colcon.colcon_core.shell:Creating package script '/home/arya/robot_ws/install/more_interfaces/share/more_interfaces/package.zsh'
[1.341s] Level 1:colcon.colcon_core.environment:create_file_with_runtime_dependencies(/home/arya/robot_ws/install/more_interfaces/share/colcon-core/packages/more_interfaces)
[1.342s] Level 1:colcon.colcon_core.environment:create_environment_scripts_only(more_interfaces)
[1.342s] Level 1:colcon.colcon_core.environment:checking '/home/arya/robot_ws/install/more_interfaces' for CMake module files
[1.343s] Level 1:colcon.colcon_core.environment:checking '/home/arya/robot_ws/install/more_interfaces' for CMake config files
[1.343s] Level 1:colcon.colcon_core.shell:create_environment_hook('more_interfaces', 'cmake_prefix_path')
[1.343s] INFO:colcon.colcon_core.shell:Creating environment hook '/home/arya/robot_ws/install/more_interfaces/share/more_interfaces/hook/cmake_prefix_path.ps1'
[1.344s] INFO:colcon.colcon_core.shell:Creating environment descriptor '/home/arya/robot_ws/install/more_interfaces/share/more_interfaces/hook/cmake_prefix_path.dsv'
[1.344s] INFO:colcon.colcon_core.shell:Creating environment hook '/home/arya/robot_ws/install/more_interfaces/share/more_interfaces/hook/cmake_prefix_path.sh'
[1.345s] Level 1:colcon.colcon_core.environment:checking '/home/arya/robot_ws/install/more_interfaces/lib'
[1.345s] Level 1:colcon.colcon_core.shell:create_environment_hook('more_interfaces', 'ld_library_path_lib')
[1.345s] INFO:colcon.colcon_core.shell:Creating environment hook '/home/arya/robot_ws/install/more_interfaces/share/more_interfaces/hook/ld_library_path_lib.ps1'
[1.346s] INFO:colcon.colcon_core.shell:Creating environment descriptor '/home/arya/robot_ws/install/more_interfaces/share/more_interfaces/hook/ld_library_path_lib.dsv'
[1.346s] INFO:colcon.colcon_core.shell:Creating environment hook '/home/arya/robot_ws/install/more_interfaces/share/more_interfaces/hook/ld_library_path_lib.sh'
[1.346s] Level 1:colcon.colcon_core.environment:checking '/home/arya/robot_ws/install/more_interfaces/bin'
[1.346s] Level 1:colcon.colcon_core.environment:checking '/home/arya/robot_ws/install/more_interfaces/lib/pkgconfig/more_interfaces.pc'
[1.347s] Level 1:colcon.colcon_core.environment:checking '/home/arya/robot_ws/install/more_interfaces/lib/python3.10/site-packages'
[1.347s] Level 1:colcon.colcon_core.environment:checking '/home/arya/robot_ws/install/more_interfaces/bin'
[1.347s] INFO:colcon.colcon_core.shell:Creating package script '/home/arya/robot_ws/install/more_interfaces/share/more_interfaces/package.ps1'
[1.348s] INFO:colcon.colcon_core.shell:Creating package descriptor '/home/arya/robot_ws/install/more_interfaces/share/more_interfaces/package.dsv'
[1.348s] INFO:colcon.colcon_core.shell:Creating package script '/home/arya/robot_ws/install/more_interfaces/share/more_interfaces/package.sh'
[1.349s] INFO:colcon.colcon_core.shell:Creating package script '/home/arya/robot_ws/install/more_interfaces/share/more_interfaces/package.bash'
[1.349s] INFO:colcon.colcon_core.shell:Creating package script '/home/arya/robot_ws/install/more_interfaces/share/more_interfaces/package.zsh'
[1.350s] Level 1:colcon.colcon_core.environment:create_file_with_runtime_dependencies(/home/arya/robot_ws/install/more_interfaces/share/colcon-core/packages/more_interfaces)
[1.351s] INFO:colcon.colcon_ros.task.ament_python.build:Building ROS package in '/home/arya/robot_ws/src/srvcli_py' with build type 'ament_python'
[1.351s] Level 1:colcon.colcon_core.shell:create_environment_hook('srvcli_py', 'ament_prefix_path')
[1.351s] INFO:colcon.colcon_core.shell:Creating environment hook '/home/arya/robot_ws/install/srvcli_py/share/srvcli_py/hook/ament_prefix_path.ps1'
[1.351s] INFO:colcon.colcon_core.shell:Creating environment descriptor '/home/arya/robot_ws/install/srvcli_py/share/srvcli_py/hook/ament_prefix_path.dsv'
[1.352s] INFO:colcon.colcon_core.shell:Creating environment hook '/home/arya/robot_ws/install/srvcli_py/share/srvcli_py/hook/ament_prefix_path.sh'
[1.352s] INFO:colcon.colcon_core.shell:Skip shell extension 'powershell' for command environment: Not usable outside of PowerShell
[1.353s] DEBUG:colcon.colcon_core.shell:Skip shell extension 'dsv' for command environment
[1.644s] INFO:colcon.colcon_core.task.python.build:Building Python package in '/home/arya/robot_ws/src/srvcli_py'
[1.644s] INFO:colcon.colcon_core.shell:Skip shell extension 'powershell' for command environment: Not usable outside of PowerShell
[1.644s] DEBUG:colcon.colcon_core.shell:Skip shell extension 'dsv' for command environment
[1.648s] Level 1:colcon.colcon_core.environment:create_environment_scripts_only(pkg_interfaces)
[1.649s] Level 1:colcon.colcon_core.environment:checking '/home/arya/robot_ws/install/pkg_interfaces' for CMake module files
[1.650s] DEBUG:colcon.colcon_core.event_handler.log_command:Invoked command in '/home/arya/robot_ws/build/pkg_interfaces' returned '0': CMAKE_PREFIX_PATH=/opt/ros/humble /usr/bin/cmake --install /home/arya/robot_ws/build/pkg_interfaces
[1.650s] Level 1:colcon.colcon_core.environment:checking '/home/arya/robot_ws/install/pkg_interfaces' for CMake config files
[1.651s] Level 1:colcon.colcon_core.shell:create_environment_hook('pkg_interfaces', 'cmake_prefix_path')
[1.651s] INFO:colcon.colcon_core.shell:Creating environment hook '/home/arya/robot_ws/install/pkg_interfaces/share/pkg_interfaces/hook/cmake_prefix_path.ps1'
[1.652s] INFO:colcon.colcon_core.shell:Creating environment descriptor '/home/arya/robot_ws/install/pkg_interfaces/share/pkg_interfaces/hook/cmake_prefix_path.dsv'
[1.652s] INFO:colcon.colcon_core.shell:Creating environment hook '/home/arya/robot_ws/install/pkg_interfaces/share/pkg_interfaces/hook/cmake_prefix_path.sh'
[1.653s] Level 1:colcon.colcon_core.environment:checking '/home/arya/robot_ws/install/pkg_interfaces/lib'
[1.653s] Level 1:colcon.colcon_core.shell:create_environment_hook('pkg_interfaces', 'ld_library_path_lib')
[1.653s] INFO:colcon.colcon_core.shell:Creating environment hook '/home/arya/robot_ws/install/pkg_interfaces/share/pkg_interfaces/hook/ld_library_path_lib.ps1'
[1.654s] INFO:colcon.colcon_core.shell:Creating environment descriptor '/home/arya/robot_ws/install/pkg_interfaces/share/pkg_interfaces/hook/ld_library_path_lib.dsv'
[1.654s] INFO:colcon.colcon_core.shell:Creating environment hook '/home/arya/robot_ws/install/pkg_interfaces/share/pkg_interfaces/hook/ld_library_path_lib.sh'
[1.654s] Level 1:colcon.colcon_core.environment:checking '/home/arya/robot_ws/install/pkg_interfaces/bin'
[1.655s] Level 1:colcon.colcon_core.environment:checking '/home/arya/robot_ws/install/pkg_interfaces/lib/pkgconfig/pkg_interfaces.pc'
[1.655s] Level 1:colcon.colcon_core.environment:checking '/home/arya/robot_ws/install/pkg_interfaces/lib/python3.10/site-packages'
[1.655s] Level 1:colcon.colcon_core.environment:checking '/home/arya/robot_ws/install/pkg_interfaces/bin'
[1.655s] INFO:colcon.colcon_core.shell:Creating package script '/home/arya/robot_ws/install/pkg_interfaces/share/pkg_interfaces/package.ps1'
[1.656s] INFO:colcon.colcon_core.shell:Creating package descriptor '/home/arya/robot_ws/install/pkg_interfaces/share/pkg_interfaces/package.dsv'
[1.656s] INFO:colcon.colcon_core.shell:Creating package script '/home/arya/robot_ws/install/pkg_interfaces/share/pkg_interfaces/package.sh'
[1.657s] INFO:colcon.colcon_core.shell:Creating package script '/home/arya/robot_ws/install/pkg_interfaces/share/pkg_interfaces/package.bash'
[1.657s] INFO:colcon.colcon_core.shell:Creating package script '/home/arya/robot_ws/install/pkg_interfaces/share/pkg_interfaces/package.zsh'
[1.658s] Level 1:colcon.colcon_core.environment:create_file_with_runtime_dependencies(/home/arya/robot_ws/install/pkg_interfaces/share/colcon-core/packages/pkg_interfaces)
[1.658s] Level 1:colcon.colcon_core.environment:create_environment_scripts_only(pkg_interfaces)
[1.658s] Level 1:colcon.colcon_core.environment:checking '/home/arya/robot_ws/install/pkg_interfaces' for CMake module files
[1.659s] Level 1:colcon.colcon_core.environment:checking '/home/arya/robot_ws/install/pkg_interfaces' for CMake config files
[1.660s] Level 1:colcon.colcon_core.shell:create_environment_hook('pkg_interfaces', 'cmake_prefix_path')
[1.660s] INFO:colcon.colcon_core.shell:Creating environment hook '/home/arya/robot_ws/install/pkg_interfaces/share/pkg_interfaces/hook/cmake_prefix_path.ps1'
[1.661s] INFO:colcon.colcon_core.shell:Creating environment descriptor '/home/arya/robot_ws/install/pkg_interfaces/share/pkg_interfaces/hook/cmake_prefix_path.dsv'
[1.661s] INFO:colcon.colcon_core.shell:Creating environment hook '/home/arya/robot_ws/install/pkg_interfaces/share/pkg_interfaces/hook/cmake_prefix_path.sh'
[1.661s] Level 1:colcon.colcon_core.environment:checking '/home/arya/robot_ws/install/pkg_interfaces/lib'
[1.661s] Level 1:colcon.colcon_core.shell:create_environment_hook('pkg_interfaces', 'ld_library_path_lib')
[1.662s] INFO:colcon.colcon_core.shell:Creating environment hook '/home/arya/robot_ws/install/pkg_interfaces/share/pkg_interfaces/hook/ld_library_path_lib.ps1'
[1.662s] INFO:colcon.colcon_core.shell:Creating environment descriptor '/home/arya/robot_ws/install/pkg_interfaces/share/pkg_interfaces/hook/ld_library_path_lib.dsv'
[1.662s] INFO:colcon.colcon_core.shell:Creating environment hook '/home/arya/robot_ws/install/pkg_interfaces/share/pkg_interfaces/hook/ld_library_path_lib.sh'
[1.663s] Level 1:colcon.colcon_core.environment:checking '/home/arya/robot_ws/install/pkg_interfaces/bin'
[1.663s] Level 1:colcon.colcon_core.environment:checking '/home/arya/robot_ws/install/pkg_interfaces/lib/pkgconfig/pkg_interfaces.pc'
[1.663s] Level 1:colcon.colcon_core.environment:checking '/home/arya/robot_ws/install/pkg_interfaces/lib/python3.10/site-packages'
[1.663s] Level 1:colcon.colcon_core.environment:checking '/home/arya/robot_ws/install/pkg_interfaces/bin'
[1.664s] INFO:colcon.colcon_core.shell:Creating package script '/home/arya/robot_ws/install/pkg_interfaces/share/pkg_interfaces/package.ps1'
[1.664s] INFO:colcon.colcon_core.shell:Creating package descriptor '/home/arya/robot_ws/install/pkg_interfaces/share/pkg_interfaces/package.dsv'
[1.665s] INFO:colcon.colcon_core.shell:Creating package script '/home/arya/robot_ws/install/pkg_interfaces/share/pkg_interfaces/package.sh'
[1.665s] INFO:colcon.colcon_core.shell:Creating package script '/home/arya/robot_ws/install/pkg_interfaces/share/pkg_interfaces/package.bash'
[1.666s] INFO:colcon.colcon_core.shell:Creating package script '/home/arya/robot_ws/install/pkg_interfaces/share/pkg_interfaces/package.zsh'
[1.666s] Level 1:colcon.colcon_core.environment:create_file_with_runtime_dependencies(/home/arya/robot_ws/install/pkg_interfaces/share/colcon-core/packages/pkg_interfaces)
[1.667s] INFO:colcon.colcon_ros.task.ament_python.build:Building ROS package in '/home/arya/robot_ws/src/pubsub_interface_py' with build type 'ament_python'
[1.667s] Level 1:colcon.colcon_core.shell:create_environment_hook('pubsub_interface_py', 'ament_prefix_path')
[1.668s] INFO:colcon.colcon_core.shell:Creating environment hook '/home/arya/robot_ws/install/pubsub_interface_py/share/pubsub_interface_py/hook/ament_prefix_path.ps1'
[1.668s] INFO:colcon.colcon_core.shell:Creating environment descriptor '/home/arya/robot_ws/install/pubsub_interface_py/share/pubsub_interface_py/hook/ament_prefix_path.dsv'
[1.669s] INFO:colcon.colcon_core.shell:Creating environment hook '/home/arya/robot_ws/install/pubsub_interface_py/share/pubsub_interface_py/hook/ament_prefix_path.sh'
[1.669s] INFO:colcon.colcon_core.shell:Skip shell extension 'powershell' for command environment: Not usable outside of PowerShell
[1.669s] DEBUG:colcon.colcon_core.shell:Skip shell extension 'dsv' for command environment
[1.674s] DEBUG:colcon.colcon_core.event_handler.log_command:Invoking command in '/home/arya/robot_ws/build/pubsub_py': PYTHONPATH=/home/arya/robot_ws/build/pubsub_py/prefix_override:/usr/lib/python3/dist-packages/colcon_core/task/python/colcon_distutils_commands:/home/arya/robot_ws/install/pubsub_py/lib/python3.10/site-packages:${PYTHONPATH} /usr/bin/python3 -W ignore:setup.py install is deprecated -W ignore:easy_install command is deprecated setup.py develop --editable --build-directory /home/arya/robot_ws/build/pubsub_py/build --no-deps symlink_data
[1.676s] DEBUG:colcon.colcon_core.event_handler.log_command:Invoking command in '/home/arya/robot_ws/build/python_parameters': PYTHONPATH=/home/arya/robot_ws/build/python_parameters/prefix_override:/usr/lib/python3/dist-packages/colcon_core/task/python/colcon_distutils_commands:/home/arya/robot_ws/install/python_parameters/lib/python3.10/site-packages:${PYTHONPATH} /usr/bin/python3 -W ignore:setup.py install is deprecated -W ignore:easy_install command is deprecated setup.py develop --editable --build-directory /home/arya/robot_ws/build/python_parameters/build --no-deps symlink_data
[1.981s] INFO:colcon.colcon_core.task.python.build:Building Python package in '/home/arya/robot_ws/src/pubsub_interface_py'
[1.982s] INFO:colcon.colcon_core.shell:Skip shell extension 'powershell' for command environment: Not usable outside of PowerShell
[1.982s] DEBUG:colcon.colcon_core.shell:Skip shell extension 'dsv' for command environment
[2.089s] DEBUG:colcon.colcon_core.event_handler.log_command:Invoking command in '/home/arya/robot_ws/build/srvcli_py': PYTHONPATH=/home/arya/robot_ws/build/srvcli_py/prefix_override:/usr/lib/python3/dist-packages/colcon_core/task/python/colcon_distutils_commands:/home/arya/robot_ws/install/srvcli_py/lib/python3.10/site-packages:${PYTHONPATH} /usr/bin/python3 -W ignore:setup.py install is deprecated -W ignore:easy_install command is deprecated setup.py develop --editable --build-directory /home/arya/robot_ws/build/srvcli_py/build --no-deps symlink_data
[2.197s] Level 1:colcon.colcon_core.shell:create_environment_hook('pubsub_py', 'pythonpath_develop')
[2.197s] INFO:colcon.colcon_core.shell:Creating environment hook '/home/arya/robot_ws/build/pubsub_py/share/pubsub_py/hook/pythonpath_develop.ps1'
[2.198s] INFO:colcon.colcon_core.shell:Creating environment descriptor '/home/arya/robot_ws/build/pubsub_py/share/pubsub_py/hook/pythonpath_develop.dsv'
[2.198s] INFO:colcon.colcon_core.shell:Creating environment hook '/home/arya/robot_ws/build/pubsub_py/share/pubsub_py/hook/pythonpath_develop.sh'
[2.199s] Level 1:colcon.colcon_core.environment:checking '/home/arya/robot_ws/install/pubsub_py' for CMake module files
[2.200s] Level 1:colcon.colcon_core.environment:checking '/home/arya/robot_ws/install/pubsub_py' for CMake config files
[2.200s] Level 1:colcon.colcon_core.environment:checking '/home/arya/robot_ws/install/pubsub_py/lib'
[2.201s] Level 1:colcon.colcon_core.environment:checking '/home/arya/robot_ws/install/pubsub_py/bin'
[2.201s] Level 1:colcon.colcon_core.environment:checking '/home/arya/robot_ws/install/pubsub_py/lib/pkgconfig/pubsub_py.pc'
[2.201s] Level 1:colcon.colcon_core.environment:checking '/home/arya/robot_ws/install/pubsub_py/lib/python3.10/site-packages'
[2.201s] Level 1:colcon.colcon_core.shell:create_environment_hook('pubsub_py', 'pythonpath')
[2.201s] INFO:colcon.colcon_core.shell:Creating environment hook '/home/arya/robot_ws/install/pubsub_py/share/pubsub_py/hook/pythonpath.ps1'
[2.202s] DEBUG:colcon.colcon_core.event_handler.log_command:Invoked command in '/home/arya/robot_ws/build/pubsub_py' returned '0': PYTHONPATH=/home/arya/robot_ws/build/pubsub_py/prefix_override:/usr/lib/python3/dist-packages/colcon_core/task/python/colcon_distutils_commands:/home/arya/robot_ws/install/pubsub_py/lib/python3.10/site-packages:${PYTHONPATH} /usr/bin/python3 -W ignore:setup.py install is deprecated -W ignore:easy_install command is deprecated setup.py develop --editable --build-directory /home/arya/robot_ws/build/pubsub_py/build --no-deps symlink_data
[2.202s] INFO:colcon.colcon_core.shell:Creating environment descriptor '/home/arya/robot_ws/install/pubsub_py/share/pubsub_py/hook/pythonpath.dsv'
[2.203s] INFO:colcon.colcon_core.shell:Creating environment hook '/home/arya/robot_ws/install/pubsub_py/share/pubsub_py/hook/pythonpath.sh'
[2.203s] Level 1:colcon.colcon_core.environment:checking '/home/arya/robot_ws/install/pubsub_py/bin'
[2.203s] Level 1:colcon.colcon_core.environment:create_environment_scripts_only(pubsub_py)
[2.204s] INFO:colcon.colcon_core.shell:Creating package script '/home/arya/robot_ws/install/pubsub_py/share/pubsub_py/package.ps1'
[2.204s] INFO:colcon.colcon_core.shell:Creating package descriptor '/home/arya/robot_ws/install/pubsub_py/share/pubsub_py/package.dsv'
[2.205s] INFO:colcon.colcon_core.shell:Creating package script '/home/arya/robot_ws/install/pubsub_py/share/pubsub_py/package.sh'
[2.205s] INFO:colcon.colcon_core.shell:Creating package script '/home/arya/robot_ws/install/pubsub_py/share/pubsub_py/package.bash'
[2.206s] INFO:colcon.colcon_core.shell:Creating package script '/home/arya/robot_ws/install/pubsub_py/share/pubsub_py/package.zsh'
[2.206s] Level 1:colcon.colcon_core.environment:create_file_with_runtime_dependencies(/home/arya/robot_ws/install/pubsub_py/share/colcon-core/packages/pubsub_py)
[2.223s] Level 1:colcon.colcon_core.shell:create_environment_hook('python_parameters', 'pythonpath_develop')
[2.224s] DEBUG:colcon.colcon_core.event_handler.log_command:Invoked command in '/home/arya/robot_ws/build/python_parameters' returned '0': PYTHONPATH=/home/arya/robot_ws/build/python_parameters/prefix_override:/usr/lib/python3/dist-packages/colcon_core/task/python/colcon_distutils_commands:/home/arya/robot_ws/install/python_parameters/lib/python3.10/site-packages:${PYTHONPATH} /usr/bin/python3 -W ignore:setup.py install is deprecated -W ignore:easy_install command is deprecated setup.py develop --editable --build-directory /home/arya/robot_ws/build/python_parameters/build --no-deps symlink_data
[2.225s] INFO:colcon.colcon_core.shell:Creating environment hook '/home/arya/robot_ws/build/python_parameters/share/python_parameters/hook/pythonpath_develop.ps1'
[2.225s] INFO:colcon.colcon_core.shell:Creating environment descriptor '/home/arya/robot_ws/build/python_parameters/share/python_parameters/hook/pythonpath_develop.dsv'
[2.226s] INFO:colcon.colcon_core.shell:Creating environment hook '/home/arya/robot_ws/build/python_parameters/share/python_parameters/hook/pythonpath_develop.sh'
[2.227s] Level 1:colcon.colcon_core.environment:checking '/home/arya/robot_ws/install/python_parameters' for CMake module files
[2.227s] Level 1:colcon.colcon_core.environment:checking '/home/arya/robot_ws/install/python_parameters' for CMake config files
[2.228s] Level 1:colcon.colcon_core.environment:checking '/home/arya/robot_ws/install/python_parameters/lib'
[2.228s] Level 1:colcon.colcon_core.environment:checking '/home/arya/robot_ws/install/python_parameters/bin'
[2.228s] Level 1:colcon.colcon_core.environment:checking '/home/arya/robot_ws/install/python_parameters/lib/pkgconfig/python_parameters.pc'
[2.228s] Level 1:colcon.colcon_core.environment:checking '/home/arya/robot_ws/install/python_parameters/lib/python3.10/site-packages'
[2.228s] Level 1:colcon.colcon_core.shell:create_environment_hook('python_parameters', 'pythonpath')
[2.229s] INFO:colcon.colcon_core.shell:Creating environment hook '/home/arya/robot_ws/install/python_parameters/share/python_parameters/hook/pythonpath.ps1'
[2.229s] INFO:colcon.colcon_core.shell:Creating environment descriptor '/home/arya/robot_ws/install/python_parameters/share/python_parameters/hook/pythonpath.dsv'
[2.229s] INFO:colcon.colcon_core.shell:Creating environment hook '/home/arya/robot_ws/install/python_parameters/share/python_parameters/hook/pythonpath.sh'
[2.230s] Level 1:colcon.colcon_core.environment:checking '/home/arya/robot_ws/install/python_parameters/bin'
[2.230s] Level 1:colcon.colcon_core.environment:create_environment_scripts_only(python_parameters)
[2.231s] INFO:colcon.colcon_core.shell:Creating package script '/home/arya/robot_ws/install/python_parameters/share/python_parameters/package.ps1'
[2.231s] INFO:colcon.colcon_core.shell:Creating package descriptor '/home/arya/robot_ws/install/python_parameters/share/python_parameters/package.dsv'
[2.232s] INFO:colcon.colcon_core.shell:Creating package script '/home/arya/robot_ws/install/python_parameters/share/python_parameters/package.sh'
[2.233s] INFO:colcon.colcon_core.shell:Creating package script '/home/arya/robot_ws/install/python_parameters/share/python_parameters/package.bash'
[2.234s] INFO:colcon.colcon_core.shell:Creating package script '/home/arya/robot_ws/install/python_parameters/share/python_parameters/package.zsh'
[2.234s] Level 1:colcon.colcon_core.environment:create_file_with_runtime_dependencies(/home/arya/robot_ws/install/python_parameters/share/colcon-core/packages/python_parameters)
[2.409s] DEBUG:colcon.colcon_core.event_handler.log_command:Invoking command in '/home/arya/robot_ws/build/pubsub_interface_py': AMENT_PREFIX_PATH=/home/arya/robot_ws/install/pkg_interfaces:${AMENT_PREFIX_PATH} CMAKE_PREFIX_PATH=/home/arya/robot_ws/install/pkg_interfaces LD_LIBRARY_PATH=/home/arya/robot_ws/install/pkg_interfaces/lib:${LD_LIBRARY_PATH} PYTHONPATH=/home/arya/robot_ws/build/pubsub_interface_py/prefix_override:/usr/lib/python3/dist-packages/colcon_core/task/python/colcon_distutils_commands:/home/arya/robot_ws/install/pubsub_interface_py/lib/python3.10/site-packages:/home/arya/robot_ws/install/pkg_interfaces/local/lib/python3.10/dist-packages:${PYTHONPATH} /usr/bin/python3 -W ignore:setup.py install is deprecated -W ignore:easy_install command is deprecated setup.py develop --editable --build-directory /home/arya/robot_ws/build/pubsub_interface_py/build --no-deps symlink_data
[2.586s] Level 1:colcon.colcon_core.shell:create_environment_hook('srvcli_py', 'pythonpath_develop')
[2.586s] INFO:colcon.colcon_core.shell:Creating environment hook '/home/arya/robot_ws/build/srvcli_py/share/srvcli_py/hook/pythonpath_develop.ps1'
[2.587s] INFO:colcon.colcon_core.shell:Creating environment descriptor '/home/arya/robot_ws/build/srvcli_py/share/srvcli_py/hook/pythonpath_develop.dsv'
[2.588s] INFO:colcon.colcon_core.shell:Creating environment hook '/home/arya/robot_ws/build/srvcli_py/share/srvcli_py/hook/pythonpath_develop.sh'
[2.588s] Level 1:colcon.colcon_core.environment:checking '/home/arya/robot_ws/install/srvcli_py' for CMake module files
[2.589s] Level 1:colcon.colcon_core.environment:checking '/home/arya/robot_ws/install/srvcli_py' for CMake config files
[2.589s] Level 1:colcon.colcon_core.environment:checking '/home/arya/robot_ws/install/srvcli_py/lib'
[2.589s] Level 1:colcon.colcon_core.environment:checking '/home/arya/robot_ws/install/srvcli_py/bin'
[2.589s] Level 1:colcon.colcon_core.environment:checking '/home/arya/robot_ws/install/srvcli_py/lib/pkgconfig/srvcli_py.pc'
[2.590s] Level 1:colcon.colcon_core.environment:checking '/home/arya/robot_ws/install/srvcli_py/lib/python3.10/site-packages'
[2.590s] Level 1:colcon.colcon_core.shell:create_environment_hook('srvcli_py', 'pythonpath')
[2.590s] INFO:colcon.colcon_core.shell:Creating environment hook '/home/arya/robot_ws/install/srvcli_py/share/srvcli_py/hook/pythonpath.ps1'
[2.591s] INFO:colcon.colcon_core.shell:Creating environment descriptor '/home/arya/robot_ws/install/srvcli_py/share/srvcli_py/hook/pythonpath.dsv'
[2.591s] INFO:colcon.colcon_core.shell:Creating environment hook '/home/arya/robot_ws/install/srvcli_py/share/srvcli_py/hook/pythonpath.sh'
[2.591s] Level 1:colcon.colcon_core.environment:checking '/home/arya/robot_ws/install/srvcli_py/bin'
[2.592s] Level 1:colcon.colcon_core.environment:create_environment_scripts_only(srvcli_py)
[2.592s] INFO:colcon.colcon_core.shell:Creating package script '/home/arya/robot_ws/install/srvcli_py/share/srvcli_py/package.ps1'
[2.593s] INFO:colcon.colcon_core.shell:Creating package descriptor '/home/arya/robot_ws/install/srvcli_py/share/srvcli_py/package.dsv'
[2.593s] INFO:colcon.colcon_core.shell:Creating package script '/home/arya/robot_ws/install/srvcli_py/share/srvcli_py/package.sh'
[2.593s] INFO:colcon.colcon_core.shell:Creating package script '/home/arya/robot_ws/install/srvcli_py/share/srvcli_py/package.bash'
[2.594s] INFO:colcon.colcon_core.shell:Creating package script '/home/arya/robot_ws/install/srvcli_py/share/srvcli_py/package.zsh'
[2.594s] Level 1:colcon.colcon_core.environment:create_file_with_runtime_dependencies(/home/arya/robot_ws/install/srvcli_py/share/colcon-core/packages/srvcli_py)
[2.586s] DEBUG:colcon.colcon_core.event_handler.log_command:Invoked command in '/home/arya/robot_ws/build/srvcli_py' returned '0': PYTHONPATH=/home/arya/robot_ws/build/srvcli_py/prefix_override:/usr/lib/python3/dist-packages/colcon_core/task/python/colcon_distutils_commands:/home/arya/robot_ws/install/srvcli_py/lib/python3.10/site-packages:${PYTHONPATH} /usr/bin/python3 -W ignore:setup.py install is deprecated -W ignore:easy_install command is deprecated setup.py develop --editable --build-directory /home/arya/robot_ws/build/srvcli_py/build --no-deps symlink_data
[2.909s] Level 1:colcon.colcon_core.shell:create_environment_hook('pubsub_interface_py', 'pythonpath_develop')
[2.909s] DEBUG:colcon.colcon_core.event_handler.log_command:Invoked command in '/home/arya/robot_ws/build/pubsub_interface_py' returned '0': AMENT_PREFIX_PATH=/home/arya/robot_ws/install/pkg_interfaces:${AMENT_PREFIX_PATH} CMAKE_PREFIX_PATH=/home/arya/robot_ws/install/pkg_interfaces LD_LIBRARY_PATH=/home/arya/robot_ws/install/pkg_interfaces/lib:${LD_LIBRARY_PATH} PYTHONPATH=/home/arya/robot_ws/build/pubsub_interface_py/prefix_override:/usr/lib/python3/dist-packages/colcon_core/task/python/colcon_distutils_commands:/home/arya/robot_ws/install/pubsub_interface_py/lib/python3.10/site-packages:/home/arya/robot_ws/install/pkg_interfaces/local/lib/python3.10/dist-packages:${PYTHONPATH} /usr/bin/python3 -W ignore:setup.py install is deprecated -W ignore:easy_install command is deprecated setup.py develop --editable --build-directory /home/arya/robot_ws/build/pubsub_interface_py/build --no-deps symlink_data
[2.910s] INFO:colcon.colcon_core.shell:Creating environment hook '/home/arya/robot_ws/build/pubsub_interface_py/share/pubsub_interface_py/hook/pythonpath_develop.ps1'
[2.911s] INFO:colcon.colcon_core.shell:Creating environment descriptor '/home/arya/robot_ws/build/pubsub_interface_py/share/pubsub_interface_py/hook/pythonpath_develop.dsv'
[2.911s] INFO:colcon.colcon_core.shell:Creating environment hook '/home/arya/robot_ws/build/pubsub_interface_py/share/pubsub_interface_py/hook/pythonpath_develop.sh'
[2.912s] Level 1:colcon.colcon_core.environment:checking '/home/arya/robot_ws/install/pubsub_interface_py' for CMake module files
[2.912s] Level 1:colcon.colcon_core.environment:checking '/home/arya/robot_ws/install/pubsub_interface_py' for CMake config files
[2.913s] Level 1:colcon.colcon_core.environment:checking '/home/arya/robot_ws/install/pubsub_interface_py/lib'
[2.913s] Level 1:colcon.colcon_core.environment:checking '/home/arya/robot_ws/install/pubsub_interface_py/bin'
[2.913s] Level 1:colcon.colcon_core.environment:checking '/home/arya/robot_ws/install/pubsub_interface_py/lib/pkgconfig/pubsub_interface_py.pc'
[2.913s] Level 1:colcon.colcon_core.environment:checking '/home/arya/robot_ws/install/pubsub_interface_py/lib/python3.10/site-packages'
[2.913s] Level 1:colcon.colcon_core.shell:create_environment_hook('pubsub_interface_py', 'pythonpath')
[2.914s] INFO:colcon.colcon_core.shell:Creating environment hook '/home/arya/robot_ws/install/pubsub_interface_py/share/pubsub_interface_py/hook/pythonpath.ps1'
[2.914s] INFO:colcon.colcon_core.shell:Creating environment descriptor '/home/arya/robot_ws/install/pubsub_interface_py/share/pubsub_interface_py/hook/pythonpath.dsv'
[2.914s] INFO:colcon.colcon_core.shell:Creating environment hook '/home/arya/robot_ws/install/pubsub_interface_py/share/pubsub_interface_py/hook/pythonpath.sh'
[2.915s] Level 1:colcon.colcon_core.environment:checking '/home/arya/robot_ws/install/pubsub_interface_py/bin'
[2.915s] Level 1:colcon.colcon_core.environment:create_environment_scripts_only(pubsub_interface_py)
[2.915s] INFO:colcon.colcon_core.shell:Creating package script '/home/arya/robot_ws/install/pubsub_interface_py/share/pubsub_interface_py/package.ps1'
[2.916s] INFO:colcon.colcon_core.shell:Creating package descriptor '/home/arya/robot_ws/install/pubsub_interface_py/share/pubsub_interface_py/package.dsv'
[2.917s] INFO:colcon.colcon_core.shell:Creating package script '/home/arya/robot_ws/install/pubsub_interface_py/share/pubsub_interface_py/package.sh'
[2.917s] INFO:colcon.colcon_core.shell:Creating package script '/home/arya/robot_ws/install/pubsub_interface_py/share/pubsub_interface_py/package.bash'
[2.917s] INFO:colcon.colcon_core.shell:Creating package script '/home/arya/robot_ws/install/pubsub_interface_py/share/pubsub_interface_py/package.zsh'
[2.918s] Level 1:colcon.colcon_core.environment:create_file_with_runtime_dependencies(/home/arya/robot_ws/install/pubsub_interface_py/share/colcon-core/packages/pubsub_interface_py)
[2.918s] DEBUG:colcon.colcon_parallel_executor.executor.parallel:closing loop
[2.919s] DEBUG:colcon.colcon_parallel_executor.executor.parallel:loop closed
[2.919s] DEBUG:colcon.colcon_parallel_executor.executor.parallel:run_until_complete finished with '0'
[2.919s] DEBUG:colcon.colcon_core.event_reactor:joining thread
[2.924s] INFO:colcon.colcon_core.plugin_system:Skipping extension 'colcon_notification.desktop_notification.terminal_notifier': Not used on non-Darwin systems
[2.925s] INFO:colcon.colcon_core.plugin_system:Skipping extension 'colcon_notification.desktop_notification.win32': Not used on non-Windows systems
[2.925s] INFO:colcon.colcon_notification.desktop_notification:Sending desktop notification using 'notify2'
[2.935s] DEBUG:colcon.colcon_core.event_reactor:joined thread
[2.936s] INFO:colcon.colcon_core.shell:Creating prefix script '/home/arya/robot_ws/install/local_setup.ps1'
[2.937s] INFO:colcon.colcon_core.shell:Creating prefix util module '/home/arya/robot_ws/install/_local_setup_util_ps1.py'
[2.939s] INFO:colcon.colcon_core.shell:Creating prefix chain script '/home/arya/robot_ws/install/setup.ps1'
[2.941s] INFO:colcon.colcon_core.shell:Creating prefix script '/home/arya/robot_ws/install/local_setup.sh'
[2.942s] INFO:colcon.colcon_core.shell:Creating prefix util module '/home/arya/robot_ws/install/_local_setup_util_sh.py'
[2.943s] INFO:colcon.colcon_core.shell:Creating prefix chain script '/home/arya/robot_ws/install/setup.sh'
[2.944s] INFO:colcon.colcon_core.shell:Creating prefix script '/home/arya/robot_ws/install/local_setup.bash'
[2.945s] INFO:colcon.colcon_core.shell:Creating prefix chain script '/home/arya/robot_ws/install/setup.bash'
[2.946s] INFO:colcon.colcon_core.shell:Creating prefix script '/home/arya/robot_ws/install/local_setup.zsh'
[2.947s] INFO:colcon.colcon_core.shell:Creating prefix chain script '/home/arya/robot_ws/install/setup.zsh'
