Traceback (most recent call last):
  File "/opt/ros/humble/lib/rosidl_typesupport_c/rosidl_typesupport_c", line 28, in <module>
Traceback (most recent call last):
  File "/opt/ros/humble/lib/rosidl_typesupport_introspection_c/rosidl_typesupport_introspection_c", line 31, in <module>
gmake[2]: *** Deleting file 'rosidl_typesupport_c/tutorial_interfaces/msg/num__type_support.cpp'
    sys.exit(main())
  File "/opt/ros/humble/lib/rosidl_typesupport_c/rosidl_typesupport_c", line 24, in main
    sys.exit(main())
  File "/opt/ros/humble/lib/rosidl_typesupport_introspection_c/rosidl_typesupport_introspection_c", line 27, in main
gmake[2]: *** [CMakeFiles/tutorial_interfaces__rosidl_typesupport_introspection_cpp.dir/build.make:225: libtutorial_interfaces__rosidl_typesupport_introspection_cpp.so] Interrupt
    generate_c(args.generator_arguments_file, args.typesupports)
  File "/opt/ros/humble/local/lib/python3.10/dist-packages/rosidl_typesupport_c/__init__.py", line 28, in generate_c
    generate_c(args.generator_arguments_file)
  File "/opt/ros/humble/local/lib/python3.10/dist-packages/rosidl_typesupport_introspection_c/__init__.py", line 31, in generate_c
    return generate_files(
  File "/opt/ros/humble/local/lib/python3.10/dist-packages/rosidl_cmake/__init__.py", line 74, in generate_files
    return generate_files(generator_arguments_file, mapping)
  File "/opt/ros/humble/local/lib/python3.10/dist-packages/rosidl_cmake/__init__.py", line 87, in generate_files
    idl_file = parse_idl_file(locator)
  File "/opt/ros/humble/local/lib/python3.10/dist-packages/rosidl_parser/parser.py", line 64, in parse_idl_file
    expand_template(
  File "/opt/ros/humble/local/lib/python3.10/dist-packages/rosidl_cmake/__init__.py", line 149, in expand_template
    content = parse_idl_string(string, png_file=png_file)
  File "/opt/ros/humble/local/lib/python3.10/dist-packages/rosidl_parser/parser.py", line 72, in parse_idl_string
    interpreter.string(template_content, template_path, locals=data)
  File "/usr/lib/python3/dist-packages/em.py", line 2391, in string
    tree = get_ast_from_idl_string(idl_string)
  File "/opt/ros/humble/local/lib/python3.10/dist-packages/rosidl_parser/parser.py", line 89, in get_ast_from_idl_string
    return _parser.parse(idl_string)
  File "/usr/lib/python3/dist-packages/lark/lark.py", line 619, in parse
gmake[2]: *** Deleting file 'rosidl_typesupport_introspection_c/tutorial_interfaces/msg/detail/num__rosidl_typesupport_introspection_c.h'
gmake[1]: *** [CMakeFiles/Makefile2:369: CMakeFiles/tutorial_interfaces__rosidl_typesupport_introspection_cpp.dir/all] Interrupt
    return self.parser.parse(text, start=start, on_error=on_error)
  File "/usr/lib/python3/dist-packages/lark/parser_frontends.py", line 99, in parse
    self.safe(scanner, True, locals)
  File "/usr/lib/python3/dist-packages/em.py", line 2401, in safe
    return self.parser.parse(stream, chosen_start, **kw)
  File "/usr/lib/python3/dist-packages/lark/parsers/earley.py", line 266, in parse
    self.parse(scanner, locals)
  File "/usr/lib/python3/dist-packages/em.py", line 2421, in parse
    to_scan = self._parse(lexer, columns, to_scan, start_symbol)
  File "/usr/lib/python3/dist-packages/lark/parsers/xearley.py", line 144, in _parse
    self.predict_and_complete(i, to_scan, columns, transitives)
  File "/usr/lib/python3/dist-packages/lark/parsers/earley.py", line 126, in predict_and_complete
    new_item.node = node_cache[label] if label in node_cache else node_cache.setdefault(label, SymbolNode(*label))
  File "/usr/lib/python3/dist-packages/lark/grammar.py", line 26, in __hash__
    token.run(self, locals)
  File "/usr/lib/python3/dist-packages/em.py", line 1333, in run
    return hash(self.name)
KeyboardInterrupt
    result = interpreter.evaluate(self.testCode, locals)
  File "/usr/lib/python3/dist-packages/em.py", line 2573, in evaluate
    result = eval(expression, self.globals, locals)
  File "<string>", line 1, in <module>
KeyboardInterrupt
Exception ignored in: <function Interpreter.__del__ at 0x770766283d90>
Traceback (most recent call last):
  File "/usr/lib/python3/dist-packages/em.py", line 2094, in __del__
  File "/usr/lib/python3/dist-packages/em.py", line 2157, in shutdown
  File "/usr/lib/python3/dist-packages/em.py", line 2647, in finalize
  File "/usr/lib/python3/dist-packages/em.py", line 2200, in push
AttributeError: '_io.TextIOWrapper' object has no attribute 'push'
gmake[2]: *** [CMakeFiles/tutorial_interfaces__rosidl_typesupport_c.dir/build.make:142: rosidl_typesupport_c/tutorial_interfaces/msg/num__type_support.cpp] Interrupt
gmake[1]: *** [CMakeFiles/Makefile2:342: CMakeFiles/tutorial_interfaces__rosidl_typesupport_c.dir/all] Interrupt
gmake[2]: *** [CMakeFiles/tutorial_interfaces__rosidl_typesupport_introspection_c.dir/build.make:144: rosidl_typesupport_introspection_c/tutorial_interfaces/msg/detail/num__rosidl_typesupport_introspection_c.h] Interrupt
gmake[1]: *** [CMakeFiles/Makefile2:316: CMakeFiles/tutorial_interfaces__rosidl_typesupport_introspection_c.dir/all] Interrupt
gmake: *** [Makefile:146: all] Interrupt
