[0.013s] Invoking command in '/home/arya/robot_ws/build/tutorial_interfaces': CMAKE_PREFIX_PATH=${CMAKE_PREFIX_PATH}:/opt/ros/humble /usr/bin/cmake --build /home/arya/robot_ws/build/tutorial_interfaces -- -j4 -l4
[0.039s] -- Found ament_cmake: 1.3.11 (/opt/ros/humble/share/ament_cmake/cmake)
[0.179s] -- Found geometry_msgs: 4.2.4 (/opt/ros/humble/share/geometry_msgs/cmake)
[0.207s] -- Found rosidl_generator_c: 3.1.6 (/opt/ros/humble/share/rosidl_generator_c/cmake)
[0.209s] -- Found rosidl_adapter: 3.1.6 (/opt/ros/humble/share/rosidl_adapter/cmake)
[0.216s] -- Found rosidl_generator_cpp: 3.1.6 (/opt/ros/humble/share/rosidl_generator_cpp/cmake)
[0.228s] -- Using all available rosidl_typesupport_c: rosidl_typesupport_fastrtps_c;rosidl_typesupport_introspection_c
[0.243s] -- Using all available rosidl_typesupport_cpp: rosidl_typesupport_fastrtps_cpp;rosidl_typesupport_introspection_cpp
[0.296s] -- Found rosidl_default_generators: 1.2.0 (/opt/ros/humble/share/rosidl_default_generators/cmake)
[0.671s] -- Found ament_cmake_ros: 0.10.0 (/opt/ros/humble/share/ament_cmake_ros/cmake)
[1.172s] -- Using all available rosidl_typesupport_c: rosidl_typesupport_fastrtps_c;rosidl_typesupport_introspection_c
[1.361s] -- Using all available rosidl_typesupport_cpp: rosidl_typesupport_fastrtps_cpp;rosidl_typesupport_introspection_cpp
[1.385s] -- Found PythonInterp: /usr/bin/python3 (found suitable version "3.10.12", minimum required is "3.6") 
[1.386s] -- Found python_cmake_module: 0.10.0 (/opt/ros/humble/share/python_cmake_module/cmake)
[1.417s] -- Found PythonLibs: /usr/lib/x86_64-linux-gnu/libpython3.10.so (found suitable version "3.10.12", minimum required is "3.5") 
[1.417s] -- Using PYTHON_EXECUTABLE: /usr/bin/python3
[1.418s] -- Using PYTHON_INCLUDE_DIRS: /usr/include/python3.10
[1.418s] -- Using PYTHON_LIBRARIES: /usr/lib/x86_64-linux-gnu/libpython3.10.so
[1.446s] -- Found PythonExtra: .so  
[1.524s] -- Found ament_lint_auto: 0.12.11 (/opt/ros/humble/share/ament_lint_auto/cmake)
[1.538s] -- Added test 'lint_cmake' to check CMake code style
[1.539s] -- Added test 'xmllint' to check XML markup files
[1.543s] -- Configuring done
[1.595s] -- Generating done
[1.611s] -- Build files have been written to: /home/arya/robot_ws/build/tutorial_interfaces
[1.641s] [  2%] [34m[1mGenerating C code for ROS interfaces[0m
[1.653s] [  4%] [34m[1mGenerating C++ code for ROS interfaces[0m
[1.660s] [  4%] Built target ament_cmake_python_copy_tutorial_interfaces
[1.930s] running egg_info
[1.930s] creating tutorial_interfaces.egg-info
[1.930s] writing tutorial_interfaces.egg-info/PKG-INFO
[1.930s] writing dependency_links to tutorial_interfaces.egg-info/dependency_links.txt
[1.930s] writing top-level names to tutorial_interfaces.egg-info/top_level.txt
[1.930s] writing manifest file 'tutorial_interfaces.egg-info/SOURCES.txt'
[1.933s] reading manifest file 'tutorial_interfaces.egg-info/SOURCES.txt'
[1.933s] writing manifest file 'tutorial_interfaces.egg-info/SOURCES.txt'
[1.965s] [  4%] Built target ament_cmake_python_build_tutorial_interfaces_egg
[2.186s] [  6%] [32mBuilding C object CMakeFiles/tutorial_interfaces__rosidl_generator_c.dir/rosidl_generator_c/tutorial_interfaces/msg/detail/num__functions.c.o[0m
[2.188s] [  8%] [32mBuilding C object CMakeFiles/tutorial_interfaces__rosidl_generator_c.dir/rosidl_generator_c/tutorial_interfaces/msg/detail/sphere__functions.c.o[0m
[2.192s] [ 10%] [32mBuilding C object CMakeFiles/tutorial_interfaces__rosidl_generator_c.dir/rosidl_generator_c/tutorial_interfaces/srv/detail/add_three_ints__functions.c.o[0m
[2.205s] [ 10%] Built target tutorial_interfaces__cpp
[2.217s] [ 12%] [34m[1mGenerating C++ type support dispatch for ROS interfaces[0m
[2.239s] [ 17%] [34m[1mGenerating C++ introspection for ROS interfaces[0m
[2.239s] [ 17%] [34m[1mGenerating C++ type support for eProsima Fast-RTPS[0m
[2.257s] [ 19%] [32m[1mLinking C shared library libtutorial_interfaces__rosidl_generator_c.so[0m
[2.308s] [ 19%] Built target tutorial_interfaces__rosidl_generator_c
[2.320s] [ 21%] [34m[1mGenerating C type support for eProsima Fast-RTPS[0m
[2.614s] [ 23%] [32mBuilding CXX object CMakeFiles/tutorial_interfaces__rosidl_typesupport_cpp.dir/rosidl_typesupport_cpp/tutorial_interfaces/msg/num__type_support.cpp.o[0m
[2.796s] [ 25%] [32mBuilding CXX object CMakeFiles/tutorial_interfaces__rosidl_typesupport_fastrtps_cpp.dir/rosidl_typesupport_fastrtps_cpp/tutorial_interfaces/msg/detail/dds_fastrtps/num__type_support.cpp.o[0m
[2.843s] [ 27%] [32mBuilding CXX object CMakeFiles/tutorial_interfaces__rosidl_typesupport_introspection_cpp.dir/rosidl_typesupport_introspection_cpp/tutorial_interfaces/msg/detail/num__type_support.cpp.o[0m
[2.866s] [ 29%] [32mBuilding CXX object CMakeFiles/tutorial_interfaces__rosidl_typesupport_fastrtps_c.dir/rosidl_typesupport_fastrtps_c/tutorial_interfaces/msg/detail/num__type_support_c.cpp.o[0m
[2.886s] [ 31%] [32mBuilding CXX object CMakeFiles/tutorial_interfaces__rosidl_typesupport_cpp.dir/rosidl_typesupport_cpp/tutorial_interfaces/msg/sphere__type_support.cpp.o[0m
[3.263s] [ 34%] [32mBuilding CXX object CMakeFiles/tutorial_interfaces__rosidl_typesupport_fastrtps_cpp.dir/rosidl_typesupport_fastrtps_cpp/tutorial_interfaces/msg/detail/dds_fastrtps/sphere__type_support.cpp.o[0m
[3.301s] [ 36%] [32mBuilding CXX object CMakeFiles/tutorial_interfaces__rosidl_typesupport_fastrtps_c.dir/rosidl_typesupport_fastrtps_c/tutorial_interfaces/msg/detail/sphere__type_support_c.cpp.o[0m
[3.428s] [ 38%] [32mBuilding CXX object CMakeFiles/tutorial_interfaces__rosidl_typesupport_cpp.dir/rosidl_typesupport_cpp/tutorial_interfaces/srv/add_three_ints__type_support.cpp.o[0m
[3.588s] [ 40%] [32mBuilding CXX object CMakeFiles/tutorial_interfaces__rosidl_typesupport_introspection_cpp.dir/rosidl_typesupport_introspection_cpp/tutorial_interfaces/msg/detail/sphere__type_support.cpp.o[0m
[3.664s] [ 42%] [32mBuilding CXX object CMakeFiles/tutorial_interfaces__rosidl_typesupport_fastrtps_c.dir/rosidl_typesupport_fastrtps_c/tutorial_interfaces/srv/detail/add_three_ints__type_support_c.cpp.o[0m
[3.668s] [ 44%] [32mBuilding CXX object CMakeFiles/tutorial_interfaces__rosidl_typesupport_fastrtps_cpp.dir/rosidl_typesupport_fastrtps_cpp/tutorial_interfaces/srv/detail/dds_fastrtps/add_three_ints__type_support.cpp.o[0m
[3.907s] [ 46%] [32m[1mLinking CXX shared library libtutorial_interfaces__rosidl_typesupport_cpp.so[0m
[4.033s] [ 48%] [32m[1mLinking CXX shared library libtutorial_interfaces__rosidl_typesupport_fastrtps_c.so[0m
[4.090s] [ 51%] [32m[1mLinking CXX shared library libtutorial_interfaces__rosidl_typesupport_fastrtps_cpp.so[0m
[4.097s] [ 51%] Built target tutorial_interfaces__rosidl_typesupport_cpp
[4.110s] [ 53%] [32mBuilding CXX object CMakeFiles/tutorial_interfaces__rosidl_typesupport_introspection_cpp.dir/rosidl_typesupport_introspection_cpp/tutorial_interfaces/srv/detail/add_three_ints__type_support.cpp.o[0m
[4.142s] [ 55%] [34m[1mGenerating C introspection for ROS interfaces[0m
[4.174s] [ 55%] Built target tutorial_interfaces__rosidl_typesupport_fastrtps_c
[4.186s] [ 57%] [34m[1mGenerating C type support dispatch for ROS interfaces[0m
[4.224s] [ 57%] Built target tutorial_interfaces__rosidl_typesupport_fastrtps_cpp
[4.478s] [ 59%] [32m[1mLinking CXX shared library libtutorial_interfaces__rosidl_typesupport_introspection_cpp.so[0m
[4.480s] Traceback (most recent call last):
[4.480s]   File "/opt/ros/humble/lib/rosidl_typesupport_c/rosidl_typesupport_c", line 28, in <module>
[4.480s] Traceback (most recent call last):
[4.481s]   File "/opt/ros/humble/lib/rosidl_typesupport_introspection_c/rosidl_typesupport_introspection_c", line 31, in <module>
[4.481s] gmake[2]: *** Deleting file 'rosidl_typesupport_c/tutorial_interfaces/msg/num__type_support.cpp'
[4.481s]     sys.exit(main())
[4.482s]   File "/opt/ros/humble/lib/rosidl_typesupport_c/rosidl_typesupport_c", line 24, in main
[4.482s]     sys.exit(main())
[4.482s]   File "/opt/ros/humble/lib/rosidl_typesupport_introspection_c/rosidl_typesupport_introspection_c", line 27, in main
[4.482s] gmake[2]: *** [CMakeFiles/tutorial_interfaces__rosidl_typesupport_introspection_cpp.dir/build.make:225: libtutorial_interfaces__rosidl_typesupport_introspection_cpp.so] Interrupt
[4.482s]     generate_c(args.generator_arguments_file, args.typesupports)
[4.482s]   File "/opt/ros/humble/local/lib/python3.10/dist-packages/rosidl_typesupport_c/__init__.py", line 28, in generate_c
[4.482s]     generate_c(args.generator_arguments_file)
[4.483s]   File "/opt/ros/humble/local/lib/python3.10/dist-packages/rosidl_typesupport_introspection_c/__init__.py", line 31, in generate_c
[4.483s]     return generate_files(
[4.483s]   File "/opt/ros/humble/local/lib/python3.10/dist-packages/rosidl_cmake/__init__.py", line 74, in generate_files
[4.483s]     return generate_files(generator_arguments_file, mapping)
[4.483s]   File "/opt/ros/humble/local/lib/python3.10/dist-packages/rosidl_cmake/__init__.py", line 87, in generate_files
[4.483s]     idl_file = parse_idl_file(locator)
[4.483s]   File "/opt/ros/humble/local/lib/python3.10/dist-packages/rosidl_parser/parser.py", line 64, in parse_idl_file
[4.483s]     expand_template(
[4.483s]   File "/opt/ros/humble/local/lib/python3.10/dist-packages/rosidl_cmake/__init__.py", line 149, in expand_template
[4.483s]     content = parse_idl_string(string, png_file=png_file)
[4.483s]   File "/opt/ros/humble/local/lib/python3.10/dist-packages/rosidl_parser/parser.py", line 72, in parse_idl_string
[4.483s]     interpreter.string(template_content, template_path, locals=data)
[4.483s]   File "/usr/lib/python3/dist-packages/em.py", line 2391, in string
[4.483s]     tree = get_ast_from_idl_string(idl_string)
[4.484s]   File "/opt/ros/humble/local/lib/python3.10/dist-packages/rosidl_parser/parser.py", line 89, in get_ast_from_idl_string
[4.484s]     return _parser.parse(idl_string)
[4.484s]   File "/usr/lib/python3/dist-packages/lark/lark.py", line 619, in parse
[4.484s] gmake[2]: *** Deleting file 'rosidl_typesupport_introspection_c/tutorial_interfaces/msg/detail/num__rosidl_typesupport_introspection_c.h'
[4.484s] gmake[1]: *** [CMakeFiles/Makefile2:369: CMakeFiles/tutorial_interfaces__rosidl_typesupport_introspection_cpp.dir/all] Interrupt
[4.484s]     return self.parser.parse(text, start=start, on_error=on_error)
[4.484s]   File "/usr/lib/python3/dist-packages/lark/parser_frontends.py", line 99, in parse
[4.484s]     self.safe(scanner, True, locals)
[4.484s]   File "/usr/lib/python3/dist-packages/em.py", line 2401, in safe
[4.484s]     return self.parser.parse(stream, chosen_start, **kw)
[4.484s]   File "/usr/lib/python3/dist-packages/lark/parsers/earley.py", line 266, in parse
[4.484s]     self.parse(scanner, locals)
[4.484s]   File "/usr/lib/python3/dist-packages/em.py", line 2421, in parse
[4.485s]     to_scan = self._parse(lexer, columns, to_scan, start_symbol)
[4.485s]   File "/usr/lib/python3/dist-packages/lark/parsers/xearley.py", line 144, in _parse
[4.485s]     self.predict_and_complete(i, to_scan, columns, transitives)
[4.485s]   File "/usr/lib/python3/dist-packages/lark/parsers/earley.py", line 126, in predict_and_complete
[4.485s]     new_item.node = node_cache[label] if label in node_cache else node_cache.setdefault(label, SymbolNode(*label))
[4.485s]   File "/usr/lib/python3/dist-packages/lark/grammar.py", line 26, in __hash__
[4.485s]     token.run(self, locals)
[4.485s]   File "/usr/lib/python3/dist-packages/em.py", line 1333, in run
[4.485s]     return hash(self.name)
[4.485s] KeyboardInterrupt
[4.485s]     result = interpreter.evaluate(self.testCode, locals)
[4.485s]   File "/usr/lib/python3/dist-packages/em.py", line 2573, in evaluate
[4.485s]     result = eval(expression, self.globals, locals)
[4.485s]   File "<string>", line 1, in <module>
[4.486s] KeyboardInterrupt
[4.496s] Exception ignored in: <function Interpreter.__del__ at 0x770766283d90>
[4.496s] Traceback (most recent call last):
[4.496s]   File "/usr/lib/python3/dist-packages/em.py", line 2094, in __del__
[4.497s]   File "/usr/lib/python3/dist-packages/em.py", line 2157, in shutdown
[4.497s]   File "/usr/lib/python3/dist-packages/em.py", line 2647, in finalize
[4.497s]   File "/usr/lib/python3/dist-packages/em.py", line 2200, in push
[4.497s] AttributeError: '_io.TextIOWrapper' object has no attribute 'push'
[4.502s] gmake[2]: *** [CMakeFiles/tutorial_interfaces__rosidl_typesupport_c.dir/build.make:142: rosidl_typesupport_c/tutorial_interfaces/msg/num__type_support.cpp] Interrupt
[4.502s] gmake[1]: *** [CMakeFiles/Makefile2:342: CMakeFiles/tutorial_interfaces__rosidl_typesupport_c.dir/all] Interrupt
[4.506s] gmake[2]: *** [CMakeFiles/tutorial_interfaces__rosidl_typesupport_introspection_c.dir/build.make:144: rosidl_typesupport_introspection_c/tutorial_interfaces/msg/detail/num__rosidl_typesupport_introspection_c.h] Interrupt
[4.506s] gmake[1]: *** [CMakeFiles/Makefile2:316: CMakeFiles/tutorial_interfaces__rosidl_typesupport_introspection_c.dir/all] Interrupt
[4.506s] gmake: *** [Makefile:146: all] Interrupt
[4.508s] Invoked command in '/home/arya/robot_ws/build/tutorial_interfaces' returned '-2': CMAKE_PREFIX_PATH=${CMAKE_PREFIX_PATH}:/opt/ros/humble /usr/bin/cmake --build /home/arya/robot_ws/build/tutorial_interfaces -- -j4 -l4
