[0.217s] DEBUG:colcon:Command line arguments: ['/usr/bin/colcon', 'build', '--symlink-install']
[0.217s] DEBUG:colcon:Parsed command line arguments: Namespace(log_base=None, log_level=None, verb_name='build', build_base='build', install_base='install', merge_install=False, symlink_install=True, test_result_base=None, continue_on_error=False, executor='parallel', parallel_workers=4, event_handlers=None, ignore_user_meta=False, metas=['./colcon.meta'], base_paths=['.'], packages_ignore=None, packages_ignore_regex=None, paths=None, packages_up_to=None, packages_up_to_regex=None, packages_above=None, packages_above_and_dependencies=None, packages_above_depth=None, packages_select_by_dep=None, packages_skip_by_dep=None, packages_skip_up_to=None, packages_select_build_failed=False, packages_skip_build_finished=False, packages_select_test_failures=False, packages_skip_test_passed=False, packages_select=None, packages_skip=None, packages_select_regex=None, packages_skip_regex=None, packages_start=None, packages_end=None, allow_overriding=[], cmake_args=None, cmake_target=None, cmake_target_skip_unavailable=False, cmake_clean_cache=False, cmake_clean_first=False, cmake_force_configure=False, ament_cmake_args=None, catkin_cmake_args=None, catkin_skip_building_tests=False, verb_parser=<colcon_defaults.argument_parser.defaults.DefaultArgumentsDecorator object at 0x71dc08810f40>, verb_extension=<colcon_core.verb.build.BuildVerb object at 0x71dc088103a0>, main=<bound method BuildVerb.main of <colcon_core.verb.build.BuildVerb object at 0x71dc088103a0>>)
[0.463s] Level 1:colcon.colcon_core.package_discovery:discover_packages(colcon_meta) check parameters
[0.464s] Level 1:colcon.colcon_core.package_discovery:discover_packages(recursive) check parameters
[0.464s] Level 1:colcon.colcon_core.package_discovery:discover_packages(ignore) check parameters
[0.464s] Level 1:colcon.colcon_core.package_discovery:discover_packages(path) check parameters
[0.464s] Level 1:colcon.colcon_core.package_discovery:discover_packages(colcon_meta) discover
[0.464s] Level 1:colcon.colcon_core.package_discovery:discover_packages(recursive) discover
[0.464s] INFO:colcon.colcon_core.package_discovery:Crawling recursively for packages in '/home/arya/robot_ws'
[0.464s] Level 1:colcon.colcon_core.package_identification:_identify(.) by extensions ['ignore', 'ignore_ament_install']
[0.464s] Level 1:colcon.colcon_core.package_identification:_identify(.) by extension 'ignore'
[0.464s] Level 1:colcon.colcon_core.package_identification:_identify(.) by extension 'ignore_ament_install'
[0.464s] Level 1:colcon.colcon_core.package_identification:_identify(.) by extensions ['colcon_pkg']
[0.464s] Level 1:colcon.colcon_core.package_identification:_identify(.) by extension 'colcon_pkg'
[0.464s] Level 1:colcon.colcon_core.package_identification:_identify(.) by extensions ['colcon_meta']
[0.464s] Level 1:colcon.colcon_core.package_identification:_identify(.) by extension 'colcon_meta'
[0.464s] Level 1:colcon.colcon_core.package_identification:_identify(.) by extensions ['ros']
[0.464s] Level 1:colcon.colcon_core.package_identification:_identify(.) by extension 'ros'
[0.481s] Level 1:colcon.colcon_core.package_identification:_identify(.) by extensions ['cmake', 'python']
[0.482s] Level 1:colcon.colcon_core.package_identification:_identify(.) by extension 'cmake'
[0.482s] Level 1:colcon.colcon_core.package_identification:_identify(.) by extension 'python'
[0.482s] Level 1:colcon.colcon_core.package_identification:_identify(.) by extensions ['python_setup_py']
[0.482s] Level 1:colcon.colcon_core.package_identification:_identify(.) by extension 'python_setup_py'
[0.482s] Level 1:colcon.colcon_core.package_identification:_identify(build) by extensions ['ignore', 'ignore_ament_install']
[0.482s] Level 1:colcon.colcon_core.package_identification:_identify(build) by extension 'ignore'
[0.482s] Level 1:colcon.colcon_core.package_identification:_identify(build) ignored
[0.482s] Level 1:colcon.colcon_core.package_identification:_identify(install) by extensions ['ignore', 'ignore_ament_install']
[0.482s] Level 1:colcon.colcon_core.package_identification:_identify(install) by extension 'ignore'
[0.482s] Level 1:colcon.colcon_core.package_identification:_identify(install) ignored
[0.483s] Level 1:colcon.colcon_core.package_identification:_identify(log) by extensions ['ignore', 'ignore_ament_install']
[0.483s] Level 1:colcon.colcon_core.package_identification:_identify(log) by extension 'ignore'
[0.483s] Level 1:colcon.colcon_core.package_identification:_identify(log) ignored
[0.483s] Level 1:colcon.colcon_core.package_identification:_identify(src) by extensions ['ignore', 'ignore_ament_install']
[0.483s] Level 1:colcon.colcon_core.package_identification:_identify(src) by extension 'ignore'
[0.483s] Level 1:colcon.colcon_core.package_identification:_identify(src) by extension 'ignore_ament_install'
[0.483s] Level 1:colcon.colcon_core.package_identification:_identify(src) by extensions ['colcon_pkg']
[0.483s] Level 1:colcon.colcon_core.package_identification:_identify(src) by extension 'colcon_pkg'
[0.483s] Level 1:colcon.colcon_core.package_identification:_identify(src) by extensions ['colcon_meta']
[0.483s] Level 1:colcon.colcon_core.package_identification:_identify(src) by extension 'colcon_meta'
[0.483s] Level 1:colcon.colcon_core.package_identification:_identify(src) by extensions ['ros']
[0.483s] Level 1:colcon.colcon_core.package_identification:_identify(src) by extension 'ros'
[0.483s] Level 1:colcon.colcon_core.package_identification:_identify(src) by extensions ['cmake', 'python']
[0.483s] Level 1:colcon.colcon_core.package_identification:_identify(src) by extension 'cmake'
[0.483s] Level 1:colcon.colcon_core.package_identification:_identify(src) by extension 'python'
[0.483s] Level 1:colcon.colcon_core.package_identification:_identify(src) by extensions ['python_setup_py']
[0.483s] Level 1:colcon.colcon_core.package_identification:_identify(src) by extension 'python_setup_py'
[0.484s] Level 1:colcon.colcon_core.package_identification:_identify(src/more_interfaces) by extensions ['ignore', 'ignore_ament_install']
[0.484s] Level 1:colcon.colcon_core.package_identification:_identify(src/more_interfaces) by extension 'ignore'
[0.484s] Level 1:colcon.colcon_core.package_identification:_identify(src/more_interfaces) by extension 'ignore_ament_install'
[0.484s] Level 1:colcon.colcon_core.package_identification:_identify(src/more_interfaces) by extensions ['colcon_pkg']
[0.484s] Level 1:colcon.colcon_core.package_identification:_identify(src/more_interfaces) by extension 'colcon_pkg'
[0.484s] Level 1:colcon.colcon_core.package_identification:_identify(src/more_interfaces) by extensions ['colcon_meta']
[0.484s] Level 1:colcon.colcon_core.package_identification:_identify(src/more_interfaces) by extension 'colcon_meta'
[0.484s] Level 1:colcon.colcon_core.package_identification:_identify(src/more_interfaces) by extensions ['ros']
[0.484s] Level 1:colcon.colcon_core.package_identification:_identify(src/more_interfaces) by extension 'ros'
[0.488s] DEBUG:colcon.colcon_core.package_identification:Package 'src/more_interfaces' with type 'ros.ament_cmake' and name 'more_interfaces'
[0.488s] Level 1:colcon.colcon_core.package_identification:_identify(src/param_callback) by extensions ['ignore', 'ignore_ament_install']
[0.489s] Level 1:colcon.colcon_core.package_identification:_identify(src/param_callback) by extension 'ignore'
[0.489s] Level 1:colcon.colcon_core.package_identification:_identify(src/param_callback) by extension 'ignore_ament_install'
[0.489s] Level 1:colcon.colcon_core.package_identification:_identify(src/param_callback) by extensions ['colcon_pkg']
[0.489s] Level 1:colcon.colcon_core.package_identification:_identify(src/param_callback) by extension 'colcon_pkg'
[0.489s] Level 1:colcon.colcon_core.package_identification:_identify(src/param_callback) by extensions ['colcon_meta']
[0.489s] Level 1:colcon.colcon_core.package_identification:_identify(src/param_callback) by extension 'colcon_meta'
[0.489s] Level 1:colcon.colcon_core.package_identification:_identify(src/param_callback) by extensions ['ros']
[0.489s] Level 1:colcon.colcon_core.package_identification:_identify(src/param_callback) by extension 'ros'
[0.490s] DEBUG:colcon.colcon_core.package_identification:Package 'src/param_callback' with type 'ros.ament_python' and name 'param_callback'
[0.490s] Level 1:colcon.colcon_core.package_identification:_identify(src/pkg_interfaces) by extensions ['ignore', 'ignore_ament_install']
[0.490s] Level 1:colcon.colcon_core.package_identification:_identify(src/pkg_interfaces) by extension 'ignore'
[0.490s] Level 1:colcon.colcon_core.package_identification:_identify(src/pkg_interfaces) by extension 'ignore_ament_install'
[0.490s] Level 1:colcon.colcon_core.package_identification:_identify(src/pkg_interfaces) by extensions ['colcon_pkg']
[0.490s] Level 1:colcon.colcon_core.package_identification:_identify(src/pkg_interfaces) by extension 'colcon_pkg'
[0.490s] Level 1:colcon.colcon_core.package_identification:_identify(src/pkg_interfaces) by extensions ['colcon_meta']
[0.490s] Level 1:colcon.colcon_core.package_identification:_identify(src/pkg_interfaces) by extension 'colcon_meta'
[0.490s] Level 1:colcon.colcon_core.package_identification:_identify(src/pkg_interfaces) by extensions ['ros']
[0.491s] Level 1:colcon.colcon_core.package_identification:_identify(src/pkg_interfaces) by extension 'ros'
[0.492s] DEBUG:colcon.colcon_core.package_identification:Package 'src/pkg_interfaces' with type 'ros.ament_cmake' and name 'pkg_interfaces'
[0.492s] Level 1:colcon.colcon_core.package_identification:_identify(src/pubsub_interface_py) by extensions ['ignore', 'ignore_ament_install']
[0.492s] Level 1:colcon.colcon_core.package_identification:_identify(src/pubsub_interface_py) by extension 'ignore'
[0.492s] Level 1:colcon.colcon_core.package_identification:_identify(src/pubsub_interface_py) by extension 'ignore_ament_install'
[0.492s] Level 1:colcon.colcon_core.package_identification:_identify(src/pubsub_interface_py) by extensions ['colcon_pkg']
[0.492s] Level 1:colcon.colcon_core.package_identification:_identify(src/pubsub_interface_py) by extension 'colcon_pkg'
[0.492s] Level 1:colcon.colcon_core.package_identification:_identify(src/pubsub_interface_py) by extensions ['colcon_meta']
[0.492s] Level 1:colcon.colcon_core.package_identification:_identify(src/pubsub_interface_py) by extension 'colcon_meta'
[0.492s] Level 1:colcon.colcon_core.package_identification:_identify(src/pubsub_interface_py) by extensions ['ros']
[0.492s] Level 1:colcon.colcon_core.package_identification:_identify(src/pubsub_interface_py) by extension 'ros'
[0.494s] DEBUG:colcon.colcon_core.package_identification:Package 'src/pubsub_interface_py' with type 'ros.ament_python' and name 'pubsub_interface_py'
[0.494s] Level 1:colcon.colcon_core.package_identification:_identify(src/pubsub_py) by extensions ['ignore', 'ignore_ament_install']
[0.494s] Level 1:colcon.colcon_core.package_identification:_identify(src/pubsub_py) by extension 'ignore'
[0.494s] Level 1:colcon.colcon_core.package_identification:_identify(src/pubsub_py) by extension 'ignore_ament_install'
[0.494s] Level 1:colcon.colcon_core.package_identification:_identify(src/pubsub_py) by extensions ['colcon_pkg']
[0.494s] Level 1:colcon.colcon_core.package_identification:_identify(src/pubsub_py) by extension 'colcon_pkg'
[0.494s] Level 1:colcon.colcon_core.package_identification:_identify(src/pubsub_py) by extensions ['colcon_meta']
[0.494s] Level 1:colcon.colcon_core.package_identification:_identify(src/pubsub_py) by extension 'colcon_meta'
[0.494s] Level 1:colcon.colcon_core.package_identification:_identify(src/pubsub_py) by extensions ['ros']
[0.494s] Level 1:colcon.colcon_core.package_identification:_identify(src/pubsub_py) by extension 'ros'
[0.495s] DEBUG:colcon.colcon_core.package_identification:Package 'src/pubsub_py' with type 'ros.ament_python' and name 'pubsub_py'
[0.496s] Level 1:colcon.colcon_core.package_identification:_identify(src/python_parameters) by extensions ['ignore', 'ignore_ament_install']
[0.496s] Level 1:colcon.colcon_core.package_identification:_identify(src/python_parameters) by extension 'ignore'
[0.496s] Level 1:colcon.colcon_core.package_identification:_identify(src/python_parameters) by extension 'ignore_ament_install'
[0.496s] Level 1:colcon.colcon_core.package_identification:_identify(src/python_parameters) by extensions ['colcon_pkg']
[0.496s] Level 1:colcon.colcon_core.package_identification:_identify(src/python_parameters) by extension 'colcon_pkg'
[0.496s] Level 1:colcon.colcon_core.package_identification:_identify(src/python_parameters) by extensions ['colcon_meta']
[0.496s] Level 1:colcon.colcon_core.package_identification:_identify(src/python_parameters) by extension 'colcon_meta'
[0.496s] Level 1:colcon.colcon_core.package_identification:_identify(src/python_parameters) by extensions ['ros']
[0.496s] Level 1:colcon.colcon_core.package_identification:_identify(src/python_parameters) by extension 'ros'
[0.497s] DEBUG:colcon.colcon_core.package_identification:Package 'src/python_parameters' with type 'ros.ament_python' and name 'python_parameters'
[0.497s] Level 1:colcon.colcon_core.package_identification:_identify(src/srvcli_py) by extensions ['ignore', 'ignore_ament_install']
[0.497s] Level 1:colcon.colcon_core.package_identification:_identify(src/srvcli_py) by extension 'ignore'
[0.497s] Level 1:colcon.colcon_core.package_identification:_identify(src/srvcli_py) by extension 'ignore_ament_install'
[0.497s] Level 1:colcon.colcon_core.package_identification:_identify(src/srvcli_py) by extensions ['colcon_pkg']
[0.497s] Level 1:colcon.colcon_core.package_identification:_identify(src/srvcli_py) by extension 'colcon_pkg'
[0.498s] Level 1:colcon.colcon_core.package_identification:_identify(src/srvcli_py) by extensions ['colcon_meta']
[0.498s] Level 1:colcon.colcon_core.package_identification:_identify(src/srvcli_py) by extension 'colcon_meta'
[0.498s] Level 1:colcon.colcon_core.package_identification:_identify(src/srvcli_py) by extensions ['ros']
[0.498s] Level 1:colcon.colcon_core.package_identification:_identify(src/srvcli_py) by extension 'ros'
[0.499s] DEBUG:colcon.colcon_core.package_identification:Package 'src/srvcli_py' with type 'ros.ament_python' and name 'srvcli_py'
[0.499s] Level 1:colcon.colcon_core.package_discovery:discover_packages(recursive) using defaults
[0.499s] Level 1:colcon.colcon_core.package_discovery:discover_packages(ignore) discover
[0.499s] Level 1:colcon.colcon_core.package_discovery:discover_packages(ignore) using defaults
[0.499s] Level 1:colcon.colcon_core.package_discovery:discover_packages(path) discover
[0.499s] Level 1:colcon.colcon_core.package_discovery:discover_packages(path) using defaults
[0.533s] Level 1:colcon.colcon_core.package_discovery:discover_packages(prefix_path) check parameters
[0.533s] Level 1:colcon.colcon_core.package_discovery:discover_packages(prefix_path) discover
[0.537s] DEBUG:colcon.colcon_installed_package_information.package_discovery:Found 7 installed packages in /home/arya/robot_ws/install
[0.539s] DEBUG:colcon.colcon_installed_package_information.package_discovery:Found 271 installed packages in /opt/ros/humble
[0.558s] Level 1:colcon.colcon_core.package_discovery:discover_packages(prefix_path) using defaults
[0.612s] Level 5:colcon.colcon_core.verb:set package 'more_interfaces' build argument 'cmake_args' from command line to 'None'
[0.612s] Level 5:colcon.colcon_core.verb:set package 'more_interfaces' build argument 'cmake_target' from command line to 'None'
[0.612s] Level 5:colcon.colcon_core.verb:set package 'more_interfaces' build argument 'cmake_target_skip_unavailable' from command line to 'False'
[0.612s] Level 5:colcon.colcon_core.verb:set package 'more_interfaces' build argument 'cmake_clean_cache' from command line to 'False'
[0.612s] Level 5:colcon.colcon_core.verb:set package 'more_interfaces' build argument 'cmake_clean_first' from command line to 'False'
[0.612s] Level 5:colcon.colcon_core.verb:set package 'more_interfaces' build argument 'cmake_force_configure' from command line to 'False'
[0.612s] Level 5:colcon.colcon_core.verb:set package 'more_interfaces' build argument 'ament_cmake_args' from command line to 'None'
[0.612s] Level 5:colcon.colcon_core.verb:set package 'more_interfaces' build argument 'catkin_cmake_args' from command line to 'None'
[0.612s] Level 5:colcon.colcon_core.verb:set package 'more_interfaces' build argument 'catkin_skip_building_tests' from command line to 'False'
[0.612s] DEBUG:colcon.colcon_core.verb:Building package 'more_interfaces' with the following arguments: {'ament_cmake_args': None, 'build_base': '/home/arya/robot_ws/build/more_interfaces', 'catkin_cmake_args': None, 'catkin_skip_building_tests': False, 'cmake_args': None, 'cmake_clean_cache': False, 'cmake_clean_first': False, 'cmake_force_configure': False, 'cmake_target': None, 'cmake_target_skip_unavailable': False, 'install_base': '/home/arya/robot_ws/install/more_interfaces', 'merge_install': False, 'path': '/home/arya/robot_ws/src/more_interfaces', 'symlink_install': True, 'test_result_base': None}
[0.612s] Level 5:colcon.colcon_core.verb:set package 'param_callback' build argument 'cmake_args' from command line to 'None'
[0.613s] Level 5:colcon.colcon_core.verb:set package 'param_callback' build argument 'cmake_target' from command line to 'None'
[0.613s] Level 5:colcon.colcon_core.verb:set package 'param_callback' build argument 'cmake_target_skip_unavailable' from command line to 'False'
[0.613s] Level 5:colcon.colcon_core.verb:set package 'param_callback' build argument 'cmake_clean_cache' from command line to 'False'
[0.613s] Level 5:colcon.colcon_core.verb:set package 'param_callback' build argument 'cmake_clean_first' from command line to 'False'
[0.613s] Level 5:colcon.colcon_core.verb:set package 'param_callback' build argument 'cmake_force_configure' from command line to 'False'
[0.613s] Level 5:colcon.colcon_core.verb:set package 'param_callback' build argument 'ament_cmake_args' from command line to 'None'
[0.613s] Level 5:colcon.colcon_core.verb:set package 'param_callback' build argument 'catkin_cmake_args' from command line to 'None'
[0.613s] Level 5:colcon.colcon_core.verb:set package 'param_callback' build argument 'catkin_skip_building_tests' from command line to 'False'
[0.613s] DEBUG:colcon.colcon_core.verb:Building package 'param_callback' with the following arguments: {'ament_cmake_args': None, 'build_base': '/home/arya/robot_ws/build/param_callback', 'catkin_cmake_args': None, 'catkin_skip_building_tests': False, 'cmake_args': None, 'cmake_clean_cache': False, 'cmake_clean_first': False, 'cmake_force_configure': False, 'cmake_target': None, 'cmake_target_skip_unavailable': False, 'install_base': '/home/arya/robot_ws/install/param_callback', 'merge_install': False, 'path': '/home/arya/robot_ws/src/param_callback', 'symlink_install': True, 'test_result_base': None}
[0.613s] Level 5:colcon.colcon_core.verb:set package 'pkg_interfaces' build argument 'cmake_args' from command line to 'None'
[0.613s] Level 5:colcon.colcon_core.verb:set package 'pkg_interfaces' build argument 'cmake_target' from command line to 'None'
[0.613s] Level 5:colcon.colcon_core.verb:set package 'pkg_interfaces' build argument 'cmake_target_skip_unavailable' from command line to 'False'
[0.613s] Level 5:colcon.colcon_core.verb:set package 'pkg_interfaces' build argument 'cmake_clean_cache' from command line to 'False'
[0.613s] Level 5:colcon.colcon_core.verb:set package 'pkg_interfaces' build argument 'cmake_clean_first' from command line to 'False'
[0.613s] Level 5:colcon.colcon_core.verb:set package 'pkg_interfaces' build argument 'cmake_force_configure' from command line to 'False'
[0.613s] Level 5:colcon.colcon_core.verb:set package 'pkg_interfaces' build argument 'ament_cmake_args' from command line to 'None'
[0.613s] Level 5:colcon.colcon_core.verb:set package 'pkg_interfaces' build argument 'catkin_cmake_args' from command line to 'None'
[0.614s] Level 5:colcon.colcon_core.verb:set package 'pkg_interfaces' build argument 'catkin_skip_building_tests' from command line to 'False'
[0.614s] DEBUG:colcon.colcon_core.verb:Building package 'pkg_interfaces' with the following arguments: {'ament_cmake_args': None, 'build_base': '/home/arya/robot_ws/build/pkg_interfaces', 'catkin_cmake_args': None, 'catkin_skip_building_tests': False, 'cmake_args': None, 'cmake_clean_cache': False, 'cmake_clean_first': False, 'cmake_force_configure': False, 'cmake_target': None, 'cmake_target_skip_unavailable': False, 'install_base': '/home/arya/robot_ws/install/pkg_interfaces', 'merge_install': False, 'path': '/home/arya/robot_ws/src/pkg_interfaces', 'symlink_install': True, 'test_result_base': None}
[0.614s] Level 5:colcon.colcon_core.verb:set package 'pubsub_py' build argument 'cmake_args' from command line to 'None'
[0.614s] Level 5:colcon.colcon_core.verb:set package 'pubsub_py' build argument 'cmake_target' from command line to 'None'
[0.614s] Level 5:colcon.colcon_core.verb:set package 'pubsub_py' build argument 'cmake_target_skip_unavailable' from command line to 'False'
[0.614s] Level 5:colcon.colcon_core.verb:set package 'pubsub_py' build argument 'cmake_clean_cache' from command line to 'False'
[0.614s] Level 5:colcon.colcon_core.verb:set package 'pubsub_py' build argument 'cmake_clean_first' from command line to 'False'
[0.614s] Level 5:colcon.colcon_core.verb:set package 'pubsub_py' build argument 'cmake_force_configure' from command line to 'False'
[0.614s] Level 5:colcon.colcon_core.verb:set package 'pubsub_py' build argument 'ament_cmake_args' from command line to 'None'
[0.614s] Level 5:colcon.colcon_core.verb:set package 'pubsub_py' build argument 'catkin_cmake_args' from command line to 'None'
[0.614s] Level 5:colcon.colcon_core.verb:set package 'pubsub_py' build argument 'catkin_skip_building_tests' from command line to 'False'
[0.614s] DEBUG:colcon.colcon_core.verb:Building package 'pubsub_py' with the following arguments: {'ament_cmake_args': None, 'build_base': '/home/arya/robot_ws/build/pubsub_py', 'catkin_cmake_args': None, 'catkin_skip_building_tests': False, 'cmake_args': None, 'cmake_clean_cache': False, 'cmake_clean_first': False, 'cmake_force_configure': False, 'cmake_target': None, 'cmake_target_skip_unavailable': False, 'install_base': '/home/arya/robot_ws/install/pubsub_py', 'merge_install': False, 'path': '/home/arya/robot_ws/src/pubsub_py', 'symlink_install': True, 'test_result_base': None}
[0.615s] Level 5:colcon.colcon_core.verb:set package 'python_parameters' build argument 'cmake_args' from command line to 'None'
[0.615s] Level 5:colcon.colcon_core.verb:set package 'python_parameters' build argument 'cmake_target' from command line to 'None'
[0.615s] Level 5:colcon.colcon_core.verb:set package 'python_parameters' build argument 'cmake_target_skip_unavailable' from command line to 'False'
[0.615s] Level 5:colcon.colcon_core.verb:set package 'python_parameters' build argument 'cmake_clean_cache' from command line to 'False'
[0.615s] Level 5:colcon.colcon_core.verb:set package 'python_parameters' build argument 'cmake_clean_first' from command line to 'False'
[0.615s] Level 5:colcon.colcon_core.verb:set package 'python_parameters' build argument 'cmake_force_configure' from command line to 'False'
[0.615s] Level 5:colcon.colcon_core.verb:set package 'python_parameters' build argument 'ament_cmake_args' from command line to 'None'
[0.615s] Level 5:colcon.colcon_core.verb:set package 'python_parameters' build argument 'catkin_cmake_args' from command line to 'None'
[0.615s] Level 5:colcon.colcon_core.verb:set package 'python_parameters' build argument 'catkin_skip_building_tests' from command line to 'False'
[0.615s] DEBUG:colcon.colcon_core.verb:Building package 'python_parameters' with the following arguments: {'ament_cmake_args': None, 'build_base': '/home/arya/robot_ws/build/python_parameters', 'catkin_cmake_args': None, 'catkin_skip_building_tests': False, 'cmake_args': None, 'cmake_clean_cache': False, 'cmake_clean_first': False, 'cmake_force_configure': False, 'cmake_target': None, 'cmake_target_skip_unavailable': False, 'install_base': '/home/arya/robot_ws/install/python_parameters', 'merge_install': False, 'path': '/home/arya/robot_ws/src/python_parameters', 'symlink_install': True, 'test_result_base': None}
[0.616s] Level 5:colcon.colcon_core.verb:set package 'srvcli_py' build argument 'cmake_args' from command line to 'None'
[0.616s] Level 5:colcon.colcon_core.verb:set package 'srvcli_py' build argument 'cmake_target' from command line to 'None'
[0.616s] Level 5:colcon.colcon_core.verb:set package 'srvcli_py' build argument 'cmake_target_skip_unavailable' from command line to 'False'
[0.616s] Level 5:colcon.colcon_core.verb:set package 'srvcli_py' build argument 'cmake_clean_cache' from command line to 'False'
[0.616s] Level 5:colcon.colcon_core.verb:set package 'srvcli_py' build argument 'cmake_clean_first' from command line to 'False'
[0.616s] Level 5:colcon.colcon_core.verb:set package 'srvcli_py' build argument 'cmake_force_configure' from command line to 'False'
[0.616s] Level 5:colcon.colcon_core.verb:set package 'srvcli_py' build argument 'ament_cmake_args' from command line to 'None'
[0.616s] Level 5:colcon.colcon_core.verb:set package 'srvcli_py' build argument 'catkin_cmake_args' from command line to 'None'
[0.616s] Level 5:colcon.colcon_core.verb:set package 'srvcli_py' build argument 'catkin_skip_building_tests' from command line to 'False'
[0.616s] DEBUG:colcon.colcon_core.verb:Building package 'srvcli_py' with the following arguments: {'ament_cmake_args': None, 'build_base': '/home/arya/robot_ws/build/srvcli_py', 'catkin_cmake_args': None, 'catkin_skip_building_tests': False, 'cmake_args': None, 'cmake_clean_cache': False, 'cmake_clean_first': False, 'cmake_force_configure': False, 'cmake_target': None, 'cmake_target_skip_unavailable': False, 'install_base': '/home/arya/robot_ws/install/srvcli_py', 'merge_install': False, 'path': '/home/arya/robot_ws/src/srvcli_py', 'symlink_install': True, 'test_result_base': None}
[0.616s] Level 5:colcon.colcon_core.verb:set package 'pubsub_interface_py' build argument 'cmake_args' from command line to 'None'
[0.616s] Level 5:colcon.colcon_core.verb:set package 'pubsub_interface_py' build argument 'cmake_target' from command line to 'None'
[0.616s] Level 5:colcon.colcon_core.verb:set package 'pubsub_interface_py' build argument 'cmake_target_skip_unavailable' from command line to 'False'
[0.616s] Level 5:colcon.colcon_core.verb:set package 'pubsub_interface_py' build argument 'cmake_clean_cache' from command line to 'False'
[0.616s] Level 5:colcon.colcon_core.verb:set package 'pubsub_interface_py' build argument 'cmake_clean_first' from command line to 'False'
[0.617s] Level 5:colcon.colcon_core.verb:set package 'pubsub_interface_py' build argument 'cmake_force_configure' from command line to 'False'
[0.617s] Level 5:colcon.colcon_core.verb:set package 'pubsub_interface_py' build argument 'ament_cmake_args' from command line to 'None'
[0.617s] Level 5:colcon.colcon_core.verb:set package 'pubsub_interface_py' build argument 'catkin_cmake_args' from command line to 'None'
[0.617s] Level 5:colcon.colcon_core.verb:set package 'pubsub_interface_py' build argument 'catkin_skip_building_tests' from command line to 'False'
[0.617s] DEBUG:colcon.colcon_core.verb:Building package 'pubsub_interface_py' with the following arguments: {'ament_cmake_args': None, 'build_base': '/home/arya/robot_ws/build/pubsub_interface_py', 'catkin_cmake_args': None, 'catkin_skip_building_tests': False, 'cmake_args': None, 'cmake_clean_cache': False, 'cmake_clean_first': False, 'cmake_force_configure': False, 'cmake_target': None, 'cmake_target_skip_unavailable': False, 'install_base': '/home/arya/robot_ws/install/pubsub_interface_py', 'merge_install': False, 'path': '/home/arya/robot_ws/src/pubsub_interface_py', 'symlink_install': True, 'test_result_base': None}
[0.617s] INFO:colcon.colcon_core.executor:Executing jobs using 'parallel' executor
[0.618s] DEBUG:colcon.colcon_parallel_executor.executor.parallel:run_until_complete
[0.619s] INFO:colcon.colcon_ros.task.ament_cmake.build:Building ROS package in '/home/arya/robot_ws/src/pkg_interfaces' with build type 'ament_cmake'
[0.619s] INFO:colcon.colcon_cmake.task.cmake.build:Building CMake package in '/home/arya/robot_ws/src/pkg_interfaces'
[0.624s] INFO:colcon.colcon_core.plugin_system:Skipping extension 'colcon_core.shell.bat': Not used on non-Windows systems
[0.624s] INFO:colcon.colcon_core.shell:Skip shell extension 'powershell' for command environment: Not usable outside of PowerShell
[0.624s] DEBUG:colcon.colcon_core.shell:Skip shell extension 'dsv' for command environment
[0.629s] INFO:colcon.colcon_ros.task.ament_cmake.build:Building ROS package in '/home/arya/robot_ws/src/more_interfaces' with build type 'ament_cmake'
[0.629s] INFO:colcon.colcon_cmake.task.cmake.build:Building CMake package in '/home/arya/robot_ws/src/more_interfaces'
[0.630s] INFO:colcon.colcon_core.shell:Skip shell extension 'powershell' for command environment: Not usable outside of PowerShell
[0.630s] DEBUG:colcon.colcon_core.shell:Skip shell extension 'dsv' for command environment
[0.634s] INFO:colcon.colcon_ros.task.ament_python.build:Building ROS package in '/home/arya/robot_ws/src/param_callback' with build type 'ament_python'
[0.634s] Level 1:colcon.colcon_core.shell:create_environment_hook('param_callback', 'ament_prefix_path')
[0.635s] INFO:colcon.colcon_core.shell:Creating environment hook '/home/arya/robot_ws/install/param_callback/share/param_callback/hook/ament_prefix_path.ps1'
[0.636s] INFO:colcon.colcon_core.shell:Creating environment descriptor '/home/arya/robot_ws/install/param_callback/share/param_callback/hook/ament_prefix_path.dsv'
[0.637s] INFO:colcon.colcon_core.shell:Creating environment hook '/home/arya/robot_ws/install/param_callback/share/param_callback/hook/ament_prefix_path.sh'
[0.638s] INFO:colcon.colcon_core.shell:Skip shell extension 'powershell' for command environment: Not usable outside of PowerShell
[0.638s] DEBUG:colcon.colcon_core.shell:Skip shell extension 'dsv' for command environment
[0.642s] INFO:colcon.colcon_ros.task.ament_python.build:Building ROS package in '/home/arya/robot_ws/src/pubsub_py' with build type 'ament_python'
[0.642s] Level 1:colcon.colcon_core.shell:create_environment_hook('pubsub_py', 'ament_prefix_path')
[0.643s] INFO:colcon.colcon_core.shell:Creating environment hook '/home/arya/robot_ws/install/pubsub_py/share/pubsub_py/hook/ament_prefix_path.ps1'
[0.643s] INFO:colcon.colcon_core.shell:Creating environment descriptor '/home/arya/robot_ws/install/pubsub_py/share/pubsub_py/hook/ament_prefix_path.dsv'
[0.643s] INFO:colcon.colcon_core.shell:Creating environment hook '/home/arya/robot_ws/install/pubsub_py/share/pubsub_py/hook/ament_prefix_path.sh'
[0.644s] INFO:colcon.colcon_core.shell:Skip shell extension 'powershell' for command environment: Not usable outside of PowerShell
[0.644s] DEBUG:colcon.colcon_core.shell:Skip shell extension 'dsv' for command environment
[0.656s] DEBUG:colcon.colcon_core.event_handler.log_command:Invoking command in '/home/arya/robot_ws/build/pkg_interfaces': CMAKE_PREFIX_PATH=${CMAKE_PREFIX_PATH}:/home/arya/robot_ws/install/srvcli_py:/home/arya/robot_ws/install/python_parameters:/home/arya/robot_ws/install/pubsub_py:/home/arya/robot_ws/install/pubsub_interface_py:/opt/ros/humble /usr/bin/cmake --build /home/arya/robot_ws/build/pkg_interfaces -- -j4 -l4
[0.663s] DEBUG:colcon.colcon_core.event_handler.log_command:Invoking command in '/home/arya/robot_ws/build/more_interfaces': CMAKE_PREFIX_PATH=${CMAKE_PREFIX_PATH}:/home/arya/robot_ws/install/srvcli_py:/home/arya/robot_ws/install/python_parameters:/home/arya/robot_ws/install/pubsub_py:/home/arya/robot_ws/install/pubsub_interface_py:/opt/ros/humble /usr/bin/cmake --build /home/arya/robot_ws/build/more_interfaces -- -j4 -l4
[1.075s] INFO:colcon.colcon_core.task.python.build:Building Python package in '/home/arya/robot_ws/src/param_callback'
[1.075s] INFO:colcon.colcon_core.shell:Skip shell extension 'powershell' for command environment: Not usable outside of PowerShell
[1.075s] DEBUG:colcon.colcon_core.shell:Skip shell extension 'dsv' for command environment
[1.451s] INFO:colcon.colcon_core.task.python.build:Building Python package in '/home/arya/robot_ws/src/pubsub_py'
[1.452s] INFO:colcon.colcon_core.shell:Skip shell extension 'powershell' for command environment: Not usable outside of PowerShell
[1.452s] DEBUG:colcon.colcon_core.shell:Skip shell extension 'dsv' for command environment
[1.472s] DEBUG:colcon.colcon_core.event_handler.log_command:Invoked command in '/home/arya/robot_ws/build/pkg_interfaces' returned '0': CMAKE_PREFIX_PATH=${CMAKE_PREFIX_PATH}:/home/arya/robot_ws/install/srvcli_py:/home/arya/robot_ws/install/python_parameters:/home/arya/robot_ws/install/pubsub_py:/home/arya/robot_ws/install/pubsub_interface_py:/opt/ros/humble /usr/bin/cmake --build /home/arya/robot_ws/build/pkg_interfaces -- -j4 -l4
[1.494s] DEBUG:colcon.colcon_core.event_handler.log_command:Invoking command in '/home/arya/robot_ws/build/pkg_interfaces': CMAKE_PREFIX_PATH=${CMAKE_PREFIX_PATH}:/home/arya/robot_ws/install/srvcli_py:/home/arya/robot_ws/install/python_parameters:/home/arya/robot_ws/install/pubsub_py:/home/arya/robot_ws/install/pubsub_interface_py:/opt/ros/humble /usr/bin/cmake --install /home/arya/robot_ws/build/pkg_interfaces
[1.495s] DEBUG:colcon.colcon_core.event_handler.log_command:Invoked command in '/home/arya/robot_ws/build/more_interfaces' returned '0': CMAKE_PREFIX_PATH=${CMAKE_PREFIX_PATH}:/home/arya/robot_ws/install/srvcli_py:/home/arya/robot_ws/install/python_parameters:/home/arya/robot_ws/install/pubsub_py:/home/arya/robot_ws/install/pubsub_interface_py:/opt/ros/humble /usr/bin/cmake --build /home/arya/robot_ws/build/more_interfaces -- -j4 -l4
[1.500s] DEBUG:colcon.colcon_core.event_handler.log_command:Invoking command in '/home/arya/robot_ws/build/more_interfaces': CMAKE_PREFIX_PATH=${CMAKE_PREFIX_PATH}:/home/arya/robot_ws/install/srvcli_py:/home/arya/robot_ws/install/python_parameters:/home/arya/robot_ws/install/pubsub_py:/home/arya/robot_ws/install/pubsub_interface_py:/opt/ros/humble /usr/bin/cmake --install /home/arya/robot_ws/build/more_interfaces
[1.671s] Level 1:colcon.colcon_core.environment:create_environment_scripts_only(more_interfaces)
[1.672s] DEBUG:colcon.colcon_core.event_handler.log_command:Invoked command in '/home/arya/robot_ws/build/more_interfaces' returned '0': CMAKE_PREFIX_PATH=${CMAKE_PREFIX_PATH}:/home/arya/robot_ws/install/srvcli_py:/home/arya/robot_ws/install/python_parameters:/home/arya/robot_ws/install/pubsub_py:/home/arya/robot_ws/install/pubsub_interface_py:/opt/ros/humble /usr/bin/cmake --install /home/arya/robot_ws/build/more_interfaces
[1.677s] Level 1:colcon.colcon_core.environment:checking '/home/arya/robot_ws/install/more_interfaces' for CMake module files
[1.678s] Level 1:colcon.colcon_core.environment:checking '/home/arya/robot_ws/install/more_interfaces' for CMake config files
[1.679s] Level 1:colcon.colcon_core.shell:create_environment_hook('more_interfaces', 'cmake_prefix_path')
[1.679s] INFO:colcon.colcon_core.shell:Creating environment hook '/home/arya/robot_ws/install/more_interfaces/share/more_interfaces/hook/cmake_prefix_path.ps1'
[1.680s] INFO:colcon.colcon_core.shell:Creating environment descriptor '/home/arya/robot_ws/install/more_interfaces/share/more_interfaces/hook/cmake_prefix_path.dsv'
[1.680s] INFO:colcon.colcon_core.shell:Creating environment hook '/home/arya/robot_ws/install/more_interfaces/share/more_interfaces/hook/cmake_prefix_path.sh'
[1.681s] Level 1:colcon.colcon_core.environment:checking '/home/arya/robot_ws/install/more_interfaces/lib'
[1.681s] Level 1:colcon.colcon_core.shell:create_environment_hook('more_interfaces', 'ld_library_path_lib')
[1.681s] INFO:colcon.colcon_core.shell:Creating environment hook '/home/arya/robot_ws/install/more_interfaces/share/more_interfaces/hook/ld_library_path_lib.ps1'
[1.682s] INFO:colcon.colcon_core.shell:Creating environment descriptor '/home/arya/robot_ws/install/more_interfaces/share/more_interfaces/hook/ld_library_path_lib.dsv'
[1.682s] INFO:colcon.colcon_core.shell:Creating environment hook '/home/arya/robot_ws/install/more_interfaces/share/more_interfaces/hook/ld_library_path_lib.sh'
[1.683s] Level 1:colcon.colcon_core.environment:checking '/home/arya/robot_ws/install/more_interfaces/bin'
[1.683s] Level 1:colcon.colcon_core.environment:checking '/home/arya/robot_ws/install/more_interfaces/lib/pkgconfig/more_interfaces.pc'
[1.683s] Level 1:colcon.colcon_core.environment:checking '/home/arya/robot_ws/install/more_interfaces/lib/python3.10/site-packages'
[1.683s] Level 1:colcon.colcon_core.environment:checking '/home/arya/robot_ws/install/more_interfaces/bin'
[1.684s] INFO:colcon.colcon_core.shell:Creating package script '/home/arya/robot_ws/install/more_interfaces/share/more_interfaces/package.ps1'
[1.686s] INFO:colcon.colcon_core.shell:Creating package descriptor '/home/arya/robot_ws/install/more_interfaces/share/more_interfaces/package.dsv'
[1.687s] INFO:colcon.colcon_core.shell:Creating package script '/home/arya/robot_ws/install/more_interfaces/share/more_interfaces/package.sh'
[1.689s] INFO:colcon.colcon_core.shell:Creating package script '/home/arya/robot_ws/install/more_interfaces/share/more_interfaces/package.bash'
[1.690s] INFO:colcon.colcon_core.shell:Creating package script '/home/arya/robot_ws/install/more_interfaces/share/more_interfaces/package.zsh'
[1.691s] Level 1:colcon.colcon_core.environment:create_file_with_runtime_dependencies(/home/arya/robot_ws/install/more_interfaces/share/colcon-core/packages/more_interfaces)
[1.692s] Level 1:colcon.colcon_core.environment:create_environment_scripts_only(more_interfaces)
[1.692s] Level 1:colcon.colcon_core.environment:checking '/home/arya/robot_ws/install/more_interfaces' for CMake module files
[1.693s] Level 1:colcon.colcon_core.environment:checking '/home/arya/robot_ws/install/more_interfaces' for CMake config files
[1.693s] Level 1:colcon.colcon_core.shell:create_environment_hook('more_interfaces', 'cmake_prefix_path')
[1.694s] INFO:colcon.colcon_core.shell:Creating environment hook '/home/arya/robot_ws/install/more_interfaces/share/more_interfaces/hook/cmake_prefix_path.ps1'
[1.694s] INFO:colcon.colcon_core.shell:Creating environment descriptor '/home/arya/robot_ws/install/more_interfaces/share/more_interfaces/hook/cmake_prefix_path.dsv'
[1.695s] INFO:colcon.colcon_core.shell:Creating environment hook '/home/arya/robot_ws/install/more_interfaces/share/more_interfaces/hook/cmake_prefix_path.sh'
[1.695s] Level 1:colcon.colcon_core.environment:checking '/home/arya/robot_ws/install/more_interfaces/lib'
[1.695s] Level 1:colcon.colcon_core.shell:create_environment_hook('more_interfaces', 'ld_library_path_lib')
[1.696s] INFO:colcon.colcon_core.shell:Creating environment hook '/home/arya/robot_ws/install/more_interfaces/share/more_interfaces/hook/ld_library_path_lib.ps1'
[1.696s] INFO:colcon.colcon_core.shell:Creating environment descriptor '/home/arya/robot_ws/install/more_interfaces/share/more_interfaces/hook/ld_library_path_lib.dsv'
[1.696s] INFO:colcon.colcon_core.shell:Creating environment hook '/home/arya/robot_ws/install/more_interfaces/share/more_interfaces/hook/ld_library_path_lib.sh'
[1.697s] Level 1:colcon.colcon_core.environment:checking '/home/arya/robot_ws/install/more_interfaces/bin'
[1.697s] Level 1:colcon.colcon_core.environment:checking '/home/arya/robot_ws/install/more_interfaces/lib/pkgconfig/more_interfaces.pc'
[1.697s] Level 1:colcon.colcon_core.environment:checking '/home/arya/robot_ws/install/more_interfaces/lib/python3.10/site-packages'
[1.697s] Level 1:colcon.colcon_core.environment:checking '/home/arya/robot_ws/install/more_interfaces/bin'
[1.698s] INFO:colcon.colcon_core.shell:Creating package script '/home/arya/robot_ws/install/more_interfaces/share/more_interfaces/package.ps1'
[1.698s] INFO:colcon.colcon_core.shell:Creating package descriptor '/home/arya/robot_ws/install/more_interfaces/share/more_interfaces/package.dsv'
[1.699s] INFO:colcon.colcon_core.shell:Creating package script '/home/arya/robot_ws/install/more_interfaces/share/more_interfaces/package.sh'
[1.699s] INFO:colcon.colcon_core.shell:Creating package script '/home/arya/robot_ws/install/more_interfaces/share/more_interfaces/package.bash'
[1.700s] INFO:colcon.colcon_core.shell:Creating package script '/home/arya/robot_ws/install/more_interfaces/share/more_interfaces/package.zsh'
[1.700s] Level 1:colcon.colcon_core.environment:create_file_with_runtime_dependencies(/home/arya/robot_ws/install/more_interfaces/share/colcon-core/packages/more_interfaces)
[1.701s] Level 1:colcon.colcon_core.environment:create_environment_scripts_only(pkg_interfaces)
[1.702s] Level 1:colcon.colcon_core.environment:checking '/home/arya/robot_ws/install/pkg_interfaces' for CMake module files
[1.703s] Level 1:colcon.colcon_core.environment:checking '/home/arya/robot_ws/install/pkg_interfaces' for CMake config files
[1.703s] Level 1:colcon.colcon_core.shell:create_environment_hook('pkg_interfaces', 'cmake_prefix_path')
[1.704s] INFO:colcon.colcon_core.shell:Creating environment hook '/home/arya/robot_ws/install/pkg_interfaces/share/pkg_interfaces/hook/cmake_prefix_path.ps1'
[1.704s] DEBUG:colcon.colcon_core.event_handler.log_command:Invoked command in '/home/arya/robot_ws/build/pkg_interfaces' returned '0': CMAKE_PREFIX_PATH=${CMAKE_PREFIX_PATH}:/home/arya/robot_ws/install/srvcli_py:/home/arya/robot_ws/install/python_parameters:/home/arya/robot_ws/install/pubsub_py:/home/arya/robot_ws/install/pubsub_interface_py:/opt/ros/humble /usr/bin/cmake --install /home/arya/robot_ws/build/pkg_interfaces
[1.705s] INFO:colcon.colcon_core.shell:Creating environment descriptor '/home/arya/robot_ws/install/pkg_interfaces/share/pkg_interfaces/hook/cmake_prefix_path.dsv'
[1.705s] INFO:colcon.colcon_core.shell:Creating environment hook '/home/arya/robot_ws/install/pkg_interfaces/share/pkg_interfaces/hook/cmake_prefix_path.sh'
[1.706s] Level 1:colcon.colcon_core.environment:checking '/home/arya/robot_ws/install/pkg_interfaces/lib'
[1.706s] Level 1:colcon.colcon_core.shell:create_environment_hook('pkg_interfaces', 'ld_library_path_lib')
[1.706s] INFO:colcon.colcon_core.shell:Creating environment hook '/home/arya/robot_ws/install/pkg_interfaces/share/pkg_interfaces/hook/ld_library_path_lib.ps1'
[1.706s] INFO:colcon.colcon_core.shell:Creating environment descriptor '/home/arya/robot_ws/install/pkg_interfaces/share/pkg_interfaces/hook/ld_library_path_lib.dsv'
[1.707s] INFO:colcon.colcon_core.shell:Creating environment hook '/home/arya/robot_ws/install/pkg_interfaces/share/pkg_interfaces/hook/ld_library_path_lib.sh'
[1.707s] Level 1:colcon.colcon_core.environment:checking '/home/arya/robot_ws/install/pkg_interfaces/bin'
[1.707s] Level 1:colcon.colcon_core.environment:checking '/home/arya/robot_ws/install/pkg_interfaces/lib/pkgconfig/pkg_interfaces.pc'
[1.708s] Level 1:colcon.colcon_core.environment:checking '/home/arya/robot_ws/install/pkg_interfaces/lib/python3.10/site-packages'
[1.708s] Level 1:colcon.colcon_core.environment:checking '/home/arya/robot_ws/install/pkg_interfaces/bin'
[1.708s] INFO:colcon.colcon_core.shell:Creating package script '/home/arya/robot_ws/install/pkg_interfaces/share/pkg_interfaces/package.ps1'
[1.709s] INFO:colcon.colcon_core.shell:Creating package descriptor '/home/arya/robot_ws/install/pkg_interfaces/share/pkg_interfaces/package.dsv'
[1.709s] INFO:colcon.colcon_core.shell:Creating package script '/home/arya/robot_ws/install/pkg_interfaces/share/pkg_interfaces/package.sh'
[1.710s] INFO:colcon.colcon_core.shell:Creating package script '/home/arya/robot_ws/install/pkg_interfaces/share/pkg_interfaces/package.bash'
[1.710s] INFO:colcon.colcon_core.shell:Creating package script '/home/arya/robot_ws/install/pkg_interfaces/share/pkg_interfaces/package.zsh'
[1.711s] Level 1:colcon.colcon_core.environment:create_file_with_runtime_dependencies(/home/arya/robot_ws/install/pkg_interfaces/share/colcon-core/packages/pkg_interfaces)
[1.711s] Level 1:colcon.colcon_core.environment:create_environment_scripts_only(pkg_interfaces)
[1.712s] Level 1:colcon.colcon_core.environment:checking '/home/arya/robot_ws/install/pkg_interfaces' for CMake module files
[1.712s] Level 1:colcon.colcon_core.environment:checking '/home/arya/robot_ws/install/pkg_interfaces' for CMake config files
[1.713s] Level 1:colcon.colcon_core.shell:create_environment_hook('pkg_interfaces', 'cmake_prefix_path')
[1.713s] INFO:colcon.colcon_core.shell:Creating environment hook '/home/arya/robot_ws/install/pkg_interfaces/share/pkg_interfaces/hook/cmake_prefix_path.ps1'
[1.714s] INFO:colcon.colcon_core.shell:Creating environment descriptor '/home/arya/robot_ws/install/pkg_interfaces/share/pkg_interfaces/hook/cmake_prefix_path.dsv'
[1.714s] INFO:colcon.colcon_core.shell:Creating environment hook '/home/arya/robot_ws/install/pkg_interfaces/share/pkg_interfaces/hook/cmake_prefix_path.sh'
[1.715s] Level 1:colcon.colcon_core.environment:checking '/home/arya/robot_ws/install/pkg_interfaces/lib'
[1.715s] Level 1:colcon.colcon_core.shell:create_environment_hook('pkg_interfaces', 'ld_library_path_lib')
[1.715s] INFO:colcon.colcon_core.shell:Creating environment hook '/home/arya/robot_ws/install/pkg_interfaces/share/pkg_interfaces/hook/ld_library_path_lib.ps1'
[1.715s] INFO:colcon.colcon_core.shell:Creating environment descriptor '/home/arya/robot_ws/install/pkg_interfaces/share/pkg_interfaces/hook/ld_library_path_lib.dsv'
[1.716s] INFO:colcon.colcon_core.shell:Creating environment hook '/home/arya/robot_ws/install/pkg_interfaces/share/pkg_interfaces/hook/ld_library_path_lib.sh'
[1.716s] Level 1:colcon.colcon_core.environment:checking '/home/arya/robot_ws/install/pkg_interfaces/bin'
[1.716s] Level 1:colcon.colcon_core.environment:checking '/home/arya/robot_ws/install/pkg_interfaces/lib/pkgconfig/pkg_interfaces.pc'
[1.717s] Level 1:colcon.colcon_core.environment:checking '/home/arya/robot_ws/install/pkg_interfaces/lib/python3.10/site-packages'
[1.717s] Level 1:colcon.colcon_core.environment:checking '/home/arya/robot_ws/install/pkg_interfaces/bin'
[1.717s] INFO:colcon.colcon_core.shell:Creating package script '/home/arya/robot_ws/install/pkg_interfaces/share/pkg_interfaces/package.ps1'
[1.718s] INFO:colcon.colcon_core.shell:Creating package descriptor '/home/arya/robot_ws/install/pkg_interfaces/share/pkg_interfaces/package.dsv'
[1.719s] INFO:colcon.colcon_core.shell:Creating package script '/home/arya/robot_ws/install/pkg_interfaces/share/pkg_interfaces/package.sh'
[1.719s] INFO:colcon.colcon_core.shell:Creating package script '/home/arya/robot_ws/install/pkg_interfaces/share/pkg_interfaces/package.bash'
[1.721s] INFO:colcon.colcon_core.shell:Creating package script '/home/arya/robot_ws/install/pkg_interfaces/share/pkg_interfaces/package.zsh'
[1.721s] Level 1:colcon.colcon_core.environment:create_file_with_runtime_dependencies(/home/arya/robot_ws/install/pkg_interfaces/share/colcon-core/packages/pkg_interfaces)
[1.722s] INFO:colcon.colcon_ros.task.ament_python.build:Building ROS package in '/home/arya/robot_ws/src/python_parameters' with build type 'ament_python'
[1.723s] Level 1:colcon.colcon_core.shell:create_environment_hook('python_parameters', 'ament_prefix_path')
[1.723s] INFO:colcon.colcon_core.shell:Creating environment hook '/home/arya/robot_ws/install/python_parameters/share/python_parameters/hook/ament_prefix_path.ps1'
[1.724s] INFO:colcon.colcon_core.shell:Creating environment descriptor '/home/arya/robot_ws/install/python_parameters/share/python_parameters/hook/ament_prefix_path.dsv'
[1.724s] INFO:colcon.colcon_core.shell:Creating environment hook '/home/arya/robot_ws/install/python_parameters/share/python_parameters/hook/ament_prefix_path.sh'
[1.725s] INFO:colcon.colcon_core.shell:Skip shell extension 'powershell' for command environment: Not usable outside of PowerShell
[1.725s] DEBUG:colcon.colcon_core.shell:Skip shell extension 'dsv' for command environment
[1.729s] INFO:colcon.colcon_ros.task.ament_python.build:Building ROS package in '/home/arya/robot_ws/src/srvcli_py' with build type 'ament_python'
[1.729s] Level 1:colcon.colcon_core.shell:create_environment_hook('srvcli_py', 'ament_prefix_path')
[1.729s] INFO:colcon.colcon_core.shell:Creating environment hook '/home/arya/robot_ws/install/srvcli_py/share/srvcli_py/hook/ament_prefix_path.ps1'
[1.730s] INFO:colcon.colcon_core.shell:Creating environment descriptor '/home/arya/robot_ws/install/srvcli_py/share/srvcli_py/hook/ament_prefix_path.dsv'
[1.730s] INFO:colcon.colcon_core.shell:Creating environment hook '/home/arya/robot_ws/install/srvcli_py/share/srvcli_py/hook/ament_prefix_path.sh'
[1.731s] INFO:colcon.colcon_core.shell:Skip shell extension 'powershell' for command environment: Not usable outside of PowerShell
[1.731s] DEBUG:colcon.colcon_core.shell:Skip shell extension 'dsv' for command environment
[2.060s] INFO:colcon.colcon_core.task.python.build:Building Python package in '/home/arya/robot_ws/src/python_parameters'
[2.061s] INFO:colcon.colcon_core.shell:Skip shell extension 'powershell' for command environment: Not usable outside of PowerShell
[2.061s] DEBUG:colcon.colcon_core.shell:Skip shell extension 'dsv' for command environment
[2.393s] INFO:colcon.colcon_core.task.python.build:Building Python package in '/home/arya/robot_ws/src/srvcli_py'
[2.394s] INFO:colcon.colcon_core.shell:Skip shell extension 'powershell' for command environment: Not usable outside of PowerShell
[2.394s] DEBUG:colcon.colcon_core.shell:Skip shell extension 'dsv' for command environment
[2.401s] DEBUG:colcon.colcon_core.event_handler.log_command:Invoking command in '/home/arya/robot_ws/build/pubsub_py': PYTHONPATH=/home/arya/robot_ws/build/pubsub_py/prefix_override:/usr/lib/python3/dist-packages/colcon_core/task/python/colcon_distutils_commands:/home/arya/robot_ws/install/pubsub_py/lib/python3.10/site-packages:${PYTHONPATH} /usr/bin/python3 -W ignore:setup.py install is deprecated -W ignore:easy_install command is deprecated setup.py develop --editable --build-directory /home/arya/robot_ws/build/pubsub_py/build --no-deps symlink_data
[2.402s] DEBUG:colcon.colcon_core.event_handler.log_command:Invoking command in '/home/arya/robot_ws/build/param_callback': PYTHONPATH=/home/arya/robot_ws/build/param_callback/prefix_override:/usr/lib/python3/dist-packages/colcon_core/task/python/colcon_distutils_commands:/home/arya/robot_ws/install/param_callback/lib/python3.10/site-packages:${PYTHONPATH} /usr/bin/python3 -W ignore:setup.py install is deprecated -W ignore:easy_install command is deprecated setup.py develop --editable --build-directory /home/arya/robot_ws/build/param_callback/build --no-deps symlink_data
[2.817s] DEBUG:colcon.colcon_core.event_handler.log_command:Invoking command in '/home/arya/robot_ws/build/srvcli_py': PYTHONPATH=/home/arya/robot_ws/build/srvcli_py/prefix_override:/usr/lib/python3/dist-packages/colcon_core/task/python/colcon_distutils_commands:/home/arya/robot_ws/install/srvcli_py/lib/python3.10/site-packages:${PYTHONPATH} /usr/bin/python3 -W ignore:setup.py install is deprecated -W ignore:easy_install command is deprecated setup.py develop --editable --build-directory /home/arya/robot_ws/build/srvcli_py/build --no-deps symlink_data
[2.837s] DEBUG:colcon.colcon_core.event_handler.log_command:Invoking command in '/home/arya/robot_ws/build/python_parameters': PYTHONPATH=/home/arya/robot_ws/build/python_parameters/prefix_override:/usr/lib/python3/dist-packages/colcon_core/task/python/colcon_distutils_commands:/home/arya/robot_ws/install/python_parameters/lib/python3.10/site-packages:${PYTHONPATH} /usr/bin/python3 -W ignore:setup.py install is deprecated -W ignore:easy_install command is deprecated setup.py develop --editable --build-directory /home/arya/robot_ws/build/python_parameters/build --no-deps symlink_data
[2.965s] Level 1:colcon.colcon_core.shell:create_environment_hook('param_callback', 'pythonpath_develop')
[2.967s] INFO:colcon.colcon_core.shell:Creating environment hook '/home/arya/robot_ws/build/param_callback/share/param_callback/hook/pythonpath_develop.ps1'
[2.967s] DEBUG:colcon.colcon_core.event_handler.log_command:Invoked command in '/home/arya/robot_ws/build/param_callback' returned '0': PYTHONPATH=/home/arya/robot_ws/build/param_callback/prefix_override:/usr/lib/python3/dist-packages/colcon_core/task/python/colcon_distutils_commands:/home/arya/robot_ws/install/param_callback/lib/python3.10/site-packages:${PYTHONPATH} /usr/bin/python3 -W ignore:setup.py install is deprecated -W ignore:easy_install command is deprecated setup.py develop --editable --build-directory /home/arya/robot_ws/build/param_callback/build --no-deps symlink_data
[2.968s] INFO:colcon.colcon_core.shell:Creating environment descriptor '/home/arya/robot_ws/build/param_callback/share/param_callback/hook/pythonpath_develop.dsv'
[2.969s] INFO:colcon.colcon_core.shell:Creating environment hook '/home/arya/robot_ws/build/param_callback/share/param_callback/hook/pythonpath_develop.sh'
[2.970s] Level 1:colcon.colcon_core.environment:checking '/home/arya/robot_ws/install/param_callback' for CMake module files
[2.970s] Level 1:colcon.colcon_core.environment:checking '/home/arya/robot_ws/install/param_callback' for CMake config files
[2.971s] Level 1:colcon.colcon_core.environment:checking '/home/arya/robot_ws/install/param_callback/lib'
[2.971s] Level 1:colcon.colcon_core.environment:checking '/home/arya/robot_ws/install/param_callback/bin'
[2.971s] Level 1:colcon.colcon_core.environment:checking '/home/arya/robot_ws/install/param_callback/lib/pkgconfig/param_callback.pc'
[2.971s] Level 1:colcon.colcon_core.environment:checking '/home/arya/robot_ws/install/param_callback/lib/python3.10/site-packages'
[2.971s] Level 1:colcon.colcon_core.shell:create_environment_hook('param_callback', 'pythonpath')
[2.971s] INFO:colcon.colcon_core.shell:Creating environment hook '/home/arya/robot_ws/install/param_callback/share/param_callback/hook/pythonpath.ps1'
[2.972s] INFO:colcon.colcon_core.shell:Creating environment descriptor '/home/arya/robot_ws/install/param_callback/share/param_callback/hook/pythonpath.dsv'
[2.972s] INFO:colcon.colcon_core.shell:Creating environment hook '/home/arya/robot_ws/install/param_callback/share/param_callback/hook/pythonpath.sh'
[2.973s] Level 1:colcon.colcon_core.environment:checking '/home/arya/robot_ws/install/param_callback/bin'
[2.973s] Level 1:colcon.colcon_core.environment:create_environment_scripts_only(param_callback)
[2.973s] INFO:colcon.colcon_core.shell:Creating package script '/home/arya/robot_ws/install/param_callback/share/param_callback/package.ps1'
[2.974s] INFO:colcon.colcon_core.shell:Creating package descriptor '/home/arya/robot_ws/install/param_callback/share/param_callback/package.dsv'
[2.974s] INFO:colcon.colcon_core.shell:Creating package script '/home/arya/robot_ws/install/param_callback/share/param_callback/package.sh'
[2.975s] INFO:colcon.colcon_core.shell:Creating package script '/home/arya/robot_ws/install/param_callback/share/param_callback/package.bash'
[2.975s] INFO:colcon.colcon_core.shell:Creating package script '/home/arya/robot_ws/install/param_callback/share/param_callback/package.zsh'
[2.976s] Level 1:colcon.colcon_core.environment:create_file_with_runtime_dependencies(/home/arya/robot_ws/install/param_callback/share/colcon-core/packages/param_callback)
[2.976s] INFO:colcon.colcon_ros.task.ament_python.build:Building ROS package in '/home/arya/robot_ws/src/pubsub_interface_py' with build type 'ament_python'
[2.977s] Level 1:colcon.colcon_core.shell:create_environment_hook('pubsub_interface_py', 'ament_prefix_path')
[2.977s] INFO:colcon.colcon_core.shell:Creating environment hook '/home/arya/robot_ws/install/pubsub_interface_py/share/pubsub_interface_py/hook/ament_prefix_path.ps1'
[2.978s] INFO:colcon.colcon_core.shell:Creating environment descriptor '/home/arya/robot_ws/install/pubsub_interface_py/share/pubsub_interface_py/hook/ament_prefix_path.dsv'
[2.979s] INFO:colcon.colcon_core.shell:Creating environment hook '/home/arya/robot_ws/install/pubsub_interface_py/share/pubsub_interface_py/hook/ament_prefix_path.sh'
[2.979s] INFO:colcon.colcon_core.shell:Skip shell extension 'powershell' for command environment: Not usable outside of PowerShell
[2.979s] DEBUG:colcon.colcon_core.shell:Skip shell extension 'dsv' for command environment
[3.000s] Level 1:colcon.colcon_core.shell:create_environment_hook('pubsub_py', 'pythonpath_develop')
[3.000s] INFO:colcon.colcon_core.shell:Creating environment hook '/home/arya/robot_ws/build/pubsub_py/share/pubsub_py/hook/pythonpath_develop.ps1'
[3.001s] DEBUG:colcon.colcon_core.event_handler.log_command:Invoked command in '/home/arya/robot_ws/build/pubsub_py' returned '0': PYTHONPATH=/home/arya/robot_ws/build/pubsub_py/prefix_override:/usr/lib/python3/dist-packages/colcon_core/task/python/colcon_distutils_commands:/home/arya/robot_ws/install/pubsub_py/lib/python3.10/site-packages:${PYTHONPATH} /usr/bin/python3 -W ignore:setup.py install is deprecated -W ignore:easy_install command is deprecated setup.py develop --editable --build-directory /home/arya/robot_ws/build/pubsub_py/build --no-deps symlink_data
[3.001s] INFO:colcon.colcon_core.shell:Creating environment descriptor '/home/arya/robot_ws/build/pubsub_py/share/pubsub_py/hook/pythonpath_develop.dsv'
[3.002s] INFO:colcon.colcon_core.shell:Creating environment hook '/home/arya/robot_ws/build/pubsub_py/share/pubsub_py/hook/pythonpath_develop.sh'
[3.003s] Level 1:colcon.colcon_core.environment:checking '/home/arya/robot_ws/install/pubsub_py' for CMake module files
[3.003s] Level 1:colcon.colcon_core.environment:checking '/home/arya/robot_ws/install/pubsub_py' for CMake config files
[3.004s] Level 1:colcon.colcon_core.environment:checking '/home/arya/robot_ws/install/pubsub_py/lib'
[3.004s] Level 1:colcon.colcon_core.environment:checking '/home/arya/robot_ws/install/pubsub_py/bin'
[3.004s] Level 1:colcon.colcon_core.environment:checking '/home/arya/robot_ws/install/pubsub_py/lib/pkgconfig/pubsub_py.pc'
[3.004s] Level 1:colcon.colcon_core.environment:checking '/home/arya/robot_ws/install/pubsub_py/lib/python3.10/site-packages'
[3.005s] Level 1:colcon.colcon_core.shell:create_environment_hook('pubsub_py', 'pythonpath')
[3.005s] INFO:colcon.colcon_core.shell:Creating environment hook '/home/arya/robot_ws/install/pubsub_py/share/pubsub_py/hook/pythonpath.ps1'
[3.005s] INFO:colcon.colcon_core.shell:Creating environment descriptor '/home/arya/robot_ws/install/pubsub_py/share/pubsub_py/hook/pythonpath.dsv'
[3.006s] INFO:colcon.colcon_core.shell:Creating environment hook '/home/arya/robot_ws/install/pubsub_py/share/pubsub_py/hook/pythonpath.sh'
[3.006s] Level 1:colcon.colcon_core.environment:checking '/home/arya/robot_ws/install/pubsub_py/bin'
[3.007s] Level 1:colcon.colcon_core.environment:create_environment_scripts_only(pubsub_py)
[3.007s] INFO:colcon.colcon_core.shell:Creating package script '/home/arya/robot_ws/install/pubsub_py/share/pubsub_py/package.ps1'
[3.008s] INFO:colcon.colcon_core.shell:Creating package descriptor '/home/arya/robot_ws/install/pubsub_py/share/pubsub_py/package.dsv'
[3.008s] INFO:colcon.colcon_core.shell:Creating package script '/home/arya/robot_ws/install/pubsub_py/share/pubsub_py/package.sh'
[3.009s] INFO:colcon.colcon_core.shell:Creating package script '/home/arya/robot_ws/install/pubsub_py/share/pubsub_py/package.bash'
[3.009s] INFO:colcon.colcon_core.shell:Creating package script '/home/arya/robot_ws/install/pubsub_py/share/pubsub_py/package.zsh'
[3.009s] Level 1:colcon.colcon_core.environment:create_file_with_runtime_dependencies(/home/arya/robot_ws/install/pubsub_py/share/colcon-core/packages/pubsub_py)
[3.334s] INFO:colcon.colcon_core.task.python.build:Building Python package in '/home/arya/robot_ws/src/pubsub_interface_py'
[3.335s] INFO:colcon.colcon_core.shell:Skip shell extension 'powershell' for command environment: Not usable outside of PowerShell
[3.335s] DEBUG:colcon.colcon_core.shell:Skip shell extension 'dsv' for command environment
[3.361s] Level 1:colcon.colcon_core.shell:create_environment_hook('srvcli_py', 'pythonpath_develop')
[3.362s] INFO:colcon.colcon_core.shell:Creating environment hook '/home/arya/robot_ws/build/srvcli_py/share/srvcli_py/hook/pythonpath_develop.ps1'
[3.362s] INFO:colcon.colcon_core.shell:Creating environment descriptor '/home/arya/robot_ws/build/srvcli_py/share/srvcli_py/hook/pythonpath_develop.dsv'
[3.363s] DEBUG:colcon.colcon_core.event_handler.log_command:Invoked command in '/home/arya/robot_ws/build/srvcli_py' returned '0': PYTHONPATH=/home/arya/robot_ws/build/srvcli_py/prefix_override:/usr/lib/python3/dist-packages/colcon_core/task/python/colcon_distutils_commands:/home/arya/robot_ws/install/srvcli_py/lib/python3.10/site-packages:${PYTHONPATH} /usr/bin/python3 -W ignore:setup.py install is deprecated -W ignore:easy_install command is deprecated setup.py develop --editable --build-directory /home/arya/robot_ws/build/srvcli_py/build --no-deps symlink_data
[3.364s] INFO:colcon.colcon_core.shell:Creating environment hook '/home/arya/robot_ws/build/srvcli_py/share/srvcli_py/hook/pythonpath_develop.sh'
[3.364s] Level 1:colcon.colcon_core.environment:checking '/home/arya/robot_ws/install/srvcli_py' for CMake module files
[3.365s] Level 1:colcon.colcon_core.environment:checking '/home/arya/robot_ws/install/srvcli_py' for CMake config files
[3.366s] Level 1:colcon.colcon_core.environment:checking '/home/arya/robot_ws/install/srvcli_py/lib'
[3.366s] Level 1:colcon.colcon_core.environment:checking '/home/arya/robot_ws/install/srvcli_py/bin'
[3.366s] Level 1:colcon.colcon_core.environment:checking '/home/arya/robot_ws/install/srvcli_py/lib/pkgconfig/srvcli_py.pc'
[3.366s] Level 1:colcon.colcon_core.environment:checking '/home/arya/robot_ws/install/srvcli_py/lib/python3.10/site-packages'
[3.366s] Level 1:colcon.colcon_core.shell:create_environment_hook('srvcli_py', 'pythonpath')
[3.366s] INFO:colcon.colcon_core.shell:Creating environment hook '/home/arya/robot_ws/install/srvcli_py/share/srvcli_py/hook/pythonpath.ps1'
[3.367s] INFO:colcon.colcon_core.shell:Creating environment descriptor '/home/arya/robot_ws/install/srvcli_py/share/srvcli_py/hook/pythonpath.dsv'
[3.367s] INFO:colcon.colcon_core.shell:Creating environment hook '/home/arya/robot_ws/install/srvcli_py/share/srvcli_py/hook/pythonpath.sh'
[3.370s] Level 1:colcon.colcon_core.environment:checking '/home/arya/robot_ws/install/srvcli_py/bin'
[3.370s] Level 1:colcon.colcon_core.environment:create_environment_scripts_only(srvcli_py)
[3.370s] INFO:colcon.colcon_core.shell:Creating package script '/home/arya/robot_ws/install/srvcli_py/share/srvcli_py/package.ps1'
[3.371s] INFO:colcon.colcon_core.shell:Creating package descriptor '/home/arya/robot_ws/install/srvcli_py/share/srvcli_py/package.dsv'
[3.372s] INFO:colcon.colcon_core.shell:Creating package script '/home/arya/robot_ws/install/srvcli_py/share/srvcli_py/package.sh'
[3.372s] INFO:colcon.colcon_core.shell:Creating package script '/home/arya/robot_ws/install/srvcli_py/share/srvcli_py/package.bash'
[3.373s] INFO:colcon.colcon_core.shell:Creating package script '/home/arya/robot_ws/install/srvcli_py/share/srvcli_py/package.zsh'
[3.373s] Level 1:colcon.colcon_core.environment:create_file_with_runtime_dependencies(/home/arya/robot_ws/install/srvcli_py/share/colcon-core/packages/srvcli_py)
[3.387s] Level 1:colcon.colcon_core.shell:create_environment_hook('python_parameters', 'pythonpath_develop')
[3.388s] INFO:colcon.colcon_core.shell:Creating environment hook '/home/arya/robot_ws/build/python_parameters/share/python_parameters/hook/pythonpath_develop.ps1'
[3.388s] DEBUG:colcon.colcon_core.event_handler.log_command:Invoked command in '/home/arya/robot_ws/build/python_parameters' returned '0': PYTHONPATH=/home/arya/robot_ws/build/python_parameters/prefix_override:/usr/lib/python3/dist-packages/colcon_core/task/python/colcon_distutils_commands:/home/arya/robot_ws/install/python_parameters/lib/python3.10/site-packages:${PYTHONPATH} /usr/bin/python3 -W ignore:setup.py install is deprecated -W ignore:easy_install command is deprecated setup.py develop --editable --build-directory /home/arya/robot_ws/build/python_parameters/build --no-deps symlink_data
[3.389s] INFO:colcon.colcon_core.shell:Creating environment descriptor '/home/arya/robot_ws/build/python_parameters/share/python_parameters/hook/pythonpath_develop.dsv'
[3.390s] INFO:colcon.colcon_core.shell:Creating environment hook '/home/arya/robot_ws/build/python_parameters/share/python_parameters/hook/pythonpath_develop.sh'
[3.390s] Level 1:colcon.colcon_core.environment:checking '/home/arya/robot_ws/install/python_parameters' for CMake module files
[3.391s] Level 1:colcon.colcon_core.environment:checking '/home/arya/robot_ws/install/python_parameters' for CMake config files
[3.392s] Level 1:colcon.colcon_core.environment:checking '/home/arya/robot_ws/install/python_parameters/lib'
[3.392s] Level 1:colcon.colcon_core.environment:checking '/home/arya/robot_ws/install/python_parameters/bin'
[3.392s] Level 1:colcon.colcon_core.environment:checking '/home/arya/robot_ws/install/python_parameters/lib/pkgconfig/python_parameters.pc'
[3.392s] Level 1:colcon.colcon_core.environment:checking '/home/arya/robot_ws/install/python_parameters/lib/python3.10/site-packages'
[3.392s] Level 1:colcon.colcon_core.shell:create_environment_hook('python_parameters', 'pythonpath')
[3.393s] INFO:colcon.colcon_core.shell:Creating environment hook '/home/arya/robot_ws/install/python_parameters/share/python_parameters/hook/pythonpath.ps1'
[3.393s] INFO:colcon.colcon_core.shell:Creating environment descriptor '/home/arya/robot_ws/install/python_parameters/share/python_parameters/hook/pythonpath.dsv'
[3.394s] INFO:colcon.colcon_core.shell:Creating environment hook '/home/arya/robot_ws/install/python_parameters/share/python_parameters/hook/pythonpath.sh'
[3.394s] Level 1:colcon.colcon_core.environment:checking '/home/arya/robot_ws/install/python_parameters/bin'
[3.394s] Level 1:colcon.colcon_core.environment:create_environment_scripts_only(python_parameters)
[3.395s] INFO:colcon.colcon_core.shell:Creating package script '/home/arya/robot_ws/install/python_parameters/share/python_parameters/package.ps1'
[3.396s] INFO:colcon.colcon_core.shell:Creating package descriptor '/home/arya/robot_ws/install/python_parameters/share/python_parameters/package.dsv'
[3.396s] INFO:colcon.colcon_core.shell:Creating package script '/home/arya/robot_ws/install/python_parameters/share/python_parameters/package.sh'
[3.397s] INFO:colcon.colcon_core.shell:Creating package script '/home/arya/robot_ws/install/python_parameters/share/python_parameters/package.bash'
[3.397s] INFO:colcon.colcon_core.shell:Creating package script '/home/arya/robot_ws/install/python_parameters/share/python_parameters/package.zsh'
[3.397s] Level 1:colcon.colcon_core.environment:create_file_with_runtime_dependencies(/home/arya/robot_ws/install/python_parameters/share/colcon-core/packages/python_parameters)
[3.756s] DEBUG:colcon.colcon_core.event_handler.log_command:Invoking command in '/home/arya/robot_ws/build/pubsub_interface_py': CMAKE_PREFIX_PATH=/home/arya/robot_ws/install/pkg_interfaces:/home/arya/robot_ws/install/tutorial_interfaces:/home/arya/robot_ws/install/more_interfaces PYTHONPATH=/home/arya/robot_ws/build/pubsub_interface_py/prefix_override:/usr/lib/python3/dist-packages/colcon_core/task/python/colcon_distutils_commands:/home/arya/robot_ws/install/pubsub_interface_py/lib/python3.10/site-packages:${PYTHONPATH} /usr/bin/python3 -W ignore:setup.py install is deprecated -W ignore:easy_install command is deprecated setup.py develop --editable --build-directory /home/arya/robot_ws/build/pubsub_interface_py/build --no-deps symlink_data
[4.277s] Level 1:colcon.colcon_core.shell:create_environment_hook('pubsub_interface_py', 'pythonpath_develop')
[4.278s] INFO:colcon.colcon_core.shell:Creating environment hook '/home/arya/robot_ws/build/pubsub_interface_py/share/pubsub_interface_py/hook/pythonpath_develop.ps1'
[4.278s] DEBUG:colcon.colcon_core.event_handler.log_command:Invoked command in '/home/arya/robot_ws/build/pubsub_interface_py' returned '0': CMAKE_PREFIX_PATH=/home/arya/robot_ws/install/pkg_interfaces:/home/arya/robot_ws/install/tutorial_interfaces:/home/arya/robot_ws/install/more_interfaces PYTHONPATH=/home/arya/robot_ws/build/pubsub_interface_py/prefix_override:/usr/lib/python3/dist-packages/colcon_core/task/python/colcon_distutils_commands:/home/arya/robot_ws/install/pubsub_interface_py/lib/python3.10/site-packages:${PYTHONPATH} /usr/bin/python3 -W ignore:setup.py install is deprecated -W ignore:easy_install command is deprecated setup.py develop --editable --build-directory /home/arya/robot_ws/build/pubsub_interface_py/build --no-deps symlink_data
[4.279s] INFO:colcon.colcon_core.shell:Creating environment descriptor '/home/arya/robot_ws/build/pubsub_interface_py/share/pubsub_interface_py/hook/pythonpath_develop.dsv'
[4.279s] INFO:colcon.colcon_core.shell:Creating environment hook '/home/arya/robot_ws/build/pubsub_interface_py/share/pubsub_interface_py/hook/pythonpath_develop.sh'
[4.280s] Level 1:colcon.colcon_core.environment:checking '/home/arya/robot_ws/install/pubsub_interface_py' for CMake module files
[4.281s] Level 1:colcon.colcon_core.environment:checking '/home/arya/robot_ws/install/pubsub_interface_py' for CMake config files
[4.281s] Level 1:colcon.colcon_core.environment:checking '/home/arya/robot_ws/install/pubsub_interface_py/lib'
[4.281s] Level 1:colcon.colcon_core.environment:checking '/home/arya/robot_ws/install/pubsub_interface_py/bin'
[4.281s] Level 1:colcon.colcon_core.environment:checking '/home/arya/robot_ws/install/pubsub_interface_py/lib/pkgconfig/pubsub_interface_py.pc'
[4.282s] Level 1:colcon.colcon_core.environment:checking '/home/arya/robot_ws/install/pubsub_interface_py/lib/python3.10/site-packages'
[4.282s] Level 1:colcon.colcon_core.shell:create_environment_hook('pubsub_interface_py', 'pythonpath')
[4.282s] INFO:colcon.colcon_core.shell:Creating environment hook '/home/arya/robot_ws/install/pubsub_interface_py/share/pubsub_interface_py/hook/pythonpath.ps1'
[4.282s] INFO:colcon.colcon_core.shell:Creating environment descriptor '/home/arya/robot_ws/install/pubsub_interface_py/share/pubsub_interface_py/hook/pythonpath.dsv'
[4.283s] INFO:colcon.colcon_core.shell:Creating environment hook '/home/arya/robot_ws/install/pubsub_interface_py/share/pubsub_interface_py/hook/pythonpath.sh'
[4.283s] Level 1:colcon.colcon_core.environment:checking '/home/arya/robot_ws/install/pubsub_interface_py/bin'
[4.283s] Level 1:colcon.colcon_core.environment:create_environment_scripts_only(pubsub_interface_py)
[4.284s] INFO:colcon.colcon_core.shell:Creating package script '/home/arya/robot_ws/install/pubsub_interface_py/share/pubsub_interface_py/package.ps1'
[4.284s] INFO:colcon.colcon_core.shell:Creating package descriptor '/home/arya/robot_ws/install/pubsub_interface_py/share/pubsub_interface_py/package.dsv'
[4.285s] INFO:colcon.colcon_core.shell:Creating package script '/home/arya/robot_ws/install/pubsub_interface_py/share/pubsub_interface_py/package.sh'
[4.285s] INFO:colcon.colcon_core.shell:Creating package script '/home/arya/robot_ws/install/pubsub_interface_py/share/pubsub_interface_py/package.bash'
[4.286s] INFO:colcon.colcon_core.shell:Creating package script '/home/arya/robot_ws/install/pubsub_interface_py/share/pubsub_interface_py/package.zsh'
[4.286s] Level 1:colcon.colcon_core.environment:create_file_with_runtime_dependencies(/home/arya/robot_ws/install/pubsub_interface_py/share/colcon-core/packages/pubsub_interface_py)
[4.287s] DEBUG:colcon.colcon_parallel_executor.executor.parallel:closing loop
[4.287s] DEBUG:colcon.colcon_parallel_executor.executor.parallel:loop closed
[4.287s] DEBUG:colcon.colcon_parallel_executor.executor.parallel:run_until_complete finished with '0'
[4.287s] DEBUG:colcon.colcon_core.event_reactor:joining thread
[4.299s] INFO:colcon.colcon_core.plugin_system:Skipping extension 'colcon_notification.desktop_notification.terminal_notifier': Not used on non-Darwin systems
[4.299s] INFO:colcon.colcon_core.plugin_system:Skipping extension 'colcon_notification.desktop_notification.win32': Not used on non-Windows systems
[4.300s] INFO:colcon.colcon_notification.desktop_notification:Sending desktop notification using 'notify2'
[4.340s] DEBUG:colcon.colcon_core.event_reactor:joined thread
[4.340s] INFO:colcon.colcon_core.shell:Creating prefix script '/home/arya/robot_ws/install/local_setup.ps1'
[4.342s] INFO:colcon.colcon_core.shell:Creating prefix util module '/home/arya/robot_ws/install/_local_setup_util_ps1.py'
[4.344s] INFO:colcon.colcon_core.shell:Creating prefix chain script '/home/arya/robot_ws/install/setup.ps1'
[4.346s] INFO:colcon.colcon_core.shell:Creating prefix script '/home/arya/robot_ws/install/local_setup.sh'
[4.347s] INFO:colcon.colcon_core.shell:Creating prefix util module '/home/arya/robot_ws/install/_local_setup_util_sh.py'
[4.348s] INFO:colcon.colcon_core.shell:Creating prefix chain script '/home/arya/robot_ws/install/setup.sh'
[4.350s] INFO:colcon.colcon_core.shell:Creating prefix script '/home/arya/robot_ws/install/local_setup.bash'
[4.351s] INFO:colcon.colcon_core.shell:Creating prefix chain script '/home/arya/robot_ws/install/setup.bash'
[4.353s] INFO:colcon.colcon_core.shell:Creating prefix script '/home/arya/robot_ws/install/local_setup.zsh'
[4.354s] INFO:colcon.colcon_core.shell:Creating prefix chain script '/home/arya/robot_ws/install/setup.zsh'
