[0.029s] Invoking command in '/home/arya/robot_ws/build/more_interfaces': CMAKE_PREFIX_PATH=${CMAKE_PREFIX_PATH}:/home/arya/robot_ws/install/srvcli_py:/home/arya/robot_ws/install/pubsub_py:/home/arya/robot_ws/install/pubsub_interface_py:/opt/ros/humble /usr/bin/cmake --build /home/arya/robot_ws/build/more_interfaces -- -j4 -l4
[0.367s] -- Found ament_cmake: 1.3.11 (/opt/ros/humble/share/ament_cmake/cmake)
[0.367s] -- Override CMake install command with custom implementation using symlinks instead of copying resources
[0.367s] -- Found rclcpp: 16.0.11 (/opt/ros/humble/share/rclcpp/cmake)
[0.367s] -- Found rosidl_generator_c: 3.1.6 (/opt/ros/humble/share/rosidl_generator_c/cmake)
[0.367s] -- Found rosidl_adapter: 3.1.6 (/opt/ros/humble/share/rosidl_adapter/cmake)
[0.367s] -- Found rosidl_generator_cpp: 3.1.6 (/opt/ros/humble/share/rosidl_generator_cpp/cmake)
[0.367s] -- Using all available rosidl_typesupport_c: rosidl_typesupport_fastrtps_c;rosidl_typesupport_introspection_c
[0.367s] -- Using all available rosidl_typesupport_cpp: rosidl_typesupport_fastrtps_cpp;rosidl_typesupport_introspection_cpp
[0.376s] -- Found rmw_implementation_cmake: 6.1.2 (/opt/ros/humble/share/rmw_implementation_cmake/cmake)
[0.377s] -- Found rmw_fastrtps_cpp: 6.2.7 (/opt/ros/humble/share/rmw_fastrtps_cpp/cmake)
[0.484s] -- Using RMW implementation 'rmw_fastrtps_cpp' as default
[0.554s] -- Found rosidl_default_generators: 1.2.0 (/opt/ros/humble/share/rosidl_default_generators/cmake)
[0.871s] -- Found ament_cmake_ros: 0.10.0 (/opt/ros/humble/share/ament_cmake_ros/cmake)
[1.242s] -- Using all available rosidl_typesupport_c: rosidl_typesupport_fastrtps_c;rosidl_typesupport_introspection_c
[1.381s] -- Using all available rosidl_typesupport_cpp: rosidl_typesupport_fastrtps_cpp;rosidl_typesupport_introspection_cpp
[1.406s] -- Found python_cmake_module: 0.10.0 (/opt/ros/humble/share/python_cmake_module/cmake)
[1.432s] -- Using PYTHON_EXECUTABLE: /usr/bin/python3
[1.433s] -- Using PYTHON_INCLUDE_DIRS: /usr/include/python3.10
[1.434s] -- Using PYTHON_LIBRARIES: /usr/lib/x86_64-linux-gnu/libpython3.10.so
[1.463s] -- Found ament_lint_auto: 0.12.11 (/opt/ros/humble/share/ament_lint_auto/cmake)
[1.485s] -- Added test 'cppcheck' to perform static code analysis on C / C++ code
[1.486s] -- Configured cppcheck include dirs: 
[1.486s] -- Configured cppcheck exclude dirs and/or files: 
[1.488s] -- Added test 'lint_cmake' to check CMake code style
[1.490s] -- Added test 'uncrustify' to check C / C++ code style
[1.490s] -- Configured uncrustify additional arguments: 
[1.491s] -- Added test 'xmllint' to check XML markup files
[1.501s] -- Configuring done
[1.623s] -- Generating done
[1.661s] -- Build files have been written to: /home/arya/robot_ws/build/more_interfaces
[1.722s] [35m[1mConsolidate compiler generated dependencies of target more_interfaces__rosidl_generator_c[0m
[1.761s] [  9%] Built target more_interfaces__rosidl_generator_c
[1.761s] [ 12%] Built target more_interfaces__cpp
[1.770s] [ 12%] Built target ament_cmake_python_symlink_more_interfaces
[1.776s] [35m[1mConsolidate compiler generated dependencies of target more_interfaces__rosidl_typesupport_introspection_c[0m
[1.779s] [35m[1mConsolidate compiler generated dependencies of target more_interfaces__rosidl_typesupport_fastrtps_c[0m
[1.779s] [35m[1mConsolidate compiler generated dependencies of target more_interfaces__rosidl_typesupport_c[0m
[1.793s] [35m[1mConsolidate compiler generated dependencies of target more_interfaces__rosidl_typesupport_introspection_cpp[0m
[1.801s] [ 21%] Built target more_interfaces__rosidl_typesupport_introspection_c
[1.812s] [ 30%] Built target more_interfaces__rosidl_typesupport_c
[1.815s] [ 39%] Built target more_interfaces__rosidl_typesupport_fastrtps_c
[1.821s] [ 48%] Built target more_interfaces__rosidl_typesupport_introspection_cpp
[1.827s] [35m[1mConsolidate compiler generated dependencies of target more_interfaces__rosidl_typesupport_fastrtps_cpp[0m
[1.830s] [35m[1mConsolidate compiler generated dependencies of target more_interfaces__rosidl_typesupport_cpp[0m
[1.851s] [ 57%] Built target more_interfaces__rosidl_typesupport_cpp
[1.863s] [ 66%] Built target more_interfaces__rosidl_typesupport_fastrtps_cpp
[1.881s] [35m[1mConsolidate compiler generated dependencies of target publish_address_book[0m
[1.913s] [ 69%] Built target more_interfaces
[1.917s] [ 72%] Built target publish_address_book
[1.969s] [ 75%] Built target more_interfaces__py
[1.999s] [35m[1mConsolidate compiler generated dependencies of target more_interfaces__rosidl_generator_py[0m
[2.031s] [ 81%] Built target more_interfaces__rosidl_generator_py
[2.049s] [35m[1mConsolidate compiler generated dependencies of target more_interfaces__rosidl_typesupport_fastrtps_c__pyext[0m
[2.070s] [35m[1mConsolidate compiler generated dependencies of target more_interfaces__rosidl_typesupport_introspection_c__pyext[0m
[2.076s] [ 87%] Built target more_interfaces__rosidl_typesupport_fastrtps_c__pyext
[2.078s] [35m[1mConsolidate compiler generated dependencies of target more_interfaces__rosidl_typesupport_c__pyext[0m
[2.095s] [ 93%] Built target more_interfaces__rosidl_typesupport_introspection_c__pyext
[2.104s] [100%] Built target more_interfaces__rosidl_typesupport_c__pyext
[2.173s] running egg_info
[2.173s] writing more_interfaces.egg-info/PKG-INFO
[2.173s] writing dependency_links to more_interfaces.egg-info/dependency_links.txt
[2.174s] writing top-level names to more_interfaces.egg-info/top_level.txt
[2.176s] reading manifest file 'more_interfaces.egg-info/SOURCES.txt'
[2.181s] writing manifest file 'more_interfaces.egg-info/SOURCES.txt'
[2.218s] [100%] Built target ament_cmake_python_build_more_interfaces_egg
[2.233s] Invoked command in '/home/arya/robot_ws/build/more_interfaces' returned '0': CMAKE_PREFIX_PATH=${CMAKE_PREFIX_PATH}:/home/arya/robot_ws/install/srvcli_py:/home/arya/robot_ws/install/pubsub_py:/home/arya/robot_ws/install/pubsub_interface_py:/opt/ros/humble /usr/bin/cmake --build /home/arya/robot_ws/build/more_interfaces -- -j4 -l4
[2.234s] Invoking command in '/home/arya/robot_ws/build/more_interfaces': CMAKE_PREFIX_PATH=${CMAKE_PREFIX_PATH}:/home/arya/robot_ws/install/srvcli_py:/home/arya/robot_ws/install/pubsub_py:/home/arya/robot_ws/install/pubsub_interface_py:/opt/ros/humble /usr/bin/cmake --install /home/arya/robot_ws/build/more_interfaces
[2.244s] -- Install configuration: ""
[2.245s] -- Execute custom install script
[2.246s] -- Up-to-date symlink: /home/arya/robot_ws/install/more_interfaces/share/ament_index/resource_index/rosidl_interfaces/more_interfaces
[2.246s] -- Up-to-date symlink: /home/arya/robot_ws/install/more_interfaces/include/more_interfaces/more_interfaces/msg/address_book.h
[2.246s] -- Up-to-date symlink: /home/arya/robot_ws/install/more_interfaces/include/more_interfaces/more_interfaces/msg/detail/address_book__functions.h
[2.246s] -- Up-to-date symlink: /home/arya/robot_ws/install/more_interfaces/include/more_interfaces/more_interfaces/msg/detail/address_book__struct.h
[2.246s] -- Up-to-date symlink: /home/arya/robot_ws/install/more_interfaces/include/more_interfaces/more_interfaces/msg/detail/address_book__type_support.h
[2.247s] -- Up-to-date symlink: /home/arya/robot_ws/install/more_interfaces/include/more_interfaces/more_interfaces/msg/rosidl_generator_c__visibility_control.h
[2.247s] -- Up-to-date symlink: /home/arya/robot_ws/install/more_interfaces/share/more_interfaces/environment/library_path.sh
[2.247s] -- Up-to-date symlink: /home/arya/robot_ws/install/more_interfaces/share/more_interfaces/environment/library_path.dsv
[2.247s] -- Up-to-date symlink: /home/arya/robot_ws/install/more_interfaces/include/more_interfaces/more_interfaces/msg/detail/address_book__rosidl_typesupport_fastrtps_c.h
[2.248s] -- Up-to-date symlink: /home/arya/robot_ws/install/more_interfaces/include/more_interfaces/more_interfaces/msg/rosidl_typesupport_fastrtps_c__visibility_control.h
[2.249s] -- Up-to-date symlink: /home/arya/robot_ws/install/more_interfaces/include/more_interfaces/more_interfaces/msg/address_book.hpp
[2.249s] -- Up-to-date symlink: /home/arya/robot_ws/install/more_interfaces/include/more_interfaces/more_interfaces/msg/detail/address_book__builder.hpp
[2.249s] -- Up-to-date symlink: /home/arya/robot_ws/install/more_interfaces/include/more_interfaces/more_interfaces/msg/detail/address_book__struct.hpp
[2.249s] -- Up-to-date symlink: /home/arya/robot_ws/install/more_interfaces/include/more_interfaces/more_interfaces/msg/detail/address_book__traits.hpp
[2.253s] -- Up-to-date symlink: /home/arya/robot_ws/install/more_interfaces/include/more_interfaces/more_interfaces/msg/detail/address_book__type_support.hpp
[2.253s] -- Up-to-date symlink: /home/arya/robot_ws/install/more_interfaces/include/more_interfaces/more_interfaces/msg/rosidl_generator_cpp__visibility_control.hpp
[2.253s] -- Up-to-date symlink: /home/arya/robot_ws/install/more_interfaces/include/more_interfaces/more_interfaces/msg/detail/address_book__rosidl_typesupport_fastrtps_cpp.hpp
[2.253s] -- Up-to-date symlink: /home/arya/robot_ws/install/more_interfaces/include/more_interfaces/more_interfaces/msg/rosidl_typesupport_fastrtps_cpp__visibility_control.h
[2.253s] -- Up-to-date symlink: /home/arya/robot_ws/install/more_interfaces/include/more_interfaces/more_interfaces/msg/detail/address_book__rosidl_typesupport_introspection_c.h
[2.253s] -- Up-to-date symlink: /home/arya/robot_ws/install/more_interfaces/include/more_interfaces/more_interfaces/msg/rosidl_typesupport_introspection_c__visibility_control.h
[2.253s] -- Up-to-date symlink: /home/arya/robot_ws/install/more_interfaces/include/more_interfaces/more_interfaces/msg/detail/address_book__rosidl_typesupport_introspection_cpp.hpp
[2.253s] -- Up-to-date symlink: /home/arya/robot_ws/install/more_interfaces/share/more_interfaces/environment/pythonpath.sh
[2.253s] -- Up-to-date symlink: /home/arya/robot_ws/install/more_interfaces/share/more_interfaces/environment/pythonpath.dsv
[2.253s] -- Up-to-date symlink: /home/arya/robot_ws/install/more_interfaces/local/lib/python3.10/dist-packages/more_interfaces-0.0.0-py3.10.egg-info/PKG-INFO
[2.253s] -- Up-to-date symlink: /home/arya/robot_ws/install/more_interfaces/local/lib/python3.10/dist-packages/more_interfaces-0.0.0-py3.10.egg-info/SOURCES.txt
[2.253s] -- Up-to-date symlink: /home/arya/robot_ws/install/more_interfaces/local/lib/python3.10/dist-packages/more_interfaces-0.0.0-py3.10.egg-info/dependency_links.txt
[2.254s] -- Up-to-date symlink: /home/arya/robot_ws/install/more_interfaces/local/lib/python3.10/dist-packages/more_interfaces-0.0.0-py3.10.egg-info/top_level.txt
[2.254s] -- Up-to-date symlink: /home/arya/robot_ws/install/more_interfaces/local/lib/python3.10/dist-packages/more_interfaces/__init__.py
[2.254s] -- Up-to-date symlink: /home/arya/robot_ws/install/more_interfaces/local/lib/python3.10/dist-packages/more_interfaces/_more_interfaces_s.ep.rosidl_typesupport_c.c
[2.254s] -- Up-to-date symlink: /home/arya/robot_ws/install/more_interfaces/local/lib/python3.10/dist-packages/more_interfaces/_more_interfaces_s.ep.rosidl_typesupport_fastrtps_c.c
[2.254s] -- Up-to-date symlink: /home/arya/robot_ws/install/more_interfaces/local/lib/python3.10/dist-packages/more_interfaces/_more_interfaces_s.ep.rosidl_typesupport_introspection_c.c
[2.254s] -- Up-to-date symlink: /home/arya/robot_ws/install/more_interfaces/local/lib/python3.10/dist-packages/more_interfaces/libmore_interfaces__rosidl_generator_py.so
[2.254s] -- Up-to-date symlink: /home/arya/robot_ws/install/more_interfaces/local/lib/python3.10/dist-packages/more_interfaces/more_interfaces_s__rosidl_typesupport_c.cpython-310-x86_64-linux-gnu.so
[2.254s] -- Up-to-date symlink: /home/arya/robot_ws/install/more_interfaces/local/lib/python3.10/dist-packages/more_interfaces/more_interfaces_s__rosidl_typesupport_fastrtps_c.cpython-310-x86_64-linux-gnu.so
[2.254s] -- Up-to-date symlink: /home/arya/robot_ws/install/more_interfaces/local/lib/python3.10/dist-packages/more_interfaces/more_interfaces_s__rosidl_typesupport_introspection_c.cpython-310-x86_64-linux-gnu.so
[2.255s] -- Up-to-date symlink: /home/arya/robot_ws/install/more_interfaces/local/lib/python3.10/dist-packages/more_interfaces/msg/__init__.py
[2.255s] -- Up-to-date symlink: /home/arya/robot_ws/install/more_interfaces/local/lib/python3.10/dist-packages/more_interfaces/msg/_address_book.py
[2.255s] -- Up-to-date symlink: /home/arya/robot_ws/install/more_interfaces/local/lib/python3.10/dist-packages/more_interfaces/msg/_address_book_s.c
[2.255s] -- Up-to-date symlink: /home/arya/robot_ws/install/more_interfaces/local/lib/python3.10/dist-packages/more_interfaces/more_interfaces_s__rosidl_typesupport_fastrtps_c.cpython-310-x86_64-linux-gnu.so
[2.255s] -- Up-to-date symlink: /home/arya/robot_ws/install/more_interfaces/local/lib/python3.10/dist-packages/more_interfaces/more_interfaces_s__rosidl_typesupport_introspection_c.cpython-310-x86_64-linux-gnu.so
[2.255s] -- Up-to-date symlink: /home/arya/robot_ws/install/more_interfaces/local/lib/python3.10/dist-packages/more_interfaces/more_interfaces_s__rosidl_typesupport_c.cpython-310-x86_64-linux-gnu.so
[2.255s] -- Up-to-date symlink: /home/arya/robot_ws/install/more_interfaces/share/more_interfaces/msg/AddressBook.idl
[2.255s] -- Up-to-date symlink: /home/arya/robot_ws/install/more_interfaces/share/more_interfaces/msg/AddressBook.msg
[2.256s] -- Up-to-date symlink: /home/arya/robot_ws/install/more_interfaces/lib/more_interfaces/publish_address_book
[2.256s] -- Up-to-date symlink: /home/arya/robot_ws/install/more_interfaces/share/ament_index/resource_index/package_run_dependencies/more_interfaces
[2.256s] -- Up-to-date symlink: /home/arya/robot_ws/install/more_interfaces/share/ament_index/resource_index/parent_prefix_path/more_interfaces
[2.257s] -- Up-to-date symlink: /home/arya/robot_ws/install/more_interfaces/share/more_interfaces/environment/ament_prefix_path.sh
[2.257s] -- Up-to-date symlink: /home/arya/robot_ws/install/more_interfaces/share/more_interfaces/environment/ament_prefix_path.dsv
[2.257s] -- Up-to-date symlink: /home/arya/robot_ws/install/more_interfaces/share/more_interfaces/environment/path.sh
[2.258s] -- Up-to-date symlink: /home/arya/robot_ws/install/more_interfaces/share/more_interfaces/environment/path.dsv
[2.258s] -- Up-to-date symlink: /home/arya/robot_ws/install/more_interfaces/share/more_interfaces/local_setup.bash
[2.258s] -- Up-to-date symlink: /home/arya/robot_ws/install/more_interfaces/share/more_interfaces/local_setup.sh
[2.261s] -- Up-to-date symlink: /home/arya/robot_ws/install/more_interfaces/share/more_interfaces/local_setup.zsh
[2.261s] -- Up-to-date symlink: /home/arya/robot_ws/install/more_interfaces/share/more_interfaces/local_setup.dsv
[2.262s] -- Symlinking: /home/arya/robot_ws/install/more_interfaces/share/more_interfaces/package.dsv
[2.285s] -- Up-to-date symlink: /home/arya/robot_ws/install/more_interfaces/share/ament_index/resource_index/packages/more_interfaces
[2.285s] -- Up-to-date symlink: /home/arya/robot_ws/install/more_interfaces/share/more_interfaces/cmake/rosidl_cmake-extras.cmake
[2.285s] -- Up-to-date symlink: /home/arya/robot_ws/install/more_interfaces/share/more_interfaces/cmake/ament_cmake_export_include_directories-extras.cmake
[2.285s] -- Up-to-date symlink: /home/arya/robot_ws/install/more_interfaces/share/more_interfaces/cmake/ament_cmake_export_libraries-extras.cmake
[2.286s] -- Up-to-date symlink: /home/arya/robot_ws/install/more_interfaces/share/more_interfaces/cmake/ament_cmake_export_targets-extras.cmake
[2.287s] -- Up-to-date symlink: /home/arya/robot_ws/install/more_interfaces/share/more_interfaces/cmake/rosidl_cmake_export_typesupport_targets-extras.cmake
[2.287s] -- Up-to-date symlink: /home/arya/robot_ws/install/more_interfaces/share/more_interfaces/cmake/ament_cmake_export_dependencies-extras.cmake
[2.287s] -- Up-to-date symlink: /home/arya/robot_ws/install/more_interfaces/share/more_interfaces/cmake/rosidl_cmake_export_typesupport_libraries-extras.cmake
[2.287s] -- Up-to-date symlink: /home/arya/robot_ws/install/more_interfaces/share/more_interfaces/cmake/more_interfacesConfig.cmake
[2.287s] -- Up-to-date symlink: /home/arya/robot_ws/install/more_interfaces/share/more_interfaces/cmake/more_interfacesConfig-version.cmake
[2.287s] -- Up-to-date symlink: /home/arya/robot_ws/install/more_interfaces/share/more_interfaces/package.xml
[2.287s] -- Up-to-date: /home/arya/robot_ws/install/more_interfaces/lib/libmore_interfaces__rosidl_generator_c.so
[2.287s] -- Up-to-date: /home/arya/robot_ws/install/more_interfaces/lib/libmore_interfaces__rosidl_typesupport_fastrtps_c.so
[2.288s] -- Up-to-date: /home/arya/robot_ws/install/more_interfaces/lib/libmore_interfaces__rosidl_typesupport_fastrtps_cpp.so
[2.290s] -- Up-to-date: /home/arya/robot_ws/install/more_interfaces/lib/libmore_interfaces__rosidl_typesupport_introspection_c.so
[2.290s] -- Up-to-date: /home/arya/robot_ws/install/more_interfaces/lib/libmore_interfaces__rosidl_typesupport_c.so
[2.290s] -- Up-to-date: /home/arya/robot_ws/install/more_interfaces/lib/libmore_interfaces__rosidl_typesupport_introspection_cpp.so
[2.290s] -- Up-to-date: /home/arya/robot_ws/install/more_interfaces/lib/libmore_interfaces__rosidl_typesupport_cpp.so
[2.333s] Listing '/home/arya/robot_ws/install/more_interfaces/local/lib/python3.10/dist-packages/more_interfaces'...
[2.333s] Compiling '/home/arya/robot_ws/install/more_interfaces/local/lib/python3.10/dist-packages/more_interfaces/__init__.py'...
[2.333s] Listing '/home/arya/robot_ws/install/more_interfaces/local/lib/python3.10/dist-packages/more_interfaces/msg'...
[2.339s] -- Up-to-date: /home/arya/robot_ws/install/more_interfaces/lib/libmore_interfaces__rosidl_generator_py.so
[2.339s] -- Up-to-date: /home/arya/robot_ws/install/more_interfaces/share/more_interfaces/cmake/export_more_interfaces__rosidl_generator_cExport.cmake
[2.339s] -- Up-to-date: /home/arya/robot_ws/install/more_interfaces/share/more_interfaces/cmake/export_more_interfaces__rosidl_generator_cExport-noconfig.cmake
[2.339s] -- Up-to-date: /home/arya/robot_ws/install/more_interfaces/share/more_interfaces/cmake/export_more_interfaces__rosidl_typesupport_fastrtps_cExport.cmake
[2.339s] -- Up-to-date: /home/arya/robot_ws/install/more_interfaces/share/more_interfaces/cmake/export_more_interfaces__rosidl_typesupport_fastrtps_cExport-noconfig.cmake
[2.340s] -- Up-to-date: /home/arya/robot_ws/install/more_interfaces/share/more_interfaces/cmake/export_more_interfaces__rosidl_generator_cppExport.cmake
[2.340s] -- Up-to-date: /home/arya/robot_ws/install/more_interfaces/share/more_interfaces/cmake/export_more_interfaces__rosidl_typesupport_fastrtps_cppExport.cmake
[2.340s] -- Up-to-date: /home/arya/robot_ws/install/more_interfaces/share/more_interfaces/cmake/export_more_interfaces__rosidl_typesupport_fastrtps_cppExport-noconfig.cmake
[2.340s] -- Up-to-date: /home/arya/robot_ws/install/more_interfaces/share/more_interfaces/cmake/more_interfaces__rosidl_typesupport_introspection_cExport.cmake
[2.340s] -- Up-to-date: /home/arya/robot_ws/install/more_interfaces/share/more_interfaces/cmake/more_interfaces__rosidl_typesupport_introspection_cExport-noconfig.cmake
[2.341s] -- Up-to-date: /home/arya/robot_ws/install/more_interfaces/share/more_interfaces/cmake/more_interfaces__rosidl_typesupport_cExport.cmake
[2.341s] -- Up-to-date: /home/arya/robot_ws/install/more_interfaces/share/more_interfaces/cmake/more_interfaces__rosidl_typesupport_cExport-noconfig.cmake
[2.341s] -- Up-to-date: /home/arya/robot_ws/install/more_interfaces/share/more_interfaces/cmake/more_interfaces__rosidl_typesupport_introspection_cppExport.cmake
[2.341s] -- Up-to-date: /home/arya/robot_ws/install/more_interfaces/share/more_interfaces/cmake/more_interfaces__rosidl_typesupport_introspection_cppExport-noconfig.cmake
[2.341s] -- Up-to-date: /home/arya/robot_ws/install/more_interfaces/share/more_interfaces/cmake/more_interfaces__rosidl_typesupport_cppExport.cmake
[2.341s] -- Up-to-date: /home/arya/robot_ws/install/more_interfaces/share/more_interfaces/cmake/more_interfaces__rosidl_typesupport_cppExport-noconfig.cmake
[2.342s] -- Up-to-date: /home/arya/robot_ws/install/more_interfaces/share/more_interfaces/cmake/export_more_interfaces__rosidl_generator_pyExport.cmake
[2.342s] -- Up-to-date: /home/arya/robot_ws/install/more_interfaces/share/more_interfaces/cmake/export_more_interfaces__rosidl_generator_pyExport-noconfig.cmake
[2.348s] Invoked command in '/home/arya/robot_ws/build/more_interfaces' returned '0': CMAKE_PREFIX_PATH=${CMAKE_PREFIX_PATH}:/home/arya/robot_ws/install/srvcli_py:/home/arya/robot_ws/install/pubsub_py:/home/arya/robot_ws/install/pubsub_interface_py:/opt/ros/humble /usr/bin/cmake --install /home/arya/robot_ws/build/more_interfaces
