running develop
Removing /home/arya/robot_ws/install/pubsub_interface_py/lib/python3.10/site-packages/pubsub-interface-py.egg-link (link to .)
running egg_info
writing ../../build/pubsub_interface_py/pubsub_interface_py.egg-info/PKG-INFO
writing dependency_links to ../../build/pubsub_interface_py/pubsub_interface_py.egg-info/dependency_links.txt
writing entry points to ../../build/pubsub_interface_py/pubsub_interface_py.egg-info/entry_points.txt
writing requirements to ../../build/pubsub_interface_py/pubsub_interface_py.egg-info/requires.txt
writing top-level names to ../../build/pubsub_interface_py/pubsub_interface_py.egg-info/top_level.txt
reading manifest file '../../build/pubsub_interface_py/pubsub_interface_py.egg-info/SOURCES.txt'
writing manifest file '../../build/pubsub_interface_py/pubsub_interface_py.egg-info/SOURCES.txt'
running build
running build_py
creating /home/arya/robot_ws/build/pubsub_interface_py/build
creating /home/arya/robot_ws/build/pubsub_interface_py/build/lib
creating /home/arya/robot_ws/build/pubsub_interface_py/build/lib/pubsub_interface_py
copying pubsub_interface_py/pub.py -> /home/arya/robot_ws/build/pubsub_interface_py/build/lib/pubsub_interface_py
copying pubsub_interface_py/sub.py -> /home/arya/robot_ws/build/pubsub_interface_py/build/lib/pubsub_interface_py
copying pubsub_interface_py/__init__.py -> /home/arya/robot_ws/build/pubsub_interface_py/build/lib/pubsub_interface_py
running install
running install_lib
creating /home/arya/robot_ws/install/pubsub_interface_py/lib/python3.10/site-packages/pubsub_interface_py
copying /home/arya/robot_ws/build/pubsub_interface_py/build/lib/pubsub_interface_py/pub.py -> /home/arya/robot_ws/install/pubsub_interface_py/lib/python3.10/site-packages/pubsub_interface_py
copying /home/arya/robot_ws/build/pubsub_interface_py/build/lib/pubsub_interface_py/sub.py -> /home/arya/robot_ws/install/pubsub_interface_py/lib/python3.10/site-packages/pubsub_interface_py
copying /home/arya/robot_ws/build/pubsub_interface_py/build/lib/pubsub_interface_py/__init__.py -> /home/arya/robot_ws/install/pubsub_interface_py/lib/python3.10/site-packages/pubsub_interface_py
byte-compiling /home/arya/robot_ws/install/pubsub_interface_py/lib/python3.10/site-packages/pubsub_interface_py/pub.py to pub.cpython-310.pyc
byte-compiling /home/arya/robot_ws/install/pubsub_interface_py/lib/python3.10/site-packages/pubsub_interface_py/sub.py to sub.cpython-310.pyc
byte-compiling /home/arya/robot_ws/install/pubsub_interface_py/lib/python3.10/site-packages/pubsub_interface_py/__init__.py to __init__.cpython-310.pyc
running install_data
copying resource/pubsub_interface_py -> /home/arya/robot_ws/install/pubsub_interface_py/share/ament_index/resource_index/packages
copying package.xml -> /home/arya/robot_ws/install/pubsub_interface_py/share/pubsub_interface_py
running install_egg_info
Copying ../../build/pubsub_interface_py/pubsub_interface_py.egg-info to /home/arya/robot_ws/install/pubsub_interface_py/lib/python3.10/site-packages/pubsub_interface_py-0.0.0-py3.10.egg-info
running install_scripts
Installing pub script to /home/arya/robot_ws/install/pubsub_interface_py/lib/pubsub_interface_py
Installing sub script to /home/arya/robot_ws/install/pubsub_interface_py/lib/pubsub_interface_py
writing list of installed files to '/home/arya/robot_ws/build/pubsub_interface_py/install.log'
