[0.717s] Invoking command in '/home/arya/robot_ws/build/pubsub_interface_py': CMAKE_PREFIX_PATH=/home/arya/robot_ws/install/pkg_interfaces:/home/arya/robot_ws/install/tutorial_interfaces PYTHONPATH=/home/arya/robot_ws/build/pubsub_interface_py/prefix_override:/usr/lib/python3/dist-packages/colcon_core/task/python/colcon_distutils_commands:/home/arya/robot_ws/install/pubsub_interface_py/lib/python3.10/site-packages:${PYTHONPATH} /usr/bin/python3 -W ignore:setup.py install is deprecated -W ignore:easy_install command is deprecated setup.py develop --uninstall --editable --build-directory /home/arya/robot_ws/build/pubsub_interface_py/build
[1.006s] running develop
[1.179s] Removing /home/arya/robot_ws/install/pubsub_interface_py/lib/python3.10/site-packages/pubsub-interface-py.egg-link (link to .)
[1.212s] Invoked command in '/home/arya/robot_ws/build/pubsub_interface_py' returned '0': CMAKE_PREFIX_PATH=/home/arya/robot_ws/install/pkg_interfaces:/home/arya/robot_ws/install/tutorial_interfaces PYTHONPATH=/home/arya/robot_ws/build/pubsub_interface_py/prefix_override:/usr/lib/python3/dist-packages/colcon_core/task/python/colcon_distutils_commands:/home/arya/robot_ws/install/pubsub_interface_py/lib/python3.10/site-packages:${PYTHONPATH} /usr/bin/python3 -W ignore:setup.py install is deprecated -W ignore:easy_install command is deprecated setup.py develop --uninstall --editable --build-directory /home/arya/robot_ws/build/pubsub_interface_py/build
[1.214s] Invoking command in '/home/arya/robot_ws/src/pubsub_interface_py': CMAKE_PREFIX_PATH=/home/arya/robot_ws/install/pkg_interfaces:/home/arya/robot_ws/install/tutorial_interfaces PYTHONPATH=/home/arya/robot_ws/build/pubsub_interface_py/prefix_override:/usr/lib/python3/dist-packages/colcon_core/task/python/colcon_distutils_commands:/home/arya/robot_ws/install/pubsub_interface_py/lib/python3.10/site-packages:${PYTHONPATH} /usr/bin/python3 -W ignore:setup.py install is deprecated -W ignore:easy_install command is deprecated setup.py egg_info --egg-base ../../build/pubsub_interface_py build --build-base /home/arya/robot_ws/build/pubsub_interface_py/build install --record /home/arya/robot_ws/build/pubsub_interface_py/install.log --single-version-externally-managed install_data --force
[1.487s] running egg_info
[1.487s] writing ../../build/pubsub_interface_py/pubsub_interface_py.egg-info/PKG-INFO
[1.488s] writing dependency_links to ../../build/pubsub_interface_py/pubsub_interface_py.egg-info/dependency_links.txt
[1.488s] writing entry points to ../../build/pubsub_interface_py/pubsub_interface_py.egg-info/entry_points.txt
[1.488s] writing requirements to ../../build/pubsub_interface_py/pubsub_interface_py.egg-info/requires.txt
[1.488s] writing top-level names to ../../build/pubsub_interface_py/pubsub_interface_py.egg-info/top_level.txt
[1.490s] reading manifest file '../../build/pubsub_interface_py/pubsub_interface_py.egg-info/SOURCES.txt'
[1.492s] writing manifest file '../../build/pubsub_interface_py/pubsub_interface_py.egg-info/SOURCES.txt'
[1.492s] running build
[1.492s] running build_py
[1.492s] creating /home/arya/robot_ws/build/pubsub_interface_py/build
[1.492s] creating /home/arya/robot_ws/build/pubsub_interface_py/build/lib
[1.492s] creating /home/arya/robot_ws/build/pubsub_interface_py/build/lib/pubsub_interface_py
[1.492s] copying pubsub_interface_py/pub.py -> /home/arya/robot_ws/build/pubsub_interface_py/build/lib/pubsub_interface_py
[1.493s] copying pubsub_interface_py/sub.py -> /home/arya/robot_ws/build/pubsub_interface_py/build/lib/pubsub_interface_py
[1.493s] copying pubsub_interface_py/__init__.py -> /home/arya/robot_ws/build/pubsub_interface_py/build/lib/pubsub_interface_py
[1.493s] running install
[1.493s] running install_lib
[1.494s] creating /home/arya/robot_ws/install/pubsub_interface_py/lib/python3.10/site-packages/pubsub_interface_py
[1.494s] copying /home/arya/robot_ws/build/pubsub_interface_py/build/lib/pubsub_interface_py/pub.py -> /home/arya/robot_ws/install/pubsub_interface_py/lib/python3.10/site-packages/pubsub_interface_py
[1.494s] copying /home/arya/robot_ws/build/pubsub_interface_py/build/lib/pubsub_interface_py/sub.py -> /home/arya/robot_ws/install/pubsub_interface_py/lib/python3.10/site-packages/pubsub_interface_py
[1.494s] copying /home/arya/robot_ws/build/pubsub_interface_py/build/lib/pubsub_interface_py/__init__.py -> /home/arya/robot_ws/install/pubsub_interface_py/lib/python3.10/site-packages/pubsub_interface_py
[1.495s] byte-compiling /home/arya/robot_ws/install/pubsub_interface_py/lib/python3.10/site-packages/pubsub_interface_py/pub.py to pub.cpython-310.pyc
[1.495s] byte-compiling /home/arya/robot_ws/install/pubsub_interface_py/lib/python3.10/site-packages/pubsub_interface_py/sub.py to sub.cpython-310.pyc
[1.496s] byte-compiling /home/arya/robot_ws/install/pubsub_interface_py/lib/python3.10/site-packages/pubsub_interface_py/__init__.py to __init__.cpython-310.pyc
[1.496s] running install_data
[1.496s] copying resource/pubsub_interface_py -> /home/arya/robot_ws/install/pubsub_interface_py/share/ament_index/resource_index/packages
[1.496s] copying package.xml -> /home/arya/robot_ws/install/pubsub_interface_py/share/pubsub_interface_py
[1.496s] running install_egg_info
[1.498s] Copying ../../build/pubsub_interface_py/pubsub_interface_py.egg-info to /home/arya/robot_ws/install/pubsub_interface_py/lib/python3.10/site-packages/pubsub_interface_py-0.0.0-py3.10.egg-info
[1.499s] running install_scripts
[1.523s] Installing pub script to /home/arya/robot_ws/install/pubsub_interface_py/lib/pubsub_interface_py
[1.525s] Installing sub script to /home/arya/robot_ws/install/pubsub_interface_py/lib/pubsub_interface_py
[1.525s] writing list of installed files to '/home/arya/robot_ws/build/pubsub_interface_py/install.log'
[1.552s] Invoked command in '/home/arya/robot_ws/src/pubsub_interface_py' returned '0': CMAKE_PREFIX_PATH=/home/arya/robot_ws/install/pkg_interfaces:/home/arya/robot_ws/install/tutorial_interfaces PYTHONPATH=/home/arya/robot_ws/build/pubsub_interface_py/prefix_override:/usr/lib/python3/dist-packages/colcon_core/task/python/colcon_distutils_commands:/home/arya/robot_ws/install/pubsub_interface_py/lib/python3.10/site-packages:${PYTHONPATH} /usr/bin/python3 -W ignore:setup.py install is deprecated -W ignore:easy_install command is deprecated setup.py egg_info --egg-base ../../build/pubsub_interface_py build --build-base /home/arya/robot_ws/build/pubsub_interface_py/build install --record /home/arya/robot_ws/build/pubsub_interface_py/install.log --single-version-externally-managed install_data --force
