[0.314s] Invoking command in '/home/arya/robot_ws/build/more_interfaces': CMAKE_PREFIX_PATH=/opt/ros/humble /usr/bin/cmake --build /home/arya/robot_ws/build/more_interfaces -- -j4 -l4
[0.400s] [  9%] Built target more_interfaces__rosidl_generator_c
[0.401s] [ 12%] Built target more_interfaces__cpp
[0.402s] [ 12%] Built target ament_cmake_python_symlink_more_interfaces
[0.436s] [ 21%] Built target more_interfaces__rosidl_typesupport_introspection_c
[0.443s] [ 33%] Built target more_interfaces__rosidl_typesupport_introspection_cpp
[0.446s] [ 42%] Built target more_interfaces__rosidl_typesupport_fastrtps_c
[0.446s] [ 48%] Built target more_interfaces__rosidl_typesupport_c
[0.476s] [ 57%] Built target more_interfaces__rosidl_typesupport_cpp
[0.497s] [35m[1mConsolidate compiler generated dependencies of target publish_address_book[0m
[0.509s] [ 66%] Built target more_interfaces__rosidl_typesupport_fastrtps_cpp
[0.536s] [ 66%] Built target more_interfaces
[0.550s] [ 72%] Built target publish_address_book
[0.559s] [ 75%] Built target more_interfaces__py
[0.587s] [ 81%] Built target more_interfaces__rosidl_generator_py
[0.624s] [ 87%] Built target more_interfaces__rosidl_typesupport_introspection_c__pyext
[0.624s] [ 93%] Built target more_interfaces__rosidl_typesupport_c__pyext
[0.625s] [100%] Built target more_interfaces__rosidl_typesupport_fastrtps_c__pyext
[0.744s] running egg_info
[0.744s] writing more_interfaces.egg-info/PKG-INFO
[0.744s] writing dependency_links to more_interfaces.egg-info/dependency_links.txt
[0.744s] writing top-level names to more_interfaces.egg-info/top_level.txt
[0.744s] reading manifest file 'more_interfaces.egg-info/SOURCES.txt'
[0.745s] writing manifest file 'more_interfaces.egg-info/SOURCES.txt'
[0.794s] [100%] Built target ament_cmake_python_build_more_interfaces_egg
[0.822s] Invoked command in '/home/arya/robot_ws/build/more_interfaces' returned '0': CMAKE_PREFIX_PATH=/opt/ros/humble /usr/bin/cmake --build /home/arya/robot_ws/build/more_interfaces -- -j4 -l4
[0.837s] Invoking command in '/home/arya/robot_ws/build/more_interfaces': CMAKE_PREFIX_PATH=/opt/ros/humble /usr/bin/cmake --install /home/arya/robot_ws/build/more_interfaces
[0.841s] -- Install configuration: ""
[0.841s] -- Execute custom install script
[0.841s] -- Up-to-date symlink: /home/arya/robot_ws/install/more_interfaces/share/ament_index/resource_index/rosidl_interfaces/more_interfaces
[0.841s] -- Up-to-date symlink: /home/arya/robot_ws/install/more_interfaces/include/more_interfaces/more_interfaces/msg/address_book.h
[0.842s] -- Up-to-date symlink: /home/arya/robot_ws/install/more_interfaces/include/more_interfaces/more_interfaces/msg/detail/address_book__functions.h
[0.842s] -- Up-to-date symlink: /home/arya/robot_ws/install/more_interfaces/include/more_interfaces/more_interfaces/msg/detail/address_book__struct.h
[0.842s] -- Up-to-date symlink: /home/arya/robot_ws/install/more_interfaces/include/more_interfaces/more_interfaces/msg/detail/address_book__type_support.h
[0.842s] -- Up-to-date symlink: /home/arya/robot_ws/install/more_interfaces/include/more_interfaces/more_interfaces/msg/rosidl_generator_c__visibility_control.h
[0.842s] -- Up-to-date symlink: /home/arya/robot_ws/install/more_interfaces/share/more_interfaces/environment/library_path.sh
[0.842s] -- Up-to-date symlink: /home/arya/robot_ws/install/more_interfaces/share/more_interfaces/environment/library_path.dsv
[0.844s] -- Up-to-date symlink: /home/arya/robot_ws/install/more_interfaces/include/more_interfaces/more_interfaces/msg/detail/address_book__rosidl_typesupport_fastrtps_c.h
[0.846s] -- Up-to-date symlink: /home/arya/robot_ws/install/more_interfaces/include/more_interfaces/more_interfaces/msg/rosidl_typesupport_fastrtps_c__visibility_control.h
[0.846s] -- Up-to-date symlink: /home/arya/robot_ws/install/more_interfaces/include/more_interfaces/more_interfaces/msg/address_book.hpp
[0.846s] -- Up-to-date symlink: /home/arya/robot_ws/install/more_interfaces/include/more_interfaces/more_interfaces/msg/detail/address_book__builder.hpp
[0.846s] -- Up-to-date symlink: /home/arya/robot_ws/install/more_interfaces/include/more_interfaces/more_interfaces/msg/detail/address_book__struct.hpp
[0.847s] -- Up-to-date symlink: /home/arya/robot_ws/install/more_interfaces/include/more_interfaces/more_interfaces/msg/detail/address_book__traits.hpp
[0.847s] -- Up-to-date symlink: /home/arya/robot_ws/install/more_interfaces/include/more_interfaces/more_interfaces/msg/detail/address_book__type_support.hpp
[0.847s] -- Up-to-date symlink: /home/arya/robot_ws/install/more_interfaces/include/more_interfaces/more_interfaces/msg/rosidl_generator_cpp__visibility_control.hpp
[0.848s] -- Up-to-date symlink: /home/arya/robot_ws/install/more_interfaces/include/more_interfaces/more_interfaces/msg/detail/address_book__rosidl_typesupport_fastrtps_cpp.hpp
[0.848s] -- Up-to-date symlink: /home/arya/robot_ws/install/more_interfaces/include/more_interfaces/more_interfaces/msg/rosidl_typesupport_fastrtps_cpp__visibility_control.h
[0.849s] -- Up-to-date symlink: /home/arya/robot_ws/install/more_interfaces/include/more_interfaces/more_interfaces/msg/detail/address_book__rosidl_typesupport_introspection_c.h
[0.850s] -- Up-to-date symlink: /home/arya/robot_ws/install/more_interfaces/include/more_interfaces/more_interfaces/msg/rosidl_typesupport_introspection_c__visibility_control.h
[0.850s] -- Up-to-date symlink: /home/arya/robot_ws/install/more_interfaces/include/more_interfaces/more_interfaces/msg/detail/address_book__rosidl_typesupport_introspection_cpp.hpp
[0.850s] -- Up-to-date symlink: /home/arya/robot_ws/install/more_interfaces/share/more_interfaces/environment/pythonpath.sh
[0.851s] -- Up-to-date symlink: /home/arya/robot_ws/install/more_interfaces/share/more_interfaces/environment/pythonpath.dsv
[0.851s] -- Up-to-date symlink: /home/arya/robot_ws/install/more_interfaces/local/lib/python3.10/dist-packages/more_interfaces-0.0.0-py3.10.egg-info/PKG-INFO
[0.851s] -- Up-to-date symlink: /home/arya/robot_ws/install/more_interfaces/local/lib/python3.10/dist-packages/more_interfaces-0.0.0-py3.10.egg-info/SOURCES.txt
[0.852s] -- Up-to-date symlink: /home/arya/robot_ws/install/more_interfaces/local/lib/python3.10/dist-packages/more_interfaces-0.0.0-py3.10.egg-info/dependency_links.txt
[0.852s] -- Up-to-date symlink: /home/arya/robot_ws/install/more_interfaces/local/lib/python3.10/dist-packages/more_interfaces-0.0.0-py3.10.egg-info/top_level.txt
[0.853s] -- Up-to-date symlink: /home/arya/robot_ws/install/more_interfaces/local/lib/python3.10/dist-packages/more_interfaces/__init__.py
[0.853s] -- Up-to-date symlink: /home/arya/robot_ws/install/more_interfaces/local/lib/python3.10/dist-packages/more_interfaces/_more_interfaces_s.ep.rosidl_typesupport_c.c
[0.853s] -- Up-to-date symlink: /home/arya/robot_ws/install/more_interfaces/local/lib/python3.10/dist-packages/more_interfaces/_more_interfaces_s.ep.rosidl_typesupport_fastrtps_c.c
[0.854s] -- Up-to-date symlink: /home/arya/robot_ws/install/more_interfaces/local/lib/python3.10/dist-packages/more_interfaces/_more_interfaces_s.ep.rosidl_typesupport_introspection_c.c
[0.854s] -- Up-to-date symlink: /home/arya/robot_ws/install/more_interfaces/local/lib/python3.10/dist-packages/more_interfaces/libmore_interfaces__rosidl_generator_py.so
[0.854s] -- Up-to-date symlink: /home/arya/robot_ws/install/more_interfaces/local/lib/python3.10/dist-packages/more_interfaces/more_interfaces_s__rosidl_typesupport_c.cpython-310-x86_64-linux-gnu.so
[0.855s] -- Up-to-date symlink: /home/arya/robot_ws/install/more_interfaces/local/lib/python3.10/dist-packages/more_interfaces/more_interfaces_s__rosidl_typesupport_fastrtps_c.cpython-310-x86_64-linux-gnu.so
[0.855s] -- Up-to-date symlink: /home/arya/robot_ws/install/more_interfaces/local/lib/python3.10/dist-packages/more_interfaces/more_interfaces_s__rosidl_typesupport_introspection_c.cpython-310-x86_64-linux-gnu.so
[0.855s] -- Up-to-date symlink: /home/arya/robot_ws/install/more_interfaces/local/lib/python3.10/dist-packages/more_interfaces/msg/__init__.py
[0.855s] -- Up-to-date symlink: /home/arya/robot_ws/install/more_interfaces/local/lib/python3.10/dist-packages/more_interfaces/msg/_address_book.py
[0.856s] -- Up-to-date symlink: /home/arya/robot_ws/install/more_interfaces/local/lib/python3.10/dist-packages/more_interfaces/msg/_address_book_s.c
[0.856s] -- Up-to-date symlink: /home/arya/robot_ws/install/more_interfaces/local/lib/python3.10/dist-packages/more_interfaces/more_interfaces_s__rosidl_typesupport_fastrtps_c.cpython-310-x86_64-linux-gnu.so
[0.857s] -- Up-to-date symlink: /home/arya/robot_ws/install/more_interfaces/local/lib/python3.10/dist-packages/more_interfaces/more_interfaces_s__rosidl_typesupport_introspection_c.cpython-310-x86_64-linux-gnu.so
[0.857s] -- Up-to-date symlink: /home/arya/robot_ws/install/more_interfaces/local/lib/python3.10/dist-packages/more_interfaces/more_interfaces_s__rosidl_typesupport_c.cpython-310-x86_64-linux-gnu.so
[0.858s] -- Up-to-date symlink: /home/arya/robot_ws/install/more_interfaces/share/more_interfaces/msg/AddressBook.idl
[0.858s] -- Up-to-date symlink: /home/arya/robot_ws/install/more_interfaces/share/more_interfaces/msg/AddressBook.msg
[0.859s] -- Up-to-date symlink: /home/arya/robot_ws/install/more_interfaces/lib/more_interfaces/publish_address_book
[0.859s] -- Up-to-date symlink: /home/arya/robot_ws/install/more_interfaces/share/ament_index/resource_index/package_run_dependencies/more_interfaces
[0.859s] -- Up-to-date symlink: /home/arya/robot_ws/install/more_interfaces/share/ament_index/resource_index/parent_prefix_path/more_interfaces
[0.859s] -- Up-to-date symlink: /home/arya/robot_ws/install/more_interfaces/share/more_interfaces/environment/ament_prefix_path.sh
[0.859s] -- Up-to-date symlink: /home/arya/robot_ws/install/more_interfaces/share/more_interfaces/environment/ament_prefix_path.dsv
[0.875s] -- Up-to-date symlink: /home/arya/robot_ws/install/more_interfaces/share/more_interfaces/environment/path.sh
[0.875s] -- Up-to-date symlink: /home/arya/robot_ws/install/more_interfaces/share/more_interfaces/environment/path.dsv
[0.875s] -- Up-to-date symlink: /home/arya/robot_ws/install/more_interfaces/share/more_interfaces/local_setup.bash
[0.875s] -- Up-to-date symlink: /home/arya/robot_ws/install/more_interfaces/share/more_interfaces/local_setup.sh
[0.875s] -- Up-to-date symlink: /home/arya/robot_ws/install/more_interfaces/share/more_interfaces/local_setup.zsh
[0.875s] -- Up-to-date symlink: /home/arya/robot_ws/install/more_interfaces/share/more_interfaces/local_setup.dsv
[0.875s] -- Symlinking: /home/arya/robot_ws/install/more_interfaces/share/more_interfaces/package.dsv
[0.892s] -- Up-to-date symlink: /home/arya/robot_ws/install/more_interfaces/share/ament_index/resource_index/packages/more_interfaces
[0.892s] -- Up-to-date symlink: /home/arya/robot_ws/install/more_interfaces/share/more_interfaces/cmake/rosidl_cmake-extras.cmake
[0.892s] -- Up-to-date symlink: /home/arya/robot_ws/install/more_interfaces/share/more_interfaces/cmake/ament_cmake_export_include_directories-extras.cmake
[0.892s] -- Up-to-date symlink: /home/arya/robot_ws/install/more_interfaces/share/more_interfaces/cmake/ament_cmake_export_libraries-extras.cmake
[0.895s] -- Up-to-date symlink: /home/arya/robot_ws/install/more_interfaces/share/more_interfaces/cmake/ament_cmake_export_targets-extras.cmake
[0.895s] -- Up-to-date symlink: /home/arya/robot_ws/install/more_interfaces/share/more_interfaces/cmake/rosidl_cmake_export_typesupport_targets-extras.cmake
[0.907s] -- Up-to-date symlink: /home/arya/robot_ws/install/more_interfaces/share/more_interfaces/cmake/ament_cmake_export_dependencies-extras.cmake
[0.907s] -- Up-to-date symlink: /home/arya/robot_ws/install/more_interfaces/share/more_interfaces/cmake/rosidl_cmake_export_typesupport_libraries-extras.cmake
[0.907s] -- Up-to-date symlink: /home/arya/robot_ws/install/more_interfaces/share/more_interfaces/cmake/more_interfacesConfig.cmake
[0.907s] -- Up-to-date symlink: /home/arya/robot_ws/install/more_interfaces/share/more_interfaces/cmake/more_interfacesConfig-version.cmake
[0.907s] -- Up-to-date symlink: /home/arya/robot_ws/install/more_interfaces/share/more_interfaces/package.xml
[0.908s] -- Installing: /home/arya/robot_ws/install/more_interfaces/lib/libmore_interfaces__rosidl_generator_c.so
[0.908s] -- Set runtime path of "/home/arya/robot_ws/install/more_interfaces/lib/libmore_interfaces__rosidl_generator_c.so" to ""
[0.908s] -- Installing: /home/arya/robot_ws/install/more_interfaces/lib/libmore_interfaces__rosidl_typesupport_fastrtps_c.so
[0.909s] -- Set runtime path of "/home/arya/robot_ws/install/more_interfaces/lib/libmore_interfaces__rosidl_typesupport_fastrtps_c.so" to ""
[0.910s] -- Installing: /home/arya/robot_ws/install/more_interfaces/lib/libmore_interfaces__rosidl_typesupport_fastrtps_cpp.so
[0.911s] -- Set runtime path of "/home/arya/robot_ws/install/more_interfaces/lib/libmore_interfaces__rosidl_typesupport_fastrtps_cpp.so" to ""
[0.911s] -- Installing: /home/arya/robot_ws/install/more_interfaces/lib/libmore_interfaces__rosidl_typesupport_introspection_c.so
[0.911s] -- Set runtime path of "/home/arya/robot_ws/install/more_interfaces/lib/libmore_interfaces__rosidl_typesupport_introspection_c.so" to ""
[0.911s] -- Installing: /home/arya/robot_ws/install/more_interfaces/lib/libmore_interfaces__rosidl_typesupport_c.so
[0.912s] -- Set runtime path of "/home/arya/robot_ws/install/more_interfaces/lib/libmore_interfaces__rosidl_typesupport_c.so" to ""
[0.924s] -- Installing: /home/arya/robot_ws/install/more_interfaces/lib/libmore_interfaces__rosidl_typesupport_introspection_cpp.so
[0.924s] -- Set runtime path of "/home/arya/robot_ws/install/more_interfaces/lib/libmore_interfaces__rosidl_typesupport_introspection_cpp.so" to ""
[0.924s] -- Installing: /home/arya/robot_ws/install/more_interfaces/lib/libmore_interfaces__rosidl_typesupport_cpp.so
[0.924s] -- Set runtime path of "/home/arya/robot_ws/install/more_interfaces/lib/libmore_interfaces__rosidl_typesupport_cpp.so" to ""
[0.998s] Listing '/home/arya/robot_ws/install/more_interfaces/local/lib/python3.10/dist-packages/more_interfaces'...
[0.999s] Compiling '/home/arya/robot_ws/install/more_interfaces/local/lib/python3.10/dist-packages/more_interfaces/__init__.py'...
[0.999s] Listing '/home/arya/robot_ws/install/more_interfaces/local/lib/python3.10/dist-packages/more_interfaces/msg'...
[0.999s] -- Installing: /home/arya/robot_ws/install/more_interfaces/lib/libmore_interfaces__rosidl_generator_py.so
[1.001s] -- Set runtime path of "/home/arya/robot_ws/install/more_interfaces/lib/libmore_interfaces__rosidl_generator_py.so" to ""
[1.002s] -- Up-to-date: /home/arya/robot_ws/install/more_interfaces/share/more_interfaces/cmake/export_more_interfaces__rosidl_generator_cExport.cmake
[1.002s] -- Up-to-date: /home/arya/robot_ws/install/more_interfaces/share/more_interfaces/cmake/export_more_interfaces__rosidl_generator_cExport-noconfig.cmake
[1.002s] -- Up-to-date: /home/arya/robot_ws/install/more_interfaces/share/more_interfaces/cmake/export_more_interfaces__rosidl_typesupport_fastrtps_cExport.cmake
[1.002s] -- Up-to-date: /home/arya/robot_ws/install/more_interfaces/share/more_interfaces/cmake/export_more_interfaces__rosidl_typesupport_fastrtps_cExport-noconfig.cmake
[1.003s] -- Up-to-date: /home/arya/robot_ws/install/more_interfaces/share/more_interfaces/cmake/export_more_interfaces__rosidl_generator_cppExport.cmake
[1.003s] -- Up-to-date: /home/arya/robot_ws/install/more_interfaces/share/more_interfaces/cmake/export_more_interfaces__rosidl_typesupport_fastrtps_cppExport.cmake
[1.003s] -- Up-to-date: /home/arya/robot_ws/install/more_interfaces/share/more_interfaces/cmake/export_more_interfaces__rosidl_typesupport_fastrtps_cppExport-noconfig.cmake
[1.004s] -- Up-to-date: /home/arya/robot_ws/install/more_interfaces/share/more_interfaces/cmake/more_interfaces__rosidl_typesupport_introspection_cExport.cmake
[1.004s] -- Up-to-date: /home/arya/robot_ws/install/more_interfaces/share/more_interfaces/cmake/more_interfaces__rosidl_typesupport_introspection_cExport-noconfig.cmake
[1.004s] -- Up-to-date: /home/arya/robot_ws/install/more_interfaces/share/more_interfaces/cmake/more_interfaces__rosidl_typesupport_cExport.cmake
[1.004s] -- Up-to-date: /home/arya/robot_ws/install/more_interfaces/share/more_interfaces/cmake/more_interfaces__rosidl_typesupport_cExport-noconfig.cmake
[1.005s] -- Up-to-date: /home/arya/robot_ws/install/more_interfaces/share/more_interfaces/cmake/more_interfaces__rosidl_typesupport_introspection_cppExport.cmake
[1.005s] -- Up-to-date: /home/arya/robot_ws/install/more_interfaces/share/more_interfaces/cmake/more_interfaces__rosidl_typesupport_introspection_cppExport-noconfig.cmake
[1.021s] -- Up-to-date: /home/arya/robot_ws/install/more_interfaces/share/more_interfaces/cmake/more_interfaces__rosidl_typesupport_cppExport.cmake
[1.022s] -- Up-to-date: /home/arya/robot_ws/install/more_interfaces/share/more_interfaces/cmake/more_interfaces__rosidl_typesupport_cppExport-noconfig.cmake
[1.023s] -- Up-to-date: /home/arya/robot_ws/install/more_interfaces/share/more_interfaces/cmake/export_more_interfaces__rosidl_generator_pyExport.cmake
[1.024s] -- Up-to-date: /home/arya/robot_ws/install/more_interfaces/share/more_interfaces/cmake/export_more_interfaces__rosidl_generator_pyExport-noconfig.cmake
[1.280s] Invoked command in '/home/arya/robot_ws/build/more_interfaces' returned '0': CMAKE_PREFIX_PATH=/opt/ros/humble /usr/bin/cmake --install /home/arya/robot_ws/build/more_interfaces
