[0.725s] Invoking command in '/home/arya/robot_ws/src/pubsub_interface_py': CMAKE_PREFIX_PATH=/home/arya/robot_ws/install/pkg_interfaces:/home/arya/robot_ws/install/tutorial_interfaces PYTHONPATH=/home/arya/robot_ws/build/pubsub_interface_py/prefix_override:/usr/lib/python3/dist-packages/colcon_core/task/python/colcon_distutils_commands:/home/arya/robot_ws/install/pubsub_interface_py/lib/python3.10/site-packages:${PYTHONPATH} /usr/bin/python3 -W ignore:setup.py install is deprecated -W ignore:easy_install command is deprecated setup.py egg_info --egg-base ../../build/pubsub_interface_py build --build-base /home/arya/robot_ws/build/pubsub_interface_py/build install --record /home/arya/robot_ws/build/pubsub_interface_py/install.log --single-version-externally-managed install_data
[1.006s] running egg_info
[1.007s] writing ../../build/pubsub_interface_py/pubsub_interface_py.egg-info/PKG-INFO
[1.007s] writing dependency_links to ../../build/pubsub_interface_py/pubsub_interface_py.egg-info/dependency_links.txt
[1.007s] writing entry points to ../../build/pubsub_interface_py/pubsub_interface_py.egg-info/entry_points.txt
[1.007s] writing requirements to ../../build/pubsub_interface_py/pubsub_interface_py.egg-info/requires.txt
[1.007s] writing top-level names to ../../build/pubsub_interface_py/pubsub_interface_py.egg-info/top_level.txt
[1.009s] reading manifest file '../../build/pubsub_interface_py/pubsub_interface_py.egg-info/SOURCES.txt'
[1.010s] writing manifest file '../../build/pubsub_interface_py/pubsub_interface_py.egg-info/SOURCES.txt'
[1.011s] running build
[1.011s] running build_py
[1.011s] running install
[1.011s] running install_lib
[1.013s] running install_data
[1.013s] running install_egg_info
[1.015s] removing '/home/arya/robot_ws/install/pubsub_interface_py/lib/python3.10/site-packages/pubsub_interface_py-0.0.0-py3.10.egg-info' (and everything under it)
[1.015s] Copying ../../build/pubsub_interface_py/pubsub_interface_py.egg-info to /home/arya/robot_ws/install/pubsub_interface_py/lib/python3.10/site-packages/pubsub_interface_py-0.0.0-py3.10.egg-info
[1.016s] running install_scripts
[1.042s] Installing pub script to /home/arya/robot_ws/install/pubsub_interface_py/lib/pubsub_interface_py
[1.042s] Installing sub script to /home/arya/robot_ws/install/pubsub_interface_py/lib/pubsub_interface_py
[1.042s] writing list of installed files to '/home/arya/robot_ws/build/pubsub_interface_py/install.log'
[1.074s] Invoked command in '/home/arya/robot_ws/src/pubsub_interface_py' returned '0': CMAKE_PREFIX_PATH=/home/arya/robot_ws/install/pkg_interfaces:/home/arya/robot_ws/install/tutorial_interfaces PYTHONPATH=/home/arya/robot_ws/build/pubsub_interface_py/prefix_override:/usr/lib/python3/dist-packages/colcon_core/task/python/colcon_distutils_commands:/home/arya/robot_ws/install/pubsub_interface_py/lib/python3.10/site-packages:${PYTHONPATH} /usr/bin/python3 -W ignore:setup.py install is deprecated -W ignore:easy_install command is deprecated setup.py egg_info --egg-base ../../build/pubsub_interface_py build --build-base /home/arya/robot_ws/build/pubsub_interface_py/build install --record /home/arya/robot_ws/build/pubsub_interface_py/install.log --single-version-externally-managed install_data
