running develop
running egg_info
creating pubsub_interface_py.egg-info
writing pubsub_interface_py.egg-info/PKG-INFO
writing dependency_links to pubsub_interface_py.egg-info/dependency_links.txt
writing entry points to pubsub_interface_py.egg-info/entry_points.txt
writing requirements to pubsub_interface_py.egg-info/requires.txt
writing top-level names to pubsub_interface_py.egg-info/top_level.txt
writing manifest file 'pubsub_interface_py.egg-info/SOURCES.txt'
reading manifest file 'pubsub_interface_py.egg-info/SOURCES.txt'
writing manifest file 'pubsub_interface_py.egg-info/SOURCES.txt'
running build_ext
Creating /home/arya/robot_ws/install/pubsub_interface_py/lib/python3.10/site-packages/pubsub-interface-py.egg-link (link to .)
Installing pub script to /home/arya/robot_ws/install/pubsub_interface_py/lib/pubsub_interface_py
Installing sub script to /home/arya/robot_ws/install/pubsub_interface_py/lib/pubsub_interface_py

Installed /home/arya/robot_ws/build/pubsub_interface_py
running symlink_data
creating /home/arya/robot_ws/install/pubsub_interface_py/share/ament_index
creating /home/arya/robot_ws/install/pubsub_interface_py/share/ament_index/resource_index
creating /home/arya/robot_ws/install/pubsub_interface_py/share/ament_index/resource_index/packages
symbolically linking /home/arya/robot_ws/build/pubsub_interface_py/resource/pubsub_interface_py -> /home/arya/robot_ws/install/pubsub_interface_py/share/ament_index/resource_index/packages
symbolically linking /home/arya/robot_ws/build/pubsub_interface_py/package.xml -> /home/arya/robot_ws/install/pubsub_interface_py/share/pubsub_interface_py
