[0.034s] Invoking command in '/home/arya/robot_ws/build/pkg_interfaces': CMAKE_PREFIX_PATH=${CMAKE_PREFIX_PATH}:/home/arya/robot_ws/install/srvcli_py:/home/arya/robot_ws/install/pubsub_py:/home/arya/robot_ws/install/pubsub_interface_py:/opt/ros/humble /usr/bin/cmake --build /home/arya/robot_ws/build/pkg_interfaces -- -j4 -l4
[0.406s] [  4%] Built target pkg_interfaces__cpp
[0.407s] [ 12%] Built target pkg_interfaces__rosidl_generator_c
[0.407s] [ 12%] Built target ament_cmake_python_symlink_pkg_interfaces
[0.407s] [ 23%] Built target pkg_interfaces__rosidl_typesupport_c
[0.407s] [ 34%] Built target pkg_interfaces__rosidl_typesupport_fastrtps_cpp
[0.407s] [ 44%] Built target pkg_interfaces__rosidl_typesupport_cpp
[0.407s] [ 55%] Built target pkg_interfaces__rosidl_typesupport_introspection_c
[0.407s] [ 65%] Built target pkg_interfaces__rosidl_typesupport_introspection_cpp
[0.407s] [ 76%] Built target pkg_interfaces__rosidl_typesupport_fastrtps_c
[0.407s] [ 76%] Built target pkg_interfaces
[0.407s] [ 78%] Built target pkg_interfaces__py
[0.407s] [ 87%] Built target pkg_interfaces__rosidl_generator_py
[0.408s] [ 91%] Built target pkg_interfaces__rosidl_typesupport_fastrtps_c__pyext
[0.408s] [ 95%] Built target pkg_interfaces__rosidl_typesupport_c__pyext
[0.408s] [100%] Built target pkg_interfaces__rosidl_typesupport_introspection_c__pyext
[0.471s] running egg_info
[0.473s] writing pkg_interfaces.egg-info/PKG-INFO
[0.473s] writing dependency_links to pkg_interfaces.egg-info/dependency_links.txt
[0.473s] writing top-level names to pkg_interfaces.egg-info/top_level.txt
[0.477s] reading manifest file 'pkg_interfaces.egg-info/SOURCES.txt'
[0.478s] writing manifest file 'pkg_interfaces.egg-info/SOURCES.txt'
[0.514s] [100%] Built target ament_cmake_python_build_pkg_interfaces_egg
[0.742s] Invoked command in '/home/arya/robot_ws/build/pkg_interfaces' returned '0': CMAKE_PREFIX_PATH=${CMAKE_PREFIX_PATH}:/home/arya/robot_ws/install/srvcli_py:/home/arya/robot_ws/install/pubsub_py:/home/arya/robot_ws/install/pubsub_interface_py:/opt/ros/humble /usr/bin/cmake --build /home/arya/robot_ws/build/pkg_interfaces -- -j4 -l4
[0.771s] Invoking command in '/home/arya/robot_ws/build/pkg_interfaces': CMAKE_PREFIX_PATH=${CMAKE_PREFIX_PATH}:/home/arya/robot_ws/install/srvcli_py:/home/arya/robot_ws/install/pubsub_py:/home/arya/robot_ws/install/pubsub_interface_py:/opt/ros/humble /usr/bin/cmake --install /home/arya/robot_ws/build/pkg_interfaces
[0.773s] -- Install configuration: ""
[0.781s] -- Execute custom install script
[0.781s] -- Up-to-date symlink: /home/arya/robot_ws/install/pkg_interfaces/share/ament_index/resource_index/rosidl_interfaces/pkg_interfaces
[0.782s] -- Up-to-date symlink: /home/arya/robot_ws/install/pkg_interfaces/include/pkg_interfaces/pkg_interfaces/msg/detail/num__functions.h
[0.782s] -- Up-to-date symlink: /home/arya/robot_ws/install/pkg_interfaces/include/pkg_interfaces/pkg_interfaces/msg/detail/num__struct.h
[0.782s] -- Up-to-date symlink: /home/arya/robot_ws/install/pkg_interfaces/include/pkg_interfaces/pkg_interfaces/msg/detail/num__type_support.h
[0.783s] -- Up-to-date symlink: /home/arya/robot_ws/install/pkg_interfaces/include/pkg_interfaces/pkg_interfaces/msg/detail/sphere__functions.h
[0.783s] -- Up-to-date symlink: /home/arya/robot_ws/install/pkg_interfaces/include/pkg_interfaces/pkg_interfaces/msg/detail/sphere__struct.h
[0.783s] -- Up-to-date symlink: /home/arya/robot_ws/install/pkg_interfaces/include/pkg_interfaces/pkg_interfaces/msg/detail/sphere__type_support.h
[0.783s] -- Up-to-date symlink: /home/arya/robot_ws/install/pkg_interfaces/include/pkg_interfaces/pkg_interfaces/msg/num.h
[0.783s] -- Up-to-date symlink: /home/arya/robot_ws/install/pkg_interfaces/include/pkg_interfaces/pkg_interfaces/msg/rosidl_generator_c__visibility_control.h
[0.783s] -- Up-to-date symlink: /home/arya/robot_ws/install/pkg_interfaces/include/pkg_interfaces/pkg_interfaces/msg/sphere.h
[0.783s] -- Up-to-date symlink: /home/arya/robot_ws/install/pkg_interfaces/include/pkg_interfaces/pkg_interfaces/srv/add_three_ints.h
[0.784s] -- Up-to-date symlink: /home/arya/robot_ws/install/pkg_interfaces/include/pkg_interfaces/pkg_interfaces/srv/detail/add_three_ints__functions.h
[0.784s] -- Up-to-date symlink: /home/arya/robot_ws/install/pkg_interfaces/include/pkg_interfaces/pkg_interfaces/srv/detail/add_three_ints__struct.h
[0.784s] -- Up-to-date symlink: /home/arya/robot_ws/install/pkg_interfaces/include/pkg_interfaces/pkg_interfaces/srv/detail/add_three_ints__type_support.h
[0.784s] -- Up-to-date symlink: /home/arya/robot_ws/install/pkg_interfaces/share/pkg_interfaces/environment/library_path.sh
[0.784s] -- Up-to-date symlink: /home/arya/robot_ws/install/pkg_interfaces/share/pkg_interfaces/environment/library_path.dsv
[0.785s] -- Up-to-date symlink: /home/arya/robot_ws/install/pkg_interfaces/include/pkg_interfaces/pkg_interfaces/msg/detail/num__rosidl_typesupport_fastrtps_c.h
[0.785s] -- Up-to-date symlink: /home/arya/robot_ws/install/pkg_interfaces/include/pkg_interfaces/pkg_interfaces/msg/detail/sphere__rosidl_typesupport_fastrtps_c.h
[0.786s] -- Up-to-date symlink: /home/arya/robot_ws/install/pkg_interfaces/include/pkg_interfaces/pkg_interfaces/msg/rosidl_typesupport_fastrtps_c__visibility_control.h
[0.786s] -- Up-to-date symlink: /home/arya/robot_ws/install/pkg_interfaces/include/pkg_interfaces/pkg_interfaces/srv/detail/add_three_ints__rosidl_typesupport_fastrtps_c.h
[0.787s] -- Up-to-date symlink: /home/arya/robot_ws/install/pkg_interfaces/include/pkg_interfaces/pkg_interfaces/msg/detail/num__builder.hpp
[0.787s] -- Up-to-date symlink: /home/arya/robot_ws/install/pkg_interfaces/include/pkg_interfaces/pkg_interfaces/msg/detail/num__struct.hpp
[0.787s] -- Up-to-date symlink: /home/arya/robot_ws/install/pkg_interfaces/include/pkg_interfaces/pkg_interfaces/msg/detail/num__traits.hpp
[0.787s] -- Up-to-date symlink: /home/arya/robot_ws/install/pkg_interfaces/include/pkg_interfaces/pkg_interfaces/msg/detail/num__type_support.hpp
[0.787s] -- Up-to-date symlink: /home/arya/robot_ws/install/pkg_interfaces/include/pkg_interfaces/pkg_interfaces/msg/detail/sphere__builder.hpp
[0.792s] -- Up-to-date symlink: /home/arya/robot_ws/install/pkg_interfaces/include/pkg_interfaces/pkg_interfaces/msg/detail/sphere__struct.hpp
[0.792s] -- Up-to-date symlink: /home/arya/robot_ws/install/pkg_interfaces/include/pkg_interfaces/pkg_interfaces/msg/detail/sphere__traits.hpp
[0.792s] -- Up-to-date symlink: /home/arya/robot_ws/install/pkg_interfaces/include/pkg_interfaces/pkg_interfaces/msg/detail/sphere__type_support.hpp
[0.792s] -- Up-to-date symlink: /home/arya/robot_ws/install/pkg_interfaces/include/pkg_interfaces/pkg_interfaces/msg/num.hpp
[0.792s] -- Up-to-date symlink: /home/arya/robot_ws/install/pkg_interfaces/include/pkg_interfaces/pkg_interfaces/msg/rosidl_generator_cpp__visibility_control.hpp
[0.793s] -- Up-to-date symlink: /home/arya/robot_ws/install/pkg_interfaces/include/pkg_interfaces/pkg_interfaces/msg/sphere.hpp
[0.793s] -- Up-to-date symlink: /home/arya/robot_ws/install/pkg_interfaces/include/pkg_interfaces/pkg_interfaces/srv/add_three_ints.hpp
[0.793s] -- Up-to-date symlink: /home/arya/robot_ws/install/pkg_interfaces/include/pkg_interfaces/pkg_interfaces/srv/detail/add_three_ints__builder.hpp
[0.793s] -- Up-to-date symlink: /home/arya/robot_ws/install/pkg_interfaces/include/pkg_interfaces/pkg_interfaces/srv/detail/add_three_ints__struct.hpp
[0.793s] -- Up-to-date symlink: /home/arya/robot_ws/install/pkg_interfaces/include/pkg_interfaces/pkg_interfaces/srv/detail/add_three_ints__traits.hpp
[0.793s] -- Up-to-date symlink: /home/arya/robot_ws/install/pkg_interfaces/include/pkg_interfaces/pkg_interfaces/srv/detail/add_three_ints__type_support.hpp
[0.793s] -- Up-to-date symlink: /home/arya/robot_ws/install/pkg_interfaces/include/pkg_interfaces/pkg_interfaces/msg/detail/num__rosidl_typesupport_fastrtps_cpp.hpp
[0.794s] -- Up-to-date symlink: /home/arya/robot_ws/install/pkg_interfaces/include/pkg_interfaces/pkg_interfaces/msg/detail/sphere__rosidl_typesupport_fastrtps_cpp.hpp
[0.794s] -- Up-to-date symlink: /home/arya/robot_ws/install/pkg_interfaces/include/pkg_interfaces/pkg_interfaces/msg/rosidl_typesupport_fastrtps_cpp__visibility_control.h
[0.794s] -- Up-to-date symlink: /home/arya/robot_ws/install/pkg_interfaces/include/pkg_interfaces/pkg_interfaces/srv/detail/add_three_ints__rosidl_typesupport_fastrtps_cpp.hpp
[0.794s] -- Up-to-date symlink: /home/arya/robot_ws/install/pkg_interfaces/include/pkg_interfaces/pkg_interfaces/msg/detail/num__rosidl_typesupport_introspection_c.h
[0.794s] -- Up-to-date symlink: /home/arya/robot_ws/install/pkg_interfaces/include/pkg_interfaces/pkg_interfaces/msg/detail/sphere__rosidl_typesupport_introspection_c.h
[0.795s] -- Up-to-date symlink: /home/arya/robot_ws/install/pkg_interfaces/include/pkg_interfaces/pkg_interfaces/msg/rosidl_typesupport_introspection_c__visibility_control.h
[0.795s] -- Up-to-date symlink: /home/arya/robot_ws/install/pkg_interfaces/include/pkg_interfaces/pkg_interfaces/srv/detail/add_three_ints__rosidl_typesupport_introspection_c.h
[0.795s] -- Up-to-date symlink: /home/arya/robot_ws/install/pkg_interfaces/include/pkg_interfaces/pkg_interfaces/msg/detail/num__rosidl_typesupport_introspection_cpp.hpp
[0.795s] -- Up-to-date symlink: /home/arya/robot_ws/install/pkg_interfaces/include/pkg_interfaces/pkg_interfaces/msg/detail/sphere__rosidl_typesupport_introspection_cpp.hpp
[0.795s] -- Up-to-date symlink: /home/arya/robot_ws/install/pkg_interfaces/include/pkg_interfaces/pkg_interfaces/srv/detail/add_three_ints__rosidl_typesupport_introspection_cpp.hpp
[0.796s] -- Up-to-date symlink: /home/arya/robot_ws/install/pkg_interfaces/share/pkg_interfaces/environment/pythonpath.sh
[0.796s] -- Up-to-date symlink: /home/arya/robot_ws/install/pkg_interfaces/share/pkg_interfaces/environment/pythonpath.dsv
[0.796s] -- Up-to-date symlink: /home/arya/robot_ws/install/pkg_interfaces/local/lib/python3.10/dist-packages/pkg_interfaces-0.0.0-py3.10.egg-info/PKG-INFO
[0.796s] -- Up-to-date symlink: /home/arya/robot_ws/install/pkg_interfaces/local/lib/python3.10/dist-packages/pkg_interfaces-0.0.0-py3.10.egg-info/SOURCES.txt
[0.796s] -- Up-to-date symlink: /home/arya/robot_ws/install/pkg_interfaces/local/lib/python3.10/dist-packages/pkg_interfaces-0.0.0-py3.10.egg-info/dependency_links.txt
[0.797s] -- Up-to-date symlink: /home/arya/robot_ws/install/pkg_interfaces/local/lib/python3.10/dist-packages/pkg_interfaces-0.0.0-py3.10.egg-info/top_level.txt
[0.809s] -- Up-to-date symlink: /home/arya/robot_ws/install/pkg_interfaces/local/lib/python3.10/dist-packages/pkg_interfaces/__init__.py
[0.809s] -- Up-to-date symlink: /home/arya/robot_ws/install/pkg_interfaces/local/lib/python3.10/dist-packages/pkg_interfaces/_pkg_interfaces_s.ep.rosidl_typesupport_c.c
[0.809s] -- Up-to-date symlink: /home/arya/robot_ws/install/pkg_interfaces/local/lib/python3.10/dist-packages/pkg_interfaces/_pkg_interfaces_s.ep.rosidl_typesupport_fastrtps_c.c
[0.810s] -- Up-to-date symlink: /home/arya/robot_ws/install/pkg_interfaces/local/lib/python3.10/dist-packages/pkg_interfaces/_pkg_interfaces_s.ep.rosidl_typesupport_introspection_c.c
[0.810s] -- Up-to-date symlink: /home/arya/robot_ws/install/pkg_interfaces/local/lib/python3.10/dist-packages/pkg_interfaces/libpkg_interfaces__rosidl_generator_py.so
[0.810s] -- Up-to-date symlink: /home/arya/robot_ws/install/pkg_interfaces/local/lib/python3.10/dist-packages/pkg_interfaces/msg/__init__.py
[0.810s] -- Up-to-date symlink: /home/arya/robot_ws/install/pkg_interfaces/local/lib/python3.10/dist-packages/pkg_interfaces/msg/_num.py
[0.810s] -- Up-to-date symlink: /home/arya/robot_ws/install/pkg_interfaces/local/lib/python3.10/dist-packages/pkg_interfaces/msg/_num_s.c
[0.810s] -- Up-to-date symlink: /home/arya/robot_ws/install/pkg_interfaces/local/lib/python3.10/dist-packages/pkg_interfaces/msg/_sphere.py
[0.810s] -- Up-to-date symlink: /home/arya/robot_ws/install/pkg_interfaces/local/lib/python3.10/dist-packages/pkg_interfaces/msg/_sphere_s.c
[0.811s] -- Up-to-date symlink: /home/arya/robot_ws/install/pkg_interfaces/local/lib/python3.10/dist-packages/pkg_interfaces/pkg_interfaces_s__rosidl_typesupport_c.cpython-310-x86_64-linux-gnu.so
[0.811s] -- Up-to-date symlink: /home/arya/robot_ws/install/pkg_interfaces/local/lib/python3.10/dist-packages/pkg_interfaces/pkg_interfaces_s__rosidl_typesupport_fastrtps_c.cpython-310-x86_64-linux-gnu.so
[0.811s] -- Up-to-date symlink: /home/arya/robot_ws/install/pkg_interfaces/local/lib/python3.10/dist-packages/pkg_interfaces/pkg_interfaces_s__rosidl_typesupport_introspection_c.cpython-310-x86_64-linux-gnu.so
[0.816s] -- Up-to-date symlink: /home/arya/robot_ws/install/pkg_interfaces/local/lib/python3.10/dist-packages/pkg_interfaces/srv/__init__.py
[0.816s] -- Up-to-date symlink: /home/arya/robot_ws/install/pkg_interfaces/local/lib/python3.10/dist-packages/pkg_interfaces/srv/_add_three_ints.py
[0.816s] -- Up-to-date symlink: /home/arya/robot_ws/install/pkg_interfaces/local/lib/python3.10/dist-packages/pkg_interfaces/srv/_add_three_ints_s.c
[0.816s] -- Up-to-date symlink: /home/arya/robot_ws/install/pkg_interfaces/local/lib/python3.10/dist-packages/pkg_interfaces/pkg_interfaces_s__rosidl_typesupport_fastrtps_c.cpython-310-x86_64-linux-gnu.so
[0.817s] -- Up-to-date symlink: /home/arya/robot_ws/install/pkg_interfaces/local/lib/python3.10/dist-packages/pkg_interfaces/pkg_interfaces_s__rosidl_typesupport_introspection_c.cpython-310-x86_64-linux-gnu.so
[0.817s] -- Up-to-date symlink: /home/arya/robot_ws/install/pkg_interfaces/local/lib/python3.10/dist-packages/pkg_interfaces/pkg_interfaces_s__rosidl_typesupport_c.cpython-310-x86_64-linux-gnu.so
[0.817s] -- Up-to-date symlink: /home/arya/robot_ws/install/pkg_interfaces/share/pkg_interfaces/msg/Num.idl
[0.817s] -- Up-to-date symlink: /home/arya/robot_ws/install/pkg_interfaces/share/pkg_interfaces/msg/Sphere.idl
[0.817s] -- Up-to-date symlink: /home/arya/robot_ws/install/pkg_interfaces/share/pkg_interfaces/srv/AddThreeInts.idl
[0.817s] -- Up-to-date symlink: /home/arya/robot_ws/install/pkg_interfaces/share/pkg_interfaces/msg/Num.msg
[0.817s] -- Up-to-date symlink: /home/arya/robot_ws/install/pkg_interfaces/share/pkg_interfaces/msg/Sphere.msg
[0.817s] -- Up-to-date symlink: /home/arya/robot_ws/install/pkg_interfaces/share/pkg_interfaces/srv/AddThreeInts.srv
[0.817s] -- Up-to-date symlink: /home/arya/robot_ws/install/pkg_interfaces/share/pkg_interfaces/srv/AddThreeInts_Request.msg
[0.818s] -- Up-to-date symlink: /home/arya/robot_ws/install/pkg_interfaces/share/pkg_interfaces/srv/AddThreeInts_Response.msg
[0.818s] -- Up-to-date symlink: /home/arya/robot_ws/install/pkg_interfaces/share/ament_index/resource_index/package_run_dependencies/pkg_interfaces
[0.818s] -- Up-to-date symlink: /home/arya/robot_ws/install/pkg_interfaces/share/ament_index/resource_index/parent_prefix_path/pkg_interfaces
[0.818s] -- Up-to-date symlink: /home/arya/robot_ws/install/pkg_interfaces/share/pkg_interfaces/environment/ament_prefix_path.sh
[0.818s] -- Up-to-date symlink: /home/arya/robot_ws/install/pkg_interfaces/share/pkg_interfaces/environment/ament_prefix_path.dsv
[0.818s] -- Up-to-date symlink: /home/arya/robot_ws/install/pkg_interfaces/share/pkg_interfaces/environment/path.sh
[0.818s] -- Up-to-date symlink: /home/arya/robot_ws/install/pkg_interfaces/share/pkg_interfaces/environment/path.dsv
[0.818s] -- Up-to-date symlink: /home/arya/robot_ws/install/pkg_interfaces/share/pkg_interfaces/local_setup.bash
[0.818s] -- Up-to-date symlink: /home/arya/robot_ws/install/pkg_interfaces/share/pkg_interfaces/local_setup.sh
[0.818s] -- Up-to-date symlink: /home/arya/robot_ws/install/pkg_interfaces/share/pkg_interfaces/local_setup.zsh
[0.819s] -- Up-to-date symlink: /home/arya/robot_ws/install/pkg_interfaces/share/pkg_interfaces/local_setup.dsv
[0.819s] -- Symlinking: /home/arya/robot_ws/install/pkg_interfaces/share/pkg_interfaces/package.dsv
[0.834s] -- Up-to-date symlink: /home/arya/robot_ws/install/pkg_interfaces/share/ament_index/resource_index/packages/pkg_interfaces
[0.834s] -- Up-to-date symlink: /home/arya/robot_ws/install/pkg_interfaces/share/pkg_interfaces/cmake/rosidl_cmake-extras.cmake
[0.834s] -- Up-to-date symlink: /home/arya/robot_ws/install/pkg_interfaces/share/pkg_interfaces/cmake/ament_cmake_export_dependencies-extras.cmake
[0.834s] -- Up-to-date symlink: /home/arya/robot_ws/install/pkg_interfaces/share/pkg_interfaces/cmake/ament_cmake_export_include_directories-extras.cmake
[0.834s] -- Up-to-date symlink: /home/arya/robot_ws/install/pkg_interfaces/share/pkg_interfaces/cmake/ament_cmake_export_libraries-extras.cmake
[0.835s] -- Up-to-date symlink: /home/arya/robot_ws/install/pkg_interfaces/share/pkg_interfaces/cmake/ament_cmake_export_targets-extras.cmake
[0.835s] -- Up-to-date symlink: /home/arya/robot_ws/install/pkg_interfaces/share/pkg_interfaces/cmake/rosidl_cmake_export_typesupport_targets-extras.cmake
[0.835s] -- Up-to-date symlink: /home/arya/robot_ws/install/pkg_interfaces/share/pkg_interfaces/cmake/rosidl_cmake_export_typesupport_libraries-extras.cmake
[0.835s] -- Up-to-date symlink: /home/arya/robot_ws/install/pkg_interfaces/share/pkg_interfaces/cmake/pkg_interfacesConfig.cmake
[0.835s] -- Up-to-date symlink: /home/arya/robot_ws/install/pkg_interfaces/share/pkg_interfaces/cmake/pkg_interfacesConfig-version.cmake
[0.835s] -- Up-to-date symlink: /home/arya/robot_ws/install/pkg_interfaces/share/pkg_interfaces/package.xml
[0.835s] -- Up-to-date: /home/arya/robot_ws/install/pkg_interfaces/lib/libpkg_interfaces__rosidl_generator_c.so
[0.835s] -- Up-to-date: /home/arya/robot_ws/install/pkg_interfaces/lib/libpkg_interfaces__rosidl_typesupport_fastrtps_c.so
[0.835s] -- Up-to-date: /home/arya/robot_ws/install/pkg_interfaces/lib/libpkg_interfaces__rosidl_typesupport_fastrtps_cpp.so
[0.836s] -- Up-to-date: /home/arya/robot_ws/install/pkg_interfaces/lib/libpkg_interfaces__rosidl_typesupport_introspection_c.so
[0.836s] -- Up-to-date: /home/arya/robot_ws/install/pkg_interfaces/lib/libpkg_interfaces__rosidl_typesupport_c.so
[0.836s] -- Up-to-date: /home/arya/robot_ws/install/pkg_interfaces/lib/libpkg_interfaces__rosidl_typesupport_introspection_cpp.so
[0.837s] -- Up-to-date: /home/arya/robot_ws/install/pkg_interfaces/lib/libpkg_interfaces__rosidl_typesupport_cpp.so
[0.902s] Listing '/home/arya/robot_ws/install/pkg_interfaces/local/lib/python3.10/dist-packages/pkg_interfaces'...
[0.903s] Listing '/home/arya/robot_ws/install/pkg_interfaces/local/lib/python3.10/dist-packages/pkg_interfaces/msg'...
[0.903s] Listing '/home/arya/robot_ws/install/pkg_interfaces/local/lib/python3.10/dist-packages/pkg_interfaces/srv'...
[0.909s] -- Up-to-date: /home/arya/robot_ws/install/pkg_interfaces/lib/libpkg_interfaces__rosidl_generator_py.so
[0.910s] -- Up-to-date: /home/arya/robot_ws/install/pkg_interfaces/share/pkg_interfaces/cmake/export_pkg_interfaces__rosidl_generator_cExport.cmake
[0.910s] -- Up-to-date: /home/arya/robot_ws/install/pkg_interfaces/share/pkg_interfaces/cmake/export_pkg_interfaces__rosidl_generator_cExport-noconfig.cmake
[0.910s] -- Up-to-date: /home/arya/robot_ws/install/pkg_interfaces/share/pkg_interfaces/cmake/export_pkg_interfaces__rosidl_typesupport_fastrtps_cExport.cmake
[0.910s] -- Up-to-date: /home/arya/robot_ws/install/pkg_interfaces/share/pkg_interfaces/cmake/export_pkg_interfaces__rosidl_typesupport_fastrtps_cExport-noconfig.cmake
[0.910s] -- Up-to-date: /home/arya/robot_ws/install/pkg_interfaces/share/pkg_interfaces/cmake/export_pkg_interfaces__rosidl_generator_cppExport.cmake
[0.910s] -- Up-to-date: /home/arya/robot_ws/install/pkg_interfaces/share/pkg_interfaces/cmake/export_pkg_interfaces__rosidl_typesupport_fastrtps_cppExport.cmake
[0.910s] -- Up-to-date: /home/arya/robot_ws/install/pkg_interfaces/share/pkg_interfaces/cmake/export_pkg_interfaces__rosidl_typesupport_fastrtps_cppExport-noconfig.cmake
[0.910s] -- Up-to-date: /home/arya/robot_ws/install/pkg_interfaces/share/pkg_interfaces/cmake/pkg_interfaces__rosidl_typesupport_introspection_cExport.cmake
[0.910s] -- Up-to-date: /home/arya/robot_ws/install/pkg_interfaces/share/pkg_interfaces/cmake/pkg_interfaces__rosidl_typesupport_introspection_cExport-noconfig.cmake
[0.910s] -- Up-to-date: /home/arya/robot_ws/install/pkg_interfaces/share/pkg_interfaces/cmake/pkg_interfaces__rosidl_typesupport_cExport.cmake
[0.910s] -- Up-to-date: /home/arya/robot_ws/install/pkg_interfaces/share/pkg_interfaces/cmake/pkg_interfaces__rosidl_typesupport_cExport-noconfig.cmake
[0.910s] -- Up-to-date: /home/arya/robot_ws/install/pkg_interfaces/share/pkg_interfaces/cmake/pkg_interfaces__rosidl_typesupport_introspection_cppExport.cmake
[0.910s] -- Up-to-date: /home/arya/robot_ws/install/pkg_interfaces/share/pkg_interfaces/cmake/pkg_interfaces__rosidl_typesupport_introspection_cppExport-noconfig.cmake
[0.910s] -- Up-to-date: /home/arya/robot_ws/install/pkg_interfaces/share/pkg_interfaces/cmake/pkg_interfaces__rosidl_typesupport_cppExport.cmake
[0.910s] -- Up-to-date: /home/arya/robot_ws/install/pkg_interfaces/share/pkg_interfaces/cmake/pkg_interfaces__rosidl_typesupport_cppExport-noconfig.cmake
[0.911s] -- Up-to-date: /home/arya/robot_ws/install/pkg_interfaces/share/pkg_interfaces/cmake/export_pkg_interfaces__rosidl_generator_pyExport.cmake
[0.911s] -- Up-to-date: /home/arya/robot_ws/install/pkg_interfaces/share/pkg_interfaces/cmake/export_pkg_interfaces__rosidl_generator_pyExport-noconfig.cmake
[0.942s] Invoked command in '/home/arya/robot_ws/build/pkg_interfaces' returned '0': CMAKE_PREFIX_PATH=${CMAKE_PREFIX_PATH}:/home/arya/robot_ws/install/srvcli_py:/home/arya/robot_ws/install/pubsub_py:/home/arya/robot_ws/install/pubsub_interface_py:/opt/ros/humble /usr/bin/cmake --install /home/arya/robot_ws/build/pkg_interfaces
