[0.169s] DEBUG:colcon:Command line arguments: ['/usr/bin/colcon', 'build', '--symlink-install']
[0.169s] DEBUG:colcon:Parsed command line arguments: Namespace(log_base=None, log_level=None, verb_name='build', build_base='build', install_base='install', merge_install=False, symlink_install=True, test_result_base=None, continue_on_error=False, executor='parallel', parallel_workers=4, event_handlers=None, ignore_user_meta=False, metas=['./colcon.meta'], base_paths=['.'], packages_ignore=None, packages_ignore_regex=None, paths=None, packages_up_to=None, packages_up_to_regex=None, packages_above=None, packages_above_and_dependencies=None, packages_above_depth=None, packages_select_by_dep=None, packages_skip_by_dep=None, packages_skip_up_to=None, packages_select_build_failed=False, packages_skip_build_finished=False, packages_select_test_failures=False, packages_skip_test_passed=False, packages_select=None, packages_skip=None, packages_select_regex=None, packages_skip_regex=None, packages_start=None, packages_end=None, allow_overriding=[], cmake_args=None, cmake_target=None, cmake_target_skip_unavailable=False, cmake_clean_cache=False, cmake_clean_first=False, cmake_force_configure=False, ament_cmake_args=None, catkin_cmake_args=None, catkin_skip_building_tests=False, verb_parser=<colcon_defaults.argument_parser.defaults.DefaultArgumentsDecorator object at 0x71211761eef0>, verb_extension=<colcon_core.verb.build.BuildVerb object at 0x71211761e350>, main=<bound method BuildVerb.main of <colcon_core.verb.build.BuildVerb object at 0x71211761e350>>)
[0.468s] Level 1:colcon.colcon_core.package_discovery:discover_packages(colcon_meta) check parameters
[0.468s] Level 1:colcon.colcon_core.package_discovery:discover_packages(recursive) check parameters
[0.468s] Level 1:colcon.colcon_core.package_discovery:discover_packages(ignore) check parameters
[0.468s] Level 1:colcon.colcon_core.package_discovery:discover_packages(path) check parameters
[0.468s] Level 1:colcon.colcon_core.package_discovery:discover_packages(colcon_meta) discover
[0.468s] Level 1:colcon.colcon_core.package_discovery:discover_packages(recursive) discover
[0.468s] INFO:colcon.colcon_core.package_discovery:Crawling recursively for packages in '/home/arya/robot_ws'
[0.469s] Level 1:colcon.colcon_core.package_identification:_identify(.) by extensions ['ignore', 'ignore_ament_install']
[0.469s] Level 1:colcon.colcon_core.package_identification:_identify(.) by extension 'ignore'
[0.469s] Level 1:colcon.colcon_core.package_identification:_identify(.) by extension 'ignore_ament_install'
[0.469s] Level 1:colcon.colcon_core.package_identification:_identify(.) by extensions ['colcon_pkg']
[0.469s] Level 1:colcon.colcon_core.package_identification:_identify(.) by extension 'colcon_pkg'
[0.469s] Level 1:colcon.colcon_core.package_identification:_identify(.) by extensions ['colcon_meta']
[0.469s] Level 1:colcon.colcon_core.package_identification:_identify(.) by extension 'colcon_meta'
[0.469s] Level 1:colcon.colcon_core.package_identification:_identify(.) by extensions ['ros']
[0.469s] Level 1:colcon.colcon_core.package_identification:_identify(.) by extension 'ros'
[0.482s] Level 1:colcon.colcon_core.package_identification:_identify(.) by extensions ['cmake', 'python']
[0.482s] Level 1:colcon.colcon_core.package_identification:_identify(.) by extension 'cmake'
[0.482s] Level 1:colcon.colcon_core.package_identification:_identify(.) by extension 'python'
[0.482s] Level 1:colcon.colcon_core.package_identification:_identify(.) by extensions ['python_setup_py']
[0.482s] Level 1:colcon.colcon_core.package_identification:_identify(.) by extension 'python_setup_py'
[0.482s] Level 1:colcon.colcon_core.package_identification:_identify(build) by extensions ['ignore', 'ignore_ament_install']
[0.482s] Level 1:colcon.colcon_core.package_identification:_identify(build) by extension 'ignore'
[0.482s] Level 1:colcon.colcon_core.package_identification:_identify(build) ignored
[0.483s] Level 1:colcon.colcon_core.package_identification:_identify(install) by extensions ['ignore', 'ignore_ament_install']
[0.483s] Level 1:colcon.colcon_core.package_identification:_identify(install) by extension 'ignore'
[0.483s] Level 1:colcon.colcon_core.package_identification:_identify(install) ignored
[0.483s] Level 1:colcon.colcon_core.package_identification:_identify(log) by extensions ['ignore', 'ignore_ament_install']
[0.483s] Level 1:colcon.colcon_core.package_identification:_identify(log) by extension 'ignore'
[0.483s] Level 1:colcon.colcon_core.package_identification:_identify(log) ignored
[0.483s] Level 1:colcon.colcon_core.package_identification:_identify(src) by extensions ['ignore', 'ignore_ament_install']
[0.483s] Level 1:colcon.colcon_core.package_identification:_identify(src) by extension 'ignore'
[0.483s] Level 1:colcon.colcon_core.package_identification:_identify(src) by extension 'ignore_ament_install'
[0.483s] Level 1:colcon.colcon_core.package_identification:_identify(src) by extensions ['colcon_pkg']
[0.483s] Level 1:colcon.colcon_core.package_identification:_identify(src) by extension 'colcon_pkg'
[0.483s] Level 1:colcon.colcon_core.package_identification:_identify(src) by extensions ['colcon_meta']
[0.484s] Level 1:colcon.colcon_core.package_identification:_identify(src) by extension 'colcon_meta'
[0.484s] Level 1:colcon.colcon_core.package_identification:_identify(src) by extensions ['ros']
[0.484s] Level 1:colcon.colcon_core.package_identification:_identify(src) by extension 'ros'
[0.484s] Level 1:colcon.colcon_core.package_identification:_identify(src) by extensions ['cmake', 'python']
[0.484s] Level 1:colcon.colcon_core.package_identification:_identify(src) by extension 'cmake'
[0.484s] Level 1:colcon.colcon_core.package_identification:_identify(src) by extension 'python'
[0.484s] Level 1:colcon.colcon_core.package_identification:_identify(src) by extensions ['python_setup_py']
[0.484s] Level 1:colcon.colcon_core.package_identification:_identify(src) by extension 'python_setup_py'
[0.484s] Level 1:colcon.colcon_core.package_identification:_identify(src/action_py) by extensions ['ignore', 'ignore_ament_install']
[0.484s] Level 1:colcon.colcon_core.package_identification:_identify(src/action_py) by extension 'ignore'
[0.484s] Level 1:colcon.colcon_core.package_identification:_identify(src/action_py) by extension 'ignore_ament_install'
[0.484s] Level 1:colcon.colcon_core.package_identification:_identify(src/action_py) by extensions ['colcon_pkg']
[0.484s] Level 1:colcon.colcon_core.package_identification:_identify(src/action_py) by extension 'colcon_pkg'
[0.484s] Level 1:colcon.colcon_core.package_identification:_identify(src/action_py) by extensions ['colcon_meta']
[0.484s] Level 1:colcon.colcon_core.package_identification:_identify(src/action_py) by extension 'colcon_meta'
[0.484s] Level 1:colcon.colcon_core.package_identification:_identify(src/action_py) by extensions ['ros']
[0.484s] Level 1:colcon.colcon_core.package_identification:_identify(src/action_py) by extension 'ros'
[0.488s] DEBUG:colcon.colcon_core.package_identification:Package 'src/action_py' with type 'ros.ament_python' and name 'action_py'
[0.488s] Level 1:colcon.colcon_core.package_identification:_identify(src/more_interfaces) by extensions ['ignore', 'ignore_ament_install']
[0.488s] Level 1:colcon.colcon_core.package_identification:_identify(src/more_interfaces) by extension 'ignore'
[0.488s] Level 1:colcon.colcon_core.package_identification:_identify(src/more_interfaces) by extension 'ignore_ament_install'
[0.488s] Level 1:colcon.colcon_core.package_identification:_identify(src/more_interfaces) by extensions ['colcon_pkg']
[0.488s] Level 1:colcon.colcon_core.package_identification:_identify(src/more_interfaces) by extension 'colcon_pkg'
[0.488s] Level 1:colcon.colcon_core.package_identification:_identify(src/more_interfaces) by extensions ['colcon_meta']
[0.489s] Level 1:colcon.colcon_core.package_identification:_identify(src/more_interfaces) by extension 'colcon_meta'
[0.489s] Level 1:colcon.colcon_core.package_identification:_identify(src/more_interfaces) by extensions ['ros']
[0.489s] Level 1:colcon.colcon_core.package_identification:_identify(src/more_interfaces) by extension 'ros'
[0.490s] DEBUG:colcon.colcon_core.package_identification:Package 'src/more_interfaces' with type 'ros.ament_cmake' and name 'more_interfaces'
[0.490s] Level 1:colcon.colcon_core.package_identification:_identify(src/pkg_interfaces) by extensions ['ignore', 'ignore_ament_install']
[0.490s] Level 1:colcon.colcon_core.package_identification:_identify(src/pkg_interfaces) by extension 'ignore'
[0.490s] Level 1:colcon.colcon_core.package_identification:_identify(src/pkg_interfaces) by extension 'ignore_ament_install'
[0.490s] Level 1:colcon.colcon_core.package_identification:_identify(src/pkg_interfaces) by extensions ['colcon_pkg']
[0.490s] Level 1:colcon.colcon_core.package_identification:_identify(src/pkg_interfaces) by extension 'colcon_pkg'
[0.490s] Level 1:colcon.colcon_core.package_identification:_identify(src/pkg_interfaces) by extensions ['colcon_meta']
[0.490s] Level 1:colcon.colcon_core.package_identification:_identify(src/pkg_interfaces) by extension 'colcon_meta'
[0.490s] Level 1:colcon.colcon_core.package_identification:_identify(src/pkg_interfaces) by extensions ['ros']
[0.490s] Level 1:colcon.colcon_core.package_identification:_identify(src/pkg_interfaces) by extension 'ros'
[0.491s] DEBUG:colcon.colcon_core.package_identification:Package 'src/pkg_interfaces' with type 'ros.ament_cmake' and name 'pkg_interfaces'
[0.491s] Level 1:colcon.colcon_core.package_identification:_identify(src/pubsub_interface_py) by extensions ['ignore', 'ignore_ament_install']
[0.492s] Level 1:colcon.colcon_core.package_identification:_identify(src/pubsub_interface_py) by extension 'ignore'
[0.492s] Level 1:colcon.colcon_core.package_identification:_identify(src/pubsub_interface_py) by extension 'ignore_ament_install'
[0.492s] Level 1:colcon.colcon_core.package_identification:_identify(src/pubsub_interface_py) by extensions ['colcon_pkg']
[0.492s] Level 1:colcon.colcon_core.package_identification:_identify(src/pubsub_interface_py) by extension 'colcon_pkg'
[0.492s] Level 1:colcon.colcon_core.package_identification:_identify(src/pubsub_interface_py) by extensions ['colcon_meta']
[0.492s] Level 1:colcon.colcon_core.package_identification:_identify(src/pubsub_interface_py) by extension 'colcon_meta'
[0.492s] Level 1:colcon.colcon_core.package_identification:_identify(src/pubsub_interface_py) by extensions ['ros']
[0.492s] Level 1:colcon.colcon_core.package_identification:_identify(src/pubsub_interface_py) by extension 'ros'
[0.493s] DEBUG:colcon.colcon_core.package_identification:Package 'src/pubsub_interface_py' with type 'ros.ament_python' and name 'pubsub_interface_py'
[0.493s] Level 1:colcon.colcon_core.package_identification:_identify(src/pubsub_py) by extensions ['ignore', 'ignore_ament_install']
[0.493s] Level 1:colcon.colcon_core.package_identification:_identify(src/pubsub_py) by extension 'ignore'
[0.493s] Level 1:colcon.colcon_core.package_identification:_identify(src/pubsub_py) by extension 'ignore_ament_install'
[0.493s] Level 1:colcon.colcon_core.package_identification:_identify(src/pubsub_py) by extensions ['colcon_pkg']
[0.494s] Level 1:colcon.colcon_core.package_identification:_identify(src/pubsub_py) by extension 'colcon_pkg'
[0.494s] Level 1:colcon.colcon_core.package_identification:_identify(src/pubsub_py) by extensions ['colcon_meta']
[0.494s] Level 1:colcon.colcon_core.package_identification:_identify(src/pubsub_py) by extension 'colcon_meta'
[0.494s] Level 1:colcon.colcon_core.package_identification:_identify(src/pubsub_py) by extensions ['ros']
[0.494s] Level 1:colcon.colcon_core.package_identification:_identify(src/pubsub_py) by extension 'ros'
[0.497s] DEBUG:colcon.colcon_core.package_identification:Package 'src/pubsub_py' with type 'ros.ament_python' and name 'pubsub_py'
[0.497s] Level 1:colcon.colcon_core.package_identification:_identify(src/python_parameters) by extensions ['ignore', 'ignore_ament_install']
[0.497s] Level 1:colcon.colcon_core.package_identification:_identify(src/python_parameters) by extension 'ignore'
[0.497s] Level 1:colcon.colcon_core.package_identification:_identify(src/python_parameters) by extension 'ignore_ament_install'
[0.497s] Level 1:colcon.colcon_core.package_identification:_identify(src/python_parameters) by extensions ['colcon_pkg']
[0.497s] Level 1:colcon.colcon_core.package_identification:_identify(src/python_parameters) by extension 'colcon_pkg'
[0.497s] Level 1:colcon.colcon_core.package_identification:_identify(src/python_parameters) by extensions ['colcon_meta']
[0.497s] Level 1:colcon.colcon_core.package_identification:_identify(src/python_parameters) by extension 'colcon_meta'
[0.497s] Level 1:colcon.colcon_core.package_identification:_identify(src/python_parameters) by extensions ['ros']
[0.497s] Level 1:colcon.colcon_core.package_identification:_identify(src/python_parameters) by extension 'ros'
[0.498s] DEBUG:colcon.colcon_core.package_identification:Package 'src/python_parameters' with type 'ros.ament_python' and name 'python_parameters'
[0.498s] Level 1:colcon.colcon_core.package_identification:_identify(src/robot_bringub) by extensions ['ignore', 'ignore_ament_install']
[0.498s] Level 1:colcon.colcon_core.package_identification:_identify(src/robot_bringub) by extension 'ignore'
[0.498s] Level 1:colcon.colcon_core.package_identification:_identify(src/robot_bringub) by extension 'ignore_ament_install'
[0.499s] Level 1:colcon.colcon_core.package_identification:_identify(src/robot_bringub) by extensions ['colcon_pkg']
[0.499s] Level 1:colcon.colcon_core.package_identification:_identify(src/robot_bringub) by extension 'colcon_pkg'
[0.499s] Level 1:colcon.colcon_core.package_identification:_identify(src/robot_bringub) by extensions ['colcon_meta']
[0.499s] Level 1:colcon.colcon_core.package_identification:_identify(src/robot_bringub) by extension 'colcon_meta'
[0.499s] Level 1:colcon.colcon_core.package_identification:_identify(src/robot_bringub) by extensions ['ros']
[0.499s] Level 1:colcon.colcon_core.package_identification:_identify(src/robot_bringub) by extension 'ros'
[0.499s] DEBUG:colcon.colcon_core.package_identification:Package 'src/robot_bringub' with type 'ros.ament_cmake' and name 'robot_bringub'
[0.499s] Level 1:colcon.colcon_core.package_identification:_identify(src/srvcli_py) by extensions ['ignore', 'ignore_ament_install']
[0.500s] Level 1:colcon.colcon_core.package_identification:_identify(src/srvcli_py) by extension 'ignore'
[0.500s] Level 1:colcon.colcon_core.package_identification:_identify(src/srvcli_py) by extension 'ignore_ament_install'
[0.500s] Level 1:colcon.colcon_core.package_identification:_identify(src/srvcli_py) by extensions ['colcon_pkg']
[0.500s] Level 1:colcon.colcon_core.package_identification:_identify(src/srvcli_py) by extension 'colcon_pkg'
[0.500s] Level 1:colcon.colcon_core.package_identification:_identify(src/srvcli_py) by extensions ['colcon_meta']
[0.500s] Level 1:colcon.colcon_core.package_identification:_identify(src/srvcli_py) by extension 'colcon_meta'
[0.500s] Level 1:colcon.colcon_core.package_identification:_identify(src/srvcli_py) by extensions ['ros']
[0.500s] Level 1:colcon.colcon_core.package_identification:_identify(src/srvcli_py) by extension 'ros'
[0.501s] DEBUG:colcon.colcon_core.package_identification:Package 'src/srvcli_py' with type 'ros.ament_python' and name 'srvcli_py'
[0.501s] Level 1:colcon.colcon_core.package_discovery:discover_packages(recursive) using defaults
[0.501s] Level 1:colcon.colcon_core.package_discovery:discover_packages(ignore) discover
[0.501s] Level 1:colcon.colcon_core.package_discovery:discover_packages(ignore) using defaults
[0.501s] Level 1:colcon.colcon_core.package_discovery:discover_packages(path) discover
[0.501s] Level 1:colcon.colcon_core.package_discovery:discover_packages(path) using defaults
[0.531s] Level 1:colcon.colcon_core.package_discovery:discover_packages(prefix_path) check parameters
[0.531s] Level 1:colcon.colcon_core.package_discovery:discover_packages(prefix_path) discover
[0.536s] DEBUG:colcon.colcon_installed_package_information.package_discovery:Found 271 installed packages in /opt/ros/humble
[0.539s] Level 1:colcon.colcon_core.package_discovery:discover_packages(prefix_path) using defaults
[0.605s] Level 5:colcon.colcon_core.verb:set package 'more_interfaces' build argument 'cmake_args' from command line to 'None'
[0.605s] Level 5:colcon.colcon_core.verb:set package 'more_interfaces' build argument 'cmake_target' from command line to 'None'
[0.605s] Level 5:colcon.colcon_core.verb:set package 'more_interfaces' build argument 'cmake_target_skip_unavailable' from command line to 'False'
[0.605s] Level 5:colcon.colcon_core.verb:set package 'more_interfaces' build argument 'cmake_clean_cache' from command line to 'False'
[0.605s] Level 5:colcon.colcon_core.verb:set package 'more_interfaces' build argument 'cmake_clean_first' from command line to 'False'
[0.605s] Level 5:colcon.colcon_core.verb:set package 'more_interfaces' build argument 'cmake_force_configure' from command line to 'False'
[0.605s] Level 5:colcon.colcon_core.verb:set package 'more_interfaces' build argument 'ament_cmake_args' from command line to 'None'
[0.605s] Level 5:colcon.colcon_core.verb:set package 'more_interfaces' build argument 'catkin_cmake_args' from command line to 'None'
[0.605s] Level 5:colcon.colcon_core.verb:set package 'more_interfaces' build argument 'catkin_skip_building_tests' from command line to 'False'
[0.605s] DEBUG:colcon.colcon_core.verb:Building package 'more_interfaces' with the following arguments: {'ament_cmake_args': None, 'build_base': '/home/arya/robot_ws/build/more_interfaces', 'catkin_cmake_args': None, 'catkin_skip_building_tests': False, 'cmake_args': None, 'cmake_clean_cache': False, 'cmake_clean_first': False, 'cmake_force_configure': False, 'cmake_target': None, 'cmake_target_skip_unavailable': False, 'install_base': '/home/arya/robot_ws/install/more_interfaces', 'merge_install': False, 'path': '/home/arya/robot_ws/src/more_interfaces', 'symlink_install': True, 'test_result_base': None}
[0.606s] Level 5:colcon.colcon_core.verb:set package 'pkg_interfaces' build argument 'cmake_args' from command line to 'None'
[0.606s] Level 5:colcon.colcon_core.verb:set package 'pkg_interfaces' build argument 'cmake_target' from command line to 'None'
[0.606s] Level 5:colcon.colcon_core.verb:set package 'pkg_interfaces' build argument 'cmake_target_skip_unavailable' from command line to 'False'
[0.606s] Level 5:colcon.colcon_core.verb:set package 'pkg_interfaces' build argument 'cmake_clean_cache' from command line to 'False'
[0.606s] Level 5:colcon.colcon_core.verb:set package 'pkg_interfaces' build argument 'cmake_clean_first' from command line to 'False'
[0.606s] Level 5:colcon.colcon_core.verb:set package 'pkg_interfaces' build argument 'cmake_force_configure' from command line to 'False'
[0.606s] Level 5:colcon.colcon_core.verb:set package 'pkg_interfaces' build argument 'ament_cmake_args' from command line to 'None'
[0.606s] Level 5:colcon.colcon_core.verb:set package 'pkg_interfaces' build argument 'catkin_cmake_args' from command line to 'None'
[0.606s] Level 5:colcon.colcon_core.verb:set package 'pkg_interfaces' build argument 'catkin_skip_building_tests' from command line to 'False'
[0.606s] DEBUG:colcon.colcon_core.verb:Building package 'pkg_interfaces' with the following arguments: {'ament_cmake_args': None, 'build_base': '/home/arya/robot_ws/build/pkg_interfaces', 'catkin_cmake_args': None, 'catkin_skip_building_tests': False, 'cmake_args': None, 'cmake_clean_cache': False, 'cmake_clean_first': False, 'cmake_force_configure': False, 'cmake_target': None, 'cmake_target_skip_unavailable': False, 'install_base': '/home/arya/robot_ws/install/pkg_interfaces', 'merge_install': False, 'path': '/home/arya/robot_ws/src/pkg_interfaces', 'symlink_install': True, 'test_result_base': None}
[0.606s] Level 5:colcon.colcon_core.verb:set package 'pubsub_py' build argument 'cmake_args' from command line to 'None'
[0.606s] Level 5:colcon.colcon_core.verb:set package 'pubsub_py' build argument 'cmake_target' from command line to 'None'
[0.607s] Level 5:colcon.colcon_core.verb:set package 'pubsub_py' build argument 'cmake_target_skip_unavailable' from command line to 'False'
[0.607s] Level 5:colcon.colcon_core.verb:set package 'pubsub_py' build argument 'cmake_clean_cache' from command line to 'False'
[0.607s] Level 5:colcon.colcon_core.verb:set package 'pubsub_py' build argument 'cmake_clean_first' from command line to 'False'
[0.607s] Level 5:colcon.colcon_core.verb:set package 'pubsub_py' build argument 'cmake_force_configure' from command line to 'False'
[0.607s] Level 5:colcon.colcon_core.verb:set package 'pubsub_py' build argument 'ament_cmake_args' from command line to 'None'
[0.607s] Level 5:colcon.colcon_core.verb:set package 'pubsub_py' build argument 'catkin_cmake_args' from command line to 'None'
[0.607s] Level 5:colcon.colcon_core.verb:set package 'pubsub_py' build argument 'catkin_skip_building_tests' from command line to 'False'
[0.607s] DEBUG:colcon.colcon_core.verb:Building package 'pubsub_py' with the following arguments: {'ament_cmake_args': None, 'build_base': '/home/arya/robot_ws/build/pubsub_py', 'catkin_cmake_args': None, 'catkin_skip_building_tests': False, 'cmake_args': None, 'cmake_clean_cache': False, 'cmake_clean_first': False, 'cmake_force_configure': False, 'cmake_target': None, 'cmake_target_skip_unavailable': False, 'install_base': '/home/arya/robot_ws/install/pubsub_py', 'merge_install': False, 'path': '/home/arya/robot_ws/src/pubsub_py', 'symlink_install': True, 'test_result_base': None}
[0.607s] Level 5:colcon.colcon_core.verb:set package 'python_parameters' build argument 'cmake_args' from command line to 'None'
[0.607s] Level 5:colcon.colcon_core.verb:set package 'python_parameters' build argument 'cmake_target' from command line to 'None'
[0.607s] Level 5:colcon.colcon_core.verb:set package 'python_parameters' build argument 'cmake_target_skip_unavailable' from command line to 'False'
[0.607s] Level 5:colcon.colcon_core.verb:set package 'python_parameters' build argument 'cmake_clean_cache' from command line to 'False'
[0.607s] Level 5:colcon.colcon_core.verb:set package 'python_parameters' build argument 'cmake_clean_first' from command line to 'False'
[0.607s] Level 5:colcon.colcon_core.verb:set package 'python_parameters' build argument 'cmake_force_configure' from command line to 'False'
[0.607s] Level 5:colcon.colcon_core.verb:set package 'python_parameters' build argument 'ament_cmake_args' from command line to 'None'
[0.607s] Level 5:colcon.colcon_core.verb:set package 'python_parameters' build argument 'catkin_cmake_args' from command line to 'None'
[0.607s] Level 5:colcon.colcon_core.verb:set package 'python_parameters' build argument 'catkin_skip_building_tests' from command line to 'False'
[0.607s] DEBUG:colcon.colcon_core.verb:Building package 'python_parameters' with the following arguments: {'ament_cmake_args': None, 'build_base': '/home/arya/robot_ws/build/python_parameters', 'catkin_cmake_args': None, 'catkin_skip_building_tests': False, 'cmake_args': None, 'cmake_clean_cache': False, 'cmake_clean_first': False, 'cmake_force_configure': False, 'cmake_target': None, 'cmake_target_skip_unavailable': False, 'install_base': '/home/arya/robot_ws/install/python_parameters', 'merge_install': False, 'path': '/home/arya/robot_ws/src/python_parameters', 'symlink_install': True, 'test_result_base': None}
[0.608s] Level 5:colcon.colcon_core.verb:set package 'srvcli_py' build argument 'cmake_args' from command line to 'None'
[0.608s] Level 5:colcon.colcon_core.verb:set package 'srvcli_py' build argument 'cmake_target' from command line to 'None'
[0.608s] Level 5:colcon.colcon_core.verb:set package 'srvcli_py' build argument 'cmake_target_skip_unavailable' from command line to 'False'
[0.608s] Level 5:colcon.colcon_core.verb:set package 'srvcli_py' build argument 'cmake_clean_cache' from command line to 'False'
[0.608s] Level 5:colcon.colcon_core.verb:set package 'srvcli_py' build argument 'cmake_clean_first' from command line to 'False'
[0.608s] Level 5:colcon.colcon_core.verb:set package 'srvcli_py' build argument 'cmake_force_configure' from command line to 'False'
[0.608s] Level 5:colcon.colcon_core.verb:set package 'srvcli_py' build argument 'ament_cmake_args' from command line to 'None'
[0.608s] Level 5:colcon.colcon_core.verb:set package 'srvcli_py' build argument 'catkin_cmake_args' from command line to 'None'
[0.608s] Level 5:colcon.colcon_core.verb:set package 'srvcli_py' build argument 'catkin_skip_building_tests' from command line to 'False'
[0.608s] DEBUG:colcon.colcon_core.verb:Building package 'srvcli_py' with the following arguments: {'ament_cmake_args': None, 'build_base': '/home/arya/robot_ws/build/srvcli_py', 'catkin_cmake_args': None, 'catkin_skip_building_tests': False, 'cmake_args': None, 'cmake_clean_cache': False, 'cmake_clean_first': False, 'cmake_force_configure': False, 'cmake_target': None, 'cmake_target_skip_unavailable': False, 'install_base': '/home/arya/robot_ws/install/srvcli_py', 'merge_install': False, 'path': '/home/arya/robot_ws/src/srvcli_py', 'symlink_install': True, 'test_result_base': None}
[0.609s] Level 5:colcon.colcon_core.verb:set package 'action_py' build argument 'cmake_args' from command line to 'None'
[0.609s] Level 5:colcon.colcon_core.verb:set package 'action_py' build argument 'cmake_target' from command line to 'None'
[0.609s] Level 5:colcon.colcon_core.verb:set package 'action_py' build argument 'cmake_target_skip_unavailable' from command line to 'False'
[0.609s] Level 5:colcon.colcon_core.verb:set package 'action_py' build argument 'cmake_clean_cache' from command line to 'False'
[0.609s] Level 5:colcon.colcon_core.verb:set package 'action_py' build argument 'cmake_clean_first' from command line to 'False'
[0.609s] Level 5:colcon.colcon_core.verb:set package 'action_py' build argument 'cmake_force_configure' from command line to 'False'
[0.609s] Level 5:colcon.colcon_core.verb:set package 'action_py' build argument 'ament_cmake_args' from command line to 'None'
[0.609s] Level 5:colcon.colcon_core.verb:set package 'action_py' build argument 'catkin_cmake_args' from command line to 'None'
[0.609s] Level 5:colcon.colcon_core.verb:set package 'action_py' build argument 'catkin_skip_building_tests' from command line to 'False'
[0.609s] DEBUG:colcon.colcon_core.verb:Building package 'action_py' with the following arguments: {'ament_cmake_args': None, 'build_base': '/home/arya/robot_ws/build/action_py', 'catkin_cmake_args': None, 'catkin_skip_building_tests': False, 'cmake_args': None, 'cmake_clean_cache': False, 'cmake_clean_first': False, 'cmake_force_configure': False, 'cmake_target': None, 'cmake_target_skip_unavailable': False, 'install_base': '/home/arya/robot_ws/install/action_py', 'merge_install': False, 'path': '/home/arya/robot_ws/src/action_py', 'symlink_install': True, 'test_result_base': None}
[0.609s] Level 5:colcon.colcon_core.verb:set package 'pubsub_interface_py' build argument 'cmake_args' from command line to 'None'
[0.609s] Level 5:colcon.colcon_core.verb:set package 'pubsub_interface_py' build argument 'cmake_target' from command line to 'None'
[0.609s] Level 5:colcon.colcon_core.verb:set package 'pubsub_interface_py' build argument 'cmake_target_skip_unavailable' from command line to 'False'
[0.609s] Level 5:colcon.colcon_core.verb:set package 'pubsub_interface_py' build argument 'cmake_clean_cache' from command line to 'False'
[0.609s] Level 5:colcon.colcon_core.verb:set package 'pubsub_interface_py' build argument 'cmake_clean_first' from command line to 'False'
[0.609s] Level 5:colcon.colcon_core.verb:set package 'pubsub_interface_py' build argument 'cmake_force_configure' from command line to 'False'
[0.609s] Level 5:colcon.colcon_core.verb:set package 'pubsub_interface_py' build argument 'ament_cmake_args' from command line to 'None'
[0.609s] Level 5:colcon.colcon_core.verb:set package 'pubsub_interface_py' build argument 'catkin_cmake_args' from command line to 'None'
[0.609s] Level 5:colcon.colcon_core.verb:set package 'pubsub_interface_py' build argument 'catkin_skip_building_tests' from command line to 'False'
[0.610s] DEBUG:colcon.colcon_core.verb:Building package 'pubsub_interface_py' with the following arguments: {'ament_cmake_args': None, 'build_base': '/home/arya/robot_ws/build/pubsub_interface_py', 'catkin_cmake_args': None, 'catkin_skip_building_tests': False, 'cmake_args': None, 'cmake_clean_cache': False, 'cmake_clean_first': False, 'cmake_force_configure': False, 'cmake_target': None, 'cmake_target_skip_unavailable': False, 'install_base': '/home/arya/robot_ws/install/pubsub_interface_py', 'merge_install': False, 'path': '/home/arya/robot_ws/src/pubsub_interface_py', 'symlink_install': True, 'test_result_base': None}
[0.610s] Level 5:colcon.colcon_core.verb:set package 'robot_bringub' build argument 'cmake_args' from command line to 'None'
[0.610s] Level 5:colcon.colcon_core.verb:set package 'robot_bringub' build argument 'cmake_target' from command line to 'None'
[0.610s] Level 5:colcon.colcon_core.verb:set package 'robot_bringub' build argument 'cmake_target_skip_unavailable' from command line to 'False'
[0.610s] Level 5:colcon.colcon_core.verb:set package 'robot_bringub' build argument 'cmake_clean_cache' from command line to 'False'
[0.610s] Level 5:colcon.colcon_core.verb:set package 'robot_bringub' build argument 'cmake_clean_first' from command line to 'False'
[0.610s] Level 5:colcon.colcon_core.verb:set package 'robot_bringub' build argument 'cmake_force_configure' from command line to 'False'
[0.610s] Level 5:colcon.colcon_core.verb:set package 'robot_bringub' build argument 'ament_cmake_args' from command line to 'None'
[0.610s] Level 5:colcon.colcon_core.verb:set package 'robot_bringub' build argument 'catkin_cmake_args' from command line to 'None'
[0.610s] Level 5:colcon.colcon_core.verb:set package 'robot_bringub' build argument 'catkin_skip_building_tests' from command line to 'False'
[0.610s] DEBUG:colcon.colcon_core.verb:Building package 'robot_bringub' with the following arguments: {'ament_cmake_args': None, 'build_base': '/home/arya/robot_ws/build/robot_bringub', 'catkin_cmake_args': None, 'catkin_skip_building_tests': False, 'cmake_args': None, 'cmake_clean_cache': False, 'cmake_clean_first': False, 'cmake_force_configure': False, 'cmake_target': None, 'cmake_target_skip_unavailable': False, 'install_base': '/home/arya/robot_ws/install/robot_bringub', 'merge_install': False, 'path': '/home/arya/robot_ws/src/robot_bringub', 'symlink_install': True, 'test_result_base': None}
[0.610s] INFO:colcon.colcon_core.executor:Executing jobs using 'parallel' executor
[0.612s] DEBUG:colcon.colcon_parallel_executor.executor.parallel:run_until_complete
[0.612s] INFO:colcon.colcon_ros.task.ament_cmake.build:Building ROS package in '/home/arya/robot_ws/src/pkg_interfaces' with build type 'ament_cmake'
[0.612s] INFO:colcon.colcon_cmake.task.cmake.build:Building CMake package in '/home/arya/robot_ws/src/pkg_interfaces'
[0.617s] INFO:colcon.colcon_core.plugin_system:Skipping extension 'colcon_core.shell.bat': Not used on non-Windows systems
[0.617s] INFO:colcon.colcon_core.shell:Skip shell extension 'powershell' for command environment: Not usable outside of PowerShell
[0.617s] DEBUG:colcon.colcon_core.shell:Skip shell extension 'dsv' for command environment
[0.622s] INFO:colcon.colcon_ros.task.ament_python.build:Building ROS package in '/home/arya/robot_ws/src/pubsub_py' with build type 'ament_python'
[0.622s] Level 1:colcon.colcon_core.shell:create_environment_hook('pubsub_py', 'ament_prefix_path')
[0.622s] INFO:colcon.colcon_core.shell:Creating environment hook '/home/arya/robot_ws/install/pubsub_py/share/pubsub_py/hook/ament_prefix_path.ps1'
[0.623s] INFO:colcon.colcon_core.shell:Creating environment descriptor '/home/arya/robot_ws/install/pubsub_py/share/pubsub_py/hook/ament_prefix_path.dsv'
[0.624s] INFO:colcon.colcon_core.shell:Creating environment hook '/home/arya/robot_ws/install/pubsub_py/share/pubsub_py/hook/ament_prefix_path.sh'
[0.626s] INFO:colcon.colcon_core.shell:Skip shell extension 'powershell' for command environment: Not usable outside of PowerShell
[0.626s] DEBUG:colcon.colcon_core.shell:Skip shell extension 'dsv' for command environment
[0.629s] INFO:colcon.colcon_ros.task.ament_cmake.build:Building ROS package in '/home/arya/robot_ws/src/more_interfaces' with build type 'ament_cmake'
[0.629s] INFO:colcon.colcon_cmake.task.cmake.build:Building CMake package in '/home/arya/robot_ws/src/more_interfaces'
[0.629s] INFO:colcon.colcon_core.shell:Skip shell extension 'powershell' for command environment: Not usable outside of PowerShell
[0.629s] DEBUG:colcon.colcon_core.shell:Skip shell extension 'dsv' for command environment
[0.633s] INFO:colcon.colcon_ros.task.ament_python.build:Building ROS package in '/home/arya/robot_ws/src/python_parameters' with build type 'ament_python'
[0.633s] Level 1:colcon.colcon_core.shell:create_environment_hook('python_parameters', 'ament_prefix_path')
[0.633s] INFO:colcon.colcon_core.shell:Creating environment hook '/home/arya/robot_ws/install/python_parameters/share/python_parameters/hook/ament_prefix_path.ps1'
[0.634s] INFO:colcon.colcon_core.shell:Creating environment descriptor '/home/arya/robot_ws/install/python_parameters/share/python_parameters/hook/ament_prefix_path.dsv'
[0.635s] INFO:colcon.colcon_core.shell:Creating environment hook '/home/arya/robot_ws/install/python_parameters/share/python_parameters/hook/ament_prefix_path.sh'
[0.635s] INFO:colcon.colcon_core.shell:Skip shell extension 'powershell' for command environment: Not usable outside of PowerShell
[0.635s] DEBUG:colcon.colcon_core.shell:Skip shell extension 'dsv' for command environment
[0.645s] DEBUG:colcon.colcon_core.event_handler.log_command:Invoking command in '/home/arya/robot_ws/build/pkg_interfaces': CMAKE_PREFIX_PATH=/opt/ros/humble /usr/bin/cmake --build /home/arya/robot_ws/build/pkg_interfaces -- -j4 -l4
[0.938s] INFO:colcon.colcon_core.task.python.build:Building Python package in '/home/arya/robot_ws/src/pubsub_py'
[0.938s] INFO:colcon.colcon_core.shell:Skip shell extension 'powershell' for command environment: Not usable outside of PowerShell
[0.938s] DEBUG:colcon.colcon_core.shell:Skip shell extension 'dsv' for command environment
[0.946s] DEBUG:colcon.colcon_core.event_handler.log_command:Invoking command in '/home/arya/robot_ws/build/more_interfaces': CMAKE_PREFIX_PATH=/opt/ros/humble /usr/bin/cmake --build /home/arya/robot_ws/build/more_interfaces -- -j4 -l4
[1.282s] INFO:colcon.colcon_core.task.python.build:Building Python package in '/home/arya/robot_ws/src/python_parameters'
[1.283s] INFO:colcon.colcon_core.shell:Skip shell extension 'powershell' for command environment: Not usable outside of PowerShell
[1.283s] DEBUG:colcon.colcon_core.shell:Skip shell extension 'dsv' for command environment
[1.291s] DEBUG:colcon.colcon_core.event_handler.log_command:Invoked command in '/home/arya/robot_ws/build/pkg_interfaces' returned '0': CMAKE_PREFIX_PATH=/opt/ros/humble /usr/bin/cmake --build /home/arya/robot_ws/build/pkg_interfaces -- -j4 -l4
[1.305s] DEBUG:colcon.colcon_core.event_handler.log_command:Invoking command in '/home/arya/robot_ws/build/pkg_interfaces': CMAKE_PREFIX_PATH=/opt/ros/humble /usr/bin/cmake --install /home/arya/robot_ws/build/pkg_interfaces
[1.452s] Level 1:colcon.colcon_core.environment:create_environment_scripts_only(pkg_interfaces)
[1.453s] DEBUG:colcon.colcon_core.event_handler.log_command:Invoked command in '/home/arya/robot_ws/build/pkg_interfaces' returned '0': CMAKE_PREFIX_PATH=/opt/ros/humble /usr/bin/cmake --install /home/arya/robot_ws/build/pkg_interfaces
[1.462s] Level 1:colcon.colcon_core.environment:checking '/home/arya/robot_ws/install/pkg_interfaces' for CMake module files
[1.463s] Level 1:colcon.colcon_core.environment:checking '/home/arya/robot_ws/install/pkg_interfaces' for CMake config files
[1.464s] Level 1:colcon.colcon_core.shell:create_environment_hook('pkg_interfaces', 'cmake_prefix_path')
[1.464s] INFO:colcon.colcon_core.shell:Creating environment hook '/home/arya/robot_ws/install/pkg_interfaces/share/pkg_interfaces/hook/cmake_prefix_path.ps1'
[1.465s] INFO:colcon.colcon_core.shell:Creating environment descriptor '/home/arya/robot_ws/install/pkg_interfaces/share/pkg_interfaces/hook/cmake_prefix_path.dsv'
[1.467s] INFO:colcon.colcon_core.shell:Creating environment hook '/home/arya/robot_ws/install/pkg_interfaces/share/pkg_interfaces/hook/cmake_prefix_path.sh'
[1.468s] Level 1:colcon.colcon_core.environment:checking '/home/arya/robot_ws/install/pkg_interfaces/lib'
[1.468s] Level 1:colcon.colcon_core.shell:create_environment_hook('pkg_interfaces', 'ld_library_path_lib')
[1.468s] INFO:colcon.colcon_core.shell:Creating environment hook '/home/arya/robot_ws/install/pkg_interfaces/share/pkg_interfaces/hook/ld_library_path_lib.ps1'
[1.470s] INFO:colcon.colcon_core.shell:Creating environment descriptor '/home/arya/robot_ws/install/pkg_interfaces/share/pkg_interfaces/hook/ld_library_path_lib.dsv'
[1.471s] INFO:colcon.colcon_core.shell:Creating environment hook '/home/arya/robot_ws/install/pkg_interfaces/share/pkg_interfaces/hook/ld_library_path_lib.sh'
[1.471s] Level 1:colcon.colcon_core.environment:checking '/home/arya/robot_ws/install/pkg_interfaces/bin'
[1.471s] Level 1:colcon.colcon_core.environment:checking '/home/arya/robot_ws/install/pkg_interfaces/lib/pkgconfig/pkg_interfaces.pc'
[1.471s] Level 1:colcon.colcon_core.environment:checking '/home/arya/robot_ws/install/pkg_interfaces/lib/python3.10/site-packages'
[1.472s] Level 1:colcon.colcon_core.environment:checking '/home/arya/robot_ws/install/pkg_interfaces/bin'
[1.472s] INFO:colcon.colcon_core.shell:Creating package script '/home/arya/robot_ws/install/pkg_interfaces/share/pkg_interfaces/package.ps1'
[1.473s] INFO:colcon.colcon_core.shell:Creating package descriptor '/home/arya/robot_ws/install/pkg_interfaces/share/pkg_interfaces/package.dsv'
[1.474s] INFO:colcon.colcon_core.shell:Creating package script '/home/arya/robot_ws/install/pkg_interfaces/share/pkg_interfaces/package.sh'
[1.476s] INFO:colcon.colcon_core.shell:Creating package script '/home/arya/robot_ws/install/pkg_interfaces/share/pkg_interfaces/package.bash'
[1.479s] INFO:colcon.colcon_core.shell:Creating package script '/home/arya/robot_ws/install/pkg_interfaces/share/pkg_interfaces/package.zsh'
[1.480s] Level 1:colcon.colcon_core.environment:create_file_with_runtime_dependencies(/home/arya/robot_ws/install/pkg_interfaces/share/colcon-core/packages/pkg_interfaces)
[1.480s] Level 1:colcon.colcon_core.environment:create_environment_scripts_only(pkg_interfaces)
[1.481s] Level 1:colcon.colcon_core.environment:checking '/home/arya/robot_ws/install/pkg_interfaces' for CMake module files
[1.481s] Level 1:colcon.colcon_core.environment:checking '/home/arya/robot_ws/install/pkg_interfaces' for CMake config files
[1.482s] Level 1:colcon.colcon_core.shell:create_environment_hook('pkg_interfaces', 'cmake_prefix_path')
[1.482s] INFO:colcon.colcon_core.shell:Creating environment hook '/home/arya/robot_ws/install/pkg_interfaces/share/pkg_interfaces/hook/cmake_prefix_path.ps1'
[1.483s] INFO:colcon.colcon_core.shell:Creating environment descriptor '/home/arya/robot_ws/install/pkg_interfaces/share/pkg_interfaces/hook/cmake_prefix_path.dsv'
[1.483s] INFO:colcon.colcon_core.shell:Creating environment hook '/home/arya/robot_ws/install/pkg_interfaces/share/pkg_interfaces/hook/cmake_prefix_path.sh'
[1.484s] Level 1:colcon.colcon_core.environment:checking '/home/arya/robot_ws/install/pkg_interfaces/lib'
[1.484s] Level 1:colcon.colcon_core.shell:create_environment_hook('pkg_interfaces', 'ld_library_path_lib')
[1.484s] INFO:colcon.colcon_core.shell:Creating environment hook '/home/arya/robot_ws/install/pkg_interfaces/share/pkg_interfaces/hook/ld_library_path_lib.ps1'
[1.484s] INFO:colcon.colcon_core.shell:Creating environment descriptor '/home/arya/robot_ws/install/pkg_interfaces/share/pkg_interfaces/hook/ld_library_path_lib.dsv'
[1.485s] INFO:colcon.colcon_core.shell:Creating environment hook '/home/arya/robot_ws/install/pkg_interfaces/share/pkg_interfaces/hook/ld_library_path_lib.sh'
[1.485s] Level 1:colcon.colcon_core.environment:checking '/home/arya/robot_ws/install/pkg_interfaces/bin'
[1.485s] Level 1:colcon.colcon_core.environment:checking '/home/arya/robot_ws/install/pkg_interfaces/lib/pkgconfig/pkg_interfaces.pc'
[1.485s] Level 1:colcon.colcon_core.environment:checking '/home/arya/robot_ws/install/pkg_interfaces/lib/python3.10/site-packages'
[1.486s] Level 1:colcon.colcon_core.environment:checking '/home/arya/robot_ws/install/pkg_interfaces/bin'
[1.486s] INFO:colcon.colcon_core.shell:Creating package script '/home/arya/robot_ws/install/pkg_interfaces/share/pkg_interfaces/package.ps1'
[1.487s] INFO:colcon.colcon_core.shell:Creating package descriptor '/home/arya/robot_ws/install/pkg_interfaces/share/pkg_interfaces/package.dsv'
[1.487s] INFO:colcon.colcon_core.shell:Creating package script '/home/arya/robot_ws/install/pkg_interfaces/share/pkg_interfaces/package.sh'
[1.488s] INFO:colcon.colcon_core.shell:Creating package script '/home/arya/robot_ws/install/pkg_interfaces/share/pkg_interfaces/package.bash'
[1.488s] INFO:colcon.colcon_core.shell:Creating package script '/home/arya/robot_ws/install/pkg_interfaces/share/pkg_interfaces/package.zsh'
[1.488s] Level 1:colcon.colcon_core.environment:create_file_with_runtime_dependencies(/home/arya/robot_ws/install/pkg_interfaces/share/colcon-core/packages/pkg_interfaces)
[1.489s] INFO:colcon.colcon_ros.task.ament_python.build:Building ROS package in '/home/arya/robot_ws/src/srvcli_py' with build type 'ament_python'
[1.489s] Level 1:colcon.colcon_core.shell:create_environment_hook('srvcli_py', 'ament_prefix_path')
[1.489s] INFO:colcon.colcon_core.shell:Creating environment hook '/home/arya/robot_ws/install/srvcli_py/share/srvcli_py/hook/ament_prefix_path.ps1'
[1.490s] INFO:colcon.colcon_core.shell:Creating environment descriptor '/home/arya/robot_ws/install/srvcli_py/share/srvcli_py/hook/ament_prefix_path.dsv'
[1.490s] INFO:colcon.colcon_core.shell:Creating environment hook '/home/arya/robot_ws/install/srvcli_py/share/srvcli_py/hook/ament_prefix_path.sh'
[1.490s] INFO:colcon.colcon_core.shell:Skip shell extension 'powershell' for command environment: Not usable outside of PowerShell
[1.490s] DEBUG:colcon.colcon_core.shell:Skip shell extension 'dsv' for command environment
[1.788s] INFO:colcon.colcon_core.task.python.build:Building Python package in '/home/arya/robot_ws/src/srvcli_py'
[1.789s] INFO:colcon.colcon_core.shell:Skip shell extension 'powershell' for command environment: Not usable outside of PowerShell
[1.789s] DEBUG:colcon.colcon_core.shell:Skip shell extension 'dsv' for command environment
[1.796s] DEBUG:colcon.colcon_core.event_handler.log_command:Invoking command in '/home/arya/robot_ws/build/pubsub_py': PYTHONPATH=/home/arya/robot_ws/build/pubsub_py/prefix_override:/usr/lib/python3/dist-packages/colcon_core/task/python/colcon_distutils_commands:/home/arya/robot_ws/install/pubsub_py/lib/python3.10/site-packages:${PYTHONPATH} /usr/bin/python3 -W ignore:setup.py install is deprecated -W ignore:easy_install command is deprecated setup.py develop --editable --build-directory /home/arya/robot_ws/build/pubsub_py/build --no-deps symlink_data
[1.796s] DEBUG:colcon.colcon_core.event_handler.log_command:Invoking command in '/home/arya/robot_ws/build/python_parameters': PYTHONPATH=/home/arya/robot_ws/build/python_parameters/prefix_override:/usr/lib/python3/dist-packages/colcon_core/task/python/colcon_distutils_commands:/home/arya/robot_ws/install/python_parameters/lib/python3.10/site-packages:${PYTHONPATH} /usr/bin/python3 -W ignore:setup.py install is deprecated -W ignore:easy_install command is deprecated setup.py develop --editable --build-directory /home/arya/robot_ws/build/python_parameters/build --no-deps symlink_data
[2.192s] DEBUG:colcon.colcon_core.event_handler.log_command:Invoking command in '/home/arya/robot_ws/build/srvcli_py': PYTHONPATH=/home/arya/robot_ws/build/srvcli_py/prefix_override:/usr/lib/python3/dist-packages/colcon_core/task/python/colcon_distutils_commands:/home/arya/robot_ws/install/srvcli_py/lib/python3.10/site-packages:${PYTHONPATH} /usr/bin/python3 -W ignore:setup.py install is deprecated -W ignore:easy_install command is deprecated setup.py develop --editable --build-directory /home/arya/robot_ws/build/srvcli_py/build --no-deps symlink_data
[2.326s] Level 1:colcon.colcon_core.shell:create_environment_hook('pubsub_py', 'pythonpath_develop')
[2.327s] INFO:colcon.colcon_core.shell:Creating environment hook '/home/arya/robot_ws/build/pubsub_py/share/pubsub_py/hook/pythonpath_develop.ps1'
[2.327s] INFO:colcon.colcon_core.shell:Creating environment descriptor '/home/arya/robot_ws/build/pubsub_py/share/pubsub_py/hook/pythonpath_develop.dsv'
[2.328s] INFO:colcon.colcon_core.shell:Creating environment hook '/home/arya/robot_ws/build/pubsub_py/share/pubsub_py/hook/pythonpath_develop.sh'
[2.328s] Level 1:colcon.colcon_core.environment:checking '/home/arya/robot_ws/install/pubsub_py' for CMake module files
[2.329s] Level 1:colcon.colcon_core.environment:checking '/home/arya/robot_ws/install/pubsub_py' for CMake config files
[2.331s] DEBUG:colcon.colcon_core.event_handler.log_command:Invoked command in '/home/arya/robot_ws/build/pubsub_py' returned '0': PYTHONPATH=/home/arya/robot_ws/build/pubsub_py/prefix_override:/usr/lib/python3/dist-packages/colcon_core/task/python/colcon_distutils_commands:/home/arya/robot_ws/install/pubsub_py/lib/python3.10/site-packages:${PYTHONPATH} /usr/bin/python3 -W ignore:setup.py install is deprecated -W ignore:easy_install command is deprecated setup.py develop --editable --build-directory /home/arya/robot_ws/build/pubsub_py/build --no-deps symlink_data
[2.336s] Level 1:colcon.colcon_core.environment:checking '/home/arya/robot_ws/install/pubsub_py/lib'
[2.336s] Level 1:colcon.colcon_core.environment:checking '/home/arya/robot_ws/install/pubsub_py/bin'
[2.336s] Level 1:colcon.colcon_core.environment:checking '/home/arya/robot_ws/install/pubsub_py/lib/pkgconfig/pubsub_py.pc'
[2.337s] Level 1:colcon.colcon_core.environment:checking '/home/arya/robot_ws/install/pubsub_py/lib/python3.10/site-packages'
[2.337s] Level 1:colcon.colcon_core.shell:create_environment_hook('pubsub_py', 'pythonpath')
[2.337s] INFO:colcon.colcon_core.shell:Creating environment hook '/home/arya/robot_ws/install/pubsub_py/share/pubsub_py/hook/pythonpath.ps1'
[2.340s] INFO:colcon.colcon_core.shell:Creating environment descriptor '/home/arya/robot_ws/install/pubsub_py/share/pubsub_py/hook/pythonpath.dsv'
[2.340s] INFO:colcon.colcon_core.shell:Creating environment hook '/home/arya/robot_ws/install/pubsub_py/share/pubsub_py/hook/pythonpath.sh'
[2.342s] Level 1:colcon.colcon_core.environment:checking '/home/arya/robot_ws/install/pubsub_py/bin'
[2.342s] Level 1:colcon.colcon_core.environment:create_environment_scripts_only(pubsub_py)
[2.343s] INFO:colcon.colcon_core.shell:Creating package script '/home/arya/robot_ws/install/pubsub_py/share/pubsub_py/package.ps1'
[2.343s] INFO:colcon.colcon_core.shell:Creating package descriptor '/home/arya/robot_ws/install/pubsub_py/share/pubsub_py/package.dsv'
[2.344s] INFO:colcon.colcon_core.shell:Creating package script '/home/arya/robot_ws/install/pubsub_py/share/pubsub_py/package.sh'
[2.344s] INFO:colcon.colcon_core.shell:Creating package script '/home/arya/robot_ws/install/pubsub_py/share/pubsub_py/package.bash'
[2.345s] INFO:colcon.colcon_core.shell:Creating package script '/home/arya/robot_ws/install/pubsub_py/share/pubsub_py/package.zsh'
[2.346s] Level 1:colcon.colcon_core.environment:create_file_with_runtime_dependencies(/home/arya/robot_ws/install/pubsub_py/share/colcon-core/packages/pubsub_py)
[2.346s] INFO:colcon.colcon_ros.task.ament_python.build:Building ROS package in '/home/arya/robot_ws/src/action_py' with build type 'ament_python'
[2.347s] Level 1:colcon.colcon_core.shell:create_environment_hook('action_py', 'ament_prefix_path')
[2.354s] INFO:colcon.colcon_core.shell:Creating environment hook '/home/arya/robot_ws/install/action_py/share/action_py/hook/ament_prefix_path.ps1'
[2.355s] INFO:colcon.colcon_core.shell:Creating environment descriptor '/home/arya/robot_ws/install/action_py/share/action_py/hook/ament_prefix_path.dsv'
[2.356s] INFO:colcon.colcon_core.shell:Creating environment hook '/home/arya/robot_ws/install/action_py/share/action_py/hook/ament_prefix_path.sh'
[2.357s] INFO:colcon.colcon_core.shell:Skip shell extension 'powershell' for command environment: Not usable outside of PowerShell
[2.357s] DEBUG:colcon.colcon_core.shell:Skip shell extension 'dsv' for command environment
[2.364s] Level 1:colcon.colcon_core.shell:create_environment_hook('python_parameters', 'pythonpath_develop')
[2.364s] DEBUG:colcon.colcon_core.event_handler.log_command:Invoked command in '/home/arya/robot_ws/build/python_parameters' returned '0': PYTHONPATH=/home/arya/robot_ws/build/python_parameters/prefix_override:/usr/lib/python3/dist-packages/colcon_core/task/python/colcon_distutils_commands:/home/arya/robot_ws/install/python_parameters/lib/python3.10/site-packages:${PYTHONPATH} /usr/bin/python3 -W ignore:setup.py install is deprecated -W ignore:easy_install command is deprecated setup.py develop --editable --build-directory /home/arya/robot_ws/build/python_parameters/build --no-deps symlink_data
[2.365s] INFO:colcon.colcon_core.shell:Creating environment hook '/home/arya/robot_ws/build/python_parameters/share/python_parameters/hook/pythonpath_develop.ps1'
[2.367s] INFO:colcon.colcon_core.shell:Creating environment descriptor '/home/arya/robot_ws/build/python_parameters/share/python_parameters/hook/pythonpath_develop.dsv'
[2.368s] INFO:colcon.colcon_core.shell:Creating environment hook '/home/arya/robot_ws/build/python_parameters/share/python_parameters/hook/pythonpath_develop.sh'
[2.368s] Level 1:colcon.colcon_core.environment:checking '/home/arya/robot_ws/install/python_parameters' for CMake module files
[2.369s] Level 1:colcon.colcon_core.environment:checking '/home/arya/robot_ws/install/python_parameters' for CMake config files
[2.369s] Level 1:colcon.colcon_core.environment:checking '/home/arya/robot_ws/install/python_parameters/lib'
[2.370s] Level 1:colcon.colcon_core.environment:checking '/home/arya/robot_ws/install/python_parameters/bin'
[2.370s] Level 1:colcon.colcon_core.environment:checking '/home/arya/robot_ws/install/python_parameters/lib/pkgconfig/python_parameters.pc'
[2.370s] Level 1:colcon.colcon_core.environment:checking '/home/arya/robot_ws/install/python_parameters/lib/python3.10/site-packages'
[2.370s] Level 1:colcon.colcon_core.shell:create_environment_hook('python_parameters', 'pythonpath')
[2.370s] INFO:colcon.colcon_core.shell:Creating environment hook '/home/arya/robot_ws/install/python_parameters/share/python_parameters/hook/pythonpath.ps1'
[2.373s] INFO:colcon.colcon_core.shell:Creating environment descriptor '/home/arya/robot_ws/install/python_parameters/share/python_parameters/hook/pythonpath.dsv'
[2.374s] INFO:colcon.colcon_core.shell:Creating environment hook '/home/arya/robot_ws/install/python_parameters/share/python_parameters/hook/pythonpath.sh'
[2.376s] Level 1:colcon.colcon_core.environment:checking '/home/arya/robot_ws/install/python_parameters/bin'
[2.376s] Level 1:colcon.colcon_core.environment:create_environment_scripts_only(python_parameters)
[2.377s] INFO:colcon.colcon_core.shell:Creating package script '/home/arya/robot_ws/install/python_parameters/share/python_parameters/package.ps1'
[2.379s] INFO:colcon.colcon_core.shell:Creating package descriptor '/home/arya/robot_ws/install/python_parameters/share/python_parameters/package.dsv'
[2.380s] INFO:colcon.colcon_core.shell:Creating package script '/home/arya/robot_ws/install/python_parameters/share/python_parameters/package.sh'
[2.381s] INFO:colcon.colcon_core.shell:Creating package script '/home/arya/robot_ws/install/python_parameters/share/python_parameters/package.bash'
[2.382s] INFO:colcon.colcon_core.shell:Creating package script '/home/arya/robot_ws/install/python_parameters/share/python_parameters/package.zsh'
[2.383s] Level 1:colcon.colcon_core.environment:create_file_with_runtime_dependencies(/home/arya/robot_ws/install/python_parameters/share/colcon-core/packages/python_parameters)
[2.385s] INFO:colcon.colcon_ros.task.ament_python.build:Building ROS package in '/home/arya/robot_ws/src/pubsub_interface_py' with build type 'ament_python'
[2.385s] Level 1:colcon.colcon_core.shell:create_environment_hook('pubsub_interface_py', 'ament_prefix_path')
[2.385s] INFO:colcon.colcon_core.shell:Creating environment hook '/home/arya/robot_ws/install/pubsub_interface_py/share/pubsub_interface_py/hook/ament_prefix_path.ps1'
[2.388s] INFO:colcon.colcon_core.shell:Creating environment descriptor '/home/arya/robot_ws/install/pubsub_interface_py/share/pubsub_interface_py/hook/ament_prefix_path.dsv'
[2.390s] INFO:colcon.colcon_core.shell:Creating environment hook '/home/arya/robot_ws/install/pubsub_interface_py/share/pubsub_interface_py/hook/ament_prefix_path.sh'
[2.392s] INFO:colcon.colcon_core.shell:Skip shell extension 'powershell' for command environment: Not usable outside of PowerShell
[2.392s] DEBUG:colcon.colcon_core.shell:Skip shell extension 'dsv' for command environment
[2.769s] INFO:colcon.colcon_core.task.python.build:Building Python package in '/home/arya/robot_ws/src/action_py'
[2.770s] INFO:colcon.colcon_core.shell:Skip shell extension 'powershell' for command environment: Not usable outside of PowerShell
[2.770s] DEBUG:colcon.colcon_core.shell:Skip shell extension 'dsv' for command environment
[3.183s] INFO:colcon.colcon_core.task.python.build:Building Python package in '/home/arya/robot_ws/src/pubsub_interface_py'
[3.184s] INFO:colcon.colcon_core.shell:Skip shell extension 'powershell' for command environment: Not usable outside of PowerShell
[3.184s] DEBUG:colcon.colcon_core.shell:Skip shell extension 'dsv' for command environment
[3.207s] Level 1:colcon.colcon_core.shell:create_environment_hook('srvcli_py', 'pythonpath_develop')
[3.208s] INFO:colcon.colcon_core.shell:Creating environment hook '/home/arya/robot_ws/build/srvcli_py/share/srvcli_py/hook/pythonpath_develop.ps1'
[3.209s] INFO:colcon.colcon_core.shell:Creating environment descriptor '/home/arya/robot_ws/build/srvcli_py/share/srvcli_py/hook/pythonpath_develop.dsv'
[3.209s] INFO:colcon.colcon_core.shell:Creating environment hook '/home/arya/robot_ws/build/srvcli_py/share/srvcli_py/hook/pythonpath_develop.sh'
[3.210s] Level 1:colcon.colcon_core.environment:checking '/home/arya/robot_ws/install/srvcli_py' for CMake module files
[3.211s] Level 1:colcon.colcon_core.environment:checking '/home/arya/robot_ws/install/srvcli_py' for CMake config files
[3.208s] DEBUG:colcon.colcon_core.event_handler.log_command:Invoked command in '/home/arya/robot_ws/build/srvcli_py' returned '0': PYTHONPATH=/home/arya/robot_ws/build/srvcli_py/prefix_override:/usr/lib/python3/dist-packages/colcon_core/task/python/colcon_distutils_commands:/home/arya/robot_ws/install/srvcli_py/lib/python3.10/site-packages:${PYTHONPATH} /usr/bin/python3 -W ignore:setup.py install is deprecated -W ignore:easy_install command is deprecated setup.py develop --editable --build-directory /home/arya/robot_ws/build/srvcli_py/build --no-deps symlink_data
[3.218s] Level 1:colcon.colcon_core.environment:checking '/home/arya/robot_ws/install/srvcli_py/lib'
[3.218s] Level 1:colcon.colcon_core.environment:checking '/home/arya/robot_ws/install/srvcli_py/bin'
[3.219s] Level 1:colcon.colcon_core.environment:checking '/home/arya/robot_ws/install/srvcli_py/lib/pkgconfig/srvcli_py.pc'
[3.219s] Level 1:colcon.colcon_core.environment:checking '/home/arya/robot_ws/install/srvcli_py/lib/python3.10/site-packages'
[3.219s] Level 1:colcon.colcon_core.shell:create_environment_hook('srvcli_py', 'pythonpath')
[3.219s] INFO:colcon.colcon_core.shell:Creating environment hook '/home/arya/robot_ws/install/srvcli_py/share/srvcli_py/hook/pythonpath.ps1'
[3.220s] INFO:colcon.colcon_core.shell:Creating environment descriptor '/home/arya/robot_ws/install/srvcli_py/share/srvcli_py/hook/pythonpath.dsv'
[3.223s] INFO:colcon.colcon_core.shell:Creating environment hook '/home/arya/robot_ws/install/srvcli_py/share/srvcli_py/hook/pythonpath.sh'
[3.228s] Level 1:colcon.colcon_core.environment:checking '/home/arya/robot_ws/install/srvcli_py/bin'
[3.228s] Level 1:colcon.colcon_core.environment:create_environment_scripts_only(srvcli_py)
[3.229s] INFO:colcon.colcon_core.shell:Creating package script '/home/arya/robot_ws/install/srvcli_py/share/srvcli_py/package.ps1'
[3.232s] INFO:colcon.colcon_core.shell:Creating package descriptor '/home/arya/robot_ws/install/srvcli_py/share/srvcli_py/package.dsv'
[3.237s] INFO:colcon.colcon_core.shell:Creating package script '/home/arya/robot_ws/install/srvcli_py/share/srvcli_py/package.sh'
[3.239s] INFO:colcon.colcon_core.shell:Creating package script '/home/arya/robot_ws/install/srvcli_py/share/srvcli_py/package.bash'
[3.242s] INFO:colcon.colcon_core.shell:Creating package script '/home/arya/robot_ws/install/srvcli_py/share/srvcli_py/package.zsh'
[3.244s] Level 1:colcon.colcon_core.environment:create_file_with_runtime_dependencies(/home/arya/robot_ws/install/srvcli_py/share/colcon-core/packages/srvcli_py)
[3.248s] INFO:colcon.colcon_ros.task.ament_cmake.build:Building ROS package in '/home/arya/robot_ws/src/robot_bringub' with build type 'ament_cmake'
[3.249s] INFO:colcon.colcon_cmake.task.cmake.build:Building CMake package in '/home/arya/robot_ws/src/robot_bringub'
[3.249s] INFO:colcon.colcon_core.shell:Skip shell extension 'powershell' for command environment: Not usable outside of PowerShell
[3.249s] DEBUG:colcon.colcon_core.shell:Skip shell extension 'dsv' for command environment
[3.299s] DEBUG:colcon.colcon_core.event_handler.log_command:Invoking command in '/home/arya/robot_ws/build/robot_bringub': AMENT_PREFIX_PATH=/home/arya/robot_ws/install/pubsub_py:${AMENT_PREFIX_PATH} CMAKE_PREFIX_PATH=/opt/ros/humble PYTHONPATH=/home/arya/robot_ws/build/pubsub_py:/home/arya/robot_ws/install/pubsub_py/lib/python3.10/site-packages:${PYTHONPATH} /usr/bin/cmake /home/arya/robot_ws/src/robot_bringub -DAMENT_CMAKE_SYMLINK_INSTALL=1 -DCMAKE_INSTALL_PREFIX=/home/arya/robot_ws/install/robot_bringub
[3.955s] DEBUG:colcon.colcon_core.event_handler.log_command:Invoking command in '/home/arya/robot_ws/build/action_py': AMENT_PREFIX_PATH=/home/arya/robot_ws/install/pkg_interfaces:${AMENT_PREFIX_PATH} CMAKE_PREFIX_PATH=/home/arya/robot_ws/install/pkg_interfaces LD_LIBRARY_PATH=/home/arya/robot_ws/install/pkg_interfaces/lib:${LD_LIBRARY_PATH} PYTHONPATH=/home/arya/robot_ws/build/action_py/prefix_override:/usr/lib/python3/dist-packages/colcon_core/task/python/colcon_distutils_commands:/home/arya/robot_ws/install/action_py/lib/python3.10/site-packages:/home/arya/robot_ws/install/pkg_interfaces/local/lib/python3.10/dist-packages:${PYTHONPATH} /usr/bin/python3 -W ignore:setup.py install is deprecated -W ignore:easy_install command is deprecated setup.py develop --editable --build-directory /home/arya/robot_ws/build/action_py/build --no-deps symlink_data
[4.144s] DEBUG:colcon.colcon_core.event_handler.log_command:Invoking command in '/home/arya/robot_ws/build/pubsub_interface_py': AMENT_PREFIX_PATH=/home/arya/robot_ws/install/pkg_interfaces:${AMENT_PREFIX_PATH} CMAKE_PREFIX_PATH=/home/arya/robot_ws/install/pkg_interfaces LD_LIBRARY_PATH=/home/arya/robot_ws/install/pkg_interfaces/lib:${LD_LIBRARY_PATH} PYTHONPATH=/home/arya/robot_ws/build/pubsub_interface_py/prefix_override:/usr/lib/python3/dist-packages/colcon_core/task/python/colcon_distutils_commands:/home/arya/robot_ws/install/pubsub_interface_py/lib/python3.10/site-packages:/home/arya/robot_ws/install/pkg_interfaces/local/lib/python3.10/dist-packages:${PYTHONPATH} /usr/bin/python3 -W ignore:setup.py install is deprecated -W ignore:easy_install command is deprecated setup.py develop --editable --build-directory /home/arya/robot_ws/build/pubsub_interface_py/build --no-deps symlink_data
[4.848s] Level 1:colcon.colcon_core.shell:create_environment_hook('action_py', 'pythonpath_develop')
[4.849s] INFO:colcon.colcon_core.shell:Creating environment hook '/home/arya/robot_ws/build/action_py/share/action_py/hook/pythonpath_develop.ps1'
[4.850s] INFO:colcon.colcon_core.shell:Creating environment descriptor '/home/arya/robot_ws/build/action_py/share/action_py/hook/pythonpath_develop.dsv'
[4.850s] DEBUG:colcon.colcon_core.event_handler.log_command:Invoked command in '/home/arya/robot_ws/build/action_py' returned '0': AMENT_PREFIX_PATH=/home/arya/robot_ws/install/pkg_interfaces:${AMENT_PREFIX_PATH} CMAKE_PREFIX_PATH=/home/arya/robot_ws/install/pkg_interfaces LD_LIBRARY_PATH=/home/arya/robot_ws/install/pkg_interfaces/lib:${LD_LIBRARY_PATH} PYTHONPATH=/home/arya/robot_ws/build/action_py/prefix_override:/usr/lib/python3/dist-packages/colcon_core/task/python/colcon_distutils_commands:/home/arya/robot_ws/install/action_py/lib/python3.10/site-packages:/home/arya/robot_ws/install/pkg_interfaces/local/lib/python3.10/dist-packages:${PYTHONPATH} /usr/bin/python3 -W ignore:setup.py install is deprecated -W ignore:easy_install command is deprecated setup.py develop --editable --build-directory /home/arya/robot_ws/build/action_py/build --no-deps symlink_data
[4.851s] INFO:colcon.colcon_core.shell:Creating environment hook '/home/arya/robot_ws/build/action_py/share/action_py/hook/pythonpath_develop.sh'
[4.851s] Level 1:colcon.colcon_core.environment:checking '/home/arya/robot_ws/install/action_py' for CMake module files
[4.852s] Level 1:colcon.colcon_core.environment:checking '/home/arya/robot_ws/install/action_py' for CMake config files
[4.852s] Level 1:colcon.colcon_core.environment:checking '/home/arya/robot_ws/install/action_py/lib'
[4.852s] Level 1:colcon.colcon_core.environment:checking '/home/arya/robot_ws/install/action_py/bin'
[4.852s] Level 1:colcon.colcon_core.environment:checking '/home/arya/robot_ws/install/action_py/lib/pkgconfig/action_py.pc'
[4.853s] Level 1:colcon.colcon_core.environment:checking '/home/arya/robot_ws/install/action_py/lib/python3.10/site-packages'
[4.853s] Level 1:colcon.colcon_core.shell:create_environment_hook('action_py', 'pythonpath')
[4.853s] INFO:colcon.colcon_core.shell:Creating environment hook '/home/arya/robot_ws/install/action_py/share/action_py/hook/pythonpath.ps1'
[4.864s] INFO:colcon.colcon_core.shell:Creating environment descriptor '/home/arya/robot_ws/install/action_py/share/action_py/hook/pythonpath.dsv'
[4.864s] INFO:colcon.colcon_core.shell:Creating environment hook '/home/arya/robot_ws/install/action_py/share/action_py/hook/pythonpath.sh'
[4.865s] Level 1:colcon.colcon_core.environment:checking '/home/arya/robot_ws/install/action_py/bin'
[4.865s] Level 1:colcon.colcon_core.environment:create_environment_scripts_only(action_py)
[4.866s] INFO:colcon.colcon_core.shell:Creating package script '/home/arya/robot_ws/install/action_py/share/action_py/package.ps1'
[4.867s] INFO:colcon.colcon_core.shell:Creating package descriptor '/home/arya/robot_ws/install/action_py/share/action_py/package.dsv'
[4.869s] INFO:colcon.colcon_core.shell:Creating package script '/home/arya/robot_ws/install/action_py/share/action_py/package.sh'
[4.870s] INFO:colcon.colcon_core.shell:Creating package script '/home/arya/robot_ws/install/action_py/share/action_py/package.bash'
[4.870s] INFO:colcon.colcon_core.shell:Creating package script '/home/arya/robot_ws/install/action_py/share/action_py/package.zsh'
[4.871s] Level 1:colcon.colcon_core.environment:create_file_with_runtime_dependencies(/home/arya/robot_ws/install/action_py/share/colcon-core/packages/action_py)
[4.891s] Level 1:colcon.colcon_core.shell:create_environment_hook('pubsub_interface_py', 'pythonpath_develop')
[4.891s] DEBUG:colcon.colcon_core.event_handler.log_command:Invoked command in '/home/arya/robot_ws/build/pubsub_interface_py' returned '0': AMENT_PREFIX_PATH=/home/arya/robot_ws/install/pkg_interfaces:${AMENT_PREFIX_PATH} CMAKE_PREFIX_PATH=/home/arya/robot_ws/install/pkg_interfaces LD_LIBRARY_PATH=/home/arya/robot_ws/install/pkg_interfaces/lib:${LD_LIBRARY_PATH} PYTHONPATH=/home/arya/robot_ws/build/pubsub_interface_py/prefix_override:/usr/lib/python3/dist-packages/colcon_core/task/python/colcon_distutils_commands:/home/arya/robot_ws/install/pubsub_interface_py/lib/python3.10/site-packages:/home/arya/robot_ws/install/pkg_interfaces/local/lib/python3.10/dist-packages:${PYTHONPATH} /usr/bin/python3 -W ignore:setup.py install is deprecated -W ignore:easy_install command is deprecated setup.py develop --editable --build-directory /home/arya/robot_ws/build/pubsub_interface_py/build --no-deps symlink_data
[4.892s] INFO:colcon.colcon_core.shell:Creating environment hook '/home/arya/robot_ws/build/pubsub_interface_py/share/pubsub_interface_py/hook/pythonpath_develop.ps1'
[4.894s] INFO:colcon.colcon_core.shell:Creating environment descriptor '/home/arya/robot_ws/build/pubsub_interface_py/share/pubsub_interface_py/hook/pythonpath_develop.dsv'
[4.895s] INFO:colcon.colcon_core.shell:Creating environment hook '/home/arya/robot_ws/build/pubsub_interface_py/share/pubsub_interface_py/hook/pythonpath_develop.sh'
[4.897s] Level 1:colcon.colcon_core.environment:checking '/home/arya/robot_ws/install/pubsub_interface_py' for CMake module files
[4.897s] Level 1:colcon.colcon_core.environment:checking '/home/arya/robot_ws/install/pubsub_interface_py' for CMake config files
[4.898s] Level 1:colcon.colcon_core.environment:checking '/home/arya/robot_ws/install/pubsub_interface_py/lib'
[4.898s] Level 1:colcon.colcon_core.environment:checking '/home/arya/robot_ws/install/pubsub_interface_py/bin'
[4.898s] Level 1:colcon.colcon_core.environment:checking '/home/arya/robot_ws/install/pubsub_interface_py/lib/pkgconfig/pubsub_interface_py.pc'
[4.901s] Level 1:colcon.colcon_core.environment:checking '/home/arya/robot_ws/install/pubsub_interface_py/lib/python3.10/site-packages'
[4.901s] Level 1:colcon.colcon_core.shell:create_environment_hook('pubsub_interface_py', 'pythonpath')
[4.902s] INFO:colcon.colcon_core.shell:Creating environment hook '/home/arya/robot_ws/install/pubsub_interface_py/share/pubsub_interface_py/hook/pythonpath.ps1'
[4.905s] INFO:colcon.colcon_core.shell:Creating environment descriptor '/home/arya/robot_ws/install/pubsub_interface_py/share/pubsub_interface_py/hook/pythonpath.dsv'
[4.906s] INFO:colcon.colcon_core.shell:Creating environment hook '/home/arya/robot_ws/install/pubsub_interface_py/share/pubsub_interface_py/hook/pythonpath.sh'
[4.907s] Level 1:colcon.colcon_core.environment:checking '/home/arya/robot_ws/install/pubsub_interface_py/bin'
[4.907s] Level 1:colcon.colcon_core.environment:create_environment_scripts_only(pubsub_interface_py)
[4.908s] INFO:colcon.colcon_core.shell:Creating package script '/home/arya/robot_ws/install/pubsub_interface_py/share/pubsub_interface_py/package.ps1'
[4.909s] INFO:colcon.colcon_core.shell:Creating package descriptor '/home/arya/robot_ws/install/pubsub_interface_py/share/pubsub_interface_py/package.dsv'
[4.910s] INFO:colcon.colcon_core.shell:Creating package script '/home/arya/robot_ws/install/pubsub_interface_py/share/pubsub_interface_py/package.sh'
[4.911s] INFO:colcon.colcon_core.shell:Creating package script '/home/arya/robot_ws/install/pubsub_interface_py/share/pubsub_interface_py/package.bash'
[4.912s] INFO:colcon.colcon_core.shell:Creating package script '/home/arya/robot_ws/install/pubsub_interface_py/share/pubsub_interface_py/package.zsh'
[4.913s] Level 1:colcon.colcon_core.environment:create_file_with_runtime_dependencies(/home/arya/robot_ws/install/pubsub_interface_py/share/colcon-core/packages/pubsub_interface_py)
[4.979s] DEBUG:colcon.colcon_core.event_handler.log_command:Invoked command in '/home/arya/robot_ws/build/robot_bringub' returned '0': AMENT_PREFIX_PATH=/home/arya/robot_ws/install/pubsub_py:${AMENT_PREFIX_PATH} CMAKE_PREFIX_PATH=/opt/ros/humble PYTHONPATH=/home/arya/robot_ws/build/pubsub_py:/home/arya/robot_ws/install/pubsub_py/lib/python3.10/site-packages:${PYTHONPATH} /usr/bin/cmake /home/arya/robot_ws/src/robot_bringub -DAMENT_CMAKE_SYMLINK_INSTALL=1 -DCMAKE_INSTALL_PREFIX=/home/arya/robot_ws/install/robot_bringub
[4.979s] DEBUG:colcon.colcon_core.event_handler.log_command:Invoking command in '/home/arya/robot_ws/build/robot_bringub': AMENT_PREFIX_PATH=/home/arya/robot_ws/install/pubsub_py:${AMENT_PREFIX_PATH} CMAKE_PREFIX_PATH=/opt/ros/humble PYTHONPATH=/home/arya/robot_ws/build/pubsub_py:/home/arya/robot_ws/install/pubsub_py/lib/python3.10/site-packages:${PYTHONPATH} /usr/bin/cmake --build /home/arya/robot_ws/build/robot_bringub -- -j4 -l4
[5.023s] DEBUG:colcon.colcon_core.event_handler.log_command:Invoked command in '/home/arya/robot_ws/build/robot_bringub' returned '0': AMENT_PREFIX_PATH=/home/arya/robot_ws/install/pubsub_py:${AMENT_PREFIX_PATH} CMAKE_PREFIX_PATH=/opt/ros/humble PYTHONPATH=/home/arya/robot_ws/build/pubsub_py:/home/arya/robot_ws/install/pubsub_py/lib/python3.10/site-packages:${PYTHONPATH} /usr/bin/cmake --build /home/arya/robot_ws/build/robot_bringub -- -j4 -l4
[5.024s] DEBUG:colcon.colcon_core.event_handler.log_command:Invoking command in '/home/arya/robot_ws/build/robot_bringub': AMENT_PREFIX_PATH=/home/arya/robot_ws/install/pubsub_py:${AMENT_PREFIX_PATH} CMAKE_PREFIX_PATH=/opt/ros/humble PYTHONPATH=/home/arya/robot_ws/build/pubsub_py:/home/arya/robot_ws/install/pubsub_py/lib/python3.10/site-packages:${PYTHONPATH} /usr/bin/cmake --install /home/arya/robot_ws/build/robot_bringub
[5.054s] DEBUG:colcon.colcon_core.event_handler.log_command:Invoked command in '/home/arya/robot_ws/build/robot_bringub' returned '1': AMENT_PREFIX_PATH=/home/arya/robot_ws/install/pubsub_py:${AMENT_PREFIX_PATH} CMAKE_PREFIX_PATH=/opt/ros/humble PYTHONPATH=/home/arya/robot_ws/build/pubsub_py:/home/arya/robot_ws/install/pubsub_py/lib/python3.10/site-packages:${PYTHONPATH} /usr/bin/cmake --install /home/arya/robot_ws/build/robot_bringub
[5.054s] Level 1:colcon.colcon_core.environment:create_environment_scripts_only(robot_bringub)
[5.054s] Level 1:colcon.colcon_core.environment:checking '/home/arya/robot_ws/install/robot_bringub' for CMake module files
[5.055s] Level 1:colcon.colcon_core.environment:checking '/home/arya/robot_ws/install/robot_bringub' for CMake config files
[5.055s] Level 1:colcon.colcon_core.environment:checking '/home/arya/robot_ws/install/robot_bringub/bin'
[5.055s] Level 1:colcon.colcon_core.environment:checking '/home/arya/robot_ws/install/robot_bringub/lib/pkgconfig/robot_bringub.pc'
[5.055s] Level 1:colcon.colcon_core.environment:checking '/home/arya/robot_ws/install/robot_bringub/lib/python3.10/site-packages'
[5.056s] Level 1:colcon.colcon_core.environment:checking '/home/arya/robot_ws/install/robot_bringub/bin'
[5.056s] INFO:colcon.colcon_core.shell:Creating package script '/home/arya/robot_ws/install/robot_bringub/share/robot_bringub/package.ps1'
[5.056s] INFO:colcon.colcon_core.shell:Creating package descriptor '/home/arya/robot_ws/install/robot_bringub/share/robot_bringub/package.dsv'
[5.057s] INFO:colcon.colcon_core.shell:Creating package script '/home/arya/robot_ws/install/robot_bringub/share/robot_bringub/package.sh'
[5.057s] INFO:colcon.colcon_core.shell:Creating package script '/home/arya/robot_ws/install/robot_bringub/share/robot_bringub/package.bash'
[5.057s] INFO:colcon.colcon_core.shell:Creating package script '/home/arya/robot_ws/install/robot_bringub/share/robot_bringub/package.zsh'
[5.058s] Level 1:colcon.colcon_core.environment:create_file_with_runtime_dependencies(/home/arya/robot_ws/install/robot_bringub/share/colcon-core/packages/robot_bringub)
[9.360s] DEBUG:colcon.colcon_parallel_executor.executor.parallel:closing loop
[9.360s] DEBUG:colcon.colcon_parallel_executor.executor.parallel:loop closed
[9.360s] DEBUG:colcon.colcon_parallel_executor.executor.parallel:run_until_complete finished with '1'
[9.360s] DEBUG:colcon.colcon_core.event_reactor:joining thread
[9.376s] INFO:colcon.colcon_core.plugin_system:Skipping extension 'colcon_notification.desktop_notification.terminal_notifier': Not used on non-Darwin systems
[9.376s] INFO:colcon.colcon_core.plugin_system:Skipping extension 'colcon_notification.desktop_notification.win32': Not used on non-Windows systems
[9.376s] INFO:colcon.colcon_notification.desktop_notification:Sending desktop notification using 'notify2'
[9.511s] DEBUG:colcon.colcon_core.event_reactor:joined thread
[9.511s] INFO:colcon.colcon_core.shell:Creating prefix script '/home/arya/robot_ws/install/local_setup.ps1'
[9.513s] INFO:colcon.colcon_core.shell:Creating prefix util module '/home/arya/robot_ws/install/_local_setup_util_ps1.py'
[9.515s] INFO:colcon.colcon_core.shell:Creating prefix chain script '/home/arya/robot_ws/install/setup.ps1'
[9.517s] INFO:colcon.colcon_core.shell:Creating prefix script '/home/arya/robot_ws/install/local_setup.sh'
[9.518s] INFO:colcon.colcon_core.shell:Creating prefix util module '/home/arya/robot_ws/install/_local_setup_util_sh.py'
[9.518s] INFO:colcon.colcon_core.shell:Creating prefix chain script '/home/arya/robot_ws/install/setup.sh'
[9.520s] INFO:colcon.colcon_core.shell:Creating prefix script '/home/arya/robot_ws/install/local_setup.bash'
[9.521s] INFO:colcon.colcon_core.shell:Creating prefix chain script '/home/arya/robot_ws/install/setup.bash'
[9.522s] INFO:colcon.colcon_core.shell:Creating prefix script '/home/arya/robot_ws/install/local_setup.zsh'
[9.524s] INFO:colcon.colcon_core.shell:Creating prefix chain script '/home/arya/robot_ws/install/setup.zsh'
