running develop
running egg_info
creating srvcli_py.egg-info
writing srvcli_py.egg-info/PKG-INFO
writing dependency_links to srvcli_py.egg-info/dependency_links.txt
writing entry points to srvcli_py.egg-info/entry_points.txt
writing requirements to srvcli_py.egg-info/requires.txt
writing top-level names to srvcli_py.egg-info/top_level.txt
writing manifest file 'srvcli_py.egg-info/SOURCES.txt'
reading manifest file 'srvcli_py.egg-info/SOURCES.txt'
writing manifest file 'srvcli_py.egg-info/SOURCES.txt'
running build_ext
Creating /home/arya/robot_ws/install/srvcli_py/lib/python3.10/site-packages/srvcli-py.egg-link (link to .)
Installing client script to /home/arya/robot_ws/install/srvcli_py/lib/srvcli_py
Installing server script to /home/arya/robot_ws/install/srvcli_py/lib/srvcli_py

Installed /home/arya/robot_ws/build/srvcli_py
running symlink_data
creating /home/arya/robot_ws/install/srvcli_py/share/ament_index
creating /home/arya/robot_ws/install/srvcli_py/share/ament_index/resource_index
creating /home/arya/robot_ws/install/srvcli_py/share/ament_index/resource_index/packages
symbolically linking /home/arya/robot_ws/build/srvcli_py/resource/srvcli_py -> /home/arya/robot_ws/install/srvcli_py/share/ament_index/resource_index/packages
symbolically linking /home/arya/robot_ws/build/srvcli_py/package.xml -> /home/arya/robot_ws/install/srvcli_py/share/srvcli_py
