running develop
running egg_info
creating param_callback.egg-info
writing param_callback.egg-info/PKG-INFO
writing dependency_links to param_callback.egg-info/dependency_links.txt
writing entry points to param_callback.egg-info/entry_points.txt
writing requirements to param_callback.egg-info/requires.txt
writing top-level names to param_callback.egg-info/top_level.txt
writing manifest file 'param_callback.egg-info/SOURCES.txt'
reading manifest file 'param_callback.egg-info/SOURCES.txt'
writing manifest file 'param_callback.egg-info/SOURCES.txt'
running build_ext
Creating /home/arya/robot_ws/install/param_callback/lib/python3.10/site-packages/param-callback.egg-link (link to .)

Installed /home/arya/robot_ws/build/param_callback
running symlink_data
creating /home/arya/robot_ws/install/param_callback/share/ament_index
creating /home/arya/robot_ws/install/param_callback/share/ament_index/resource_index
creating /home/arya/robot_ws/install/param_callback/share/ament_index/resource_index/packages
symbolically linking /home/arya/robot_ws/build/param_callback/resource/param_callback -> /home/arya/robot_ws/install/param_callback/share/ament_index/resource_index/packages
symbolically linking /home/arya/robot_ws/build/param_callback/package.xml -> /home/arya/robot_ws/install/param_callback/share/param_callback
