[1.768s] Invoking command in '/home/arya/robot_ws/build/param_callback': PYTHONPATH=/home/arya/robot_ws/build/param_callback/prefix_override:/usr/lib/python3/dist-packages/colcon_core/task/python/colcon_distutils_commands:/home/arya/robot_ws/install/param_callback/lib/python3.10/site-packages:${PYTHONPATH} /usr/bin/python3 -W ignore:setup.py install is deprecated -W ignore:easy_install command is deprecated setup.py develop --editable --build-directory /home/arya/robot_ws/build/param_callback/build --no-deps symlink_data
[2.088s] running develop
[2.277s] running egg_info
[2.278s] creating param_callback.egg-info
[2.279s] writing param_callback.egg-info/PKG-INFO
[2.280s] writing dependency_links to param_callback.egg-info/dependency_links.txt
[2.281s] writing entry points to param_callback.egg-info/entry_points.txt
[2.282s] writing requirements to param_callback.egg-info/requires.txt
[2.282s] writing top-level names to param_callback.egg-info/top_level.txt
[2.284s] writing manifest file 'param_callback.egg-info/SOURCES.txt'
[2.284s] reading manifest file 'param_callback.egg-info/SOURCES.txt'
[2.285s] writing manifest file 'param_callback.egg-info/SOURCES.txt'
[2.285s] running build_ext
[2.285s] Creating /home/arya/robot_ws/install/param_callback/lib/python3.10/site-packages/param-callback.egg-link (link to .)
[2.285s] 
[2.285s] Installed /home/arya/robot_ws/build/param_callback
[2.285s] running symlink_data
[2.286s] creating /home/arya/robot_ws/install/param_callback/share/ament_index
[2.286s] creating /home/arya/robot_ws/install/param_callback/share/ament_index/resource_index
[2.286s] creating /home/arya/robot_ws/install/param_callback/share/ament_index/resource_index/packages
[2.286s] symbolically linking /home/arya/robot_ws/build/param_callback/resource/param_callback -> /home/arya/robot_ws/install/param_callback/share/ament_index/resource_index/packages
[2.286s] symbolically linking /home/arya/robot_ws/build/param_callback/package.xml -> /home/arya/robot_ws/install/param_callback/share/param_callback
[2.333s] Invoked command in '/home/arya/robot_ws/build/param_callback' returned '0': PYTHONPATH=/home/arya/robot_ws/build/param_callback/prefix_override:/usr/lib/python3/dist-packages/colcon_core/task/python/colcon_distutils_commands:/home/arya/robot_ws/install/param_callback/lib/python3.10/site-packages:${PYTHONPATH} /usr/bin/python3 -W ignore:setup.py install is deprecated -W ignore:easy_install command is deprecated setup.py develop --editable --build-directory /home/arya/robot_ws/build/param_callback/build --no-deps symlink_data
