[0.747s] Invoking command in '/home/arya/robot_ws/src/python_parameters': PYTHONPATH=/home/arya/robot_ws/build/python_parameters/prefix_override:/usr/lib/python3/dist-packages/colcon_core/task/python/colcon_distutils_commands:/home/arya/robot_ws/install/python_parameters/lib/python3.10/site-packages:${PYTHONPATH} /usr/bin/python3 -W ignore:setup.py install is deprecated -W ignore:easy_install command is deprecated setup.py egg_info --egg-base ../../build/python_parameters build --build-base /home/arya/robot_ws/build/python_parameters/build install --record /home/arya/robot_ws/build/python_parameters/install.log --single-version-externally-managed install_data
[1.003s] running egg_info
[1.003s] creating ../../build/python_parameters/python_parameters.egg-info
[1.004s] writing ../../build/python_parameters/python_parameters.egg-info/PKG-INFO
[1.004s] writing dependency_links to ../../build/python_parameters/python_parameters.egg-info/dependency_links.txt
[1.004s] writing entry points to ../../build/python_parameters/python_parameters.egg-info/entry_points.txt
[1.004s] writing requirements to ../../build/python_parameters/python_parameters.egg-info/requires.txt
[1.004s] writing top-level names to ../../build/python_parameters/python_parameters.egg-info/top_level.txt
[1.004s] writing manifest file '../../build/python_parameters/python_parameters.egg-info/SOURCES.txt'
[1.006s] reading manifest file '../../build/python_parameters/python_parameters.egg-info/SOURCES.txt'
[1.007s] adding license file 'LICENSE'
[1.007s] writing manifest file '../../build/python_parameters/python_parameters.egg-info/SOURCES.txt'
[1.007s] running build
[1.007s] running build_py
[1.008s] creating /home/arya/robot_ws/build/python_parameters/build
[1.008s] creating /home/arya/robot_ws/build/python_parameters/build/lib
[1.008s] creating /home/arya/robot_ws/build/python_parameters/build/lib/python_parameters
[1.008s] copying python_parameters/param_node.py -> /home/arya/robot_ws/build/python_parameters/build/lib/python_parameters
[1.008s] copying python_parameters/__init__.py -> /home/arya/robot_ws/build/python_parameters/build/lib/python_parameters
[1.008s] running install
[1.009s] running install_lib
[1.009s] creating /home/arya/robot_ws/install/python_parameters/lib/python3.10/site-packages/python_parameters
[1.009s] copying /home/arya/robot_ws/build/python_parameters/build/lib/python_parameters/param_node.py -> /home/arya/robot_ws/install/python_parameters/lib/python3.10/site-packages/python_parameters
[1.010s] copying /home/arya/robot_ws/build/python_parameters/build/lib/python_parameters/__init__.py -> /home/arya/robot_ws/install/python_parameters/lib/python3.10/site-packages/python_parameters
[1.010s] byte-compiling /home/arya/robot_ws/install/python_parameters/lib/python3.10/site-packages/python_parameters/param_node.py to param_node.cpython-310.pyc
[1.010s] byte-compiling /home/arya/robot_ws/install/python_parameters/lib/python3.10/site-packages/python_parameters/__init__.py to __init__.cpython-310.pyc
[1.011s] running install_data
[1.011s] creating /home/arya/robot_ws/install/python_parameters/share/ament_index
[1.011s] creating /home/arya/robot_ws/install/python_parameters/share/ament_index/resource_index
[1.011s] creating /home/arya/robot_ws/install/python_parameters/share/ament_index/resource_index/packages
[1.011s] copying resource/python_parameters -> /home/arya/robot_ws/install/python_parameters/share/ament_index/resource_index/packages
[1.011s] copying package.xml -> /home/arya/robot_ws/install/python_parameters/share/python_parameters
[1.011s] running install_egg_info
[1.013s] Copying ../../build/python_parameters/python_parameters.egg-info to /home/arya/robot_ws/install/python_parameters/lib/python3.10/site-packages/python_parameters-0.0.0-py3.10.egg-info
[1.013s] running install_scripts
[1.037s] writing list of installed files to '/home/arya/robot_ws/build/python_parameters/install.log'
[1.073s] Invoked command in '/home/arya/robot_ws/src/python_parameters' returned '0': PYTHONPATH=/home/arya/robot_ws/build/python_parameters/prefix_override:/usr/lib/python3/dist-packages/colcon_core/task/python/colcon_distutils_commands:/home/arya/robot_ws/install/python_parameters/lib/python3.10/site-packages:${PYTHONPATH} /usr/bin/python3 -W ignore:setup.py install is deprecated -W ignore:easy_install command is deprecated setup.py egg_info --egg-base ../../build/python_parameters build --build-base /home/arya/robot_ws/build/python_parameters/build install --record /home/arya/robot_ws/build/python_parameters/install.log --single-version-externally-managed install_data
