-- Found ament_cmake: 1.3.11 (/opt/ros/humble/share/ament_cmake/cmake)
-- Override CMake install command with custom implementation using symlinks instead of copying resources
-- Found geometry_msgs: 4.2.4 (/opt/ros/humble/share/geometry_msgs/cmake)
-- Found rosidl_generator_c: 3.1.6 (/opt/ros/humble/share/rosidl_generator_c/cmake)
-- Found rosidl_adapter: 3.1.6 (/opt/ros/humble/share/rosidl_adapter/cmake)
-- Found rosidl_generator_cpp: 3.1.6 (/opt/ros/humble/share/rosidl_generator_cpp/cmake)
-- Using all available rosidl_typesupport_c: rosidl_typesupport_fastrtps_c;rosidl_typesupport_introspection_c
-- Using all available rosidl_typesupport_cpp: rosidl_typesupport_fastrtps_cpp;rosidl_typesupport_introspection_cpp
-- Found rosidl_default_generators: 1.2.0 (/opt/ros/humble/share/rosidl_default_generators/cmake)
-- Found ament_cmake_ros: 0.10.0 (/opt/ros/humble/share/ament_cmake_ros/cmake)
-- Using all available rosidl_typesupport_c: rosidl_typesupport_fastrtps_c;rosidl_typesupport_introspection_c
-- Using all available rosidl_typesupport_cpp: rosidl_typesupport_fastrtps_cpp;rosidl_typesupport_introspection_cpp
-- Found python_cmake_module: 0.10.0 (/opt/ros/humble/share/python_cmake_module/cmake)
-- Using PYTHON_EXECUTABLE: /usr/bin/python3
-- Using PYTHON_INCLUDE_DIRS: /usr/include/python3.10
-- Using PYTHON_LIBRARIES: /usr/lib/x86_64-linux-gnu/libpython3.10.so
-- Found ament_lint_auto: 0.12.11 (/opt/ros/humble/share/ament_lint_auto/cmake)
-- Added test 'lint_cmake' to check CMake code style
-- Added test 'xmllint' to check XML markup files
-- Configuring done
-- Generating done
-- Build files have been written to: /home/arya/robot_ws/build/pkg_interfaces
[35m[1mConsolidate compiler generated dependencies of target pkg_interfaces__rosidl_generator_c[0m
[  0%] Built target ament_cmake_python_symlink_pkg_interfaces
[  2%] Built target pkg_interfaces__cpp
[ 12%] Built target pkg_interfaces__rosidl_generator_c
[35m[1mConsolidate compiler generated dependencies of target pkg_interfaces__rosidl_typesupport_cpp[0m
[35m[1mConsolidate compiler generated dependencies of target pkg_interfaces__rosidl_typesupport_fastrtps_cpp[0m
[35m[1mConsolidate compiler generated dependencies of target pkg_interfaces__rosidl_typesupport_introspection_cpp[0m
[ 23%] Built target pkg_interfaces__rosidl_typesupport_cpp
[ 34%] Built target pkg_interfaces__rosidl_typesupport_introspection_cpp
[ 44%] Built target pkg_interfaces__rosidl_typesupport_fastrtps_cpp
[35m[1mConsolidate compiler generated dependencies of target pkg_interfaces__rosidl_typesupport_introspection_c[0m
[35m[1mConsolidate compiler generated dependencies of target pkg_interfaces__rosidl_typesupport_fastrtps_c[0m
[35m[1mConsolidate compiler generated dependencies of target pkg_interfaces__rosidl_typesupport_c[0m
[ 55%] Built target pkg_interfaces__rosidl_typesupport_introspection_c
[ 65%] Built target pkg_interfaces__rosidl_typesupport_c
[ 76%] Built target pkg_interfaces__rosidl_typesupport_fastrtps_c
[ 76%] Built target pkg_interfaces
[ 78%] Built target pkg_interfaces__py
[35m[1mConsolidate compiler generated dependencies of target pkg_interfaces__rosidl_generator_py[0m
[ 87%] Built target pkg_interfaces__rosidl_generator_py
[35m[1mConsolidate compiler generated dependencies of target pkg_interfaces__rosidl_typesupport_fastrtps_c__pyext[0m
[35m[1mConsolidate compiler generated dependencies of target pkg_interfaces__rosidl_typesupport_introspection_c__pyext[0m
[35m[1mConsolidate compiler generated dependencies of target pkg_interfaces__rosidl_typesupport_c__pyext[0m
[ 93%] Built target pkg_interfaces__rosidl_typesupport_fastrtps_c__pyext
[ 95%] Built target pkg_interfaces__rosidl_typesupport_introspection_c__pyext
[100%] Built target pkg_interfaces__rosidl_typesupport_c__pyext
running egg_info
writing pkg_interfaces.egg-info/PKG-INFO
writing dependency_links to pkg_interfaces.egg-info/dependency_links.txt
writing top-level names to pkg_interfaces.egg-info/top_level.txt
reading manifest file 'pkg_interfaces.egg-info/SOURCES.txt'
writing manifest file 'pkg_interfaces.egg-info/SOURCES.txt'
[100%] Built target ament_cmake_python_build_pkg_interfaces_egg
-- Install configuration: ""
-- Execute custom install script
-- Up-to-date symlink: /home/arya/robot_ws/install/pkg_interfaces/share/ament_index/resource_index/rosidl_interfaces/pkg_interfaces
-- Up-to-date symlink: /home/arya/robot_ws/install/pkg_interfaces/include/pkg_interfaces/pkg_interfaces/msg/detail/num__functions.h
-- Up-to-date symlink: /home/arya/robot_ws/install/pkg_interfaces/include/pkg_interfaces/pkg_interfaces/msg/detail/num__struct.h
-- Up-to-date symlink: /home/arya/robot_ws/install/pkg_interfaces/include/pkg_interfaces/pkg_interfaces/msg/detail/num__type_support.h
-- Up-to-date symlink: /home/arya/robot_ws/install/pkg_interfaces/include/pkg_interfaces/pkg_interfaces/msg/detail/sphere__functions.h
-- Up-to-date symlink: /home/arya/robot_ws/install/pkg_interfaces/include/pkg_interfaces/pkg_interfaces/msg/detail/sphere__struct.h
-- Up-to-date symlink: /home/arya/robot_ws/install/pkg_interfaces/include/pkg_interfaces/pkg_interfaces/msg/detail/sphere__type_support.h
-- Up-to-date symlink: /home/arya/robot_ws/install/pkg_interfaces/include/pkg_interfaces/pkg_interfaces/msg/num.h
-- Up-to-date symlink: /home/arya/robot_ws/install/pkg_interfaces/include/pkg_interfaces/pkg_interfaces/msg/rosidl_generator_c__visibility_control.h
-- Up-to-date symlink: /home/arya/robot_ws/install/pkg_interfaces/include/pkg_interfaces/pkg_interfaces/msg/sphere.h
-- Up-to-date symlink: /home/arya/robot_ws/install/pkg_interfaces/include/pkg_interfaces/pkg_interfaces/srv/add_three_ints.h
-- Up-to-date symlink: /home/arya/robot_ws/install/pkg_interfaces/include/pkg_interfaces/pkg_interfaces/srv/detail/add_three_ints__functions.h
-- Up-to-date symlink: /home/arya/robot_ws/install/pkg_interfaces/include/pkg_interfaces/pkg_interfaces/srv/detail/add_three_ints__struct.h
-- Up-to-date symlink: /home/arya/robot_ws/install/pkg_interfaces/include/pkg_interfaces/pkg_interfaces/srv/detail/add_three_ints__type_support.h
-- Up-to-date symlink: /home/arya/robot_ws/install/pkg_interfaces/share/pkg_interfaces/environment/library_path.sh
-- Up-to-date symlink: /home/arya/robot_ws/install/pkg_interfaces/share/pkg_interfaces/environment/library_path.dsv
-- Up-to-date symlink: /home/arya/robot_ws/install/pkg_interfaces/include/pkg_interfaces/pkg_interfaces/msg/detail/num__rosidl_typesupport_fastrtps_c.h
-- Up-to-date symlink: /home/arya/robot_ws/install/pkg_interfaces/include/pkg_interfaces/pkg_interfaces/msg/detail/sphere__rosidl_typesupport_fastrtps_c.h
-- Up-to-date symlink: /home/arya/robot_ws/install/pkg_interfaces/include/pkg_interfaces/pkg_interfaces/msg/rosidl_typesupport_fastrtps_c__visibility_control.h
-- Up-to-date symlink: /home/arya/robot_ws/install/pkg_interfaces/include/pkg_interfaces/pkg_interfaces/srv/detail/add_three_ints__rosidl_typesupport_fastrtps_c.h
-- Up-to-date symlink: /home/arya/robot_ws/install/pkg_interfaces/include/pkg_interfaces/pkg_interfaces/msg/detail/num__builder.hpp
-- Up-to-date symlink: /home/arya/robot_ws/install/pkg_interfaces/include/pkg_interfaces/pkg_interfaces/msg/detail/num__struct.hpp
-- Up-to-date symlink: /home/arya/robot_ws/install/pkg_interfaces/include/pkg_interfaces/pkg_interfaces/msg/detail/num__traits.hpp
-- Up-to-date symlink: /home/arya/robot_ws/install/pkg_interfaces/include/pkg_interfaces/pkg_interfaces/msg/detail/num__type_support.hpp
-- Up-to-date symlink: /home/arya/robot_ws/install/pkg_interfaces/include/pkg_interfaces/pkg_interfaces/msg/detail/sphere__builder.hpp
-- Up-to-date symlink: /home/arya/robot_ws/install/pkg_interfaces/include/pkg_interfaces/pkg_interfaces/msg/detail/sphere__struct.hpp
-- Up-to-date symlink: /home/arya/robot_ws/install/pkg_interfaces/include/pkg_interfaces/pkg_interfaces/msg/detail/sphere__traits.hpp
-- Up-to-date symlink: /home/arya/robot_ws/install/pkg_interfaces/include/pkg_interfaces/pkg_interfaces/msg/detail/sphere__type_support.hpp
-- Up-to-date symlink: /home/arya/robot_ws/install/pkg_interfaces/include/pkg_interfaces/pkg_interfaces/msg/num.hpp
-- Up-to-date symlink: /home/arya/robot_ws/install/pkg_interfaces/include/pkg_interfaces/pkg_interfaces/msg/rosidl_generator_cpp__visibility_control.hpp
-- Up-to-date symlink: /home/arya/robot_ws/install/pkg_interfaces/include/pkg_interfaces/pkg_interfaces/msg/sphere.hpp
-- Up-to-date symlink: /home/arya/robot_ws/install/pkg_interfaces/include/pkg_interfaces/pkg_interfaces/srv/add_three_ints.hpp
-- Up-to-date symlink: /home/arya/robot_ws/install/pkg_interfaces/include/pkg_interfaces/pkg_interfaces/srv/detail/add_three_ints__builder.hpp
-- Up-to-date symlink: /home/arya/robot_ws/install/pkg_interfaces/include/pkg_interfaces/pkg_interfaces/srv/detail/add_three_ints__struct.hpp
-- Up-to-date symlink: /home/arya/robot_ws/install/pkg_interfaces/include/pkg_interfaces/pkg_interfaces/srv/detail/add_three_ints__traits.hpp
-- Up-to-date symlink: /home/arya/robot_ws/install/pkg_interfaces/include/pkg_interfaces/pkg_interfaces/srv/detail/add_three_ints__type_support.hpp
-- Up-to-date symlink: /home/arya/robot_ws/install/pkg_interfaces/include/pkg_interfaces/pkg_interfaces/msg/detail/num__rosidl_typesupport_fastrtps_cpp.hpp
-- Up-to-date symlink: /home/arya/robot_ws/install/pkg_interfaces/include/pkg_interfaces/pkg_interfaces/msg/detail/sphere__rosidl_typesupport_fastrtps_cpp.hpp
-- Up-to-date symlink: /home/arya/robot_ws/install/pkg_interfaces/include/pkg_interfaces/pkg_interfaces/msg/rosidl_typesupport_fastrtps_cpp__visibility_control.h
-- Up-to-date symlink: /home/arya/robot_ws/install/pkg_interfaces/include/pkg_interfaces/pkg_interfaces/srv/detail/add_three_ints__rosidl_typesupport_fastrtps_cpp.hpp
-- Up-to-date symlink: /home/arya/robot_ws/install/pkg_interfaces/include/pkg_interfaces/pkg_interfaces/msg/detail/num__rosidl_typesupport_introspection_c.h
-- Up-to-date symlink: /home/arya/robot_ws/install/pkg_interfaces/include/pkg_interfaces/pkg_interfaces/msg/detail/sphere__rosidl_typesupport_introspection_c.h
-- Up-to-date symlink: /home/arya/robot_ws/install/pkg_interfaces/include/pkg_interfaces/pkg_interfaces/msg/rosidl_typesupport_introspection_c__visibility_control.h
-- Up-to-date symlink: /home/arya/robot_ws/install/pkg_interfaces/include/pkg_interfaces/pkg_interfaces/srv/detail/add_three_ints__rosidl_typesupport_introspection_c.h
-- Up-to-date symlink: /home/arya/robot_ws/install/pkg_interfaces/include/pkg_interfaces/pkg_interfaces/msg/detail/num__rosidl_typesupport_introspection_cpp.hpp
-- Up-to-date symlink: /home/arya/robot_ws/install/pkg_interfaces/include/pkg_interfaces/pkg_interfaces/msg/detail/sphere__rosidl_typesupport_introspection_cpp.hpp
-- Up-to-date symlink: /home/arya/robot_ws/install/pkg_interfaces/include/pkg_interfaces/pkg_interfaces/srv/detail/add_three_ints__rosidl_typesupport_introspection_cpp.hpp
-- Up-to-date symlink: /home/arya/robot_ws/install/pkg_interfaces/share/pkg_interfaces/environment/pythonpath.sh
-- Up-to-date symlink: /home/arya/robot_ws/install/pkg_interfaces/share/pkg_interfaces/environment/pythonpath.dsv
-- Up-to-date symlink: /home/arya/robot_ws/install/pkg_interfaces/local/lib/python3.10/dist-packages/pkg_interfaces-0.0.0-py3.10.egg-info/PKG-INFO
-- Up-to-date symlink: /home/arya/robot_ws/install/pkg_interfaces/local/lib/python3.10/dist-packages/pkg_interfaces-0.0.0-py3.10.egg-info/SOURCES.txt
-- Up-to-date symlink: /home/arya/robot_ws/install/pkg_interfaces/local/lib/python3.10/dist-packages/pkg_interfaces-0.0.0-py3.10.egg-info/dependency_links.txt
-- Up-to-date symlink: /home/arya/robot_ws/install/pkg_interfaces/local/lib/python3.10/dist-packages/pkg_interfaces-0.0.0-py3.10.egg-info/top_level.txt
-- Up-to-date symlink: /home/arya/robot_ws/install/pkg_interfaces/local/lib/python3.10/dist-packages/pkg_interfaces/__init__.py
-- Up-to-date symlink: /home/arya/robot_ws/install/pkg_interfaces/local/lib/python3.10/dist-packages/pkg_interfaces/_pkg_interfaces_s.ep.rosidl_typesupport_c.c
-- Up-to-date symlink: /home/arya/robot_ws/install/pkg_interfaces/local/lib/python3.10/dist-packages/pkg_interfaces/_pkg_interfaces_s.ep.rosidl_typesupport_fastrtps_c.c
-- Up-to-date symlink: /home/arya/robot_ws/install/pkg_interfaces/local/lib/python3.10/dist-packages/pkg_interfaces/_pkg_interfaces_s.ep.rosidl_typesupport_introspection_c.c
-- Up-to-date symlink: /home/arya/robot_ws/install/pkg_interfaces/local/lib/python3.10/dist-packages/pkg_interfaces/libpkg_interfaces__rosidl_generator_py.so
-- Up-to-date symlink: /home/arya/robot_ws/install/pkg_interfaces/local/lib/python3.10/dist-packages/pkg_interfaces/msg/__init__.py
-- Up-to-date symlink: /home/arya/robot_ws/install/pkg_interfaces/local/lib/python3.10/dist-packages/pkg_interfaces/msg/_num.py
-- Up-to-date symlink: /home/arya/robot_ws/install/pkg_interfaces/local/lib/python3.10/dist-packages/pkg_interfaces/msg/_num_s.c
-- Up-to-date symlink: /home/arya/robot_ws/install/pkg_interfaces/local/lib/python3.10/dist-packages/pkg_interfaces/msg/_sphere.py
-- Up-to-date symlink: /home/arya/robot_ws/install/pkg_interfaces/local/lib/python3.10/dist-packages/pkg_interfaces/msg/_sphere_s.c
-- Up-to-date symlink: /home/arya/robot_ws/install/pkg_interfaces/local/lib/python3.10/dist-packages/pkg_interfaces/pkg_interfaces_s__rosidl_typesupport_c.cpython-310-x86_64-linux-gnu.so
-- Up-to-date symlink: /home/arya/robot_ws/install/pkg_interfaces/local/lib/python3.10/dist-packages/pkg_interfaces/pkg_interfaces_s__rosidl_typesupport_fastrtps_c.cpython-310-x86_64-linux-gnu.so
-- Up-to-date symlink: /home/arya/robot_ws/install/pkg_interfaces/local/lib/python3.10/dist-packages/pkg_interfaces/pkg_interfaces_s__rosidl_typesupport_introspection_c.cpython-310-x86_64-linux-gnu.so
-- Up-to-date symlink: /home/arya/robot_ws/install/pkg_interfaces/local/lib/python3.10/dist-packages/pkg_interfaces/srv/__init__.py
-- Up-to-date symlink: /home/arya/robot_ws/install/pkg_interfaces/local/lib/python3.10/dist-packages/pkg_interfaces/srv/_add_three_ints.py
-- Up-to-date symlink: /home/arya/robot_ws/install/pkg_interfaces/local/lib/python3.10/dist-packages/pkg_interfaces/srv/_add_three_ints_s.c
-- Up-to-date symlink: /home/arya/robot_ws/install/pkg_interfaces/local/lib/python3.10/dist-packages/pkg_interfaces/pkg_interfaces_s__rosidl_typesupport_fastrtps_c.cpython-310-x86_64-linux-gnu.so
-- Up-to-date symlink: /home/arya/robot_ws/install/pkg_interfaces/local/lib/python3.10/dist-packages/pkg_interfaces/pkg_interfaces_s__rosidl_typesupport_introspection_c.cpython-310-x86_64-linux-gnu.so
-- Up-to-date symlink: /home/arya/robot_ws/install/pkg_interfaces/local/lib/python3.10/dist-packages/pkg_interfaces/pkg_interfaces_s__rosidl_typesupport_c.cpython-310-x86_64-linux-gnu.so
-- Up-to-date symlink: /home/arya/robot_ws/install/pkg_interfaces/share/pkg_interfaces/msg/Num.idl
-- Up-to-date symlink: /home/arya/robot_ws/install/pkg_interfaces/share/pkg_interfaces/msg/Sphere.idl
-- Up-to-date symlink: /home/arya/robot_ws/install/pkg_interfaces/share/pkg_interfaces/srv/AddThreeInts.idl
-- Up-to-date symlink: /home/arya/robot_ws/install/pkg_interfaces/share/pkg_interfaces/msg/Num.msg
-- Up-to-date symlink: /home/arya/robot_ws/install/pkg_interfaces/share/pkg_interfaces/msg/Sphere.msg
-- Up-to-date symlink: /home/arya/robot_ws/install/pkg_interfaces/share/pkg_interfaces/srv/AddThreeInts.srv
-- Up-to-date symlink: /home/arya/robot_ws/install/pkg_interfaces/share/pkg_interfaces/srv/AddThreeInts_Request.msg
-- Up-to-date symlink: /home/arya/robot_ws/install/pkg_interfaces/share/pkg_interfaces/srv/AddThreeInts_Response.msg
-- Up-to-date symlink: /home/arya/robot_ws/install/pkg_interfaces/share/ament_index/resource_index/package_run_dependencies/pkg_interfaces
-- Up-to-date symlink: /home/arya/robot_ws/install/pkg_interfaces/share/ament_index/resource_index/parent_prefix_path/pkg_interfaces
-- Up-to-date symlink: /home/arya/robot_ws/install/pkg_interfaces/share/pkg_interfaces/environment/ament_prefix_path.sh
-- Up-to-date symlink: /home/arya/robot_ws/install/pkg_interfaces/share/pkg_interfaces/environment/ament_prefix_path.dsv
-- Up-to-date symlink: /home/arya/robot_ws/install/pkg_interfaces/share/pkg_interfaces/environment/path.sh
-- Up-to-date symlink: /home/arya/robot_ws/install/pkg_interfaces/share/pkg_interfaces/environment/path.dsv
-- Up-to-date symlink: /home/arya/robot_ws/install/pkg_interfaces/share/pkg_interfaces/local_setup.bash
-- Up-to-date symlink: /home/arya/robot_ws/install/pkg_interfaces/share/pkg_interfaces/local_setup.sh
-- Up-to-date symlink: /home/arya/robot_ws/install/pkg_interfaces/share/pkg_interfaces/local_setup.zsh
-- Up-to-date symlink: /home/arya/robot_ws/install/pkg_interfaces/share/pkg_interfaces/local_setup.dsv
-- Symlinking: /home/arya/robot_ws/install/pkg_interfaces/share/pkg_interfaces/package.dsv
-- Up-to-date symlink: /home/arya/robot_ws/install/pkg_interfaces/share/ament_index/resource_index/packages/pkg_interfaces
-- Up-to-date symlink: /home/arya/robot_ws/install/pkg_interfaces/share/pkg_interfaces/cmake/rosidl_cmake-extras.cmake
-- Up-to-date symlink: /home/arya/robot_ws/install/pkg_interfaces/share/pkg_interfaces/cmake/ament_cmake_export_dependencies-extras.cmake
-- Up-to-date symlink: /home/arya/robot_ws/install/pkg_interfaces/share/pkg_interfaces/cmake/ament_cmake_export_include_directories-extras.cmake
-- Up-to-date symlink: /home/arya/robot_ws/install/pkg_interfaces/share/pkg_interfaces/cmake/ament_cmake_export_libraries-extras.cmake
-- Up-to-date symlink: /home/arya/robot_ws/install/pkg_interfaces/share/pkg_interfaces/cmake/ament_cmake_export_targets-extras.cmake
-- Up-to-date symlink: /home/arya/robot_ws/install/pkg_interfaces/share/pkg_interfaces/cmake/rosidl_cmake_export_typesupport_targets-extras.cmake
-- Up-to-date symlink: /home/arya/robot_ws/install/pkg_interfaces/share/pkg_interfaces/cmake/rosidl_cmake_export_typesupport_libraries-extras.cmake
-- Up-to-date symlink: /home/arya/robot_ws/install/pkg_interfaces/share/pkg_interfaces/cmake/pkg_interfacesConfig.cmake
-- Up-to-date symlink: /home/arya/robot_ws/install/pkg_interfaces/share/pkg_interfaces/cmake/pkg_interfacesConfig-version.cmake
-- Up-to-date symlink: /home/arya/robot_ws/install/pkg_interfaces/share/pkg_interfaces/package.xml
-- Up-to-date: /home/arya/robot_ws/install/pkg_interfaces/lib/libpkg_interfaces__rosidl_generator_c.so
-- Up-to-date: /home/arya/robot_ws/install/pkg_interfaces/lib/libpkg_interfaces__rosidl_typesupport_fastrtps_c.so
-- Up-to-date: /home/arya/robot_ws/install/pkg_interfaces/lib/libpkg_interfaces__rosidl_typesupport_fastrtps_cpp.so
-- Up-to-date: /home/arya/robot_ws/install/pkg_interfaces/lib/libpkg_interfaces__rosidl_typesupport_introspection_c.so
-- Up-to-date: /home/arya/robot_ws/install/pkg_interfaces/lib/libpkg_interfaces__rosidl_typesupport_c.so
-- Up-to-date: /home/arya/robot_ws/install/pkg_interfaces/lib/libpkg_interfaces__rosidl_typesupport_introspection_cpp.so
-- Up-to-date: /home/arya/robot_ws/install/pkg_interfaces/lib/libpkg_interfaces__rosidl_typesupport_cpp.so
Listing '/home/arya/robot_ws/install/pkg_interfaces/local/lib/python3.10/dist-packages/pkg_interfaces'...
Compiling '/home/arya/robot_ws/install/pkg_interfaces/local/lib/python3.10/dist-packages/pkg_interfaces/__init__.py'...
Listing '/home/arya/robot_ws/install/pkg_interfaces/local/lib/python3.10/dist-packages/pkg_interfaces/msg'...
Listing '/home/arya/robot_ws/install/pkg_interfaces/local/lib/python3.10/dist-packages/pkg_interfaces/srv'...
-- Up-to-date: /home/arya/robot_ws/install/pkg_interfaces/lib/libpkg_interfaces__rosidl_generator_py.so
-- Up-to-date: /home/arya/robot_ws/install/pkg_interfaces/share/pkg_interfaces/cmake/export_pkg_interfaces__rosidl_generator_cExport.cmake
-- Up-to-date: /home/arya/robot_ws/install/pkg_interfaces/share/pkg_interfaces/cmake/export_pkg_interfaces__rosidl_generator_cExport-noconfig.cmake
-- Up-to-date: /home/arya/robot_ws/install/pkg_interfaces/share/pkg_interfaces/cmake/export_pkg_interfaces__rosidl_typesupport_fastrtps_cExport.cmake
-- Up-to-date: /home/arya/robot_ws/install/pkg_interfaces/share/pkg_interfaces/cmake/export_pkg_interfaces__rosidl_typesupport_fastrtps_cExport-noconfig.cmake
-- Up-to-date: /home/arya/robot_ws/install/pkg_interfaces/share/pkg_interfaces/cmake/export_pkg_interfaces__rosidl_generator_cppExport.cmake
-- Up-to-date: /home/arya/robot_ws/install/pkg_interfaces/share/pkg_interfaces/cmake/export_pkg_interfaces__rosidl_typesupport_fastrtps_cppExport.cmake
-- Up-to-date: /home/arya/robot_ws/install/pkg_interfaces/share/pkg_interfaces/cmake/export_pkg_interfaces__rosidl_typesupport_fastrtps_cppExport-noconfig.cmake
-- Up-to-date: /home/arya/robot_ws/install/pkg_interfaces/share/pkg_interfaces/cmake/pkg_interfaces__rosidl_typesupport_introspection_cExport.cmake
-- Up-to-date: /home/arya/robot_ws/install/pkg_interfaces/share/pkg_interfaces/cmake/pkg_interfaces__rosidl_typesupport_introspection_cExport-noconfig.cmake
-- Up-to-date: /home/arya/robot_ws/install/pkg_interfaces/share/pkg_interfaces/cmake/pkg_interfaces__rosidl_typesupport_cExport.cmake
-- Up-to-date: /home/arya/robot_ws/install/pkg_interfaces/share/pkg_interfaces/cmake/pkg_interfaces__rosidl_typesupport_cExport-noconfig.cmake
-- Up-to-date: /home/arya/robot_ws/install/pkg_interfaces/share/pkg_interfaces/cmake/pkg_interfaces__rosidl_typesupport_introspection_cppExport.cmake
-- Up-to-date: /home/arya/robot_ws/install/pkg_interfaces/share/pkg_interfaces/cmake/pkg_interfaces__rosidl_typesupport_introspection_cppExport-noconfig.cmake
-- Up-to-date: /home/arya/robot_ws/install/pkg_interfaces/share/pkg_interfaces/cmake/pkg_interfaces__rosidl_typesupport_cppExport.cmake
-- Up-to-date: /home/arya/robot_ws/install/pkg_interfaces/share/pkg_interfaces/cmake/pkg_interfaces__rosidl_typesupport_cppExport-noconfig.cmake
-- Up-to-date: /home/arya/robot_ws/install/pkg_interfaces/share/pkg_interfaces/cmake/export_pkg_interfaces__rosidl_generator_pyExport.cmake
-- Up-to-date: /home/arya/robot_ws/install/pkg_interfaces/share/pkg_interfaces/cmake/export_pkg_interfaces__rosidl_generator_pyExport-noconfig.cmake
