[0.719s] Invoking command in '/home/arya/robot_ws/build/pubsub_py': PYTHONPATH=/home/arya/robot_ws/build/pubsub_py/prefix_override:/usr/lib/python3/dist-packages/colcon_core/task/python/colcon_distutils_commands:/home/arya/robot_ws/install/pubsub_py/lib/python3.10/site-packages:${PYTHONPATH} /usr/bin/python3 -W ignore:setup.py install is deprecated -W ignore:easy_install command is deprecated setup.py develop --editable --build-directory /home/arya/robot_ws/build/pubsub_py/build --no-deps symlink_data
[1.008s] running develop
[1.178s] running egg_info
[1.179s] creating pubsub_py.egg-info
[1.179s] writing pubsub_py.egg-info/PKG-INFO
[1.179s] writing dependency_links to pubsub_py.egg-info/dependency_links.txt
[1.179s] writing entry points to pubsub_py.egg-info/entry_points.txt
[1.179s] writing requirements to pubsub_py.egg-info/requires.txt
[1.179s] writing top-level names to pubsub_py.egg-info/top_level.txt
[1.180s] writing manifest file 'pubsub_py.egg-info/SOURCES.txt'
[1.181s] reading manifest file 'pubsub_py.egg-info/SOURCES.txt'
[1.182s] writing manifest file 'pubsub_py.egg-info/SOURCES.txt'
[1.183s] running build_ext
[1.184s] Creating /home/arya/robot_ws/install/pubsub_py/lib/python3.10/site-packages/pubsub-py.egg-link (link to .)
[1.185s] 
[1.185s] Installed /home/arya/robot_ws/build/pubsub_py
[1.185s] running symlink_data
[1.185s] creating /home/arya/robot_ws/install/pubsub_py/share/ament_index
[1.185s] creating /home/arya/robot_ws/install/pubsub_py/share/ament_index/resource_index
[1.185s] creating /home/arya/robot_ws/install/pubsub_py/share/ament_index/resource_index/packages
[1.185s] symbolically linking /home/arya/robot_ws/build/pubsub_py/resource/pubsub_py -> /home/arya/robot_ws/install/pubsub_py/share/ament_index/resource_index/packages
[1.185s] symbolically linking /home/arya/robot_ws/build/pubsub_py/package.xml -> /home/arya/robot_ws/install/pubsub_py/share/pubsub_py
[1.217s] Invoked command in '/home/arya/robot_ws/build/pubsub_py' returned '0': PYTHONPATH=/home/arya/robot_ws/build/pubsub_py/prefix_override:/usr/lib/python3/dist-packages/colcon_core/task/python/colcon_distutils_commands:/home/arya/robot_ws/install/pubsub_py/lib/python3.10/site-packages:${PYTHONPATH} /usr/bin/python3 -W ignore:setup.py install is deprecated -W ignore:easy_install command is deprecated setup.py develop --editable --build-directory /home/arya/robot_ws/build/pubsub_py/build --no-deps symlink_data
