[0.024s] Invoking command in '/home/arya/robot_ws/build/robot_bringup': AMENT_PREFIX_PATH=/home/arya/robot_ws/install/pubsub_py:${AMENT_PREFIX_PATH} CMAKE_PREFIX_PATH=/opt/ros/humble PYTHONPATH=/home/arya/robot_ws/build/pubsub_py:/home/arya/robot_ws/install/pubsub_py/lib/python3.10/site-packages:${PYTHONPATH} /usr/bin/cmake /home/arya/robot_ws/src/robot_bringup -DAMENT_CMAKE_SYMLINK_INSTALL=1 -DCMAKE_INSTALL_PREFIX=/home/arya/robot_ws/install/robot_bringup
[0.093s] -- The C compiler identification is GNU 11.4.0
[0.170s] -- The CXX compiler identification is GNU 11.4.0
[0.181s] -- Detecting C compiler ABI info
[0.268s] -- Detecting C compiler ABI info - done
[0.282s] -- Check for working C compiler: /usr/bin/cc - skipped
[0.283s] -- Detecting C compile features
[0.285s] -- Detecting C compile features - done
[0.292s] -- Detecting CXX compiler ABI info
[0.437s] -- Detecting CXX compiler ABI info - done
[0.473s] -- Check for working CXX compiler: /usr/bin/c++ - skipped
[0.473s] -- Detecting CXX compile features
[0.473s] -- Detecting CXX compile features - done
[0.489s] -- Found ament_cmake: 1.3.11 (/opt/ros/humble/share/ament_cmake/cmake)
[0.684s] -- Found Python3: /usr/bin/python3 (found version "3.10.12") found components: Interpreter 
[0.763s] -- Override CMake install command with custom implementation using symlinks instead of copying resources
[0.786s] -- Found ament_lint_auto: 0.12.12 (/opt/ros/humble/share/ament_lint_auto/cmake)
[0.874s] -- Added test 'flake8' to check Python code syntax and style conventions
[0.874s] -- Added test 'lint_cmake' to check CMake code style
[0.875s] -- Added test 'pep257' to check Python code against some of the docstring style conventions in PEP 257
[0.876s] -- Added test 'xmllint' to check XML markup files
[0.878s] -- Configuring done
[0.881s] -- Generating done
[0.883s] -- Build files have been written to: /home/arya/robot_ws/build/robot_bringup
[0.890s] Invoked command in '/home/arya/robot_ws/build/robot_bringup' returned '0': AMENT_PREFIX_PATH=/home/arya/robot_ws/install/pubsub_py:${AMENT_PREFIX_PATH} CMAKE_PREFIX_PATH=/opt/ros/humble PYTHONPATH=/home/arya/robot_ws/build/pubsub_py:/home/arya/robot_ws/install/pubsub_py/lib/python3.10/site-packages:${PYTHONPATH} /usr/bin/cmake /home/arya/robot_ws/src/robot_bringup -DAMENT_CMAKE_SYMLINK_INSTALL=1 -DCMAKE_INSTALL_PREFIX=/home/arya/robot_ws/install/robot_bringup
[0.892s] Invoking command in '/home/arya/robot_ws/build/robot_bringup': AMENT_PREFIX_PATH=/home/arya/robot_ws/install/pubsub_py:${AMENT_PREFIX_PATH} CMAKE_PREFIX_PATH=/opt/ros/humble PYTHONPATH=/home/arya/robot_ws/build/pubsub_py:/home/arya/robot_ws/install/pubsub_py/lib/python3.10/site-packages:${PYTHONPATH} /usr/bin/cmake --build /home/arya/robot_ws/build/robot_bringup -- -j4 -l4
[0.939s] Invoked command in '/home/arya/robot_ws/build/robot_bringup' returned '0': AMENT_PREFIX_PATH=/home/arya/robot_ws/install/pubsub_py:${AMENT_PREFIX_PATH} CMAKE_PREFIX_PATH=/opt/ros/humble PYTHONPATH=/home/arya/robot_ws/build/pubsub_py:/home/arya/robot_ws/install/pubsub_py/lib/python3.10/site-packages:${PYTHONPATH} /usr/bin/cmake --build /home/arya/robot_ws/build/robot_bringup -- -j4 -l4
[0.941s] Invoking command in '/home/arya/robot_ws/build/robot_bringup': AMENT_PREFIX_PATH=/home/arya/robot_ws/install/pubsub_py:${AMENT_PREFIX_PATH} CMAKE_PREFIX_PATH=/opt/ros/humble PYTHONPATH=/home/arya/robot_ws/build/pubsub_py:/home/arya/robot_ws/install/pubsub_py/lib/python3.10/site-packages:${PYTHONPATH} /usr/bin/cmake --install /home/arya/robot_ws/build/robot_bringup
[0.949s] -- Install configuration: ""
[0.949s] -- Execute custom install script
[0.950s] -- Symlinking: /home/arya/robot_ws/install/robot_bringup/share/robot_bringup//launch/pub_sub.launch.py
[0.961s] -- Symlinking: /home/arya/robot_ws/install/robot_bringup/share/robot_bringup//launch/pub_sub.launch.xml
[0.971s] -- Symlinking: /home/arya/robot_ws/install/robot_bringup/share/ament_index/resource_index/package_run_dependencies/robot_bringup
[0.982s] -- Symlinking: /home/arya/robot_ws/install/robot_bringup/share/ament_index/resource_index/parent_prefix_path/robot_bringup
[0.991s] -- Symlinking: /home/arya/robot_ws/install/robot_bringup/share/robot_bringup/environment/ament_prefix_path.sh
[1.000s] -- Symlinking: /home/arya/robot_ws/install/robot_bringup/share/robot_bringup/environment/ament_prefix_path.dsv
[1.010s] -- Symlinking: /home/arya/robot_ws/install/robot_bringup/share/robot_bringup/environment/path.sh
[1.020s] -- Symlinking: /home/arya/robot_ws/install/robot_bringup/share/robot_bringup/environment/path.dsv
[1.031s] -- Symlinking: /home/arya/robot_ws/install/robot_bringup/share/robot_bringup/local_setup.bash
[1.040s] -- Symlinking: /home/arya/robot_ws/install/robot_bringup/share/robot_bringup/local_setup.sh
[1.049s] -- Symlinking: /home/arya/robot_ws/install/robot_bringup/share/robot_bringup/local_setup.zsh
[1.059s] -- Symlinking: /home/arya/robot_ws/install/robot_bringup/share/robot_bringup/local_setup.dsv
[1.071s] -- Symlinking: /home/arya/robot_ws/install/robot_bringup/share/robot_bringup/package.dsv
[1.082s] -- Symlinking: /home/arya/robot_ws/install/robot_bringup/share/ament_index/resource_index/packages/robot_bringup
[1.092s] -- Symlinking: /home/arya/robot_ws/install/robot_bringup/share/robot_bringup/cmake/robot_bringupConfig.cmake
[1.101s] -- Symlinking: /home/arya/robot_ws/install/robot_bringup/share/robot_bringup/cmake/robot_bringupConfig-version.cmake
[1.110s] -- Symlinking: /home/arya/robot_ws/install/robot_bringup/share/robot_bringup/package.xml
[1.122s] Invoked command in '/home/arya/robot_ws/build/robot_bringup' returned '0': AMENT_PREFIX_PATH=/home/arya/robot_ws/install/pubsub_py:${AMENT_PREFIX_PATH} CMAKE_PREFIX_PATH=/opt/ros/humble PYTHONPATH=/home/arya/robot_ws/build/pubsub_py:/home/arya/robot_ws/install/pubsub_py/lib/python3.10/site-packages:${PYTHONPATH} /usr/bin/cmake --install /home/arya/robot_ws/build/robot_bringup
