[0.014s] Invoking command in '/home/arya/robot_ws/build/tutorial_interfaces': CMAKE_PREFIX_PATH=${CMAKE_PREFIX_PATH}:/home/arya/robot_ws/install/srvcli_py:/home/arya/robot_ws/install/pubsub_py:/opt/ros/humble /usr/bin/cmake --build /home/arya/robot_ws/build/tutorial_interfaces -- -j4 -l4
[0.058s] Invoked command in '/home/arya/robot_ws/build/tutorial_interfaces' returned '0': CMAKE_PREFIX_PATH=${CMAKE_PREFIX_PATH}:/home/arya/robot_ws/install/srvcli_py:/home/arya/robot_ws/install/pubsub_py:/opt/ros/humble /usr/bin/cmake --build /home/arya/robot_ws/build/tutorial_interfaces -- -j4 -l4
[0.073s] Invoking command in '/home/arya/robot_ws/build/tutorial_interfaces': CMAKE_PREFIX_PATH=${CMAKE_PREFIX_PATH}:/home/arya/robot_ws/install/srvcli_py:/home/arya/robot_ws/install/pubsub_py:/opt/ros/humble /usr/bin/cmake --install /home/arya/robot_ws/build/tutorial_interfaces
[0.081s] -- Install configuration: ""
[0.081s] -- Up-to-date: /home/arya/robot_ws/install/tutorial_interfaces/share/ament_index/resource_index/package_run_dependencies/tutorial_interfaces
[0.081s] -- Up-to-date: /home/arya/robot_ws/install/tutorial_interfaces/share/ament_index/resource_index/parent_prefix_path/tutorial_interfaces
[0.081s] -- Up-to-date: /home/arya/robot_ws/install/tutorial_interfaces/share/tutorial_interfaces/environment/ament_prefix_path.sh
[0.081s] -- Up-to-date: /home/arya/robot_ws/install/tutorial_interfaces/share/tutorial_interfaces/environment/ament_prefix_path.dsv
[0.081s] -- Up-to-date: /home/arya/robot_ws/install/tutorial_interfaces/share/tutorial_interfaces/environment/path.sh
[0.082s] -- Up-to-date: /home/arya/robot_ws/install/tutorial_interfaces/share/tutorial_interfaces/environment/path.dsv
[0.082s] -- Up-to-date: /home/arya/robot_ws/install/tutorial_interfaces/share/tutorial_interfaces/local_setup.bash
[0.082s] -- Up-to-date: /home/arya/robot_ws/install/tutorial_interfaces/share/tutorial_interfaces/local_setup.sh
[0.082s] -- Up-to-date: /home/arya/robot_ws/install/tutorial_interfaces/share/tutorial_interfaces/local_setup.zsh
[0.082s] -- Up-to-date: /home/arya/robot_ws/install/tutorial_interfaces/share/tutorial_interfaces/local_setup.dsv
[0.082s] -- Up-to-date: /home/arya/robot_ws/install/tutorial_interfaces/share/tutorial_interfaces/package.dsv
[0.082s] -- Up-to-date: /home/arya/robot_ws/install/tutorial_interfaces/share/ament_index/resource_index/packages/tutorial_interfaces
[0.082s] -- Up-to-date: /home/arya/robot_ws/install/tutorial_interfaces/share/tutorial_interfaces/cmake/tutorial_interfacesConfig.cmake
[0.082s] -- Up-to-date: /home/arya/robot_ws/install/tutorial_interfaces/share/tutorial_interfaces/cmake/tutorial_interfacesConfig-version.cmake
[0.082s] -- Up-to-date: /home/arya/robot_ws/install/tutorial_interfaces/share/tutorial_interfaces/package.xml
[0.083s] Invoked command in '/home/arya/robot_ws/build/tutorial_interfaces' returned '0': CMAKE_PREFIX_PATH=${CMAKE_PREFIX_PATH}:/home/arya/robot_ws/install/srvcli_py:/home/arya/robot_ws/install/pubsub_py:/opt/ros/humble /usr/bin/cmake --install /home/arya/robot_ws/build/tutorial_interfaces
