[0.049s] Invoking command in '/home/arya/robot_ws/build/robot_bringub': AMENT_PREFIX_PATH=/home/arya/robot_ws/install/pubsub_py:${AMENT_PREFIX_PATH} CMAKE_PREFIX_PATH=/opt/ros/humble PYTHONPATH=/home/arya/robot_ws/build/pubsub_py:/home/arya/robot_ws/install/pubsub_py/lib/python3.10/site-packages:${PYTHONPATH} /usr/bin/cmake /home/arya/robot_ws/src/robot_bringub -DAMENT_CMAKE_SYMLINK_INSTALL=1 -DCMAKE_INSTALL_PREFIX=/home/arya/robot_ws/install/robot_bringub
[0.419s] -- The C compiler identification is GNU 11.4.0
[0.620s] -- The CXX compiler identification is GNU 11.4.0
[0.660s] -- Detecting C compiler ABI info
[0.910s] -- Detecting C compiler ABI info - done
[0.927s] -- Check for working C compiler: /usr/bin/cc - skipped
[0.930s] -- Detecting C compile features
[0.938s] -- Detecting C compile features - done
[0.951s] -- Detecting CXX compiler ABI info
[1.227s] -- Detecting CXX compiler ABI info - done
[1.266s] -- Check for working CXX compiler: /usr/bin/c++ - skipped
[1.267s] -- Detecting CXX compile features
[1.267s] -- Detecting CXX compile features - done
[1.270s] -- Found ament_cmake: 1.3.11 (/opt/ros/humble/share/ament_cmake/cmake)
[1.496s] -- Found Python3: /usr/bin/python3 (found version "3.10.12") found components: Interpreter 
[1.578s] -- Override CMake install command with custom implementation using symlinks instead of copying resources
[1.619s] -- Found ament_lint_auto: 0.12.12 (/opt/ros/humble/share/ament_lint_auto/cmake)
[1.712s] -- Added test 'flake8' to check Python code syntax and style conventions
[1.712s] -- Added test 'lint_cmake' to check CMake code style
[1.712s] -- Added test 'pep257' to check Python code against some of the docstring style conventions in PEP 257
[1.713s] -- Added test 'xmllint' to check XML markup files
[1.715s] -- Configuring done
[1.719s] -- Generating done
[1.721s] -- Build files have been written to: /home/arya/robot_ws/build/robot_bringub
[1.728s] Invoked command in '/home/arya/robot_ws/build/robot_bringub' returned '0': AMENT_PREFIX_PATH=/home/arya/robot_ws/install/pubsub_py:${AMENT_PREFIX_PATH} CMAKE_PREFIX_PATH=/opt/ros/humble PYTHONPATH=/home/arya/robot_ws/build/pubsub_py:/home/arya/robot_ws/install/pubsub_py/lib/python3.10/site-packages:${PYTHONPATH} /usr/bin/cmake /home/arya/robot_ws/src/robot_bringub -DAMENT_CMAKE_SYMLINK_INSTALL=1 -DCMAKE_INSTALL_PREFIX=/home/arya/robot_ws/install/robot_bringub
[1.729s] Invoking command in '/home/arya/robot_ws/build/robot_bringub': AMENT_PREFIX_PATH=/home/arya/robot_ws/install/pubsub_py:${AMENT_PREFIX_PATH} CMAKE_PREFIX_PATH=/opt/ros/humble PYTHONPATH=/home/arya/robot_ws/build/pubsub_py:/home/arya/robot_ws/install/pubsub_py/lib/python3.10/site-packages:${PYTHONPATH} /usr/bin/cmake --build /home/arya/robot_ws/build/robot_bringub -- -j4 -l4
[1.773s] Invoked command in '/home/arya/robot_ws/build/robot_bringub' returned '0': AMENT_PREFIX_PATH=/home/arya/robot_ws/install/pubsub_py:${AMENT_PREFIX_PATH} CMAKE_PREFIX_PATH=/opt/ros/humble PYTHONPATH=/home/arya/robot_ws/build/pubsub_py:/home/arya/robot_ws/install/pubsub_py/lib/python3.10/site-packages:${PYTHONPATH} /usr/bin/cmake --build /home/arya/robot_ws/build/robot_bringub -- -j4 -l4
[1.774s] Invoking command in '/home/arya/robot_ws/build/robot_bringub': AMENT_PREFIX_PATH=/home/arya/robot_ws/install/pubsub_py:${AMENT_PREFIX_PATH} CMAKE_PREFIX_PATH=/opt/ros/humble PYTHONPATH=/home/arya/robot_ws/build/pubsub_py:/home/arya/robot_ws/install/pubsub_py/lib/python3.10/site-packages:${PYTHONPATH} /usr/bin/cmake --install /home/arya/robot_ws/build/robot_bringub
[1.780s] -- Install configuration: ""
[1.781s] -- Execute custom install script
[1.782s] -- Symlinking: /home/arya/robot_ws/install/robot_bringub/share/robot_bringub//launch/pub_sub.launch.py
[1.792s] -- Symlinking: /home/arya/robot_ws/install/robot_bringub/share/robot_bringub//launch/pub_sub.launch.xml
[1.801s] [31mCMake Error at ament_cmake_symlink_install/ament_cmake_symlink_install.cmake:100 (message):
[1.802s]   ament_cmake_symlink_install_directory() can't find
[1.802s]   '/home/arya/robot_ws/src/robot_bringub/config'
[1.802s] Call Stack (most recent call first):
[1.802s]   ament_cmake_symlink_install/ament_cmake_symlink_install.cmake:314 (ament_cmake_symlink_install_directory)
[1.802s]   cmake_install.cmake:46 (include)
[1.802s] 
[1.802s] [0m
[1.803s] Invoked command in '/home/arya/robot_ws/build/robot_bringub' returned '1': AMENT_PREFIX_PATH=/home/arya/robot_ws/install/pubsub_py:${AMENT_PREFIX_PATH} CMAKE_PREFIX_PATH=/opt/ros/humble PYTHONPATH=/home/arya/robot_ws/build/pubsub_py:/home/arya/robot_ws/install/pubsub_py/lib/python3.10/site-packages:${PYTHONPATH} /usr/bin/cmake --install /home/arya/robot_ws/build/robot_bringub
