[0.316s] Invoking command in '/home/arya/robot_ws/build/more_interfaces': CMAKE_PREFIX_PATH=/opt/ros/humble /usr/bin/cmake --build /home/arya/robot_ws/build/more_interfaces -- -j4 -l4
[0.387s] -- Found ament_cmake: 1.3.11 (/opt/ros/humble/share/ament_cmake/cmake)
[0.537s] -- Override CMake install command with custom implementation using symlinks instead of copying resources
[0.567s] -- Found rclcpp: 16.0.12 (/opt/ros/humble/share/rclcpp/cmake)
[0.628s] -- Found rosidl_generator_c: 3.1.6 (/opt/ros/humble/share/rosidl_generator_c/cmake)
[0.634s] -- Found rosidl_adapter: 3.1.6 (/opt/ros/humble/share/rosidl_adapter/cmake)
[0.648s] -- Found rosidl_generator_cpp: 3.1.6 (/opt/ros/humble/share/rosidl_generator_cpp/cmake)
[0.669s] -- Using all available rosidl_typesupport_c: rosidl_typesupport_fastrtps_c;rosidl_typesupport_introspection_c
[0.721s] -- Using all available rosidl_typesupport_cpp: rosidl_typesupport_fastrtps_cpp;rosidl_typesupport_introspection_cpp
[0.840s] -- Found rmw_implementation_cmake: 6.1.2 (/opt/ros/humble/share/rmw_implementation_cmake/cmake)
[0.850s] -- Found rmw_fastrtps_cpp: 6.2.7 (/opt/ros/humble/share/rmw_fastrtps_cpp/cmake)
[1.021s] -- Using RMW implementation 'rmw_fastrtps_cpp' as default
[1.128s] -- Found rosidl_default_generators: 1.2.0 (/opt/ros/humble/share/rosidl_default_generators/cmake)
[1.435s] -- Found ament_cmake_ros: 0.10.0 (/opt/ros/humble/share/ament_cmake_ros/cmake)
[1.848s] -- Using all available rosidl_typesupport_c: rosidl_typesupport_fastrtps_c;rosidl_typesupport_introspection_c
[1.996s] -- Using all available rosidl_typesupport_cpp: rosidl_typesupport_fastrtps_cpp;rosidl_typesupport_introspection_cpp
[2.022s] -- Found python_cmake_module: 0.10.0 (/opt/ros/humble/share/python_cmake_module/cmake)
[2.060s] -- Using PYTHON_EXECUTABLE: /usr/bin/python3
[2.060s] -- Using PYTHON_INCLUDE_DIRS: /usr/include/python3.10
[2.069s] -- Using PYTHON_LIBRARIES: /usr/lib/x86_64-linux-gnu/libpython3.10.so
[2.095s] -- Found ament_lint_auto: 0.12.12 (/opt/ros/humble/share/ament_lint_auto/cmake)
[2.151s] -- Added test 'cppcheck' to perform static code analysis on C / C++ code
[2.152s] -- Configured cppcheck include dirs: 
[2.152s] -- Configured cppcheck exclude dirs and/or files: 
[2.152s] -- Added test 'lint_cmake' to check CMake code style
[2.164s] -- Added test 'uncrustify' to check C / C++ code style
[2.164s] -- Configured uncrustify additional arguments: 
[2.164s] -- Added test 'xmllint' to check XML markup files
[2.171s] -- Configuring done
[2.316s] -- Generating done
[2.335s] -- Build files have been written to: /home/arya/robot_ws/build/more_interfaces
[2.387s] [35m[1mConsolidate compiler generated dependencies of target more_interfaces__rosidl_generator_c[0m
[2.408s] [  3%] [32m[1mLinking C shared library libmore_interfaces__rosidl_generator_c.so[0m
[2.410s] [  6%] Built target more_interfaces__cpp
[2.434s] [  6%] Built target ament_cmake_python_symlink_more_interfaces
[2.448s] [35m[1mConsolidate compiler generated dependencies of target more_interfaces__rosidl_typesupport_cpp[0m
[2.452s] [35m[1mConsolidate compiler generated dependencies of target more_interfaces__rosidl_typesupport_fastrtps_cpp[0m
[2.483s] [35m[1mConsolidate compiler generated dependencies of target more_interfaces__rosidl_typesupport_introspection_cpp[0m
[2.486s] [  9%] [32m[1mLinking CXX shared library libmore_interfaces__rosidl_typesupport_cpp.so[0m
[2.493s] [ 12%] [32m[1mLinking CXX shared library libmore_interfaces__rosidl_typesupport_fastrtps_cpp.so[0m
[2.507s] [ 15%] [32m[1mLinking CXX shared library libmore_interfaces__rosidl_typesupport_introspection_cpp.so[0m
[2.604s] [ 21%] Built target more_interfaces__rosidl_generator_c
[2.613s] [ 27%] Built target more_interfaces__rosidl_typesupport_cpp
[2.636s] [35m[1mConsolidate compiler generated dependencies of target more_interfaces__rosidl_typesupport_fastrtps_c[0m
[2.670s] [ 30%] [32m[1mLinking CXX shared library libmore_interfaces__rosidl_typesupport_fastrtps_c.so[0m
[2.946s] [ 36%] Built target more_interfaces__rosidl_typesupport_introspection_cpp
[2.981s] [ 42%] Built target more_interfaces__rosidl_typesupport_fastrtps_cpp
[3.021s] [35m[1mConsolidate compiler generated dependencies of target more_interfaces__rosidl_typesupport_introspection_c[0m
[3.040s] [35m[1mConsolidate compiler generated dependencies of target more_interfaces__rosidl_typesupport_c[0m
[3.094s] [ 45%] [32m[1mLinking CXX shared library libmore_interfaces__rosidl_typesupport_c.so[0m
[3.106s] [ 48%] [32m[1mLinking C shared library libmore_interfaces__rosidl_typesupport_introspection_c.so[0m
[3.145s] [ 54%] Built target more_interfaces__rosidl_typesupport_fastrtps_c
[3.178s] [35m[1mConsolidate compiler generated dependencies of target publish_address_book[0m
[3.180s] [ 60%] Built target more_interfaces__rosidl_typesupport_c
[3.198s] [ 63%] [32mBuilding CXX object CMakeFiles/publish_address_book.dir/src/publish_address_book.cpp.o[0m
[3.205s] [ 69%] Built target more_interfaces__rosidl_typesupport_introspection_c
[3.282s] [ 69%] Built target more_interfaces
[3.341s] running egg_info
[3.342s] writing more_interfaces.egg-info/PKG-INFO
[3.344s] writing dependency_links to more_interfaces.egg-info/dependency_links.txt
[3.347s] writing top-level names to more_interfaces.egg-info/top_level.txt
[3.354s] reading manifest file 'more_interfaces.egg-info/SOURCES.txt'
[3.355s] [ 72%] Built target more_interfaces__py
[3.358s] writing manifest file 'more_interfaces.egg-info/SOURCES.txt'
[3.408s] [ 72%] Built target ament_cmake_python_build_more_interfaces_egg
[3.419s] [35m[1mConsolidate compiler generated dependencies of target more_interfaces__rosidl_generator_py[0m
[3.461s] [ 75%] [32m[1mLinking C shared library rosidl_generator_py/more_interfaces/libmore_interfaces__rosidl_generator_py.so[0m
[3.568s] [ 78%] Built target more_interfaces__rosidl_generator_py
[3.620s] [35m[1mConsolidate compiler generated dependencies of target more_interfaces__rosidl_typesupport_fastrtps_c__pyext[0m
[3.634s] [35m[1mConsolidate compiler generated dependencies of target more_interfaces__rosidl_typesupport_c__pyext[0m
[3.636s] [ 81%] [32m[1mLinking C shared library rosidl_generator_py/more_interfaces/more_interfaces_s__rosidl_typesupport_fastrtps_c.cpython-310-x86_64-linux-gnu.so[0m
[3.647s] [35m[1mConsolidate compiler generated dependencies of target more_interfaces__rosidl_typesupport_introspection_c__pyext[0m
[3.662s] [ 84%] [32m[1mLinking C shared library rosidl_generator_py/more_interfaces/more_interfaces_s__rosidl_typesupport_c.cpython-310-x86_64-linux-gnu.so[0m
[3.676s] [ 87%] [32m[1mLinking C shared library rosidl_generator_py/more_interfaces/more_interfaces_s__rosidl_typesupport_introspection_c.cpython-310-x86_64-linux-gnu.so[0m
[3.760s] [ 90%] Built target more_interfaces__rosidl_typesupport_fastrtps_c__pyext
[3.780s] [ 93%] Built target more_interfaces__rosidl_typesupport_c__pyext
[3.787s] [ 96%] Built target more_interfaces__rosidl_typesupport_introspection_c__pyext
[8.458s] [100%] [32m[1mLinking CXX executable publish_address_book[0m
[8.703s] [100%] Built target publish_address_book
